#
# A fatal error has been detected by the Java Runtime Environment:
#
#  SIGSEGV (0xb) at pc=0x000000013b27a1cc, pid=12577, tid=5891
#
# JRE version: OpenJDK Runtime Environment (19.0.2+7) (build 19.0.2+7-44)
# Java VM: OpenJDK 64-Bit Server VM (19.0.2+7-44, mixed mode, sharing, tiered, compressed oops, compressed class ptrs, g1 gc, bsd-aarch64)
# Problematic frame:
# C  [libortools.9.dylib+0x27a1cc]  operations_research::RoutingIndexManager::Initialize(int, int, std::__1::vector<std::__1::pair<gtl::IntType<operations_research::RoutingNodeIndex_tag_, int>, gtl::IntType<operations_research::RoutingNodeIndex_tag_, int> >, std::__1::allocator<std::__1::pair<gtl::IntType<operations_research::RoutingNodeIndex_tag_, int>, gtl::IntType<operations_research::RoutingNodeIndex_tag_, int> > > > const&)+0x7bc
#
# No core dump will be written. Core dumps have been disabled. To enable core dumping, try "ulimit -c unlimited" before starting Java again
#
# If you would like to submit a bug report, please visit:
#   https://bugreport.java.com/bugreport/crash.jsp
# The crash happened outside the Java Virtual Machine in native code.
# See problematic frame for where to report the bug.
#

---------------  S U M M A R Y ------------

Command Line: -agentlib:jdwp=transport=dt_socket,address=127.0.0.1:50453,suspend=y,server=n -javaagent:/Users/pranavsnayak/Library/Caches/JetBrains/IdeaIC2022.3/captureAgent/debugger-agent.jar -Dfile.encoding=UTF-8 -Dsun.stdout.encoding=UTF-8 -Dsun.stderr.encoding=UTF-8 com.gdn.tms.routing.RoutingApplication

Host: "MacBookPro18,3" arm64, 8 cores, 16G, Darwin 21.4.0, macOS 12.3 (21E230)
Time: Tue Jun 20 12:18:15 2023 IST elapsed time: 128.298321 seconds (0d 0h 2m 8s)

---------------  T H R E A D  ---------------

Current thread (0x000000013a808e00):  JavaThread "main" [_thread_in_native, id=5891, stack(0x000000016ba38000,0x000000016bc3b000)]

Stack: [0x000000016ba38000,0x000000016bc3b000],  sp=0x000000016bc3a440,  free space=2057k
Native frames: (J=compiled Java code, j=interpreted, Vv=VM code, C=native code)
C  [libortools.9.dylib+0x27a1cc]  operations_research::RoutingIndexManager::Initialize(int, int, std::__1::vector<std::__1::pair<gtl::IntType<operations_research::RoutingNodeIndex_tag_, int>, gtl::IntType<operations_research::RoutingNodeIndex_tag_, int> >, std::__1::allocator<std::__1::pair<gtl::IntType<operations_research::RoutingNodeIndex_tag_, int>, gtl::IntType<operations_research::RoutingNodeIndex_tag_, int> > > > const&)+0x7bc
C  [libortools.9.dylib+0x2795f4]  operations_research::RoutingIndexManager::RoutingIndexManager(int, int, gtl::IntType<operations_research::RoutingNodeIndex_tag_, int>)+0xec
C  [libjniortools.dylib+0x8499c]  Java_com_google_ortools_constraintsolver_mainJNI_new_1RoutingIndexManager_1_1SWIG_10+0x38
j  com.google.ortools.constraintsolver.mainJNI.new_RoutingIndexManager__SWIG_0(III)J+0
j  com.google.ortools.constraintsolver.RoutingIndexManager.<init>(III)V+4
j  com.gdn.tms.routing.service.impl.algorithms.ortools.ORTSPBackHaulService.run()Lcom/google/ortools/constraintsolver/Assignment;+32
j  com.gdn.tms.routing.RoutingApplication.run([Ljava/lang/String;)V+7
j  org.springframework.boot.SpringApplication.callRunner(Lorg/springframework/boot/CommandLineRunner;Lorg/springframework/boot/ApplicationArguments;)V+7
j  org.springframework.boot.SpringApplication.callRunners(Lorg/springframework/context/ApplicationContext;Lorg/springframework/boot/ApplicationArguments;)V+119
j  org.springframework.boot.SpringApplication.run([Ljava/lang/String;)Lorg/springframework/context/ConfigurableApplicationContext;+169
j  org.springframework.boot.SpringApplication.run([Ljava/lang/Class;[Ljava/lang/String;)Lorg/springframework/context/ConfigurableApplicationContext;+9
j  org.springframework.boot.SpringApplication.run(Ljava/lang/Class;[Ljava/lang/String;)Lorg/springframework/context/ConfigurableApplicationContext;+9
j  com.gdn.tms.routing.RoutingApplication.main([Ljava/lang/String;)V+3
v  ~StubRoutines::call_stub 0x0000000115c90140
V  [libjvm.dylib+0x4e4320]  JavaCalls::call_helper(JavaValue*, methodHandle const&, JavaCallArguments*, JavaThread*)+0x38c
V  [libjvm.dylib+0x54b0f0]  jni_invoke_static(JNIEnv_*, JavaValue*, _jobject*, JNICallType, _jmethodID*, JNI_ArgumentPusher*, JavaThread*)+0x12c
V  [libjvm.dylib+0x54e444]  jni_CallStaticVoidMethod+0x118
C  [libjli.dylib+0x9978]  JavaMain+0x9d4
C  [libjli.dylib+0xbce4]  ThreadJavaMain+0xc
C  [libsystem_pthread.dylib+0x726c]  _pthread_start+0x94

Java frames: (J=compiled Java code, j=interpreted, Vv=VM code)
j  com.google.ortools.constraintsolver.mainJNI.new_RoutingIndexManager__SWIG_0(III)J+0
j  com.google.ortools.constraintsolver.RoutingIndexManager.<init>(III)V+4
j  com.gdn.tms.routing.service.impl.algorithms.ortools.ORTSPBackHaulService.run()Lcom/google/ortools/constraintsolver/Assignment;+32
j  com.gdn.tms.routing.RoutingApplication.run([Ljava/lang/String;)V+7
j  org.springframework.boot.SpringApplication.callRunner(Lorg/springframework/boot/CommandLineRunner;Lorg/springframework/boot/ApplicationArguments;)V+7
j  org.springframework.boot.SpringApplication.callRunners(Lorg/springframework/context/ApplicationContext;Lorg/springframework/boot/ApplicationArguments;)V+119
j  org.springframework.boot.SpringApplication.run([Ljava/lang/String;)Lorg/springframework/context/ConfigurableApplicationContext;+169
j  org.springframework.boot.SpringApplication.run([Ljava/lang/Class;[Ljava/lang/String;)Lorg/springframework/context/ConfigurableApplicationContext;+9
j  org.springframework.boot.SpringApplication.run(Ljava/lang/Class;[Ljava/lang/String;)Lorg/springframework/context/ConfigurableApplicationContext;+9
j  com.gdn.tms.routing.RoutingApplication.main([Ljava/lang/String;)V+3
v  ~StubRoutines::call_stub 0x0000000115c90140

siginfo: si_signo: 11 (SIGSEGV), si_code: 2 (SEGV_ACCERR), si_addr: 0x0000000000000000

Registers:
 x0=0x0000000000000000  x1=0x8080808080808080  x2=0x0000000000000000  x3=0x00006000020320f9
 x4=0x0000000000000000  x5=0x0000000000000000  x6=0xd65f03c0f2c00020  x7=0x000000016bc3a008
 x8=0x00006000020320f9  x9=0x00006000020320f0 x10=0x0000000000000000 x11=0x0000000000000001
x12=0x00000000c20f7ffb x13=0x00000000420f7800 x14=0x0000000042000000 x15=0x0000000000000024
x16=0x00000001b17a8e20 x17=0x00000000000008fd x18=0x0000000000000000 x19=0x0000600000887e90
x20=0x0000600000887ea8 x21=0x000000016bc3a588 x22=0x0000600000887ec0 x23=0x9ddfea08eb382d69
x24=0x000000013c37a9c0 x25=0x0000000000000000 x26=0x0000000000000000 x27=0x0000000000000000
x28=0x0000000000000000  fp=0x000000016bc3a570  lr=0x000000013b27a1bc  sp=0x000000016bc3a440
pc=0x000000013b27a1cc cpsr=0x0000000060001000

Register to memory mapping:

 x0=0x0 is NULL
 x1=0x8080808080808080 is an unknown value
 x2=0x0 is NULL
 x3=0x00006000020320f9 points into unknown readable memory: 00 00 00 00 00 00 00
 x4=0x0 is NULL
 x5=0x0 is NULL
 x6=0xd65f03c0f2c00020 is an unknown value
 x7=0x000000016bc3a008 is pointing into the stack for thread: 0x000000013a808e00
 x8=0x00006000020320f9 points into unknown readable memory: 00 00 00 00 00 00 00
 x9=0x00006000020320f0 points into unknown readable memory: 0x80808080806dff6d | 6d ff 6d 80 80 80 80 80
x10=0x0 is NULL
x11=0x0000000000000001 is an unknown value
x12=0x00000000c20f7ffb is an unknown value
x13=0x00000000420f7800 is an unknown value
x14=0x0000000042000000 is an unknown value
x15=0x0000000000000024 is an unknown value
x16=0x00000001b17a8e20: _platform_memset+0 in /usr/lib/system/libsystem_platform.dylib at 0x00000001b17a5000
x17=0x00000000000008fd is an unknown value
x18=0x0 is NULL
x19=0x0000600000887e90 points into unknown readable memory: 0x00006000020320c0 | c0 20 03 02 00 60 00 00
x20=0x0000600000887ea8 points into unknown readable memory: 0x0000000000000000 | 00 00 00 00 00 00 00 00
x21=0x000000016bc3a588 is pointing into the stack for thread: 0x000000013a808e00
x22=0x0000600000887ec0 points into unknown readable memory: 0x00006000020320d0 | d0 20 03 02 00 60 00 00
x23=0x9ddfea08eb382d69 is an unknown value
x24=0x000000013c37a9c0: _ZN4absl12lts_2023012513hash_internal15MixingHashState5kSeedE+0 in /private/var/folders/d7/vp65tkvn5fz6yfvv7fxgsbsh0000gn/T/ortools-java13190592865384434438/ortools-darwin-aarch64/libortools.9.dylib at 0x000000013b000000
x25=0x0 is NULL
x26=0x0 is NULL
x27=0x0 is NULL
x28=0x0 is NULL


Top of Stack: (sp=0x000000016bc3a440)
0x000000016bc3a440:   0000000000000000 0000000000000000
0x000000016bc3a450:   0000000100000000 0000000000000004
0x000000016bc3a460:   00006000020320f0 00006000020320f9
0x000000016bc3a470:   0000000000000001 0000000000000001
0x000000016bc3a480:   0000000000000000 00006000020320b0
0x000000016bc3a490:   00006000020320b9 0000000000000001
0x000000016bc3a4a0:   0000000000000001 0000000000000000
0x000000016bc3a4b0:   00006000020320a0 00006000020320a9
0x000000016bc3a4c0:   0000000000000001 0000000000000001
0x000000016bc3a4d0:   0000000000000000 0000600002032090
0x000000016bc3a4e0:   0000600002032099 0000000000000001
0x000000016bc3a4f0:   0000000000000001 0000000000000000
0x000000016bc3a500:   0000000000000000 0000000000000001
0x000000016bc3a510:   0000000000000000 0000000000000000
0x000000016bc3a520:   000000013a808e00 0000000000000000
0x000000016bc3a530:   000000012a1a6b58 0000000000000000
0x000000016bc3a540:   0000000000000008 0000000000000000
0x000000016bc3a550:   0000000000000000 0000000000000001
0x000000016bc3a560:   0000600002032080 0000600000887e90
0x000000016bc3a570:   000000016bc3a5d0 000000013b2795f4
0x000000016bc3a580:   000000016bc3a6b0 0000600002032080
0x000000016bc3a590:   0000600002032088 0000600002032088
0x000000016bc3a5a0:   000000016bc3a6b0 00000007ffd00380
0x000000016bc3a5b0:   0000000000000000 0000000000000001
0x000000016bc3a5c0:   0000000000000000 0000600000887e90
0x000000016bc3a5d0:   000000016bc3a600 000000012ed8499c
0x000000016bc3a5e0:   0000000000000000 00000001064ae348
0x000000016bc3a5f0:   000000016bc3a618 0000000115ca41ec
0x000000016bc3a600:   000000016bc3a680 0000000115ca6da0
0x000000016bc3a610:   000000016bc3a680 0000000115ca698c
0x000000016bc3a620:   0000000115ca698c 000000012a191008
0x000000016bc3a630:   000000016bc3a630 0000000000000000 

Instructions: (pc=0x000000013b27a1cc)
0x000000013b27a0cc:   dac001cf dac011ef 8b4f0daf 8a0a01ef
0x000000013b27a0dc:   b86f790f 6b1a01ff 54000200 d10005cf
0x000000013b27a0ec:   ea0e01ee 54fffee1 2e288c21 9e66002e
0x000000013b27a0fc:   b500020e 9100216b 8b0d016d 8a0a01ad
0x000000013b27a10c:   fc6d6921 2e208c22 9e66004e f201c1ce
0x000000013b27a11c:   54fffd81 17fffff5 f9401a6a f839795b
0x000000013b27a12c:   f940026a b83b795a 9100077b 1400002a
0x000000013b27a13c:   d280000b f9800124 8a0a018c fc6c6921
0x000000013b27a14c:   2e208c22 9e66004d f201c1ad 54000160
0x000000013b27a15c:   dac001ae dac011ce 8b4e0d8e 8a0a01ce
0x000000013b27a16c:   b86e790e 6b1a01df 540002a0 d10005ae
0x000000013b27a17c:   ea0d01cd 54fffee1 2e288c21 9e66002d
0x000000013b27a18c:   b500014d 9100216b 8b0c016c 8a0a018c
0x000000013b27a19c:   fc6c6921 2e208c22 9e66004d f201c1ad
0x000000013b27a1ac:   54fffd81 17fffff5 910083e0 9400038b
0x000000013b27a1bc:   f94017e8 b820791a f94013e9 f940028a
0x000000013b27a1cc:   f87c794a f94002cb f839796a b100055f
0x000000013b27a1dc:   54002b00 91000739 b980666a eb0a033f
0x000000013b27a1ec:   5400006a f9401fea 17ffff9e 7100055f
0x000000013b27a1fc:   f94003e9 5400028b d2800008 93407d20
0x000000013b27a20c:   d37ef769 5280008a f94002ab b86a696b
0x000000013b27a21c:   f940026c 8b09018c b828798b f940266b
0x000000013b27a22c:   8b080361 eb00003f f8287961 5400274b
0x000000013b27a23c:   91000508 b980666b 9100214a eb0b011f
0x000000013b27a24c:   54fffe4b 90008948 396d4108 34000ba8
0x000000013b27a25c:   90008948 f945ad08 b4001fa8 b9400108
0x000000013b27a26c:   7100011f 54000bec 90008948 396d4508
0x000000013b27a27c:   34000e48 90008948 f945b108 b4001f88
0x000000013b27a28c:   b9400108 7100011f 54000e8c a9402668
0x000000013b27a29c:   eb08013f 540010e0 d280001b d280001c
0x000000013b27a2ac:   90008959 90008955 912d4ab5 f0007eb6
0x000000013b27a2bc:   9132a2d6 90008957 d0008908 913ce108 


Stack slot to memory mapping:
stack at sp + 0 slots: 0x0 is NULL
stack at sp + 1 slots: 0x0 is NULL
stack at sp + 2 slots: 0x0000000100000000 is an unknown value
stack at sp + 3 slots: 0x0000000000000004 is an unknown value
stack at sp + 4 slots: 0x00006000020320f0 points into unknown readable memory: 0x80808080806dff6d | 6d ff 6d 80 80 80 80 80
stack at sp + 5 slots: 0x00006000020320f9 points into unknown readable memory: 00 00 00 00 00 00 00
stack at sp + 6 slots: 0x0000000000000001 is an unknown value
stack at sp + 7 slots: 0x0000000000000001 is an unknown value


---------------  P R O C E S S  ---------------

Threads class SMR info:
_java_thread_list=0x000060000229c880, length=27, elements={
0x000000013a808e00, 0x000000014a035c00, 0x000000014a036200, 0x000000014a036800,
0x000000013a010a00, 0x000000013a011000, 0x000000013a011600, 0x000000012f008200,
0x000000014b070600, 0x000000013a008c00, 0x000000014b06d400, 0x000000013a069600,
0x000000014a938e00, 0x000000014a94a400, 0x000000013a917400, 0x000000014a129400,
0x000000014a4ff200, 0x000000012c981a00, 0x000000012c982000, 0x000000012c97e800,
0x000000014a94aa00, 0x000000014a95b400, 0x000000014a95ba00, 0x000000012c97ee00,
0x000000014a4ff800, 0x000000013a018e00, 0x000000012c974400
}

Java Threads: ( => current thread )
=>0x000000013a808e00 JavaThread "main" [_thread_in_native, id=5891, stack(0x000000016ba38000,0x000000016bc3b000)]
  0x000000014a035c00 JavaThread "Reference Handler" daemon [_thread_blocked, id=22275, stack(0x000000016c9a4000,0x000000016cba7000)]
  0x000000014a036200 JavaThread "Finalizer" daemon [_thread_blocked, id=43011, stack(0x000000016cbb0000,0x000000016cdb3000)]
  0x000000014a036800 JavaThread "Signal Dispatcher" daemon [_thread_blocked, id=42755, stack(0x000000016cdbc000,0x000000016cfbf000)]
  0x000000013a010a00 JavaThread "Service Thread" daemon [_thread_blocked, id=42499, stack(0x000000016cfc8000,0x000000016d1cb000)]
  0x000000013a011000 JavaThread "Monitor Deflation Thread" daemon [_thread_blocked, id=42243, stack(0x000000016d1d4000,0x000000016d3d7000)]
  0x000000013a011600 JavaThread "C2 CompilerThread0" daemon [_thread_blocked, id=23555, stack(0x000000016d3e0000,0x000000016d5e3000)]
  0x000000012f008200 JavaThread "C1 CompilerThread0" daemon [_thread_blocked, id=41475, stack(0x000000016d5ec000,0x000000016d7ef000)]
  0x000000014b070600 JavaThread "Sweeper thread" daemon [_thread_blocked, id=40963, stack(0x000000016d7f8000,0x000000016d9fb000)]
  0x000000013a008c00 JavaThread "Common-Cleaner" daemon [_thread_blocked, id=23811, stack(0x000000016da04000,0x000000016dc07000)]
  0x000000014b06d400 JavaThread "JDWP Event Helper Thread" daemon [_thread_blocked, id=24579, stack(0x000000016de1c000,0x000000016e01f000)]
  0x000000013a069600 JavaThread "Notification Thread" daemon [_thread_blocked, id=25347, stack(0x000000016e234000,0x000000016e437000)]
  0x000000014a938e00 JavaThread "Catalina-utility-1" [_thread_blocked, id=37891, stack(0x000000016f6ac000,0x000000016f8af000)]
  0x000000014a94a400 JavaThread "Catalina-utility-2" [_thread_blocked, id=37379, stack(0x000000016f8b8000,0x000000016fabb000)]
  0x000000013a917400 JavaThread "container-0" [_thread_blocked, id=28419, stack(0x000000016fac4000,0x000000016fcc7000)]
  0x000000014a129400 JavaThread "http-nio-8080-exec-1" daemon [_thread_blocked, id=36611, stack(0x000000016fcd0000,0x000000016fed3000)]
  0x000000014a4ff200 JavaThread "http-nio-8080-exec-2" daemon [_thread_blocked, id=36355, stack(0x0000000288004000,0x0000000288207000)]
  0x000000012c981a00 JavaThread "http-nio-8080-exec-3" daemon [_thread_blocked, id=35843, stack(0x0000000288210000,0x0000000288413000)]
  0x000000012c982000 JavaThread "http-nio-8080-exec-4" daemon [_thread_blocked, id=35587, stack(0x000000028841c000,0x000000028861f000)]
  0x000000012c97e800 JavaThread "http-nio-8080-exec-5" daemon [_thread_blocked, id=29443, stack(0x0000000288628000,0x000000028882b000)]
  0x000000014a94aa00 JavaThread "http-nio-8080-exec-6" daemon [_thread_blocked, id=35331, stack(0x0000000288834000,0x0000000288a37000)]
  0x000000014a95b400 JavaThread "http-nio-8080-exec-7" daemon [_thread_blocked, id=30211, stack(0x0000000288a40000,0x0000000288c43000)]
  0x000000014a95ba00 JavaThread "http-nio-8080-exec-8" daemon [_thread_blocked, id=30723, stack(0x0000000288c4c000,0x0000000288e4f000)]
  0x000000012c97ee00 JavaThread "http-nio-8080-exec-9" daemon [_thread_blocked, id=35075, stack(0x0000000288e58000,0x000000028905b000)]
  0x000000014a4ff800 JavaThread "http-nio-8080-exec-10" daemon [_thread_blocked, id=31491, stack(0x0000000289064000,0x0000000289267000)]
  0x000000013a018e00 JavaThread "http-nio-8080-Poller" daemon [_thread_in_native, id=32003, stack(0x0000000289270000,0x0000000289473000)]
  0x000000012c974400 JavaThread "http-nio-8080-Acceptor" daemon [_thread_in_native, id=32259, stack(0x000000028947c000,0x000000028967f000)]

Other Threads:
  0x0000000149e07f00 VMThread "VM Thread" [stack: 0x000000016c680000,0x000000016c883000] [id=14339]
  0x000000014b928390 WatcherThread "VM Periodic Task Thread" [stack: 0x000000016e440000,0x000000016e643000] [id=39683]
  0x0000000139e06ae0 WorkerThread "GC Thread#0" [stack: 0x000000016bc44000,0x000000016be47000] [id=12035]
  0x0000000139e10cf0 WorkerThread "GC Thread#1" [stack: 0x000000016e64c000,0x000000016e84f000] [id=25859]
  0x000000014b9303b0 WorkerThread "GC Thread#2" [stack: 0x000000016e858000,0x000000016ea5b000] [id=39427]
  0x000000014b930c40 WorkerThread "GC Thread#3" [stack: 0x000000016ea64000,0x000000016ec67000] [id=39171]
  0x000000014b9314d0 WorkerThread "GC Thread#4" [stack: 0x000000016ec70000,0x000000016ee73000] [id=26883]
  0x000000014b931d60 WorkerThread "GC Thread#5" [stack: 0x000000016ee7c000,0x000000016f07f000] [id=38915]
  0x0000000149f0d4f0 WorkerThread "GC Thread#6" [stack: 0x000000016f088000,0x000000016f28b000] [id=27395]
  0x0000000149f0da90 WorkerThread "GC Thread#7" [stack: 0x000000016f294000,0x000000016f497000] [id=38403]
  0x000000014b804530 ConcurrentGCThread "G1 Main Marker" [stack: 0x000000016be50000,0x000000016c053000] [id=19459]
  0x000000014b804dd0 WorkerThread "G1 Conc#0" [stack: 0x000000016c05c000,0x000000016c25f000] [id=18947]
  0x0000000149f22a30 WorkerThread "G1 Conc#1" [stack: 0x000000016f4a0000,0x000000016f6a3000] [id=28171]
  0x000000014b806c60 ConcurrentGCThread "G1 Refine#0" [stack: 0x000000016c268000,0x000000016c46b000] [id=13059]
  0x000000014b807590 ConcurrentGCThread "G1 Service" [stack: 0x000000016c474000,0x000000016c677000] [id=13571]

Threads with active compile tasks:

VM state: not at safepoint (normal execution)

VM Mutex/Monitor currently owned by a thread: None

Heap address: 0x0000000700000000, size: 4096 MB, Compressed Oops mode: Zero based, Oop shift amount: 3

CDS archive(s) mapped at: [0x0000000800000000-0x0000000800c44000-0x0000000800c44000), size 12861440, SharedBaseAddress: 0x0000000800000000, ArchiveRelocationMode: 0.
Compressed class space mapped at: 0x0000000801000000-0x0000000841000000, reserved size: 1073741824
Narrow klass base: 0x0000000800000000, Narrow klass shift: 0, Narrow klass range: 0x100000000

GC Precious Log:
 CardTable entry size: 512
 Card Set container configuration: InlinePtr #cards 4 size 8 Array Of Cards #cards 16 size 48 Howl #buckets 8 coarsen threshold 3686 Howl Bitmap #cards 512 size 80 coarsen threshold 460 Card regions per heap region 1 cards per card region 4096
 CPUs: 8 total, 8 available
 Memory: 16384M
 Large Page Support: Disabled
 NUMA Support: Disabled
 Compressed Oops: Enabled (Zero based)
 Heap Region Size: 2M
 Heap Min Capacity: 8M
 Heap Initial Capacity: 256M
 Heap Max Capacity: 4G
 Pre-touch: Disabled
 Parallel Workers: 8
 Concurrent Workers: 2
 Concurrent Refinement Workers: 8
 Periodic GC: Disabled

Heap:
 garbage-first heap   total 71680K, used 17157K [0x0000000700000000, 0x0000000800000000)
  region size 2048K, 3 young (6144K), 1 survivors (2048K)
 Metaspace       used 29485K, committed 29888K, reserved 1114112K
  class space    used 3451K, committed 3648K, reserved 1048576K

Heap Regions: E=young(eden), S=young(survivor), O=old, HS=humongous(starts), HC=humongous(continues), CS=collection set, F=free, OA=open archive, CA=closed archive, TAMS=top-at-mark-start (previous, next)
|   0|0x0000000700000000, 0x0000000700000000, 0x0000000700200000|  0%| F|  |TAMS 0x0000000700000000, 0x0000000700000000| Untracked 
|   1|0x0000000700200000, 0x0000000700400000, 0x0000000700400000|100%| O|  |TAMS 0x0000000700200000, 0x0000000700200000| Untracked 
|   2|0x0000000700400000, 0x0000000700400000, 0x0000000700600000|  0%| F|  |TAMS 0x0000000700400000, 0x0000000700400000| Untracked 
|   3|0x0000000700600000, 0x0000000700800000, 0x0000000700800000|100%| O|  |TAMS 0x0000000700600000, 0x0000000700600000| Untracked 
|   4|0x0000000700800000, 0x0000000700a00000, 0x0000000700a00000|100%| O|  |TAMS 0x0000000700800000, 0x0000000700800000| Untracked 
|   5|0x0000000700a00000, 0x0000000700ba6400, 0x0000000700c00000| 82%| O|  |TAMS 0x0000000700a00000, 0x0000000700a00000| Untracked 
|   6|0x0000000700c00000, 0x0000000700c00000, 0x0000000700e00000|  0%| F|  |TAMS 0x0000000700c00000, 0x0000000700c00000| Untracked 
|   7|0x0000000700e00000, 0x0000000700e00000, 0x0000000701000000|  0%| F|  |TAMS 0x0000000700e00000, 0x0000000700e00000| Untracked 
|   8|0x0000000701000000, 0x0000000701000000, 0x0000000701200000|  0%| F|  |TAMS 0x0000000701000000, 0x0000000701000000| Untracked 
|   9|0x0000000701200000, 0x0000000701200000, 0x0000000701400000|  0%| F|  |TAMS 0x0000000701200000, 0x0000000701200000| Untracked 
|  10|0x0000000701400000, 0x0000000701400000, 0x0000000701600000|  0%| F|  |TAMS 0x0000000701400000, 0x0000000701400000| Untracked 
|  11|0x0000000701600000, 0x0000000701600000, 0x0000000701800000|  0%| F|  |TAMS 0x0000000701600000, 0x0000000701600000| Untracked 
|  12|0x0000000701800000, 0x0000000701800000, 0x0000000701a00000|  0%| F|  |TAMS 0x0000000701800000, 0x0000000701800000| Untracked 
|  13|0x0000000701a00000, 0x0000000701a00000, 0x0000000701c00000|  0%| F|  |TAMS 0x0000000701a00000, 0x0000000701a00000| Untracked 
|  14|0x0000000701c00000, 0x0000000701c00000, 0x0000000701e00000|  0%| F|  |TAMS 0x0000000701c00000, 0x0000000701c00000| Untracked 
|  15|0x0000000701e00000, 0x0000000701e00000, 0x0000000702000000|  0%| F|  |TAMS 0x0000000701e00000, 0x0000000701e00000| Untracked 
|  16|0x0000000702000000, 0x0000000702000000, 0x0000000702200000|  0%| F|  |TAMS 0x0000000702000000, 0x0000000702000000| Untracked 
|  17|0x0000000702200000, 0x0000000702200000, 0x0000000702400000|  0%| F|  |TAMS 0x0000000702200000, 0x0000000702200000| Untracked 
|  18|0x0000000702400000, 0x0000000702400000, 0x0000000702600000|  0%| F|  |TAMS 0x0000000702400000, 0x0000000702400000| Untracked 
|  19|0x0000000702600000, 0x0000000702600000, 0x0000000702800000|  0%| F|  |TAMS 0x0000000702600000, 0x0000000702600000| Untracked 
|  20|0x0000000702800000, 0x0000000702800000, 0x0000000702a00000|  0%| F|  |TAMS 0x0000000702800000, 0x0000000702800000| Untracked 
|  21|0x0000000702a00000, 0x0000000702a00000, 0x0000000702c00000|  0%| F|  |TAMS 0x0000000702a00000, 0x0000000702a00000| Untracked 
|  22|0x0000000702c00000, 0x0000000702c00000, 0x0000000702e00000|  0%| F|  |TAMS 0x0000000702c00000, 0x0000000702c00000| Untracked 
|  23|0x0000000702e00000, 0x0000000702e00000, 0x0000000703000000|  0%| F|  |TAMS 0x0000000702e00000, 0x0000000702e00000| Untracked 
|  24|0x0000000703000000, 0x0000000703000000, 0x0000000703200000|  0%| F|  |TAMS 0x0000000703000000, 0x0000000703000000| Untracked 
| 106|0x000000070d400000, 0x000000070d400000, 0x000000070d600000|  0%| F|  |TAMS 0x000000070d400000, 0x000000070d400000| Untracked 
| 107|0x000000070d600000, 0x000000070d600000, 0x000000070d800000|  0%| F|  |TAMS 0x000000070d600000, 0x000000070d600000| Untracked 
| 108|0x000000070d800000, 0x000000070d800000, 0x000000070da00000|  0%| F|  |TAMS 0x000000070d800000, 0x000000070d800000| Untracked 
| 109|0x000000070da00000, 0x000000070dbd4130, 0x000000070dc00000| 91%| E|  |TAMS 0x000000070da00000, 0x000000070da00000| Complete 
| 110|0x000000070dc00000, 0x000000070dd23100, 0x000000070de00000| 56%| S|CS|TAMS 0x000000070dc00000, 0x000000070dc00000| Complete 
| 127|0x000000070fe00000, 0x0000000710000000, 0x0000000710000000|100%| E|CS|TAMS 0x000000070fe00000, 0x000000070fe00000| Complete 
|2044|0x00000007ff800000, 0x00000007ffa00000, 0x00000007ffa00000|100%| O|  |TAMS 0x00000007ff800000, 0x00000007ff800000| Untracked 
|2045|0x00000007ffa00000, 0x00000007ffc00000, 0x00000007ffc00000|100%| O|  |TAMS 0x00000007ffa00000, 0x00000007ffa00000| Untracked 
|2046|0x00000007ffc00000, 0x00000007ffd78000, 0x00000007ffe00000| 73%|OA|  |TAMS 0x00000007ffd78000, 0x00000007ffc00000| Untracked 
|2047|0x00000007ffe00000, 0x00000007ffe80000, 0x0000000800000000| 25%|CA|  |TAMS 0x00000007ffe00000, 0x00000007ffe00000| Untracked 

Card table byte_map: [0x000000011d75c000,0x000000011df5c000] _byte_map_base: 0x0000000119f5c000

Marking Bits (Prev, Next): (CMBitMap*) 0x000000014b009c50, (CMBitMap*) 0x000000014b009c10
 Prev Bits: [0x000000012275c000, 0x000000012675c000)
 Next Bits: [0x000000011e75c000, 0x000000012275c000)

Polling page: 0x00000001045e0000

Metaspace:

Usage:
  Non-class:     25.42 MB used.
      Class:      3.37 MB used.
       Both:     28.79 MB used.

Virtual space:
  Non-class space:       64.00 MB reserved,      25.62 MB ( 40%) committed,  1 nodes.
      Class space:        1.00 GB reserved,       3.56 MB ( <1%) committed,  1 nodes.
             Both:        1.06 GB reserved,      29.19 MB (  3%) committed. 

Chunk freelists:
   Non-Class:  2.33 MB
       Class:  446.00 KB
        Both:  2.76 MB

MaxMetaspaceSize: unlimited
CompressedClassSpaceSize: 1.00 GB
Initial GC threshold: 21.00 MB
Current GC threshold: 35.25 MB
CDS: on
MetaspaceReclaimPolicy: balanced
 - commit_granule_bytes: 65536.
 - commit_granule_words: 8192.
 - virtual_space_node_default_size: 8388608.
 - enlarge_chunks_in_place: 1.
 - new_chunks_are_fully_committed: 0.
 - uncommit_free_chunks: 1.
 - use_allocation_guard: 0.


Internal statistics:

num_allocs_failed_limit: 3.
num_arena_births: 452.
num_arena_deaths: 0.
num_vsnodes_births: 2.
num_vsnodes_deaths: 0.
num_space_committed: 467.
num_space_uncommitted: 0.
num_chunks_returned_to_freelist: 3.
num_chunks_taken_from_freelist: 1417.
num_chunk_merges: 0.
num_chunk_splits: 987.
num_chunks_enlarged: 791.
num_inconsistent_stats: 0.

CodeHeap 'non-profiled nmethods': size=120032Kb used=1610Kb max_used=1610Kb free=118421Kb
 bounds [0x0000000116224000, 0x0000000116494000, 0x000000011d75c000]
CodeHeap 'profiled nmethods': size=120016Kb used=8174Kb max_used=8174Kb free=111841Kb
 bounds [0x000000010e75c000, 0x000000010ef5c000, 0x0000000115c90000]
CodeHeap 'non-nmethods': size=5712Kb used=1366Kb max_used=1403Kb free=4345Kb
 bounds [0x0000000115c90000, 0x0000000115f00000, 0x0000000116224000]
 total_blobs=4215 nmethods=3576 adapters=552
 compilation: enabled
              stopped_count=0, restarted_count=0
 full_count=0

Compilation events (20 events):
Event: 128.240 Thread 0x000000012f008200 nmethod 3714 0x000000010ef53690 code [0x000000010ef53900, 0x000000010ef54038]
Event: 128.240 Thread 0x000000012f008200 3710       3       java.util.concurrent.ThreadPoolExecutor::isShutdown (12 bytes)
Event: 128.240 Thread 0x000000013a011600 nmethod 3709 0x00000001163b5c90 code [0x00000001163b5e80, 0x00000001163b6190]
Event: 128.242 Thread 0x000000012f008200 nmethod 3710 0x000000010ef54210 code [0x000000010ef543c0, 0x000000010ef54598]
Event: 128.243 Thread 0x000000012f008200 3711       3       java.util.LinkedList$Node::<init> (20 bytes)
Event: 128.248 Thread 0x000000012f008200 nmethod 3711 0x000000010ef54690 code [0x000000010ef54840, 0x000000010ef54a98]
Event: 128.248 Thread 0x000000012f008200 3712       3       java.util.LinkedList::add (7 bytes)
Event: 128.248 Thread 0x000000012f008200 nmethod 3712 0x000000010ef54b90 code [0x000000010ef54d40, 0x000000010ef54ec8]
Event: 128.248 Thread 0x000000012f008200 3713       3       java.util.LinkedList::linkLast (59 bytes)
Event: 128.248 Thread 0x000000012f008200 nmethod 3713 0x000000010ef54f90 code [0x000000010ef55180, 0x000000010ef55598]
Event: 128.248 Thread 0x000000012f008200 3715       1       com.intellij.rt.debugger.agent.CaptureStorage$HardKey::hashCode (5 bytes)
Event: 128.248 Thread 0x000000012f008200 nmethod 3715 0x00000001163b6310 code [0x00000001163b64c0, 0x00000001163b6558]
Event: 128.248 Thread 0x000000012f008200 3716       1       java.util.concurrent.ThreadPoolExecutor::getQueue (5 bytes)
Event: 128.249 Thread 0x000000012f008200 nmethod 3716 0x00000001163b6610 code [0x00000001163b67c0, 0x00000001163b6858]
Event: 128.273 Thread 0x000000012f008200 3717       3       java.lang.invoke.MethodHandles::makeIdentity (23 bytes)
Event: 128.275 Thread 0x000000012f008200 nmethod 3717 0x000000010ef55710 code [0x000000010ef55a00, 0x000000010ef56428]
Event: 128.275 Thread 0x000000012f008200 3718       3       java.lang.invoke.LambdaForm::identityForm (27 bytes)
Event: 128.275 Thread 0x000000012f008200 nmethod 3718 0x000000010ef56990 code [0x000000010ef56b40, 0x000000010ef56d48]
Event: 128.275 Thread 0x000000012f008200 3719       3       java.lang.invoke.MethodHandleImpl::makeIntrinsic (14 bytes)
Event: 128.275 Thread 0x000000012f008200 nmethod 3719 0x000000010ef56e90 code [0x000000010ef570c0, 0x000000010ef57778]

GC Heap History (10 events):
Event: 0.275 GC heap before
{Heap before GC invocations=0 (full 0):
 garbage-first heap   total 266240K, used 24544K [0x0000000700000000, 0x0000000800000000)
  region size 2048K, 11 young (22528K), 0 survivors (0K)
 Metaspace       used 5332K, committed 5504K, reserved 1114112K
  class space    used 563K, committed 640K, reserved 1048576K
}
Event: 0.277 GC heap after
{Heap after GC invocations=1 (full 0):
 garbage-first heap   total 266240K, used 6208K [0x0000000700000000, 0x0000000800000000)
  region size 2048K, 2 young (4096K), 2 survivors (4096K)
 Metaspace       used 5332K, committed 5504K, reserved 1114112K
  class space    used 563K, committed 640K, reserved 1048576K
}
Event: 0.529 GC heap before
{Heap before GC invocations=1 (full 0):
 garbage-first heap   total 266240K, used 53312K [0x0000000700000000, 0x0000000800000000)
  region size 2048K, 25 young (51200K), 2 survivors (4096K)
 Metaspace       used 15586K, committed 15872K, reserved 1114112K
  class space    used 1842K, committed 1984K, reserved 1048576K
}
Event: 0.532 GC heap after
{Heap after GC invocations=2 (full 0):
 garbage-first heap   total 266240K, used 8637K [0x0000000700000000, 0x0000000800000000)
  region size 2048K, 4 young (8192K), 4 survivors (8192K)
 Metaspace       used 15586K, committed 15872K, reserved 1114112K
  class space    used 1842K, committed 1984K, reserved 1048576K
}
Event: 0.797 GC heap before
{Heap before GC invocations=2 (full 0):
 garbage-first heap   total 266240K, used 41405K [0x0000000700000000, 0x0000000800000000)
  region size 2048K, 21 young (43008K), 4 survivors (8192K)
 Metaspace       used 21249K, committed 21504K, reserved 1114112K
  class space    used 2537K, committed 2624K, reserved 1048576K
}
Event: 0.801 GC heap after
{Heap after GC invocations=3 (full 0):
 garbage-first heap   total 266240K, used 11000K [0x0000000700000000, 0x0000000800000000)
  region size 2048K, 5 young (10240K), 5 survivors (10240K)
 Metaspace       used 21249K, committed 21504K, reserved 1114112K
  class space    used 2537K, committed 2624K, reserved 1048576K
}
Event: 1.114 GC heap before
{Heap before GC invocations=4 (full 0):
 garbage-first heap   total 61440K, used 51960K [0x0000000700000000, 0x0000000800000000)
  region size 2048K, 25 young (51200K), 5 survivors (10240K)
 Metaspace       used 27678K, committed 28096K, reserved 1114112K
  class space    used 3283K, committed 3456K, reserved 1048576K
}
Event: 1.120 GC heap after
{Heap after GC invocations=5 (full 0):
 garbage-first heap   total 71680K, used 14379K [0x0000000700000000, 0x0000000800000000)
  region size 2048K, 4 young (8192K), 4 survivors (8192K)
 Metaspace       used 27678K, committed 28096K, reserved 1114112K
  class space    used 3283K, committed 3456K, reserved 1048576K
}
Event: 2.463 GC heap before
{Heap before GC invocations=5 (full 0):
 garbage-first heap   total 71680K, used 16427K [0x0000000700000000, 0x0000000800000000)
  region size 2048K, 5 young (10240K), 4 survivors (8192K)
 Metaspace       used 28330K, committed 28736K, reserved 1114112K
  class space    used 3345K, committed 3520K, reserved 1048576K
}
Event: 2.466 GC heap after
{Heap after GC invocations=6 (full 0):
 garbage-first heap   total 71680K, used 15109K [0x0000000700000000, 0x0000000800000000)
  region size 2048K, 1 young (2048K), 1 survivors (2048K)
 Metaspace       used 28330K, committed 28736K, reserved 1114112K
  class space    used 3345K, committed 3520K, reserved 1048576K
}

Dll operation events (20 events):
Event: 0.730 Loading shared library /usr/lib/java/liblibtcnative-1.dylib failed, dlopen(/usr/lib/java/liblibtcnative-1.dylib, 0x0001): tried: '/usr/lib/java/liblibtcnative-1.dylib' (no such file)
Event: 0.730 Loading shared library /usr/lib/java/liblibtcnative-1.jnilib failed, dlopen(/usr/lib/java/liblibtcnative-1.jnilib, 0x0001): tried: '/usr/lib/java/liblibtcnative-1.jnilib' (no such file)
Event: 0.730 Loading shared library /Users/pranavsnayak/Documents/samples/routing/liblibtcnative-1.dylib failed, dlopen(/Users/pranavsnayak/Documents/samples/routing/liblibtcnative-1.dylib, 0x0001): tried: '/Users/pranavsnayak/Documents/samples/routing/liblibtcnative-
Event: 0.730 Loading shared library /Users/pranavsnayak/Documents/samples/routing/liblibtcnative-1.jnilib failed, dlopen(/Users/pranavsnayak/Documents/samples/routing/liblibtcnative-1.jnilib, 0x0001): tried: '/Users/pranavsnayak/Documents/samples/routing/liblibtcnativ
Event: 1.096 Loaded shared library /Users/pranavsnayak/Library/Java/JavaVirtualMachines/openjdk-19.0.2/Contents/Home/lib/libextnet.dylib
Event: 1.120 Loading shared library /Users/pranavsnayak/Library/Java/JavaVirtualMachines/openjdk-19.0.2/Contents/Home/lib/libjniortools.dylib failed, dlopen(/Users/pranavsnayak/Library/Java/JavaVirtualMachines/openjdk-19.0.2/Contents/Home/lib/libjniortools.dylib, 0x00
Event: 1.120 Loading shared library /Users/pranavsnayak/Library/Java/JavaVirtualMachines/openjdk-19.0.2/Contents/Home/lib/libjniortools.jnilib failed, dlopen(/Users/pranavsnayak/Library/Java/JavaVirtualMachines/openjdk-19.0.2/Contents/Home/lib/libjniortools.jnilib, 0x
Event: 1.120 Loading shared library /Users/pranavsnayak/Library/Java/Extensions/libjniortools.dylib failed, dlopen(/Users/pranavsnayak/Library/Java/Extensions/libjniortools.dylib, 0x0001): tried: '/Users/pranavsnayak/Library/Java/Extensions/libjniortools.dylib' (no su
Event: 1.120 Loading shared library /Users/pranavsnayak/Library/Java/Extensions/libjniortools.jnilib failed, dlopen(/Users/pranavsnayak/Library/Java/Extensions/libjniortools.jnilib, 0x0001): tried: '/Users/pranavsnayak/Library/Java/Extensions/libjniortools.jnilib' (no
Event: 1.121 Loading shared library /Library/Java/Extensions/libjniortools.dylib failed, dlopen(/Library/Java/Extensions/libjniortools.dylib, 0x0001): tried: '/Library/Java/Extensions/libjniortools.dylib' (no such file)
Event: 1.121 Loading shared library /Library/Java/Extensions/libjniortools.jnilib failed, dlopen(/Library/Java/Extensions/libjniortools.jnilib, 0x0001): tried: '/Library/Java/Extensions/libjniortools.jnilib' (no such file)
Event: 1.121 Loading shared library /Network/Library/Java/Extensions/libjniortools.dylib failed, dlopen(/Network/Library/Java/Extensions/libjniortools.dylib, 0x0001): tried: '/Network/Library/Java/Extensions/libjniortools.dylib' (no such file)
Event: 1.121 Loading shared library /Network/Library/Java/Extensions/libjniortools.jnilib failed, dlopen(/Network/Library/Java/Extensions/libjniortools.jnilib, 0x0001): tried: '/Network/Library/Java/Extensions/libjniortools.jnilib' (no such file)
Event: 1.121 Loading shared library /System/Library/Java/Extensions/libjniortools.dylib failed, dlopen(/System/Library/Java/Extensions/libjniortools.dylib, 0x0001): tried: '/System/Library/Java/Extensions/libjniortools.dylib' (no such file)
Event: 1.121 Loading shared library /System/Library/Java/Extensions/libjniortools.jnilib failed, dlopen(/System/Library/Java/Extensions/libjniortools.jnilib, 0x0001): tried: '/System/Library/Java/Extensions/libjniortools.jnilib' (no such file)
Event: 1.121 Loading shared library /usr/lib/java/libjniortools.dylib failed, dlopen(/usr/lib/java/libjniortools.dylib, 0x0001): tried: '/usr/lib/java/libjniortools.dylib' (no such file)
Event: 1.121 Loading shared library /usr/lib/java/libjniortools.jnilib failed, dlopen(/usr/lib/java/libjniortools.jnilib, 0x0001): tried: '/usr/lib/java/libjniortools.jnilib' (no such file)
Event: 1.121 Loading shared library /Users/pranavsnayak/Documents/samples/routing/libjniortools.dylib failed, dlopen(/Users/pranavsnayak/Documents/samples/routing/libjniortools.dylib, 0x0001): tried: '/Users/pranavsnayak/Documents/samples/routing/libjniortools.dylib' 
Event: 1.121 Loading shared library /Users/pranavsnayak/Documents/samples/routing/libjniortools.jnilib failed, dlopen(/Users/pranavsnayak/Documents/samples/routing/libjniortools.jnilib, 0x0001): tried: '/Users/pranavsnayak/Documents/samples/routing/libjniortools.jnili
Event: 2.457 Loaded shared library /private/var/folders/d7/vp65tkvn5fz6yfvv7fxgsbsh0000gn/T/ortools-java13190592865384434438/ortools-darwin-aarch64/libjniortools.dylib

Deoptimization events (20 events):
Event: 1.124 Thread 0x000000013a808e00 Uncommon trap: trap_request=0xffffffc6 fr.pc=0x00000001163113c4 relative=0x0000000000002f44
Event: 1.124 Thread 0x000000013a808e00 Uncommon trap: reason=bimorphic_or_optimized_type_check action=maybe_recompile pc=0x00000001163113c4 method=java.net.URL.<init>(Ljava/net/URL;Ljava/lang/String;Ljava/net/URLStreamHandler;)V @ 504 c2
Event: 1.124 Thread 0x000000013a808e00 DEOPT PACKING pc=0x00000001163113c4 sp=0x000000016bc39c30
Event: 1.124 Thread 0x000000013a808e00 DEOPT UNPACKING pc=0x0000000115cdf21c sp=0x000000016bc39bd0 mode 2
Event: 1.131 Thread 0x000000013a808e00 Uncommon trap: trap_request=0xffffffc6 fr.pc=0x0000000116364cf0 relative=0x0000000000001b30
Event: 1.131 Thread 0x000000013a808e00 Uncommon trap: reason=bimorphic_or_optimized_type_check action=maybe_recompile pc=0x0000000116364cf0 method=java.util.zip.InflaterInputStream.read([BII)I @ 84 c2
Event: 1.131 Thread 0x000000013a808e00 DEOPT PACKING pc=0x0000000116364cf0 sp=0x000000016bc3a060
Event: 1.131 Thread 0x000000013a808e00 DEOPT UNPACKING pc=0x0000000115cdf21c sp=0x000000016bc3a090 mode 2
Event: 1.132 Thread 0x000000013a808e00 Uncommon trap: trap_request=0xffffffc6 fr.pc=0x0000000116364cf0 relative=0x0000000000001b30
Event: 1.132 Thread 0x000000013a808e00 Uncommon trap: reason=bimorphic_or_optimized_type_check action=maybe_recompile pc=0x0000000116364cf0 method=java.util.zip.InflaterInputStream.read([BII)I @ 84 c2
Event: 1.132 Thread 0x000000013a808e00 DEOPT PACKING pc=0x0000000116364cf0 sp=0x000000016bc3a060
Event: 1.132 Thread 0x000000013a808e00 DEOPT UNPACKING pc=0x0000000115cdf21c sp=0x000000016bc3a090 mode 2
Event: 1.132 Thread 0x000000013a808e00 Uncommon trap: trap_request=0xffffffc6 fr.pc=0x0000000116364cf0 relative=0x0000000000001b30
Event: 1.132 Thread 0x000000013a808e00 Uncommon trap: reason=bimorphic_or_optimized_type_check action=maybe_recompile pc=0x0000000116364cf0 method=java.util.zip.InflaterInputStream.read([BII)I @ 84 c2
Event: 1.132 Thread 0x000000013a808e00 DEOPT PACKING pc=0x0000000116364cf0 sp=0x000000016bc3a060
Event: 1.132 Thread 0x000000013a808e00 DEOPT UNPACKING pc=0x0000000115cdf21c sp=0x000000016bc3a090 mode 2
Event: 1.132 Thread 0x000000013a808e00 Uncommon trap: trap_request=0xffffffc6 fr.pc=0x0000000116364cf0 relative=0x0000000000001b30
Event: 1.132 Thread 0x000000013a808e00 Uncommon trap: reason=bimorphic_or_optimized_type_check action=maybe_recompile pc=0x0000000116364cf0 method=java.util.zip.InflaterInputStream.read([BII)I @ 84 c2
Event: 1.132 Thread 0x000000013a808e00 DEOPT PACKING pc=0x0000000116364cf0 sp=0x000000016bc3a060
Event: 1.132 Thread 0x000000013a808e00 DEOPT UNPACKING pc=0x0000000115cdf21c sp=0x000000016bc3a090 mode 2

Classes loaded (20 events):
Event: 2.483 Loading class com/fasterxml/jackson/databind/deser/std/NumberDeserializers$NumberDeserializer
Event: 2.483 Loading class com/fasterxml/jackson/databind/deser/std/NumberDeserializers$NumberDeserializer done
Event: 2.483 Loading class com/fasterxml/jackson/databind/deser/std/NumberDeserializers$BigDecimalDeserializer
Event: 2.483 Loading class com/fasterxml/jackson/databind/deser/std/NumberDeserializers$BigDecimalDeserializer done
Event: 2.483 Loading class com/fasterxml/jackson/databind/deser/std/NumberDeserializers$BigIntegerDeserializer
Event: 2.483 Loading class com/fasterxml/jackson/databind/deser/std/NumberDeserializers$BigIntegerDeserializer done
Event: 2.483 Loading class com/fasterxml/jackson/core/io/NumberInput
Event: 2.483 Loading class com/fasterxml/jackson/core/io/NumberInput done
Event: 2.486 Loading class com/fasterxml/jackson/databind/JsonMappingException$Reference
Event: 2.486 Loading class com/fasterxml/jackson/databind/JsonMappingException$Reference done
Event: 128.252 Loading class com/gdn/tms/routing/pojo/RoutingDetails
Event: 128.253 Loading class com/gdn/tms/routing/pojo/RoutingDetails done
Event: 128.256 Loading class com/gdn/tms/routing/pojo/RoutingDetails
Event: 128.256 Loading class com/gdn/tms/routing/pojo/RoutingDetails done
Event: 128.256 Loading class org/apache/catalina/webresources/CachedResource
Event: 128.256 Loading class org/apache/catalina/webresources/CachedResource done
Event: 128.278 Loading class org/apache/tomcat/PeriodicEventListener
Event: 128.278 Loading class org/apache/tomcat/PeriodicEventListener done
Event: 128.279 Loading class com/google/ortools/constraintsolver/mainJNI
Event: 128.279 Loading class com/google/ortools/constraintsolver/mainJNI done

Classes unloaded (0 events):
No events

Classes redefined (0 events):
No events

Internal exceptions (20 events):
Event: 0.983 Thread 0x000000013a808e00 Exception <a 'java/lang/ClassNotFoundException'{0x00000007019a2680}: org/springframework/beans/factory/AwareCustomizer> (0x00000007019a2680) 
thrown [open/src/hotspot/share/classfile/systemDictionary.cpp, line 255]
Event: 0.983 Thread 0x000000013a808e00 Exception <a 'java/lang/ClassNotFoundException'{0x00000007019a57a0}: org/springframework/context/ApplicationContextAwareCustomizer> (0x00000007019a57a0) 
thrown [open/src/hotspot/share/classfile/systemDictionary.cpp, line 255]
Event: 0.983 Thread 0x000000013a808e00 Exception <a 'java/lang/ClassNotFoundException'{0x00000007019a9e80}: org/springframework/beans/factory/AwareCustomizer> (0x00000007019a9e80) 
thrown [open/src/hotspot/share/classfile/systemDictionary.cpp, line 255]
Event: 0.983 Thread 0x000000013a808e00 Exception <a 'java/lang/ClassNotFoundException'{0x00000007019acf78}: org/springframework/web/context/ServletContextAwareCustomizer> (0x00000007019acf78) 
thrown [open/src/hotspot/share/classfile/systemDictionary.cpp, line 255]
Event: 0.983 Thread 0x000000013a808e00 Exception <a 'java/lang/ClassNotFoundException'{0x00000007019b0f90}: org/springframework/beans/factory/AwareCustomizer> (0x00000007019b0f90) 
thrown [open/src/hotspot/share/classfile/systemDictionary.cpp, line 255]
Event: 0.984 Thread 0x000000013a808e00 Exception <a 'java/lang/NoSuchMethodError'{0x00000007019d8350}: 'java.lang.Object java.lang.invoke.DirectMethodHandle$Holder.newInvokeSpecial(java.lang.Object, java.lang.Object, java.lang.Object, java.lang.Object, java.lang.Object, java.lang.Object, java.lang.Object, java.lang.Object)'> (0x00000007019d8350) 
thrown [open/src/hotspot/share/interpreter/linkResolver.cpp, line 774]
Event: 1.005 Thread 0x000000013a808e00 Exception <a 'java/lang/NoSuchMethodError'{0x00000007017f0178}: 'void java.lang.invoke.DirectMethodHandle$Holder.invokeVirtual(java.lang.Object, java.lang.Object, long)'> (0x00000007017f0178) 
thrown [open/src/hotspot/share/interpreter/linkResolver.cpp, line 774]
Event: 1.056 Thread 0x000000013a808e00 Exception <a 'java/lang/IncompatibleClassChangeError'{0x000000070116b638}: Found class java.lang.Object, but interface was expected> (0x000000070116b638) 
thrown [open/src/hotspot/share/interpreter/linkResolver.cpp, line 841]
Event: 1.070 Thread 0x000000013a808e00 Exception <a 'java/lang/NoSuchMethodError'{0x0000000700ec1ec8}: 'int java.lang.invoke.DirectMethodHandle$Holder.invokeStaticInit(java.lang.Object, java.lang.Object, java.lang.Object, java.lang.Object)'> (0x0000000700ec1ec8) 
thrown [open/src/hotspot/share/interpreter/linkResolver.cpp, line 774]
Event: 1.071 Thread 0x000000013a808e00 Implicit null exception at 0x000000011631718c to 0x0000000116317668
Event: 1.093 Thread 0x000000013a808e00 Exception <a 'java/lang/NoSuchMethodError'{0x0000000700cb21b0}: 'java.lang.Object java.lang.invoke.DirectMethodHandle$Holder.newInvokeSpecial(java.lang.Object, java.lang.Object, int, java.lang.Object, java.lang.Object)'> (0x0000000700cb21b0) 
thrown [open/src/hotspot/share/interpreter/linkResolver.cpp, line 774]
Event: 1.094 Thread 0x000000013a808e00 Exception <a 'java/lang/NoSuchMethodError'{0x0000000700cbda18}: 'java.lang.Object java.lang.invoke.DirectMethodHandle$Holder.invokeSpecial(java.lang.Object, java.lang.Object, int, java.lang.Object, int, java.lang.Object)'> (0x0000000700cbda18) 
thrown [open/src/hotspot/share/interpreter/linkResolver.cpp, line 774]
Event: 1.094 Thread 0x000000013a808e00 Exception <a 'java/lang/NoSuchMethodError'{0x0000000700cc57f0}: 'java.lang.Object java.lang.invoke.DirectMethodHandle$Holder.newInvokeSpecial(java.lang.Object, java.lang.Object, int, java.lang.Object, int)'> (0x0000000700cc57f0) 
thrown [open/src/hotspot/share/interpreter/linkResolver.cpp, line 774]
Event: 1.094 Thread 0x000000013a808e00 Exception <a 'java/lang/NoSuchMethodError'{0x0000000700cc9908}: 'java.lang.Object java.lang.invoke.DirectMethodHandle$Holder.invokeSpecial(java.lang.Object, java.lang.Object, java.lang.Object, int, java.lang.Object, int)'> (0x0000000700cc9908) 
thrown [open/src/hotspot/share/interpreter/linkResolver.cpp, line 774]
Event: 1.094 Thread 0x000000013a808e00 Exception <a 'java/lang/NoSuchMethodError'{0x0000000700cd3cc8}: 'void java.lang.invoke.DirectMethodHandle$Holder.invokeVirtual(java.lang.Object, java.lang.Object)'> (0x0000000700cd3cc8) 
thrown [open/src/hotspot/share/interpreter/linkResolver.cpp, line 774]
Event: 2.484 Thread 0x000000013a808e00 Exception <a 'java/lang/NoSuchMethodError'{0x000000070dac15e0}: 'void java.lang.invoke.DirectMethodHandle$Holder.invokeVirtual(java.lang.Object, java.lang.Object, double)'> (0x000000070dac15e0) 
thrown [open/src/hotspot/share/interpreter/linkResolver.cpp, line 774]
Event: 2.484 Thread 0x000000013a808e00 Exception <a 'java/lang/NoSuchMethodError'{0x000000070dacc3f8}: 'double java.lang.invoke.DelegatingMethodHandle$Holder.reinvoke_L(java.lang.Object, java.lang.Object, int)'> (0x000000070dacc3f8) 
thrown [open/src/hotspot/share/interpreter/linkResolver.cpp, line 774]
Event: 2.484 Thread 0x000000013a808e00 Exception <a 'java/lang/NoSuchMethodError'{0x000000070dad6e18}: 'void java.lang.invoke.DelegatingMethodHandle$Holder.reinvoke_L(java.lang.Object, java.lang.Object, double)'> (0x000000070dad6e18) 
thrown [open/src/hotspot/share/interpreter/linkResolver.cpp, line 774]
Event: 2.485 Thread 0x000000013a808e00 Exception <a 'java/lang/NoSuchMethodError'{0x000000070dae8f70}: 'long java.lang.invoke.DirectMethodHandle$Holder.invokeStatic(java.lang.Object, java.lang.Object, int)'> (0x000000070dae8f70) 
thrown [open/src/hotspot/share/interpreter/linkResolver.cpp, line 774]
Event: 2.485 Thread 0x000000013a808e00 Exception <a 'java/lang/NoSuchMethodError'{0x000000070daf40e8}: 'void java.lang.invoke.DelegatingMethodHandle$Holder.reinvoke_L(java.lang.Object, java.lang.Object, long)'> (0x000000070daf40e8) 
thrown [open/src/hotspot/share/interpreter/linkResolver.cpp, line 774]

VM Operations (20 events):
Event: 2.125 Executing VM operation: Cleanup
Event: 2.125 Executing VM operation: Cleanup done
Event: 2.463 Executing VM operation: G1CollectForAllocation
Event: 2.466 Executing VM operation: G1CollectForAllocation done
Event: 2.473 Executing VM operation: HandshakeAllThreads
Event: 2.473 Executing VM operation: HandshakeAllThreads done
Event: 2.515 Executing VM operation: get/set locals
Event: 2.515 Executing VM operation: get/set locals done
Event: 2.515 Executing VM operation: get/set locals
Event: 2.515 Executing VM operation: get/set locals done
Event: 128.241 Executing VM operation: ChangeBreakpoints
Event: 128.242 Executing VM operation: ChangeBreakpoints done
Event: 128.242 Executing VM operation: ChangeBreakpoints
Event: 128.244 Executing VM operation: ChangeBreakpoints done
Event: 128.244 Executing VM operation: ChangeBreakpoints
Event: 128.245 Executing VM operation: ChangeBreakpoints done
Event: 128.245 Executing VM operation: ChangeBreakpoints
Event: 128.249 Executing VM operation: ChangeBreakpoints done
Event: 128.249 Executing VM operation: ChangeBreakpoints
Event: 128.250 Executing VM operation: ChangeBreakpoints done

Events (20 events):
Event: 1.100 Thread 0x000000012c97e800 Thread added: 0x000000012c97e800
Event: 1.100 Protecting memory [0x0000000288628000,0x0000000288634000] with protection modes 0
Event: 1.100 Thread 0x000000014a94aa00 Thread added: 0x000000014a94aa00
Event: 1.100 Protecting memory [0x0000000288834000,0x0000000288840000] with protection modes 0
Event: 1.100 Thread 0x000000014a95b400 Thread added: 0x000000014a95b400
Event: 1.100 Protecting memory [0x0000000288a40000,0x0000000288a4c000] with protection modes 0
Event: 1.100 Thread 0x000000014a95ba00 Thread added: 0x000000014a95ba00
Event: 1.100 Protecting memory [0x0000000288c4c000,0x0000000288c58000] with protection modes 0
Event: 1.101 Thread 0x000000012c97ee00 Thread added: 0x000000012c97ee00
Event: 1.101 Protecting memory [0x0000000288e58000,0x0000000288e64000] with protection modes 0
Event: 1.101 Thread 0x000000014a4ff800 Thread added: 0x000000014a4ff800
Event: 1.101 Protecting memory [0x0000000289064000,0x0000000289070000] with protection modes 0
Event: 1.105 Thread 0x000000013a018e00 Thread added: 0x000000013a018e00
Event: 1.105 Protecting memory [0x0000000289270000,0x000000028927c000] with protection modes 0
Event: 1.106 Thread 0x000000012c974400 Thread added: 0x000000012c974400
Event: 1.106 Protecting memory [0x000000028947c000,0x0000000289488000] with protection modes 0
Event: 128.241 Protecting memory [0x000000016e028000,0x000000016e034000] with protection modes 3
Event: 128.241 Thread 0x000000014b06da00 Thread exited: 0x000000014b06da00
Event: 128.254 Protecting memory [0x000000016dc10000,0x000000016dc1c000] with protection modes 3
Event: 128.254 Thread 0x000000014b070c00 Thread exited: 0x000000014b070c00


Dynamic libraries:
0x0000000104590000 	/Users/pranavsnayak/Library/Java/JavaVirtualMachines/openjdk-19.0.2/Contents/Home/lib/libjli.dylib
0x00000001c812e000 	/System/Library/Frameworks/Cocoa.framework/Versions/A/Cocoa
0x00000001b437a000 	/System/Library/Frameworks/AppKit.framework/Versions/C/AppKit
0x00000001b7880000 	/System/Library/Frameworks/CoreData.framework/Versions/A/CoreData
0x00000001b26d5000 	/System/Library/Frameworks/Foundation.framework/Versions/C/Foundation
0x00000001bc2d7000 	/usr/lib/libSystem.B.dylib
0x00000001b5232000 	/System/Library/PrivateFrameworks/UIFoundation.framework/Versions/A/UIFoundation
0x00000001c230f000 	/System/Library/PrivateFrameworks/RemoteViewServices.framework/Versions/A/RemoteViewServices
0x00000001ba795000 	/System/Library/PrivateFrameworks/XCTTargetBootstrap.framework/Versions/A/XCTTargetBootstrap
0x00000001be013000 	/System/Library/PrivateFrameworks/InternationalSupport.framework/Versions/A/InternationalSupport
0x00000001be09c000 	/System/Library/PrivateFrameworks/UserActivity.framework/Versions/A/UserActivity
0x00000001bd50e000 	/usr/lib/libspindump.dylib
0x00000001b54a3000 	/System/Library/Frameworks/UniformTypeIdentifiers.framework/Versions/A/UniformTypeIdentifiers
0x00000001b8ce0000 	/usr/lib/libapp_launch_measurement.dylib
0x00000001b820a000 	/System/Library/PrivateFrameworks/CoreAnalytics.framework/Versions/A/CoreAnalytics
0x00000001b8ce3000 	/System/Library/PrivateFrameworks/CoreAutoLayout.framework/Versions/A/CoreAutoLayout
0x00000001ba086000 	/System/Library/Frameworks/Metal.framework/Versions/A/Metal
0x00000001badfd000 	/usr/lib/liblangid.dylib
0x00000001ba79a000 	/System/Library/PrivateFrameworks/CoreSVG.framework/Versions/A/CoreSVG
0x00000001b6934000 	/System/Library/PrivateFrameworks/SkyLight.framework/Versions/A/SkyLight
0x00000001b6d09000 	/System/Library/Frameworks/CoreGraphics.framework/Versions/A/CoreGraphics
0x00000001c29db000 	/System/Library/Frameworks/Accelerate.framework/Versions/A/Accelerate
0x00000001bcf85000 	/System/Library/PrivateFrameworks/IconServices.framework/Versions/A/IconServices
0x00000001ba068000 	/System/Library/Frameworks/IOSurface.framework/Versions/A/IOSurface
0x00000001b823b000 	/usr/lib/libDiagnosticMessagesClient.dylib
0x00000001bc220000 	/usr/lib/libz.1.dylib
0x00000001c5edc000 	/System/Library/Frameworks/ApplicationServices.framework/Versions/A/ApplicationServices
0x00000001ba77d000 	/System/Library/PrivateFrameworks/DFRFoundation.framework/Versions/A/DFRFoundation
0x00000001b3c0a000 	/usr/lib/libicucore.A.dylib
0x00000001beebf000 	/System/Library/Frameworks/AudioToolbox.framework/Versions/A/AudioToolbox
0x00000001be01f000 	/System/Library/PrivateFrameworks/DataDetectorsCore.framework/Versions/A/DataDetectorsCore
0x00000001d495f000 	/System/Library/PrivateFrameworks/TextInput.framework/Versions/A/TextInput
0x00000001b68a9000 	/usr/lib/libMobileGestalt.dylib
0x00000001ba449000 	/System/Library/Frameworks/Carbon.framework/Versions/A/Frameworks/HIToolbox.framework/Versions/A/HIToolbox
0x00000001b86bc000 	/System/Library/Frameworks/QuartzCore.framework/Versions/A/QuartzCore
0x00000001b388d000 	/System/Library/Frameworks/Security.framework/Versions/A/Security
0x00000001c234f000 	/System/Library/Frameworks/Carbon.framework/Versions/A/Frameworks/SpeechRecognition.framework/Versions/A/SpeechRecognition
0x00000001b8a36000 	/System/Library/PrivateFrameworks/CoreUI.framework/Versions/A/CoreUI
0x00000001b316a000 	/System/Library/Frameworks/CoreAudio.framework/Versions/A/CoreAudio
0x00000001b8330000 	/System/Library/Frameworks/DiskArbitration.framework/Versions/A/DiskArbitration
0x00000001bd918000 	/System/Library/PrivateFrameworks/MultitouchSupport.framework/Versions/A/MultitouchSupport
0x00000001b68a7000 	/usr/lib/libenergytrace.dylib
0x00000001b4242000 	/System/Library/Frameworks/IOKit.framework/Versions/A/IOKit
0x00000001c273e000 	/System/Library/Frameworks/CoreServices.framework/Versions/A/CoreServices
0x00000001b8c70000 	/System/Library/PrivateFrameworks/PerformanceAnalysis.framework/Versions/A/PerformanceAnalysis
0x0000000212c47000 	/System/Library/Frameworks/OpenGL.framework/Versions/A/OpenGL
0x00000001bb877000 	/System/Library/PrivateFrameworks/MobileKeyBag.framework/Versions/A/MobileKeyBag
0x00000001b1611000 	/usr/lib/libobjc.A.dylib
0x00000001b7316000 	/System/Library/Frameworks/ColorSync.framework/Versions/A/ColorSync
0x00000001b17da000 	/System/Library/Frameworks/CoreFoundation.framework/Versions/A/CoreFoundation
0x00000001baa19000 	/System/Library/Frameworks/CoreImage.framework/Versions/A/CoreImage
0x00000001b2f8e000 	/System/Library/Frameworks/CoreText.framework/Versions/A/CoreText
0x00000001ba7ca000 	/System/Library/Frameworks/ImageIO.framework/Versions/A/ImageIO
0x00000001bc2dd000 	/System/Library/PrivateFrameworks/SoftLinking.framework/Versions/A/SoftLinking
0x00000001b8d2e000 	/usr/lib/libxml2.2.dylib
0x00000001b16d4000 	/usr/lib/libc++.1.dylib
0x00000001bc576000 	/usr/lib/libcompression.dylib
0x00000001bdf6f000 	/System/Library/PrivateFrameworks/TextureIO.framework/Versions/A/TextureIO
0x00000001bcc9e000 	/usr/lib/libate.dylib
0x00000001bc2d1000 	/usr/lib/system/libcache.dylib
0x00000001bc28f000 	/usr/lib/system/libcommonCrypto.dylib
0x00000001bc2b8000 	/usr/lib/system/libcompiler_rt.dylib
0x00000001bc2af000 	/usr/lib/system/libcopyfile.dylib
0x00000001b1517000 	/usr/lib/system/libcorecrypto.dylib
0x00000001b15ca000 	/usr/lib/system/libdispatch.dylib
0x00000001b1798000 	/usr/lib/system/libdyld.dylib
0x00000001bc2c7000 	/usr/lib/system/libkeymgr.dylib
0x00000001bc26a000 	/usr/lib/system/libmacho.dylib
0x00000001bb95f000 	/usr/lib/system/libquarantine.dylib
0x00000001bc2c4000 	/usr/lib/system/libremovefile.dylib
0x00000001b6900000 	/usr/lib/system/libsystem_asl.dylib
0x00000001b14b9000 	/usr/lib/system/libsystem_blocks.dylib
0x00000001b1652000 	/usr/lib/system/libsystem_c.dylib
0x00000001bc2bc000 	/usr/lib/system/libsystem_collections.dylib
0x00000001baded000 	/usr/lib/system/libsystem_configuration.dylib
0x00000001ba049000 	/usr/lib/system/libsystem_containermanager.dylib
0x00000001bbfcc000 	/usr/lib/system/libsystem_coreservices.dylib
0x00000001b3ec0000 	/usr/lib/system/libsystem_darwin.dylib
0x00000001bc2c8000 	/usr/lib/system/libsystem_dnssd.dylib
0x00000001b164f000 	/usr/lib/system/libsystem_featureflags.dylib
0x00000001b17ad000 	/usr/lib/system/libsystem_info.dylib
0x00000001bc232000 	/usr/lib/system/libsystem_m.dylib
0x00000001b159f000 	/usr/lib/system/libsystem_malloc.dylib
0x00000001b688f000 	/usr/lib/system/libsystem_networkextension.dylib
0x00000001b4319000 	/usr/lib/system/libsystem_notify.dylib
0x00000001c2615000 	/usr/lib/system/libsystem_product_info_filter.dylib
0x00000001badf2000 	/usr/lib/system/libsystem_sandbox.dylib
0x00000001bc2c1000 	/usr/lib/system/libsystem_secinit.dylib
0x00000001b1753000 	/usr/lib/system/libsystem_kernel.dylib
0x00000001b17a5000 	/usr/lib/system/libsystem_platform.dylib
0x00000001b178b000 	/usr/lib/system/libsystem_pthread.dylib
0x00000001b8058000 	/usr/lib/system/libsystem_symptoms.dylib
0x00000001b14fd000 	/usr/lib/system/libsystem_trace.dylib
0x00000001bc29c000 	/usr/lib/system/libunwind.dylib
0x00000001b14bb000 	/usr/lib/system/libxpc.dylib
0x00000001b173b000 	/usr/lib/libc++abi.dylib
0x00000001bc2a7000 	/usr/lib/liboah.dylib
0x00000001bcb63000 	/usr/lib/liblzma.5.dylib
0x00000001b23c9000 	/System/Library/Frameworks/SystemConfiguration.framework/Versions/A/SystemConfiguration
0x00000001bc2d9000 	/usr/lib/libfakelink.dylib
0x00000001b63db000 	/System/Library/Frameworks/CFNetwork.framework/Versions/A/CFNetwork
0x00000001bc41f000 	/usr/lib/libarchive.2.dylib
0x00000001badf9000 	/System/Library/PrivateFrameworks/AppleSystemInfo.framework/Versions/A/AppleSystemInfo
0x00000001bb98a000 	/usr/lib/libbsm.0.dylib
0x00000001b594c000 	/usr/lib/libnetwork.dylib
0x00000001bc273000 	/usr/lib/system/libkxld.dylib
0x00000001bb59d000 	/System/Library/PrivateFrameworks/IOMobileFramebuffer.framework/Versions/A/IOMobileFramebuffer
0x0000000230573000 	/usr/lib/libCoreEntitlements.dylib
0x00000001bbfae000 	/System/Library/PrivateFrameworks/AppleFSCompression.framework/Versions/A/AppleFSCompression
0x00000001bb972000 	/usr/lib/libcoretls.dylib
0x00000001bcb7c000 	/usr/lib/libcoretls_cfhelpers.dylib
0x00000001bc571000 	/usr/lib/libpam.2.dylib
0x00000001b7c6f000 	/usr/lib/libsqlite3.dylib
0x00000001bcbe5000 	/usr/lib/libxar.1.dylib
0x00000001bbfbf000 	/usr/lib/libbz2.1.0.dylib
0x00000001bc2de000 	/usr/lib/libpcap.A.dylib
0x00000001b804f000 	/usr/lib/libdns_services.dylib
0x00000001bc544000 	/usr/lib/libapple_nghttp2.dylib
0x00000001bc31b000 	/usr/lib/libiconv.2.dylib
0x00000001bc269000 	/usr/lib/libcharset.1.dylib
0x00000001b8cac000 	/System/Library/Frameworks/CoreServices.framework/Versions/A/Frameworks/FSEvents.framework/Versions/A/FSEvents
0x00000001b3ecb000 	/System/Library/Frameworks/CoreServices.framework/Versions/A/Frameworks/CarbonCore.framework/Versions/A/CarbonCore
0x00000001b8290000 	/System/Library/Frameworks/CoreServices.framework/Versions/A/Frameworks/Metadata.framework/Versions/A/Metadata
0x00000001bbfd2000 	/System/Library/Frameworks/CoreServices.framework/Versions/A/Frameworks/OSServices.framework/Versions/A/OSServices
0x00000001bc4a5000 	/System/Library/Frameworks/CoreServices.framework/Versions/A/Frameworks/SearchKit.framework/Versions/A/SearchKit
0x00000001b7fde000 	/System/Library/Frameworks/CoreServices.framework/Versions/A/Frameworks/AE.framework/Versions/A/AE
0x00000001b1d20000 	/System/Library/Frameworks/CoreServices.framework/Versions/A/Frameworks/LaunchServices.framework/Versions/A/LaunchServices
0x00000001bcb0c000 	/System/Library/Frameworks/CoreServices.framework/Versions/A/Frameworks/DictionaryServices.framework/Versions/A/DictionaryServices
0x00000001b8cb9000 	/System/Library/Frameworks/CoreServices.framework/Versions/A/Frameworks/SharedFileList.framework/Versions/A/SharedFileList
0x00000001bb962000 	/usr/lib/libCheckFix.dylib
0x00000001b6918000 	/System/Library/PrivateFrameworks/TCC.framework/Versions/A/TCC
0x00000001badff000 	/System/Library/PrivateFrameworks/CoreNLP.framework/Versions/A/CoreNLP
0x00000001b823e000 	/System/Library/PrivateFrameworks/MetadataUtilities.framework/Versions/A/MetadataUtilities
0x00000001b2482000 	/usr/lib/libmecabra.dylib
0x00000001bb99b000 	/usr/lib/libmecab.dylib
0x00000001b244e000 	/usr/lib/libCRFSuite.dylib
0x00000001bb9f8000 	/usr/lib/libgermantok.dylib
0x00000001bc51d000 	/usr/lib/libThaiTokenizer.dylib
0x00000001b8338000 	/System/Library/Frameworks/Accelerate.framework/Versions/A/Frameworks/vImage.framework/Versions/A/vImage
0x00000001c2715000 	/System/Library/Frameworks/Accelerate.framework/Versions/A/Frameworks/vecLib.framework/Versions/A/vecLib
0x00000001bcc2a000 	/System/Library/Frameworks/Accelerate.framework/Versions/A/Frameworks/vecLib.framework/Versions/A/libvMisc.dylib
0x00000001bb4a4000 	/System/Library/Frameworks/Accelerate.framework/Versions/A/Frameworks/vecLib.framework/Versions/A/libvDSP.dylib
0x00000001b20a9000 	/System/Library/Frameworks/Accelerate.framework/Versions/A/Frameworks/vecLib.framework/Versions/A/libBLAS.dylib
0x00000001bc647000 	/System/Library/Frameworks/Accelerate.framework/Versions/A/Frameworks/vecLib.framework/Versions/A/libLAPACK.dylib
0x00000001bb9fb000 	/System/Library/Frameworks/Accelerate.framework/Versions/A/Frameworks/vecLib.framework/Versions/A/libLinearAlgebra.dylib
0x00000001bc55c000 	/System/Library/Frameworks/Accelerate.framework/Versions/A/Frameworks/vecLib.framework/Versions/A/libSparseBLAS.dylib
0x00000001bc642000 	/System/Library/Frameworks/Accelerate.framework/Versions/A/Frameworks/vecLib.framework/Versions/A/libQuadrature.dylib
0x00000001baef8000 	/System/Library/Frameworks/Accelerate.framework/Versions/A/Frameworks/vecLib.framework/Versions/A/libBNNS.dylib
0x00000001b2367000 	/System/Library/Frameworks/Accelerate.framework/Versions/A/Frameworks/vecLib.framework/Versions/A/libSparse.dylib
0x00000001baef0000 	/System/Library/PrivateFrameworks/LinguisticData.framework/Versions/A/LinguisticData
0x00000001b231f000 	/System/Library/PrivateFrameworks/Lexicon.framework/Versions/A/Lexicon
0x00000001bcc22000 	/usr/lib/libChineseTokenizer.dylib
0x00000001b2ac6000 	/System/Library/PrivateFrameworks/LanguageModeling.framework/Versions/A/LanguageModeling
0x00000001bc51f000 	/System/Library/PrivateFrameworks/AppleSauce.framework/Versions/A/AppleSauce
0x00000001bb58a000 	/System/Library/PrivateFrameworks/CoreEmoji.framework/Versions/A/CoreEmoji
0x00000001bc40d000 	/usr/lib/libcmph.dylib
0x00000001b8c8c000 	/System/Library/Frameworks/OpenDirectory.framework/Versions/A/Frameworks/CFOpenDirectory.framework/Versions/A/CFOpenDirectory
0x00000001b8c7c000 	/System/Library/Frameworks/OpenDirectory.framework/Versions/A/OpenDirectory
0x00000001bcb7e000 	/System/Library/PrivateFrameworks/APFS.framework/Versions/A/APFS
0x00000001bb8b2000 	/System/Library/Frameworks/SecurityFoundation.framework/Versions/A/SecurityFoundation
0x00000001bcbf4000 	/usr/lib/libutil.dylib
0x00000001b4204000 	/System/Library/PrivateFrameworks/CoreServicesStore.framework/Versions/A/CoreServicesStore
0x00000001bcbf8000 	/usr/lib/libxslt.1.dylib
0x00000001bb946000 	/System/Library/PrivateFrameworks/BackgroundTaskManagement.framework/Versions/A/BackgroundTaskManagement
0x00000001bde90000 	/System/Library/Frameworks/ImageIO.framework/Versions/A/Resources/libRadiance.dylib
0x00000001bde99000 	/System/Library/Frameworks/ImageIO.framework/Versions/A/Resources/libJPEG.dylib
0x00000001bddec000 	/System/Library/Frameworks/ImageIO.framework/Versions/A/Resources/libPng.dylib
0x00000001bde0e000 	/System/Library/Frameworks/ImageIO.framework/Versions/A/Resources/libTIFF.dylib
0x00000001bdef4000 	/System/Library/Frameworks/ImageIO.framework/Versions/A/Resources/libGIF.dylib
0x00000001bd828000 	/System/Library/Frameworks/ImageIO.framework/Versions/A/Resources/libJP2.dylib
0x00000001bcf4a000 	/usr/lib/libexpat.1.dylib
0x00000001bd7e3000 	/System/Library/PrivateFrameworks/AppleJPEG.framework/Versions/A/AppleJPEG
0x00000001ba305000 	/System/Library/PrivateFrameworks/FontServices.framework/libFontParser.dylib
0x00000001b7f83000 	/System/Library/PrivateFrameworks/RunningBoardServices.framework/Versions/A/RunningBoardServices
0x00000001c8801000 	/System/Library/PrivateFrameworks/IOSurfaceAccelerator.framework/Versions/A/IOSurfaceAccelerator
0x00000001bd914000 	/System/Library/PrivateFrameworks/WatchdogClient.framework/Versions/A/WatchdogClient
0x00000001b2bca000 	/System/Library/Frameworks/CoreDisplay.framework/Versions/A/CoreDisplay
0x00000001ba1ef000 	/System/Library/Frameworks/CoreMedia.framework/Versions/A/CoreMedia
0x00000001ba07c000 	/System/Library/PrivateFrameworks/IOAccelerator.framework/Versions/A/IOAccelerator
0x00000001b8e1c000 	/System/Library/Frameworks/CoreVideo.framework/Versions/A/CoreVideo
0x00000001bc56f000 	/System/Library/Frameworks/MetalPerformanceShaders.framework/Versions/A/MetalPerformanceShaders
0x00000001bd953000 	/System/Library/Frameworks/VideoToolbox.framework/Versions/A/VideoToolbox
0x00000001b7ec7000 	/System/Library/PrivateFrameworks/BaseBoard.framework/Versions/A/BaseBoard
0x00000001b7c55000 	/System/Library/PrivateFrameworks/ProtocolBuffer.framework/Versions/A/ProtocolBuffer
0x00000001bde8b000 	/System/Library/PrivateFrameworks/GPUWrangler.framework/Versions/A/GPUWrangler
0x00000001bde6b000 	/System/Library/PrivateFrameworks/IOPresentment.framework/Versions/A/IOPresentment
0x00000001bde93000 	/System/Library/PrivateFrameworks/DSExternalDisplay.framework/Versions/A/DSExternalDisplay
0x0000000212c3a000 	/System/Library/Frameworks/OpenGL.framework/Versions/A/Libraries/libCoreFSCache.dylib
0x000000021d0f9000 	/System/Library/PrivateFrameworks/GPUCompiler.framework/Versions/31001/Libraries/libGPUCompilerUtils.dylib
0x00000001bdef9000 	/System/Library/PrivateFrameworks/CMCaptureCore.framework/Versions/A/CMCaptureCore
0x00000001bd4fb000 	/System/Library/PrivateFrameworks/AppServerSupport.framework/Versions/A/AppServerSupport
0x00000001bf77c000 	/System/Library/PrivateFrameworks/perfdata.framework/Versions/A/perfdata
0x00000001b2cea000 	/System/Library/PrivateFrameworks/AudioToolboxCore.framework/Versions/A/AudioToolboxCore
0x00000001ba1c8000 	/System/Library/PrivateFrameworks/caulk.framework/Versions/A/caulk
0x00000001bf071000 	/usr/lib/libAudioStatistics.dylib
0x00000001d0fc6000 	/System/Library/PrivateFrameworks/SystemPolicy.framework/Versions/A/SystemPolicy
0x00000001bf2dd000 	/usr/lib/libSMC.dylib
0x00000001c8010000 	/System/Library/Frameworks/CoreMIDI.framework/Versions/A/CoreMIDI
0x00000001bddba000 	/usr/lib/libAudioToolboxUtility.dylib
0x00000001cd093000 	/System/Library/PrivateFrameworks/OSAServicesClient.framework/Versions/A/OSAServicesClient
0x00000001bf789000 	/usr/lib/libperfcheck.dylib
0x00000001d1ade000 	/usr/lib/libmis.dylib
0x0000000212c9c000 	/System/Library/Frameworks/OpenGL.framework/Versions/A/Libraries/libGLU.dylib
0x0000000212c5b000 	/System/Library/Frameworks/OpenGL.framework/Versions/A/Libraries/libGFXShared.dylib
0x0000000212e48000 	/System/Library/Frameworks/OpenGL.framework/Versions/A/Libraries/libGL.dylib
0x0000000212c64000 	/System/Library/Frameworks/OpenGL.framework/Versions/A/Libraries/libGLImage.dylib
0x0000000212c58000 	/System/Library/Frameworks/OpenGL.framework/Versions/A/Libraries/libCVMSPluginSupport.dylib
0x0000000212c41000 	/System/Library/Frameworks/OpenGL.framework/Versions/A/Libraries/libCoreVMClient.dylib
0x00000001bad79000 	/System/Library/Frameworks/MetalPerformanceShaders.framework/Versions/A/Frameworks/MPSCore.framework/Versions/A/MPSCore
0x00000001bbf21000 	/System/Library/Frameworks/MetalPerformanceShaders.framework/Versions/A/Frameworks/MPSImage.framework/Versions/A/MPSImage
0x00000001bba10000 	/System/Library/Frameworks/MetalPerformanceShaders.framework/Versions/A/Frameworks/MPSNeuralNetwork.framework/Versions/A/MPSNeuralNetwork
0x00000001bbe49000 	/System/Library/Frameworks/MetalPerformanceShaders.framework/Versions/A/Frameworks/MPSMatrix.framework/Versions/A/MPSMatrix
0x00000001bbc22000 	/System/Library/Frameworks/MetalPerformanceShaders.framework/Versions/A/Frameworks/MPSRayIntersector.framework/Versions/A/MPSRayIntersector
0x00000001bbe7a000 	/System/Library/Frameworks/MetalPerformanceShaders.framework/Versions/A/Frameworks/MPSNDArray.framework/Versions/A/MPSNDArray
0x0000000214db3000 	/System/Library/Frameworks/MetalPerformanceShaders.framework/Versions/A/Frameworks/MPSFunctions.framework/Versions/A/MPSFunctions
0x00000001b1f80000 	/System/Library/PrivateFrameworks/MetalTools.framework/Versions/A/MetalTools
0x00000001badf7000 	/System/Library/PrivateFrameworks/AggregateDictionary.framework/Versions/A/AggregateDictionary
0x00000001bcd2f000 	/usr/lib/libIOReport.dylib
0x00000001c702e000 	/System/Library/PrivateFrameworks/ASEProcessing.framework/Versions/A/ASEProcessing
0x00000001bd0a4000 	/System/Library/PrivateFrameworks/FaceCore.framework/Versions/A/FaceCore
0x00000001bd096000 	/System/Library/PrivateFrameworks/GraphVisualizer.framework/Versions/A/GraphVisualizer
0x000000021d010000 	/System/Library/PrivateFrameworks/FontServices.framework/Versions/A/FontServices
0x00000001bd4b7000 	/System/Library/PrivateFrameworks/OTSVG.framework/Versions/A/OTSVG
0x00000001b89e6000 	/System/Library/Frameworks/ApplicationServices.framework/Versions/A/Frameworks/ATS.framework/Versions/A/Resources/libFontRegistry.dylib
0x00000001bd504000 	/System/Library/PrivateFrameworks/FontServices.framework/libhvf.dylib
0x000000021d011000 	/System/Library/PrivateFrameworks/FontServices.framework/libXTFontStaticRegistryData.dylib
0x0000000212fe9000 	/System/Library/Frameworks/OpenCL.framework/Versions/A/OpenCL
0x00000001bcefe000 	/System/Library/PrivateFrameworks/AppleVA.framework/Versions/A/AppleVA
0x00000001bf099000 	/System/Library/Frameworks/ApplicationServices.framework/Versions/A/Frameworks/ATS.framework/Versions/A/ATS
0x00000001b7413000 	/System/Library/Frameworks/ApplicationServices.framework/Versions/A/Frameworks/HIServices.framework/Versions/A/HIServices
0x00000001bdf03000 	/System/Library/Frameworks/ApplicationServices.framework/Versions/A/Frameworks/PrintCore.framework/Versions/A/PrintCore
0x00000001bf430000 	/System/Library/Frameworks/ApplicationServices.framework/Versions/A/Frameworks/QD.framework/Versions/A/QD
0x00000001bf428000 	/System/Library/Frameworks/ApplicationServices.framework/Versions/A/Frameworks/ColorSyncLegacy.framework/Versions/A/ColorSyncLegacy
0x00000001bf085000 	/System/Library/Frameworks/ApplicationServices.framework/Versions/A/Frameworks/SpeechSynthesis.framework/Versions/A/SpeechSynthesis
0x00000001bdec4000 	/System/Library/Frameworks/ApplicationServices.framework/Versions/A/Frameworks/ATSUI.framework/Versions/A/ATSUI
0x00000001bf3bd000 	/usr/lib/libcups.2.dylib
0x00000001bf797000 	/System/Library/Frameworks/Kerberos.framework/Versions/A/Kerberos
0x00000001bf7a8000 	/System/Library/Frameworks/GSS.framework/Versions/A/GSS
0x00000001bf109000 	/usr/lib/libresolv.9.dylib
0x00000001bd513000 	/System/Library/PrivateFrameworks/Heimdal.framework/Versions/A/Heimdal
0x00000001c6263000 	/System/Library/Frameworks/Kerberos.framework/Versions/A/Libraries/libHeimdalProxy.dylib
0x00000001b8061000 	/System/Library/Frameworks/Network.framework/Versions/A/Network
0x00000001bcf65000 	/usr/lib/libheimdal-asn1.dylib
0x00000001bf7f8000 	/System/Library/PrivateFrameworks/CommonAuth.framework/Versions/A/CommonAuth
0x00000001befff000 	/System/Library/PrivateFrameworks/AudioSession.framework/Versions/A/AudioSession
0x00000001bcff7000 	/System/Library/PrivateFrameworks/MediaExperience.framework/Versions/A/MediaExperience
0x00000001bee85000 	/System/Library/PrivateFrameworks/AudioSession.framework/libSessionUtility.dylib
0x00000001bf43c000 	/System/Library/PrivateFrameworks/AudioResourceArbitration.framework/Versions/A/AudioResourceArbitration
0x00000001c35f2000 	/System/Library/PrivateFrameworks/PowerLog.framework/Versions/A/PowerLog
0x00000001bcf6f000 	/System/Library/PrivateFrameworks/IconFoundation.framework/Versions/A/IconFoundation
0x00000001c233b000 	/System/Library/PrivateFrameworks/SpeechRecognitionCore.framework/Versions/A/SpeechRecognitionCore
0x0000000105834000 	/Users/pranavsnayak/Library/Java/JavaVirtualMachines/openjdk-19.0.2/Contents/Home/lib/server/libjvm.dylib
0x00000001045f4000 	/Users/pranavsnayak/Library/Java/JavaVirtualMachines/openjdk-19.0.2/Contents/Home/lib/libjimage.dylib
0x0000000104650000 	/Users/pranavsnayak/Library/Java/JavaVirtualMachines/openjdk-19.0.2/Contents/Home/lib/libjdwp.dylib
0x0000000104698000 	/Users/pranavsnayak/Library/Java/JavaVirtualMachines/openjdk-19.0.2/Contents/Home/lib/libjava.dylib
0x0000000104620000 	/Users/pranavsnayak/Library/Java/JavaVirtualMachines/openjdk-19.0.2/Contents/Home/lib/libinstrument.dylib
0x0000000104734000 	/Users/pranavsnayak/Library/Java/JavaVirtualMachines/openjdk-19.0.2/Contents/Home/lib/libzip.dylib
0x0000000104720000 	/Users/pranavsnayak/Library/Java/JavaVirtualMachines/openjdk-19.0.2/Contents/Home/lib/libdt_socket.dylib
0x0000000105270000 	/Users/pranavsnayak/Library/Java/JavaVirtualMachines/openjdk-19.0.2/Contents/Home/lib/libnio.dylib
0x0000000105290000 	/Users/pranavsnayak/Library/Java/JavaVirtualMachines/openjdk-19.0.2/Contents/Home/lib/libnet.dylib
0x00000001052b0000 	/Users/pranavsnayak/Library/Java/JavaVirtualMachines/openjdk-19.0.2/Contents/Home/lib/libverify.dylib
0x0000000105250000 	/Users/pranavsnayak/Library/Java/JavaVirtualMachines/openjdk-19.0.2/Contents/Home/lib/libmanagement.dylib
0x00000001052cc000 	/Users/pranavsnayak/Library/Java/JavaVirtualMachines/openjdk-19.0.2/Contents/Home/lib/libmanagement_ext.dylib
0x00000001052e0000 	/Users/pranavsnayak/Library/Java/JavaVirtualMachines/openjdk-19.0.2/Contents/Home/lib/libextnet.dylib
0x000000012ed00000 	/private/var/folders/d7/vp65tkvn5fz6yfvv7fxgsbsh0000gn/T/ortools-java13190592865384434438/ortools-darwin-aarch64/libjniortools.dylib
0x000000013b000000 	/private/var/folders/d7/vp65tkvn5fz6yfvv7fxgsbsh0000gn/T/ortools-java13190592865384434438/ortools-darwin-aarch64/libortools.9.dylib


VM Arguments:
jvm_args: -agentlib:jdwp=transport=dt_socket,address=127.0.0.1:50453,suspend=y,server=n -javaagent:/Users/pranavsnayak/Library/Caches/JetBrains/IdeaIC2022.3/captureAgent/debugger-agent.jar -Dfile.encoding=UTF-8 -Dsun.stdout.encoding=UTF-8 -Dsun.stderr.encoding=UTF-8 
java_command: com.gdn.tms.routing.RoutingApplication
java_class_path (initial): /Users/pranavsnayak/Documents/samples/routing/target/classes:/Users/pranavsnayak/.m2/repository/org/springframework/boot/spring-boot-starter-web/2.7.10/spring-boot-starter-web-2.7.10.jar:/Users/pranavsnayak/.m2/repository/org/springframework/boot/spring-boot-starter/2.7.10/spring-boot-starter-2.7.10.jar:/Users/pranavsnayak/.m2/repository/org/springframework/boot/spring-boot/2.7.10/spring-boot-2.7.10.jar:/Users/pranavsnayak/.m2/repository/org/springframework/boot/spring-boot-autoconfigure/2.7.10/spring-boot-autoconfigure-2.7.10.jar:/Users/pranavsnayak/.m2/repository/org/springframework/boot/spring-boot-starter-logging/2.7.10/spring-boot-starter-logging-2.7.10.jar:/Users/pranavsnayak/.m2/repository/ch/qos/logback/logback-classic/1.2.11/logback-classic-1.2.11.jar:/Users/pranavsnayak/.m2/repository/ch/qos/logback/logback-core/1.2.11/logback-core-1.2.11.jar:/Users/pranavsnayak/.m2/repository/org/apache/logging/log4j/log4j-to-slf4j/2.17.2/log4j-to-slf4j-2.17.2.jar:/Users/pranavsnayak/.m2/repository/org/apache/logging/log4j/log4j-api/2.17.2/log4j-api-2.17.2.jar:/Users/pranavsnayak/.m2/repository/org/slf4j/jul-to-slf4j/1.7.36/jul-to-slf4j-1.7.36.jar:/Users/pranavsnayak/.m2/repository/jakarta/annotation/jakarta.annotation-api/1.3.5/jakarta.annotation-api-1.3.5.jar:/Users/pranavsnayak/.m2/repository/org/yaml/snakeyaml/1.30/snakeyaml-1.30.jar:/Users/pranavsnayak/.m2/repository/org/springframework/boot/spring-boot-starter-json/2.7.10/spring-boot-starter-json-2.7.10.jar:/Users/pranavsnayak/.m2/repository/com/fasterxml/jackson/datatype/jackson-datatype-jdk8/2.13.5/jackson-datatype-jdk8-2.13.5.jar:/Users/pranavsnayak/.m2/repository/com/fasterxml/jackson/datatype/jackson-datatype-jsr310/2.13.5/jackson-datatype-jsr310-2.13.5.jar:/Users/pranavsnayak/.m2/repository/com/fasterxml/jackson/module/jackson-module-parameter-names/2.13.5/jackson-module-parameter-names-2.13.5.jar:/Users/pranavsnayak/.m2/repository/org/springframework/boot/spring-boot-starter-tomcat/2.7.10/spring-boot-starter-tomcat-2.7.10.jar:/Users/pranavsnayak/.m2/repository/org/apache/tomcat/embed/tomcat-embed-core/9.0.73/tomcat-embed-core-9.0.73.jar:/Users/pranavsnayak/.m2/repository/org/apache/tomcat/embed/tomcat-embed-el/9.0.73/tomcat-embed-el-9.0.73.jar:/Users/pranavsnayak/.m2/repository/org/apache/tomcat/embed/tomcat-embed-websocket/9.0.73/tomcat-embed-websocket-9.0.73.jar:/Users/pranavsnayak/.m2/repository/org/springframework/spring-web/5.3.26/spring-web-5.3.26.jar:/Users/pranavsnayak/.m2/repository/org/springframework/spring-beans/5.3.26/spring-beans-5.3.26.jar:/Users/pranavsnayak/.m2/repository/org/springframework/spring-webmvc/5.3.26/spring-webmvc-5.3.26.jar:/Users/pranavsnayak/.m2/repository/org/springframework/spring-aop/5.3.26/spring-aop-5.3.26.jar:/Users/pranavsnayak/.m2/repository/org/springframework/spring-context/5.3.26/spring-context-5.3.26.jar:/Users/pranavsnayak/.m2/repository/org/springframework/spring-expression/5.3.26/spring-expression-5.3.26.jar:/Users/pranavsnayak/.m2/repository/com/fasterxml/jackson/core/jackson-databind/2.15.2/jackson-databind-2.15.2.jar:/Users/pranavsnayak/.m2/repository/com/fasterxml/jackson/core/jackson-annotations/2.13.5/jackson-annotations-2.13.5.jar:/Users/pranavsnayak/.m2/repository/com/fasterxml/jackson/core/jackson-core/2.13.5/jackson-core-2.13.5.jar:/Users/pranavsnayak/.m2/repository/org/slf4j/slf4j-api/1.7.36/slf4j-api-1.7.36.jar:/Users/pranavsnayak/.m2/repository/org/springframework/spring-core/5.3.26/spring-core-5.3.26.jar:/Users/pranavsnayak/.m2/repository/org/springframework/spring-jcl/5.3.26/spring-jcl-5.3.26.jar:/Users/pranavsnayak/.m2/repository/com/google/ortools/ortools-java/9.6.2534/ortools-java-9.6.2534.jar:/Users/pranavsnayak/.m2/repository/com/google/ortools/ortools-linux-x86-64/9.6.2534/ortools-linux-x86-64-9.6.2534.jar:/Users/pranavsnayak/.m2/repository/com/google/ortools/ortools-darwin-x86-64/9.6.2534/ortools-darwin-x86-64-9.6.2534.jar:/Users/pranavsnayak/.m2/repository/com/google/ortools/ortools-win32-x86-64/9.6.2534/ortools-win32-x86-64-9.6.2534.jar:/Users/pranavsnayak/.m2/repository/com/google/ortools/ortools-linux-aarch64/9.6.2534/ortools-linux-aarch64-9.6.2534.jar:/Users/pranavsnayak/.m2/repository/com/google/ortools/ortools-darwin-aarch64/9.6.2534/ortools-darwin-aarch64-9.6.2534.jar:/Users/pranavsnayak/.m2/repository/net/java/dev/jna/jna-platform/5.12.1/jna-platform-5.12.1.jar:/Users/pranavsnayak/.m2/repository/net/java/dev/jna/jna/5.12.1/jna-5.12.1.jar:/Users/pranavsnayak/.m2/repository/com/google/protobuf/protobuf-java/3.21.12/protobuf-java-3.21.12.jar:/Users/pranavsnayak/.m2/repository/org/projectlombok/lombok/1.18.26/lombok-1.18.26.jar:/Applications/IntelliJ IDEA CE.app/Contents/lib/idea_rt.jar
Launcher Type: SUN_STANDARD

[Global flags]
     intx CICompilerCount                          = 4                                         {product} {ergonomic}
     uint ConcGCThreads                            = 2                                         {product} {ergonomic}
     uint G1ConcRefinementThreads                  = 8                                         {product} {ergonomic}
   size_t G1HeapRegionSize                         = 2097152                                   {product} {ergonomic}
    uintx GCDrainStackTargetSize                   = 64                                        {product} {ergonomic}
   size_t InitialHeapSize                          = 268435456                                 {product} {ergonomic}
   size_t MarkStackSize                            = 4194304                                   {product} {ergonomic}
   size_t MaxHeapSize                              = 4294967296                                {product} {ergonomic}
   size_t MaxNewSize                               = 2575302656                                {product} {ergonomic}
   size_t MinHeapDeltaBytes                        = 2097152                                   {product} {ergonomic}
   size_t MinHeapSize                              = 8388608                                   {product} {ergonomic}
    uintx NonNMethodCodeHeapSize                   = 5839564                                {pd product} {ergonomic}
    uintx NonProfiledCodeHeapSize                  = 122909338                              {pd product} {ergonomic}
    uintx ProfiledCodeHeapSize                     = 122909338                              {pd product} {ergonomic}
    uintx ReservedCodeCacheSize                    = 251658240                              {pd product} {ergonomic}
     bool SegmentedCodeCache                       = true                                      {product} {ergonomic}
   size_t SoftMaxHeapSize                          = 4294967296                             {manageable} {ergonomic}
     bool UseCompressedClassPointers               = true                           {product lp64_product} {ergonomic}
     bool UseCompressedOops                        = true                           {product lp64_product} {ergonomic}
     bool UseG1GC                                  = true                                      {product} {ergonomic}
     bool UseNUMA                                  = false                                     {product} {ergonomic}
     bool UseNUMAInterleaving