#
# A fatal error has been detected by the Java Runtime Environment:
#
#  SIGSEGV (0xb) at pc=0x0000000131564c5c, pid=40173, tid=6403
#
# JRE version: OpenJDK Runtime Environment (19.0.2+7) (build 19.0.2+7-44)
# Java VM: OpenJDK 64-Bit Server VM (19.0.2+7-44, mixed mode, sharing, tiered, compressed oops, compressed class ptrs, g1 gc, bsd-aarch64)
# Problematic frame:
# C  [libortools.9.dylib+0x1b0c5c]  _ZN19operations_research16DimensionChecker23AppendPathDemandsToSumsEi+0x18c
#
# No core dump will be written. Core dumps have been disabled. To enable core dumping, try "ulimit -c unlimited" before starting Java again
#
# If you would like to submit a bug report, please visit:
#   https://bugreport.java.com/bugreport/crash.jsp
# The crash happened outside the Java Virtual Machine in native code.
# See problematic frame for where to report the bug.
#

---------------  S U M M A R Y ------------

Command Line: -agentlib:jdwp=transport=dt_socket,address=127.0.0.1:56309,suspend=y,server=n -javaagent:/Users/pranavsnayak/Library/Caches/JetBrains/IdeaIC2022.3/captureAgent/debugger-agent.jar -Dfile.encoding=UTF-8 -Dsun.stdout.encoding=UTF-8 -Dsun.stderr.encoding=UTF-8 com.gdn.tms.routing.RoutingApplication

Host: "MacBookPro18,3" arm64, 8 cores, 16G, Darwin 21.4.0, macOS 12.3 (21E230)
Time: Thu Jul 13 10:49:46 2023 IST elapsed time: 2.501177 seconds (0d 0h 0m 2s)

---------------  T H R E A D  ---------------

Current thread (0x0000000159009e00):  JavaThread "main" [_thread_in_native, id=6403, stack(0x000000016b270000,0x000000016b473000)]

Stack: [0x000000016b270000,0x000000016b473000],  sp=0x000000016b471930,  free space=2054k
Native frames: (J=compiled Java code, j=interpreted, Vv=VM code, C=native code)
C  [libortools.9.dylib+0x1b0c5c]  _ZN19operations_research16DimensionChecker23AppendPathDemandsToSumsEi+0x18c
C  [libortools.9.dylib+0x1b09f4]  _ZN19operations_research16DimensionChecker6CommitEv+0x15c
C  [libortools.9.dylib+0x1b4c70]  _ZN19operations_research24LocalSearchFilterManager11SynchronizeEPKNS_10AssignmentES3_+0x120
C  [libortools.9.dylib+0x2ab124]  _ZN19operations_research23IntVarFilteredHeuristic8EvaluateEb+0x12c
C  [libortools.9.dylib+0x2b7b74]  _ZN19operations_research39LocalCheapestInsertionFilteredHeuristic21BuildSolutionInternalEv+0xa64
C  [libortools.9.dylib+0x2aae38]  _ZN19operations_research24RoutingFilteredHeuristic23BuildSolutionFromRoutesERKNSt3__18functionIFxxEEE+0x118
C  [libortools.9.dylib+0x296728]  _ZN19operations_research36FilteredHeuristicLocalSearchOperator25MakeChangesAndInsertNodesEv+0x8c
C  [libortools.9.dylib+0x296678]  _ZN19operations_research36FilteredHeuristicLocalSearchOperator15MakeOneNeighborEv+0x4c
C  [libortools.9.dylib+0x1a19e4]  _ZN19operations_research25IntVarLocalSearchOperator16MakeNextNeighborEPNS_10AssignmentES2_+0x1ac
C  [libortools.9.dylib+0x1b83f4]  _ZN19operations_research12_GLOBAL__N_116CompoundOperator16MakeNextNeighborEPNS_10AssignmentES3_+0x90
C  [libortools.9.dylib+0x1b83f4]  _ZN19operations_research12_GLOBAL__N_116CompoundOperator16MakeNextNeighborEPNS_10AssignmentES3_+0x90
C  [libortools.9.dylib+0x1b5344]  _ZN19operations_research15FindOneNeighbor4NextEPNS_6SolverE+0x1e4
C  [libortools.9.dylib+0x10a174]  _ZN19operations_research6Solver12NextSolutionEv+0x538
C  [libortools.9.dylib+0x10c570]  _ZN19operations_research6Solver14SolveAndCommitEPNS_15DecisionBuilderERKNSt3__16vectorIPNS_13SearchMonitorENS3_9allocatorIS6_EEEE+0x30
C  [libortools.9.dylib+0x1c8c78]  _ZN19operations_research12_GLOBAL__N_119NestedSolveDecision5ApplyEPNS_6SolverE+0x5c
C  [libortools.9.dylib+0x10a324]  _ZN19operations_research6Solver12NextSolutionEv+0x6e8
C  [libortools.9.dylib+0x108fd0]  _ZN19operations_research6Solver5SolveEPNS_15DecisionBuilderERKNSt3__16vectorIPNS_13SearchMonitorENS3_9allocatorIS6_EEEE+0x2c
C  [libortools.9.dylib+0x219a6c]  _ZN19operations_research12RoutingModel34SolveFromAssignmentsWithParametersERKNSt3__16vectorIPKNS_10AssignmentENS1_9allocatorIS5_EEEERKNS_23RoutingSearchParametersEPS8_+0xa0c
C  [libortools.9.dylib+0x218b4c]  _ZN19operations_research12RoutingModel19SolveWithParametersERKNS_23RoutingSearchParametersEPNSt3__16vectorIPKNS_10AssignmentENS4_9allocatorIS8_EEEE+0x50
C  [libjniortools.dylib+0x8d57c]  Java_com_google_ortools_constraintsolver_mainJNI_RoutingModel_1solveWithParameters+0x100
j  com.google.ortools.constraintsolver.mainJNI.RoutingModel_solveWithParameters(JLcom/google/ortools/constraintsolver/RoutingModel;[B)J+0
j  com.google.ortools.constraintsolver.RoutingModel.solveWithParameters(Lcom/google/ortools/constraintsolver/RoutingSearchParameters;)Lcom/google/ortools/constraintsolver/Assignment;+9
j  com.gdn.tms.routing.service.impl.algorithms.ortools.ORVRPMultiPickDeliveriesService.run(DDDJLjava/util/List;)Ljava/util/List;+315
j  com.gdn.tms.routing.RoutingApplication.run([Ljava/lang/String;)V+129
j  org.springframework.boot.SpringApplication.callRunner(Lorg/springframework/boot/CommandLineRunner;Lorg/springframework/boot/ApplicationArguments;)V+7
j  org.springframework.boot.SpringApplication.callRunners(Lorg/springframework/context/ApplicationContext;Lorg/springframework/boot/ApplicationArguments;)V+119
j  org.springframework.boot.SpringApplication.run([Ljava/lang/String;)Lorg/springframework/context/ConfigurableApplicationContext;+169
j  org.springframework.boot.SpringApplication.run([Ljava/lang/Class;[Ljava/lang/String;)Lorg/springframework/context/ConfigurableApplicationContext;+9
j  org.springframework.boot.SpringApplication.run(Ljava/lang/Class;[Ljava/lang/String;)Lorg/springframework/context/ConfigurableApplicationContext;+9
j  com.gdn.tms.routing.RoutingApplication.main([Ljava/lang/String;)V+3
v  ~StubRoutines::call_stub 0x00000001162dc140
V  [libjvm.dylib+0x4e4320]  _ZN9JavaCalls11call_helperEP9JavaValueRK12methodHandleP17JavaCallArgumentsP10JavaThread+0x38c
V  [libjvm.dylib+0x54b0f0]  _ZL17jni_invoke_staticP7JNIEnv_P9JavaValueP8_jobject11JNICallTypeP10_jmethodIDP18JNI_ArgumentPusherP10JavaThread+0x12c
V  [libjvm.dylib+0x54e444]  jni_CallStaticVoidMethod+0x118
C  [libjli.dylib+0x9978]  JavaMain+0x9d4
C  [libjli.dylib+0xbce4]  ThreadJavaMain+0xc
C  [libsystem_pthread.dylib+0x726c]  _pthread_start+0x94

Java frames: (J=compiled Java code, j=interpreted, Vv=VM code)
j  com.google.ortools.constraintsolver.mainJNI.RoutingModel_solveWithParameters(JLcom/google/ortools/constraintsolver/RoutingModel;[B)J+0
j  com.google.ortools.constraintsolver.RoutingModel.solveWithParameters(Lcom/google/ortools/constraintsolver/RoutingSearchParameters;)Lcom/google/ortools/constraintsolver/Assignment;+9
j  com.gdn.tms.routing.service.impl.algorithms.ortools.ORVRPMultiPickDeliveriesService.run(DDDJLjava/util/List;)Ljava/util/List;+315
j  com.gdn.tms.routing.RoutingApplication.run([Ljava/lang/String;)V+129
j  org.springframework.boot.SpringApplication.callRunner(Lorg/springframework/boot/CommandLineRunner;Lorg/springframework/boot/ApplicationArguments;)V+7
j  org.springframework.boot.SpringApplication.callRunners(Lorg/springframework/context/ApplicationContext;Lorg/springframework/boot/ApplicationArguments;)V+119
j  org.springframework.boot.SpringApplication.run([Ljava/lang/String;)Lorg/springframework/context/ConfigurableApplicationContext;+169
j  org.springframework.boot.SpringApplication.run([Ljava/lang/Class;[Ljava/lang/String;)Lorg/springframework/context/ConfigurableApplicationContext;+9
j  org.springframework.boot.SpringApplication.run(Ljava/lang/Class;[Ljava/lang/String;)Lorg/springframework/context/ConfigurableApplicationContext;+9
j  com.gdn.tms.routing.RoutingApplication.main([Ljava/lang/String;)V+3
v  ~StubRoutines::call_stub 0x00000001162dc140

siginfo: si_signo: 11 (SIGSEGV), si_code: 2 (SEGV_ACCERR), si_addr: 0x00006000532385f0

Registers:
 x0=0x0000000000000000  x1=0x0000000000000000  x2=0x000000000000000b  x3=0x000000012abb6830
 x4=0x0000000116329f00  x5=0x000000016b471718  x6=0x0000000100000003  x7=0x0000000159009e00
 x8=0x00006000012700f0  x9=0x0000000000000000 x10=0x0000000000000000 x11=0x0000000000000000
x12=0x0000000000000000 x13=0x0000000000000000 x14=0x0000000000000046 x15=0x00000000ffff7dff
x16=0x00000001b1792f5c x17=0x00006000032c4400 x18=0x0000000000000000 x19=0x00006000023ee490
x20=0x0000000000000000 x21=0x0000000000000046 x22=0x0000000000000000 x23=0x00006000029d3020
x24=0x0000000000000051 x25=0x7fffffffffffffff x26=0x0000000000000000 x27=0x0000000000000046
x28=0x00000000147f2140  fp=0x000000016b4719f0  lr=0x0000000131564bfc  sp=0x000000016b471930
pc=0x0000000131564c5c cpsr=0x0000000040001000

Register to memory mapping:

 x0=0x0 is NULL
 x1=0x0 is NULL
 x2=0x000000000000000b is an unknown value
 x3={method} {0x000000012abb6830} 'applyAsLong' '(J)J' in 'com/gdn/tms/routing/service/impl/constraints/CapacityConstraint$$Lambda$686+0x00000008013bcbe0'
 x4=0x0000000116329f00 is at code_begin+0 in an AdapterHandler
Adapter for signature: 0x0000000116329f00 is at code_begin+0 in 
[CodeBlob (0x0000000116329e90)]
Framesize: 0
BufferBlob (0x0000000116329e90) used for I2C/C2I adapters
 x5=0x000000016b471718 is pointing into the stack for thread: 0x0000000159009e00
 x6=0x0000000100000003 is an unknown value
 x7=0x0000000159009e00 is a thread
 x8=0x00006000012700f0 points into unknown readable memory: 0x0000003d00000050 | 50 00 00 00 3d 00 00 00
 x9=0x0 is NULL
x10=0x0 is NULL
x11=0x0 is NULL
x12=0x0 is NULL
x13=0x0 is NULL
x14=0x0000000000000046 is an unknown value
x15=0x00000000ffff7dff is an unknown value
x16=0x00000001b1792f5c: pthread_jit_write_protect_np+0 in /usr/lib/system/libsystem_pthread.dylib at 0x00000001b178b000
x17=0x00006000032c4400 points into unknown readable memory: 0x00000000ffffffff | ff ff ff ff 00 00 00 00
x18=0x0 is NULL
x19=0x00006000023ee490 points into unknown readable memory: 0x00006000029e3240 | 40 32 9e 02 00 60 00 00
x20=0x0 is NULL
x21=0x0000000000000046 is an unknown value
x22=0x0 is NULL
x23=0x00006000029d3020 points into unknown readable memory: 0x0000001500000017 | 17 00 00 00 15 00 00 00
x24=0x0000000000000051 is an unknown value
x25=0x7fffffffffffffff: _dyld_private+0xfb3dbfaf in /Users/pranavsnayak/Library/Java/JavaVirtualMachines/openjdk-19.0.2/Contents/Home/bin/java at 0x0000000104c1c000
x26=0x0 is NULL
x27=0x0000000000000046 is an unknown value
x28=0x00000000147f2140 is an unknown value


Top of Stack: (sp=0x000000016b471930)
0x000000016b471930:   0000000000000000 0000000147f22140
0x000000016b471940:   0000000000000000 00006000023ee490
0x000000016b471950:   00006000029d3058 0000000147f221e8
0x000000016b471960:   0000000000000050 00006000029d3020
0x000000016b471970:   00000000147f2140 0000000147f22340
0x000000016b471980:   0000000000000000 0000000000000046
0x000000016b471990:   00000000147f2140 0000000000000000
0x000000016b4719a0:   0000000000000000 0000600001f053c0
0x000000016b4719b0:   0000000000000000 7fffffffffffffff
0x000000016b4719c0:   00006000032b8480 00006000032b84d0
0x000000016b4719d0:   0000600001f051c4 0000600001f051c8
0x000000016b4719e0:   0000000000000027 00006000023ee490
0x000000016b4719f0:   000000016b471a20 00000001315649f4
0x000000016b471a00:   0000600001270120 00006000006e7c80
0x000000016b471a10:   00006000023eec10 00006000023eed00
0x000000016b471a20:   000000016b471a80 0000000131568c70
0x000000016b471a30:   0000000000000000 0000600001f053c0
0x000000016b471a40:   0000000000006000 0000000137f5dc88
0x000000016b471a50:   0000600001f053c8 0000000000000108
0x000000016b471a60:   00000000000000c0 0000000000000108
0x000000016b471a70:   00006000023eed00 0000000137f5dad0
0x000000016b471a80:   000000016b471ad0 000000013165f124
0x000000016b471a90:   0000000000006000 0000000137f5dc88
0x000000016b471aa0:   0000600001f053c8 0000000000000108
0x000000016b471ab0:   00000000000000c0 0000000000000108
0x000000016b471ac0:   0000000000000008 0000000137f5dad0
0x000000016b471ad0:   000000016b471c10 000000013166bb74
0x000000016b471ae0:   0000000137f5dc88 00006000029e3240
0x000000016b471af0:   000000016b471b38 00006000006f9bb0
0x000000016b471b00:   0000000000000000 0000000000000000
0x000000016b471b10:   0000000000000000 0000000132751950
0x000000016b471b20:   0000600001f04e10 0000600001f04e10 

Instructions: (pc=0x0000000131564c5c)
0x0000000131564b5c:   f90017e9 b98002e9 a9002fef 8b090d6b
0x0000000131564b6c:   a94025aa cb0a0129 d345fd38 d37df1e9
0x0000000131564b7c:   b8696908 92f00019 14000006 11000718
0x0000000131564b8c:   f94023e8 f94013e9 eb0902ff 54001c80
0x0000000131564b9c:   b9400169 93407d3c a9042fe9 6b09011f
0x0000000131564bac:   540000e1 d280000b d280000c d2800009
0x0000000131564bbc:   d280000a 93407d14 14000015 f9401e69
0x0000000131564bcc:   93407d14 f81a83b4 f90033fc f9400be8
0x0000000131564bdc:   8b081528 f9400d00 b4001ca0 f9400008
0x0000000131564bec:   f9401908 d10163a1 910183e2 d63f0100
0x0000000131564bfc:   d2f00008 eb08001f 9a8003ea 1a9f17e9
0x0000000131564c0c:   eb19003f 9a8103ec 1a9f17eb 8b5bff28
0x0000000131564c1c:   ab0a036d 9a8d611b 8b5aff28 ab09034d
0x0000000131564c2c:   9a8d611a 8b55ff28 ab0c02ad 9a8d610e
0x0000000131564c3c:   8b56ff28 ab0b02cd 9a8d610d f9402a68
0x0000000131564c4c:   8b141508 a900250a a9012d0c f9404268
0x0000000131564c5c:   b83c7918 f9404e74 a940a688 eb09011f
0x0000000131564c6c:   a9053bed a9035ff8 540000c0 a900691b
0x0000000131564c7c:   a901350e 91008108 f9000688 14000026
0x0000000131564c8c:   f9400295 cb150116 9345fed9 91000728
0x0000000131564c9c:   d37bfd09 b5001669 9344fec9 eb08013f
0x0000000131564cac:   9a893108 92ff8009 eb09033f 92ff0009
0x0000000131564cbc:   9a893108 d37bfd09 b5001589 d37be917
0x0000000131564ccc:   aa1703e0 943ea5b4 aa0003f8 8b191419
0x0000000131564cdc:   a9006b3b a94527e8 a9012329 f10006df
0x0000000131564cec:   540000ab aa1803e0 aa1503e1 aa1603e2
0x0000000131564cfc:   943ea6d8 8b170308 91008329 a9002698
0x0000000131564d0c:   f9000a88 92f00019 b4000075 aa1503e0
0x0000000131564d1c:   943ea59b f9405a74 f9403668 8b1c1518
0x0000000131564d2c:   a940a688 eb09011f 540000a0 ad400700
0x0000000131564d3c:   ac810500 f9000688 1400002a f9400295
0x0000000131564d4c:   cb150116 9345fed9 91000728 d37bfd09 


Stack slot to memory mapping:
stack at sp + 0 slots: 0x0 is NULL
stack at sp + 1 slots: 0x0000000147f22140 points into unknown readable memory: 0x0000000000000000 | 00 00 00 00 00 00 00 00
stack at sp + 2 slots: 0x0 is NULL
stack at sp + 3 slots: 0x00006000023ee490 points into unknown readable memory: 0x00006000029e3240 | 40 32 9e 02 00 60 00 00
stack at sp + 4 slots: 0x00006000029d3058 points into unknown readable memory: 0x0000000000000000 | 00 00 00 00 00 00 00 00
stack at sp + 5 slots: 0x0000000147f221e8 points into unknown readable memory: 0x0000000100000009 | 09 00 00 00 01 00 00 00
stack at sp + 6 slots: 0x0000000000000050 is an unknown value
stack at sp + 7 slots: 0x00006000029d3020 points into unknown readable memory: 0x0000001500000017 | 17 00 00 00 15 00 00 00


---------------  P R O C E S S  ---------------

Threads class SMR info:
_java_thread_list=0x0000600001d281c0, length=30, elements={
0x0000000159009e00, 0x000000014100e600, 0x000000014100ec00, 0x000000014100b400,
0x0000000140008c00, 0x0000000140009200, 0x0000000140009800, 0x0000000140009e00,
0x000000015880e600, 0x000000014100c400, 0x000000014000d400, 0x00000001580a3400,
0x0000000150014800, 0x0000000141013c00, 0x0000000140180600, 0x000000015930f200,
0x000000014017c200, 0x0000000159310c00, 0x0000000159315c00, 0x0000000159311200,
0x0000000140343000, 0x00000001588ff200, 0x0000000158908200, 0x0000000159311800,
0x0000000159311e00, 0x000000014000bc00, 0x000000014000c200, 0x0000000159312400,
0x00000001592a5000, 0x0000000140369200
}

Java Threads: ( => current thread )
=>0x0000000159009e00 JavaThread "main" [_thread_in_native, id=6403, stack(0x000000016b270000,0x000000016b473000)]
  0x000000014100e600 JavaThread "Reference Handler" daemon [_thread_blocked, id=22531, stack(0x000000016c1dc000,0x000000016c3df000)]
  0x000000014100ec00 JavaThread "Finalizer" daemon [_thread_blocked, id=43011, stack(0x000000016c3e8000,0x000000016c5eb000)]
  0x000000014100b400 JavaThread "Signal Dispatcher" daemon [_thread_blocked, id=23043, stack(0x000000016c5f4000,0x000000016c7f7000)]
  0x0000000140008c00 JavaThread "Service Thread" daemon [_thread_blocked, id=42499, stack(0x000000016c800000,0x000000016ca03000)]
  0x0000000140009200 JavaThread "Monitor Deflation Thread" daemon [_thread_blocked, id=23299, stack(0x000000016ca0c000,0x000000016cc0f000)]
  0x0000000140009800 JavaThread "C2 CompilerThread0" daemon [_thread_blocked, id=41731, stack(0x000000016cc18000,0x000000016ce1b000)]
  0x0000000140009e00 JavaThread "C1 CompilerThread0" daemon [_thread_blocked, id=23555, stack(0x000000016ce24000,0x000000016d027000)]
  0x000000015880e600 JavaThread "Sweeper thread" daemon [_thread_blocked, id=40963, stack(0x000000016d030000,0x000000016d233000)]
  0x000000014100c400 JavaThread "Common-Cleaner" daemon [_thread_blocked, id=40451, stack(0x000000016d23c000,0x000000016d43f000)]
  0x000000014000d400 JavaThread "JDWP Transport Listener: dt_socket" daemon [_thread_blocked, id=23815, stack(0x000000016d448000,0x000000016d64b000)]
  0x00000001580a3400 JavaThread "JDWP Event Helper Thread" daemon [_thread_blocked, id=39683, stack(0x000000016d654000,0x000000016d857000)]
  0x0000000150014800 JavaThread "JDWP Command Reader" daemon [_thread_in_native, id=39427, stack(0x000000016d860000,0x000000016da63000)]
  0x0000000141013c00 JavaThread "Notification Thread" daemon [_thread_blocked, id=39171, stack(0x000000016da6c000,0x000000016dc6f000)]
  0x0000000140180600 JavaThread "Catalina-utility-1" [_thread_blocked, id=26371, stack(0x000000016eee4000,0x000000016f0e7000)]
  0x000000015930f200 JavaThread "Catalina-utility-2" [_thread_blocked, id=35843, stack(0x000000016f0f0000,0x000000016f2f3000)]
  0x000000014017c200 JavaThread "container-0" [_thread_blocked, id=26883, stack(0x000000016f2fc000,0x000000016f4ff000)]
  0x0000000159310c00 JavaThread "http-nio-8080-exec-1" daemon [_thread_blocked, id=35331, stack(0x000000016f508000,0x000000016f70b000)]
  0x0000000159315c00 JavaThread "http-nio-8080-exec-2" daemon [_thread_blocked, id=35075, stack(0x000000016f714000,0x000000016f917000)]
  0x0000000159311200 JavaThread "http-nio-8080-exec-3" daemon [_thread_blocked, id=27651, stack(0x000000016f920000,0x000000016fb23000)]
  0x0000000140343000 JavaThread "http-nio-8080-exec-4" daemon [_thread_blocked, id=34307, stack(0x000000016fb2c000,0x000000016fd2f000)]
  0x00000001588ff200 JavaThread "http-nio-8080-exec-5" daemon [_thread_blocked, id=27907, stack(0x000000016fd38000,0x000000016ff3b000)]
  0x0000000158908200 JavaThread "http-nio-8080-exec-6" daemon [_thread_blocked, id=28419, stack(0x00000002a0004000,0x00000002a0207000)]
  0x0000000159311800 JavaThread "http-nio-8080-exec-7" daemon [_thread_blocked, id=33795, stack(0x00000002a0210000,0x00000002a0413000)]
  0x0000000159311e00 JavaThread "http-nio-8080-exec-8" daemon [_thread_blocked, id=28931, stack(0x00000002a041c000,0x00000002a061f000)]
  0x000000014000bc00 JavaThread "http-nio-8080-exec-9" daemon [_thread_blocked, id=33027, stack(0x00000002a0628000,0x00000002a082b000)]
  0x000000014000c200 JavaThread "http-nio-8080-exec-10" daemon [_thread_blocked, id=29187, stack(0x00000002a0834000,0x00000002a0a37000)]
  0x0000000159312400 JavaThread "http-nio-8080-Poller" daemon [_thread_in_native, id=32515, stack(0x00000002a0a40000,0x00000002a0c43000)]
  0x00000001592a5000 JavaThread "http-nio-8080-Acceptor" daemon [_thread_in_native, id=32003, stack(0x00000002a0c4c000,0x00000002a0e4f000)]
  0x0000000140369200 JavaThread "Keep-Alive-Timer" daemon [_thread_blocked, id=31491, stack(0x00000002a0e58000,0x00000002a105b000)]

Other Threads:
  0x0000000147e0c750 VMThread "VM Thread" [stack: 0x000000016beb8000,0x000000016c0bb000] [id=17667]
  0x0000000137e0f0e0 WatcherThread "VM Periodic Task Thread" [stack: 0x000000016dc78000,0x000000016de7b000] [id=24835]
  0x0000000147e07370 WorkerThread "GC Thread#0" [stack: 0x000000016b47c000,0x000000016b67f000] [id=20483]
  0x0000000137e14e70 WorkerThread "GC Thread#1" [stack: 0x000000016de84000,0x000000016e087000] [id=38659]
  0x0000000137e153a0 WorkerThread "GC Thread#2" [stack: 0x000000016e090000,0x000000016e293000] [id=25091]
  0x0000000137e15840 WorkerThread "GC Thread#3" [stack: 0x000000016e29c000,0x000000016e49f000] [id=38147]
  0x0000000137e15ce0 WorkerThread "GC Thread#4" [stack: 0x000000016e4a8000,0x000000016e6ab000] [id=37635]
  0x0000000137e16570 WorkerThread "GC Thread#5" [stack: 0x000000016e6b4000,0x000000016e8b7000] [id=37123]
  0x0000000157e2d1d0 WorkerThread "GC Thread#6" [stack: 0x000000016e8c0000,0x000000016eac3000] [id=36611]
  0x0000000157e2da60 WorkerThread "GC Thread#7" [stack: 0x000000016eacc000,0x000000016eccf000] [id=25859]
  0x0000000147e07a40 ConcurrentGCThread "G1 Main Marker" [stack: 0x000000016b688000,0x000000016b88b000] [id=12803]
  0x0000000147e082e0 WorkerThread "G1 Conc#0" [stack: 0x000000016b894000,0x000000016ba97000] [id=19715]
  0x0000000157e4f020 WorkerThread "G1 Conc#1" [stack: 0x000000016ecd8000,0x000000016eedb000] [id=26123]
  0x0000000147e0a170 ConcurrentGCThread "G1 Refine#0" [stack: 0x000000016baa0000,0x000000016bca3000] [id=18947]
  0x0000000147e0aaa0 ConcurrentGCThread "G1 Service" [stack: 0x000000016bcac000,0x000000016beaf000] [id=13827]

Threads with active compile tasks:

VM state: not at safepoint (normal execution)

VM Mutex/Monitor currently owned by a thread: None

Heap address: 0x0000000700000000, size: 4096 MB, Compressed Oops mode: Zero based, Oop shift amount: 3

CDS archive(s) mapped at: [0x0000000800000000-0x0000000800c44000-0x0000000800c44000), size 12861440, SharedBaseAddress: 0x0000000800000000, ArchiveRelocationMode: 0.
Compressed class space mapped at: 0x0000000801000000-0x0000000841000000, reserved size: 1073741824
Narrow klass base: 0x0000000800000000, Narrow klass shift: 0, Narrow klass range: 0x100000000

GC Precious Log:
 CardTable entry size: 512
 Card Set container configuration: InlinePtr #cards 4 size 8 Array Of Cards #cards 16 size 48 Howl #buckets 8 coarsen threshold 3686 Howl Bitmap #cards 512 size 80 coarsen threshold 460 Card regions per heap region 1 cards per card region 4096
 CPUs: 8 total, 8 available
 Memory: 16384M
 Large Page Support: Disabled
 NUMA Support: Disabled
 Compressed Oops: Enabled (Zero based)
 Heap Region Size: 2M
 Heap Min Capacity: 8M
 Heap Initial Capacity: 256M
 Heap Max Capacity: 4G
 Pre-touch: Disabled
 Parallel Workers: 8
 Concurrent Workers: 2
 Concurrent Refinement Workers: 8
 Periodic GC: Disabled

Heap:
 garbage-first heap   total 75776K, used 24049K [0x0000000700000000, 0x0000000800000000)
  region size 2048K, 7 young (14336K), 1 survivors (2048K)
 Metaspace       used 33224K, committed 33600K, reserved 1114112K
  class space    used 3784K, committed 3968K, reserved 1048576K

Heap Regions: E=young(eden), S=young(survivor), O=old, HS=humongous(starts), HC=humongous(continues), CS=collection set, F=free, OA=open archive, CA=closed archive, TAMS=top-at-mark-start (previous, next)
|   0|0x0000000700000000, 0x0000000700000000, 0x0000000700200000|  0%| F|  |TAMS 0x0000000700000000, 0x0000000700000000| Untracked 
|   1|0x0000000700200000, 0x0000000700400000, 0x0000000700400000|100%| O|  |TAMS 0x0000000700200000, 0x0000000700200000| Untracked 
|   2|0x0000000700400000, 0x0000000700600000, 0x0000000700600000|100%| O|  |TAMS 0x0000000700400000, 0x0000000700400000| Untracked 
|   3|0x0000000700600000, 0x0000000700800000, 0x0000000700800000|100%| O|  |TAMS 0x0000000700600000, 0x0000000700600000| Untracked 
|   4|0x0000000700800000, 0x0000000700841400, 0x0000000700a00000| 12%| O|  |TAMS 0x0000000700800000, 0x0000000700800000| Untracked 
|   5|0x0000000700a00000, 0x0000000700a00000, 0x0000000700c00000|  0%| F|  |TAMS 0x0000000700a00000, 0x0000000700a00000| Untracked 
|   6|0x0000000700c00000, 0x0000000700c00000, 0x0000000700e00000|  0%| F|  |TAMS 0x0000000700c00000, 0x0000000700c00000| Untracked 
|   7|0x0000000700e00000, 0x0000000700e00000, 0x0000000701000000|  0%| F|  |TAMS 0x0000000700e00000, 0x0000000700e00000| Untracked 
|   8|0x0000000701000000, 0x0000000701000000, 0x0000000701200000|  0%| F|  |TAMS 0x0000000701000000, 0x0000000701000000| Untracked 
|   9|0x0000000701200000, 0x0000000701200000, 0x0000000701400000|  0%| F|  |TAMS 0x0000000701200000, 0x0000000701200000| Untracked 
|  10|0x0000000701400000, 0x0000000701400000, 0x0000000701600000|  0%| F|  |TAMS 0x0000000701400000, 0x0000000701400000| Untracked 
|  11|0x0000000701600000, 0x0000000701600000, 0x0000000701800000|  0%| F|  |TAMS 0x0000000701600000, 0x0000000701600000| Untracked 
|  12|0x0000000701800000, 0x0000000701800000, 0x0000000701a00000|  0%| F|  |TAMS 0x0000000701800000, 0x0000000701800000| Untracked 
|  13|0x0000000701a00000, 0x0000000701a00000, 0x0000000701c00000|  0%| F|  |TAMS 0x0000000701a00000, 0x0000000701a00000| Untracked 
|  14|0x0000000701c00000, 0x0000000701c00000, 0x0000000701e00000|  0%| F|  |TAMS 0x0000000701c00000, 0x0000000701c00000| Untracked 
|  15|0x0000000701e00000, 0x0000000701e00000, 0x0000000702000000|  0%| F|  |TAMS 0x0000000701e00000, 0x0000000701e00000| Untracked 
|  16|0x0000000702000000, 0x0000000702000000, 0x0000000702200000|  0%| F|  |TAMS 0x0000000702000000, 0x0000000702000000| Untracked 
|  17|0x0000000702200000, 0x0000000702200000, 0x0000000702400000|  0%| F|  |TAMS 0x0000000702200000, 0x0000000702200000| Untracked 
|  18|0x0000000702400000, 0x0000000702400000, 0x0000000702600000|  0%| F|  |TAMS 0x0000000702400000, 0x0000000702400000| Untracked 
|  19|0x0000000702600000, 0x0000000702600000, 0x0000000702800000|  0%| F|  |TAMS 0x0000000702600000, 0x0000000702600000| Untracked 
|  20|0x0000000702800000, 0x0000000702800000, 0x0000000702a00000|  0%| F|  |TAMS 0x0000000702800000, 0x0000000702800000| Untracked 
|  21|0x0000000702a00000, 0x0000000702a00000, 0x0000000702c00000|  0%| F|  |TAMS 0x0000000702a00000, 0x0000000702a00000| Untracked 
|  22|0x0000000702c00000, 0x0000000702c00000, 0x0000000702e00000|  0%| F|  |TAMS 0x0000000702c00000, 0x0000000702c00000| Untracked 
|  23|0x0000000702e00000, 0x0000000702e00000, 0x0000000703000000|  0%| F|  |TAMS 0x0000000702e00000, 0x0000000702e00000| Untracked 
|  24|0x0000000703000000, 0x0000000703000000, 0x0000000703200000|  0%| F|  |TAMS 0x0000000703000000, 0x0000000703000000| Untracked 
|  25|0x0000000703200000, 0x00000007032d08e0, 0x0000000703400000| 40%| E|  |TAMS 0x0000000703200000, 0x0000000703200000| Complete 
| 106|0x000000070d400000, 0x000000070d600000, 0x000000070d600000|100%| E|CS|TAMS 0x000000070d400000, 0x000000070d400000| Complete 
| 107|0x000000070d600000, 0x000000070d800000, 0x000000070d800000|100%| E|  |TAMS 0x000000070d600000, 0x000000070d600000| Complete 
| 108|0x000000070d800000, 0x000000070da00000, 0x000000070da00000|100%| E|CS|TAMS 0x000000070d800000, 0x000000070d800000| Complete 
| 109|0x000000070da00000, 0x000000070dc00000, 0x000000070dc00000|100%| E|CS|TAMS 0x000000070da00000, 0x000000070da00000| Complete 
| 110|0x000000070dc00000, 0x000000070dd433c0, 0x000000070de00000| 63%| S|CS|TAMS 0x000000070dc00000, 0x000000070dc00000| Complete 
| 127|0x000000070fe00000, 0x0000000710000000, 0x0000000710000000|100%| E|CS|TAMS 0x000000070fe00000, 0x000000070fe00000| Complete 
|2043|0x00000007ff600000, 0x00000007ff800000, 0x00000007ff800000|100%| O|  |TAMS 0x00000007ff600000, 0x00000007ff600000| Untracked 
|2044|0x00000007ff800000, 0x00000007ffa00000, 0x00000007ffa00000|100%| O|  |TAMS 0x00000007ff800000, 0x00000007ff800000| Untracked 
|2045|0x00000007ffa00000, 0x00000007ffc00000, 0x00000007ffc00000|100%| O|  |TAMS 0x00000007ffa00000, 0x00000007ffa00000| Untracked 
|2046|0x00000007ffc00000, 0x00000007ffd78000, 0x00000007ffe00000| 73%|OA|  |TAMS 0x00000007ffd78000, 0x00000007ffc00000| Untracked 
|2047|0x00000007ffe00000, 0x00000007ffe80000, 0x0000000800000000| 25%|CA|  |TAMS 0x00000007ffe00000, 0x00000007ffe00000| Untracked 

Card table byte_map: [0x000000011dda8000,0x000000011e5a8000] _byte_map_base: 0x000000011a5a8000

Marking Bits (Prev, Next): (CMBitMap*) 0x0000000159017e50, (CMBitMap*) 0x0000000159017e10
 Prev Bits: [0x0000000122da8000, 0x0000000126da8000)
 Next Bits: [0x000000011eda8000, 0x0000000122da8000)

Polling page: 0x0000000104e5c000

Metaspace:

Usage:
  Non-class:     28.75 MB used.
      Class:      3.70 MB used.
       Both:     32.45 MB used.

Virtual space:
  Non-class space:       64.00 MB reserved,      28.94 MB ( 45%) committed,  1 nodes.
      Class space:        1.00 GB reserved,       3.88 MB ( <1%) committed,  1 nodes.
             Both:        1.06 GB reserved,      32.81 MB (  3%) committed. 

Chunk freelists:
   Non-Class:  2.52 MB
       Class:  159.00 KB
        Both:  2.67 MB

MaxMetaspaceSize: unlimited
CompressedClassSpaceSize: 1.00 GB
Initial GC threshold: 21.00 MB
Current GC threshold: 35.25 MB
CDS: on
MetaspaceReclaimPolicy: balanced
 - commit_granule_bytes: 65536.
 - commit_granule_words: 8192.
 - virtual_space_node_default_size: 8388608.
 - enlarge_chunks_in_place: 1.
 - new_chunks_are_fully_committed: 0.
 - uncommit_free_chunks: 1.
 - use_allocation_guard: 0.


Internal statistics:

num_allocs_failed_limit: 3.
num_arena_births: 466.
num_arena_deaths: 0.
num_vsnodes_births: 2.
num_vsnodes_deaths: 0.
num_space_committed: 525.
num_space_uncommitted: 0.
num_chunks_returned_to_freelist: 3.
num_chunks_taken_from_freelist: 1550.
num_chunk_merges: 0.
num_chunk_splits: 1097.
num_chunks_enlarged: 882.
num_inconsistent_stats: 0.

CodeHeap 'non-profiled nmethods': size=120032Kb used=1664Kb max_used=1664Kb free=118367Kb
 bounds [0x0000000116870000, 0x0000000116ae0000, 0x000000011dda8000]
CodeHeap 'profiled nmethods': size=120016Kb used=8568Kb max_used=8568Kb free=111447Kb
 bounds [0x000000010eda8000, 0x000000010f608000, 0x00000001162dc000]
CodeHeap 'non-nmethods': size=5712Kb used=1399Kb max_used=1434Kb free=4312Kb
 bounds [0x00000001162dc000, 0x000000011654c000, 0x0000000116870000]
 total_blobs=4428 nmethods=3752 adapters=590
 compilation: enabled
              stopped_count=0, restarted_count=0
 full_count=0

Compilation events (20 events):
Event: 2.493 Thread 0x0000000140009e00 nmethod 3896 0x000000010f604790 code [0x000000010f604940, 0x000000010f604b38]
Event: 2.494 Thread 0x0000000140009e00 3897       1       java.lang.Long::longValue (5 bytes)
Event: 2.494 Thread 0x0000000140009e00 nmethod 3897 0x0000000116a0ca90 code [0x0000000116a0cc40, 0x0000000116a0ccd8]
Event: 2.494 Thread 0x0000000140009e00 3898       1       com.gdn.tms.routing.pojo.ORRoutingContext::getManager (5 bytes)
Event: 2.494 Thread 0x0000000140009e00 nmethod 3898 0x0000000116a0cd90 code [0x0000000116a0cf40, 0x0000000116a0cfd8]
Event: 2.494 Thread 0x0000000140009e00 3899       3       com.gdn.tms.routing.service.impl.constraints.ortools.PackageCountConstraint$$Lambda$690/0x00000008013bd240::applyAsLong (5 bytes)
Event: 2.494 Thread 0x0000000140009e00 nmethod 3899 0x000000010f604d10 code [0x000000010f604ec0, 0x000000010f605098]
Event: 2.494 Thread 0x0000000140009e00 3900       3       com.gdn.tms.routing.service.impl.constraints.ortools.PackageCountConstraint::lambda$addConstraint$0 (10 bytes)
Event: 2.494 Thread 0x0000000140009e00 nmethod 3900 0x000000010f605190 code [0x000000010f605340, 0x000000010f605458]
Event: 2.495 Thread 0x0000000140009e00 3902       3       com.gdn.tms.routing.service.impl.constraints.ortools.CapacityConstraint$$Lambda$686/0x00000008013bcbe0::applyAsLong (13 bytes)
Event: 2.495 Thread 0x0000000140009e00 nmethod 3902 0x000000010f605510 code [0x000000010f605700, 0x000000010f605988]
Event: 2.495 Thread 0x0000000140009e00 3903       3       com.gdn.tms.routing.service.impl.constraints.ortools.CapacityConstraint::lambda$addConstraint$2 (18 bytes)
Event: 2.495 Thread 0x0000000140009e00 nmethod 3903 0x000000010f605b90 code [0x000000010f605d40, 0x000000010f605f08]
Event: 2.495 Thread 0x0000000140009800 nmethod 3890 0x0000000116a0d090 code [0x0000000116a0d380, 0x0000000116a0e760]
Event: 2.495 Thread 0x0000000140009800 3901       4       com.google.ortools.constraintsolver.RoutingIndexManager::indexToNode (10 bytes)
Event: 2.495 Thread 0x0000000140009800 nmethod 3901 0x0000000116a0f310 code [0x0000000116a0f4c0, 0x0000000116a0f580]
Event: 2.496 Thread 0x0000000140009800 3904       4       com.gdn.tms.routing.service.impl.algorithms.ortools.ORVRPMultiPickDeliveriesService$$Lambda$683/0x00000008013bc5a0::applyAsLong (14 bytes)
Event: 2.497 Thread 0x0000000140009800 nmethod 3904 0x0000000116a0f610 code [0x0000000116a0f800, 0x0000000116a0fa40]
Event: 2.497 Thread 0x0000000140009800 3905       4       com.gdn.tms.routing.service.impl.algorithms.ortools.ORVRPMultiPickDeliveriesService::lambda$run$0 (23 bytes)
Event: 2.498 Thread 0x0000000140009800 nmethod 3905 0x0000000116a0fd10 code [0x0000000116a0ff00, 0x0000000116a10100]

GC Heap History (10 events):
Event: 0.395 GC heap before
{Heap before GC invocations=0 (full 0):
 garbage-first heap   total 266240K, used 24544K [0x0000000700000000, 0x0000000800000000)
  region size 2048K, 11 young (22528K), 0 survivors (0K)
 Metaspace       used 5156K, committed 5376K, reserved 1114112K
  class space    used 548K, committed 640K, reserved 1048576K
}
Event: 0.397 GC heap after
{Heap after GC invocations=1 (full 0):
 garbage-first heap   total 266240K, used 6360K [0x0000000700000000, 0x0000000800000000)
  region size 2048K, 2 young (4096K), 2 survivors (4096K)
 Metaspace       used 5156K, committed 5376K, reserved 1114112K
  class space    used 548K, committed 640K, reserved 1048576K
}
Event: 0.693 GC heap before
{Heap before GC invocations=1 (full 0):
 garbage-first heap   total 266240K, used 51416K [0x0000000700000000, 0x0000000800000000)
  region size 2048K, 25 young (51200K), 2 survivors (4096K)
 Metaspace       used 15432K, committed 15744K, reserved 1114112K
  class space    used 1822K, committed 1984K, reserved 1048576K
}
Event: 0.697 GC heap after
{Heap after GC invocations=2 (full 0):
 garbage-first heap   total 266240K, used 9125K [0x0000000700000000, 0x0000000800000000)
  region size 2048K, 4 young (8192K), 4 survivors (8192K)
 Metaspace       used 15432K, committed 15744K, reserved 1114112K
  class space    used 1822K, committed 1984K, reserved 1048576K
}
Event: 0.986 GC heap before
{Heap before GC invocations=2 (full 0):
 garbage-first heap   total 266240K, used 39845K [0x0000000700000000, 0x0000000800000000)
  region size 2048K, 21 young (43008K), 4 survivors (8192K)
 Metaspace       used 21177K, committed 21504K, reserved 1114112K
  class space    used 2534K, committed 2688K, reserved 1048576K
}
Event: 0.990 GC heap after
{Heap after GC invocations=3 (full 0):
 garbage-first heap   total 266240K, used 11410K [0x0000000700000000, 0x0000000800000000)
  region size 2048K, 5 young (10240K), 5 survivors (10240K)
 Metaspace       used 21177K, committed 21504K, reserved 1114112K
  class space    used 2534K, committed 2688K, reserved 1048576K
}
Event: 2.038 GC heap before
{Heap before GC invocations=4 (full 0):
 garbage-first heap   total 61440K, used 56466K [0x0000000700000000, 0x0000000800000000)
  region size 2048K, 27 young (55296K), 5 survivors (10240K)
 Metaspace       used 28919K, committed 29248K, reserved 1114112K
  class space    used 3438K, committed 3584K, reserved 1048576K
}
Event: 2.046 GC heap after
{Heap after GC invocations=5 (full 0):
 garbage-first heap   total 75776K, used 15499K [0x0000000700000000, 0x0000000800000000)
  region size 2048K, 4 young (8192K), 4 survivors (8192K)
 Metaspace       used 28919K, committed 29248K, reserved 1114112K
  class space    used 3438K, committed 3584K, reserved 1048576K
}
Event: 2.062 GC heap before
{Heap before GC invocations=5 (full 0):
 garbage-first heap   total 75776K, used 17547K [0x0000000700000000, 0x0000000800000000)
  region size 2048K, 5 young (10240K), 4 survivors (8192K)
 Metaspace       used 29353K, committed 29760K, reserved 1114112K
  class space    used 3494K, committed 3648K, reserved 1048576K
}
Event: 2.065 GC heap after
{Heap after GC invocations=6 (full 0):
 garbage-first heap   total 75776K, used 15857K [0x0000000700000000, 0x0000000800000000)
  region size 2048K, 1 young (2048K), 1 survivors (2048K)
 Metaspace       used 29353K, committed 29760K, reserved 1114112K
  class space    used 3494K, committed 3648K, reserved 1048576K
}

Dll operation events (20 events):
Event: 0.921 Loading shared library /usr/lib/java/liblibtcnative-1.dylib failed, dlopen(/usr/lib/java/liblibtcnative-1.dylib, 0x0001): tried: '/usr/lib/java/liblibtcnative-1.dylib' (no such file)
Event: 0.921 Loading shared library /usr/lib/java/liblibtcnative-1.jnilib failed, dlopen(/usr/lib/java/liblibtcnative-1.jnilib, 0x0001): tried: '/usr/lib/java/liblibtcnative-1.jnilib' (no such file)
Event: 0.921 Loading shared library /Users/pranavsnayak/Documents/samples/routing/liblibtcnative-1.dylib failed, dlopen(/Users/pranavsnayak/Documents/samples/routing/liblibtcnative-1.dylib, 0x0001): tried: '/Users/pranavsnayak/Documents/samples/routing/liblibtcnative-
Event: 0.921 Loading shared library /Users/pranavsnayak/Documents/samples/routing/liblibtcnative-1.jnilib failed, dlopen(/Users/pranavsnayak/Documents/samples/routing/liblibtcnative-1.jnilib, 0x0001): tried: '/Users/pranavsnayak/Documents/samples/routing/liblibtcnativ
Event: 1.287 Loaded shared library /Users/pranavsnayak/Library/Java/JavaVirtualMachines/openjdk-19.0.2/Contents/Home/lib/libextnet.dylib
Event: 1.305 Loading shared library /Users/pranavsnayak/Library/Java/JavaVirtualMachines/openjdk-19.0.2/Contents/Home/lib/libjniortools.dylib failed, dlopen(/Users/pranavsnayak/Library/Java/JavaVirtualMachines/openjdk-19.0.2/Contents/Home/lib/libjniortools.dylib, 0x00
Event: 1.305 Loading shared library /Users/pranavsnayak/Library/Java/JavaVirtualMachines/openjdk-19.0.2/Contents/Home/lib/libjniortools.jnilib failed, dlopen(/Users/pranavsnayak/Library/Java/JavaVirtualMachines/openjdk-19.0.2/Contents/Home/lib/libjniortools.jnilib, 0x
Event: 1.305 Loading shared library /Users/pranavsnayak/Library/Java/Extensions/libjniortools.dylib failed, dlopen(/Users/pranavsnayak/Library/Java/Extensions/libjniortools.dylib, 0x0001): tried: '/Users/pranavsnayak/Library/Java/Extensions/libjniortools.dylib' (no su
Event: 1.305 Loading shared library /Users/pranavsnayak/Library/Java/Extensions/libjniortools.jnilib failed, dlopen(/Users/pranavsnayak/Library/Java/Extensions/libjniortools.jnilib, 0x0001): tried: '/Users/pranavsnayak/Library/Java/Extensions/libjniortools.jnilib' (no
Event: 1.305 Loading shared library /Library/Java/Extensions/libjniortools.dylib failed, dlopen(/Library/Java/Extensions/libjniortools.dylib, 0x0001): tried: '/Library/Java/Extensions/libjniortools.dylib' (no such file)
Event: 1.305 Loading shared library /Library/Java/Extensions/libjniortools.jnilib failed, dlopen(/Library/Java/Extensions/libjniortools.jnilib, 0x0001): tried: '/Library/Java/Extensions/libjniortools.jnilib' (no such file)
Event: 1.305 Loading shared library /Network/Library/Java/Extensions/libjniortools.dylib failed, dlopen(/Network/Library/Java/Extensions/libjniortools.dylib, 0x0001): tried: '/Network/Library/Java/Extensions/libjniortools.dylib' (no such file)
Event: 1.305 Loading shared library /Network/Library/Java/Extensions/libjniortools.jnilib failed, dlopen(/Network/Library/Java/Extensions/libjniortools.jnilib, 0x0001): tried: '/Network/Library/Java/Extensions/libjniortools.jnilib' (no such file)
Event: 1.305 Loading shared library /System/Library/Java/Extensions/libjniortools.dylib failed, dlopen(/System/Library/Java/Extensions/libjniortools.dylib, 0x0001): tried: '/System/Library/Java/Extensions/libjniortools.dylib' (no such file)
Event: 1.305 Loading shared library /System/Library/Java/Extensions/libjniortools.jnilib failed, dlopen(/System/Library/Java/Extensions/libjniortools.jnilib, 0x0001): tried: '/System/Library/Java/Extensions/libjniortools.jnilib' (no such file)
Event: 1.305 Loading shared library /usr/lib/java/libjniortools.dylib failed, dlopen(/usr/lib/java/libjniortools.dylib, 0x0001): tried: '/usr/lib/java/libjniortools.dylib' (no such file)
Event: 1.305 Loading shared library /usr/lib/java/libjniortools.jnilib failed, dlopen(/usr/lib/java/libjniortools.jnilib, 0x0001): tried: '/usr/lib/java/libjniortools.jnilib' (no such file)
Event: 1.305 Loading shared library /Users/pranavsnayak/Documents/samples/routing/libjniortools.dylib failed, dlopen(/Users/pranavsnayak/Documents/samples/routing/libjniortools.dylib, 0x0001): tried: '/Users/pranavsnayak/Documents/samples/routing/libjniortools.dylib' 
Event: 1.306 Loading shared library /Users/pranavsnayak/Documents/samples/routing/libjniortools.jnilib failed, dlopen(/Users/pranavsnayak/Documents/samples/routing/libjniortools.jnilib, 0x0001): tried: '/Users/pranavsnayak/Documents/samples/routing/libjniortools.jnili
Event: 2.034 Loaded shared library /private/var/folders/d7/vp65tkvn5fz6yfvv7fxgsbsh0000gn/T/ortools-java8253357796366373571/ortools-darwin-aarch64/libjniortools.dylib

Deoptimization events (20 events):
Event: 2.093 Thread 0x0000000159009e00 Uncommon trap: trap_request=0xffffffde fr.pc=0x000000011698a660 relative=0x0000000000000b20
Event: 2.093 Thread 0x0000000159009e00 Uncommon trap: reason=class_check action=maybe_recompile pc=0x000000011698a660 method=java.util.Properties$LineReader.readLine()I @ 479 c2
Event: 2.093 Thread 0x0000000159009e00 DEOPT PACKING pc=0x000000011698a660 sp=0x000000016b470e70
Event: 2.093 Thread 0x0000000159009e00 DEOPT UNPACKING pc=0x000000011632b21c sp=0x000000016b470dd0 mode 2
Event: 2.095 Thread 0x0000000159009e00 Uncommon trap: trap_request=0xffffff45 fr.pc=0x000000011690deac relative=0x000000000000006c
Event: 2.095 Thread 0x0000000159009e00 Uncommon trap: reason=unstable_if action=reinterpret pc=0x000000011690deac method=java.util.Objects.equals(Ljava/lang/Object;Ljava/lang/Object;)Z @ 6 c2
Event: 2.095 Thread 0x0000000159009e00 DEOPT PACKING pc=0x000000011690deac sp=0x000000016b471b20
Event: 2.095 Thread 0x0000000159009e00 DEOPT UNPACKING pc=0x000000011632b21c sp=0x000000016b471ac0 mode 2
Event: 2.433 Thread 0x0000000159009e00 Uncommon trap: trap_request=0xffffff45 fr.pc=0x0000000116901bc4 relative=0x0000000000000504
Event: 2.433 Thread 0x0000000159009e00 Uncommon trap: reason=unstable_if action=reinterpret pc=0x0000000116901bc4 method=java.lang.Integer.stringSize(I)I @ 3 c2
Event: 2.433 Thread 0x0000000159009e00 DEOPT PACKING pc=0x0000000116901bc4 sp=0x000000016b4715e0
Event: 2.433 Thread 0x0000000159009e00 DEOPT UNPACKING pc=0x000000011632b21c sp=0x000000016b471520 mode 2
Event: 2.489 Thread 0x0000000159009e00 DEOPT PACKING pc=0x000000010ef07408 sp=0x000000016b470550
Event: 2.489 Thread 0x0000000159009e00 DEOPT UNPACKING pc=0x000000011632b07c sp=0x000000016b4701b0 mode 1
Event: 2.489 Thread 0x0000000159009e00 DEOPT PACKING pc=0x000000010eebfe04 sp=0x000000016b4705e0
Event: 2.489 Thread 0x0000000159009e00 DEOPT UNPACKING pc=0x000000011632b07c sp=0x000000016b4702a0 mode 1
Event: 2.489 Thread 0x0000000159009e00 DEOPT PACKING pc=0x000000010ef07408 sp=0x000000016b470550
Event: 2.489 Thread 0x0000000159009e00 DEOPT UNPACKING pc=0x000000011632b07c sp=0x000000016b4701b0 mode 1
Event: 2.489 Thread 0x0000000159009e00 DEOPT PACKING pc=0x000000010eebfe04 sp=0x000000016b4705e0
Event: 2.489 Thread 0x0000000159009e00 DEOPT UNPACKING pc=0x000000011632b07c sp=0x000000016b4702a0 mode 1

Classes loaded (20 events):
Event: 2.489 Loading class libcore/io/Memory
Event: 2.489 Loading class libcore/io/Memory done
Event: 2.489 Loading class org/robolectric/Robolectric
Event: 2.489 Loading class org/robolectric/Robolectric done
Event: 2.490 Loading class java/lang/foreign/MemorySegment
Event: 2.490 Loading class java/lang/foreign/Addressable
Event: 2.490 Loading class java/lang/foreign/Addressable done
Event: 2.490 Loading class java/lang/foreign/MemorySegment done
Event: 2.490 Loading class com/google/ortools/util/OptionalBoolean
Event: 2.490 Loading class com/google/ortools/util/OptionalBoolean done
Event: 2.490 Loading class com/google/ortools/util/OptionalBoolean$1
Event: 2.490 Loading class com/google/ortools/util/OptionalBoolean$1 done
Event: 2.490 Loading class com/google/ortools/constraintsolver/RoutingSearchParameters$SchedulingSolver
Event: 2.490 Loading class com/google/ortools/constraintsolver/RoutingSearchParameters$SchedulingSolver done
Event: 2.491 Loading class com/google/ortools/constraintsolver/RoutingSearchParameters$SchedulingSolver$1
Event: 2.491 Loading class com/google/ortools/constraintsolver/RoutingSearchParameters$SchedulingSolver$1 done
Event: 2.491 Loading class com/google/ortools/constraintsolver/RoutingSearchParameters$PairInsertionStrategy
Event: 2.491 Loading class com/google/ortools/constraintsolver/RoutingSearchParameters$PairInsertionStrategy done
Event: 2.491 Loading class com/google/ortools/constraintsolver/RoutingSearchParameters$PairInsertionStrategy$1
Event: 2.491 Loading class com/google/ortools/constraintsolver/RoutingSearchParameters$PairInsertionStrategy$1 done

Classes unloaded (0 events):
No events

Classes redefined (0 events):
No events

Internal exceptions (20 events):
Event: 1.157 Thread 0x0000000159009e00 Exception <a 'java/lang/ClassNotFoundException'{0x0000000701636728}: org/springframework/beans/factory/AwareCustomizer> (0x0000000701636728) 
thrown [open/src/hotspot/share/classfile/systemDictionary.cpp, line 255]
Event: 1.157 Thread 0x0000000159009e00 Exception <a 'java/lang/ClassNotFoundException'{0x0000000701639028}: org/springframework/context/ApplicationContextAwareCustomizer> (0x0000000701639028) 
thrown [open/src/hotspot/share/classfile/systemDictionary.cpp, line 255]
Event: 1.157 Thread 0x0000000159009e00 Exception <a 'java/lang/ClassNotFoundException'{0x000000070163cf28}: org/springframework/beans/factory/AwareCustomizer> (0x000000070163cf28) 
thrown [open/src/hotspot/share/classfile/systemDictionary.cpp, line 255]
Event: 1.157 Thread 0x0000000159009e00 Exception <a 'java/lang/ClassNotFoundException'{0x000000070163f800}: org/springframework/web/context/ServletContextAwareCustomizer> (0x000000070163f800) 
thrown [open/src/hotspot/share/classfile/systemDictionary.cpp, line 255]
Event: 1.157 Thread 0x0000000159009e00 Exception <a 'java/lang/ClassNotFoundException'{0x0000000701643038}: org/springframework/beans/factory/AwareCustomizer> (0x0000000701643038) 
thrown [open/src/hotspot/share/classfile/systemDictionary.cpp, line 255]
Event: 1.158 Thread 0x0000000159009e00 Exception <a 'java/lang/NoSuchMethodError'{0x000000070166a2d8}: 'java.lang.Object java.lang.invoke.DirectMethodHandle$Holder.newInvokeSpecial(java.lang.Object, java.lang.Object, java.lang.Object, java.lang.Object, java.lang.Object, java.lang.Object, java.lang.Object, java.lang.Object)'> (0x000000070166a2d8) 
thrown [open/src/hotspot/share/interpreter/linkResolver.cpp, line 774]
Event: 1.180 Thread 0x0000000159009e00 Exception <a 'java/lang/NoSuchMethodError'{0x0000000701480428}: 'void java.lang.invoke.DirectMethodHandle$Holder.invokeVirtual(java.lang.Object, java.lang.Object, long)'> (0x0000000701480428) 
thrown [open/src/hotspot/share/interpreter/linkResolver.cpp, line 774]
Event: 1.223 Thread 0x0000000159009e00 Exception <a 'java/lang/IncompatibleClassChangeError'{0x00000007011dbe68}: Found class java.lang.Object, but interface was expected> (0x00000007011dbe68) 
thrown [open/src/hotspot/share/interpreter/linkResolver.cpp, line 841]
Event: 1.236 Thread 0x0000000159009e00 Exception <a 'java/lang/NoSuchMethodError'{0x0000000700f2b378}: 'int java.lang.invoke.DirectMethodHandle$Holder.invokeStaticInit(java.lang.Object, java.lang.Object, java.lang.Object, java.lang.Object)'> (0x0000000700f2b378) 
thrown [open/src/hotspot/share/interpreter/linkResolver.cpp, line 774]
Event: 1.283 Thread 0x0000000159009e00 Exception <a 'java/lang/NoSuchMethodError'{0x0000000700bbcc30}: 'java.lang.Object java.lang.invoke.DirectMethodHandle$Holder.newInvokeSpecial(java.lang.Object, java.lang.Object, int, java.lang.Object, java.lang.Object)'> (0x0000000700bbcc30) 
thrown [open/src/hotspot/share/interpreter/linkResolver.cpp, line 774]
Event: 1.283 Thread 0x0000000159009e00 Exception <a 'java/lang/NoSuchMethodError'{0x0000000700bc8498}: 'java.lang.Object java.lang.invoke.DirectMethodHandle$Holder.invokeSpecial(java.lang.Object, java.lang.Object, int, java.lang.Object, int, java.lang.Object)'> (0x0000000700bc8498) 
thrown [open/src/hotspot/share/interpreter/linkResolver.cpp, line 774]
Event: 1.283 Thread 0x0000000159009e00 Exception <a 'java/lang/NoSuchMethodError'{0x0000000700bd0270}: 'java.lang.Object java.lang.invoke.DirectMethodHandle$Holder.newInvokeSpecial(java.lang.Object, java.lang.Object, int, java.lang.Object, int)'> (0x0000000700bd0270) 
thrown [open/src/hotspot/share/interpreter/linkResolver.cpp, line 774]
Event: 1.283 Thread 0x0000000159009e00 Exception <a 'java/lang/NoSuchMethodError'{0x0000000700bd4388}: 'java.lang.Object java.lang.invoke.DirectMethodHandle$Holder.invokeSpecial(java.lang.Object, java.lang.Object, java.lang.Object, int, java.lang.Object, int)'> (0x0000000700bd4388) 
thrown [open/src/hotspot/share/interpreter/linkResolver.cpp, line 774]
Event: 1.284 Thread 0x0000000159009e00 Exception <a 'java/lang/NoSuchMethodError'{0x0000000700bde8f0}: 'void java.lang.invoke.DirectMethodHandle$Holder.invokeVirtual(java.lang.Object, java.lang.Object)'> (0x0000000700bde8f0) 
thrown [open/src/hotspot/share/interpreter/linkResolver.cpp, line 774]
Event: 2.080 Thread 0x0000000159009e00 Exception <a 'java/lang/NoSuchMethodError'{0x000000070ff916f8}: 'void java.lang.invoke.DirectMethodHandle$Holder.invokeVirtual(java.lang.Object, java.lang.Object, double)'> (0x000000070ff916f8) 
thrown [open/src/hotspot/share/interpreter/linkResolver.cpp, line 774]
Event: 2.081 Thread 0x0000000159009e00 Exception <a 'java/lang/NoSuchMethodError'{0x000000070ff9c510}: 'double java.lang.invoke.DelegatingMethodHandle$Holder.reinvoke_L(java.lang.Object, java.lang.Object, int)'> (0x000000070ff9c510) 
thrown [open/src/hotspot/share/interpreter/linkResolver.cpp, line 774]
Event: 2.081 Thread 0x0000000159009e00 Exception <a 'java/lang/NoSuchMethodError'{0x000000070ffa6df0}: 'void java.lang.invoke.DelegatingMethodHandle$Holder.reinvoke_L(java.lang.Object, java.lang.Object, double)'> (0x000000070ffa6df0) 
thrown [open/src/hotspot/share/interpreter/linkResolver.cpp, line 774]
Event: 2.082 Thread 0x0000000159009e00 Exception <a 'java/lang/NoSuchMethodError'{0x000000070ffb9010}: 'long java.lang.invoke.DirectMethodHandle$Holder.invokeStatic(java.lang.Object, java.lang.Object, int)'> (0x000000070ffb9010) 
thrown [open/src/hotspot/share/interpreter/linkResolver.cpp, line 774]
Event: 2.082 Thread 0x0000000159009e00 Exception <a 'java/lang/NoSuchMethodError'{0x000000070ffc48f0}: 'void java.lang.invoke.DelegatingMethodHandle$Holder.reinvoke_L(java.lang.Object, java.lang.Object, long)'> (0x000000070ffc48f0) 
thrown [open/src/hotspot/share/interpreter/linkResolver.cpp, line 774]
Event: 2.452 Thread 0x0000000159009e00 Exception <a 'java/lang/NoSuchMethodError'{0x000000070d9478a0}: 'long java.lang.invoke.DirectMethodHandle$Holder.invokeStatic(java.lang.Object, long)'> (0x000000070d9478a0) 
thrown [open/src/hotspot/share/interpreter/linkResolver.cpp, line 774]

VM Operations (20 events):
Event: 1.226 Executing VM operation: HandshakeAllThreads
Event: 1.226 Executing VM operation: HandshakeAllThreads done
Event: 1.238 Executing VM operation: HandshakeAllThreads
Event: 1.238 Executing VM operation: HandshakeAllThreads done
Event: 1.241 Executing VM operation: ICBufferFull
Event: 1.241 Executing VM operation: ICBufferFull done
Event: 1.246 Executing VM operation: HandshakeAllThreads
Event: 1.246 Executing VM operation: HandshakeAllThreads done
Event: 1.393 Executing VM operation: ICBufferFull
Event: 1.393 Executing VM operation: ICBufferFull done
Event: 2.038 Executing VM operation: G1CollectForAllocation
Event: 2.046 Executing VM operation: G1CollectForAllocation done
Event: 2.059 Executing VM operation: HandshakeAllThreads
Event: 2.059 Executing VM operation: HandshakeAllThreads done
Event: 2.062 Executing VM operation: G1CollectForAllocation
Event: 2.065 Executing VM operation: G1CollectForAllocation done
Event: 2.091 Executing VM operation: HandshakeAllThreads
Event: 2.092 Executing VM operation: HandshakeAllThreads done
Event: 2.423 Executing VM operation: HandshakeAllThreads
Event: 2.423 Executing VM operation: HandshakeAllThreads done

Events (20 events):
Event: 1.292 Thread 0x0000000140343000 Thread added: 0x0000000140343000
Event: 1.292 Protecting memory [0x000000016fb2c000,0x000000016fb38000] with protection modes 0
Event: 1.292 Thread 0x00000001588ff200 Thread added: 0x00000001588ff200
Event: 1.292 Protecting memory [0x000000016fd38000,0x000000016fd44000] with protection modes 0
Event: 1.292 Thread 0x0000000158908200 Thread added: 0x0000000158908200
Event: 1.292 Protecting memory [0x00000002a0004000,0x00000002a0010000] with protection modes 0
Event: 1.292 Thread 0x0000000159311800 Thread added: 0x0000000159311800
Event: 1.292 Protecting memory [0x00000002a0210000,0x00000002a021c000] with protection modes 0
Event: 1.292 Thread 0x0000000159311e00 Thread added: 0x0000000159311e00
Event: 1.292 Protecting memory [0x00000002a041c000,0x00000002a0428000] with protection modes 0
Event: 1.292 Thread 0x000000014000bc00 Thread added: 0x000000014000bc00
Event: 1.292 Protecting memory [0x00000002a0628000,0x00000002a0634000] with protection modes 0
Event: 1.292 Thread 0x000000014000c200 Thread added: 0x000000014000c200
Event: 1.292 Protecting memory [0x00000002a0834000,0x00000002a0840000] with protection modes 0
Event: 1.295 Thread 0x0000000159312400 Thread added: 0x0000000159312400
Event: 1.295 Protecting memory [0x00000002a0a40000,0x00000002a0a4c000] with protection modes 0
Event: 1.295 Thread 0x00000001592a5000 Thread added: 0x00000001592a5000
Event: 1.295 Protecting memory [0x00000002a0c4c000,0x00000002a0c58000] with protection modes 0
Event: 2.432 Thread 0x0000000140369200 Thread added: 0x0000000140369200
Event: 2.432 Protecting memory [0x00000002a0e58000,0x00000002a0e64000] with protection modes 0


Dynamic libraries:
0x0000000104c58000 	/Users/pranavsnayak/Library/Java/JavaVirtualMachines/openjdk-19.0.2/Contents/Home/lib/libjli.dylib
0x00000001c812e000 	/System/Library/Frameworks/Cocoa.framework/Versions/A/Cocoa
0x00000001b437a000 	/System/Library/Frameworks/AppKit.framework/Versions/C/AppKit
0x00000001b7880000 	/System/Library/Frameworks/CoreData.framework/Versions/A/CoreData
0x00000001b26d5000 	/System/Library/Frameworks/Foundation.framework/Versions/C/Foundation
0x00000001bc2d7000 	/usr/lib/libSystem.B.dylib
0x00000001b5232000 	/System/Library/PrivateFrameworks/UIFoundation.framework/Versions/A/UIFoundation
0x00000001c230f000 	/System/Library/PrivateFrameworks/RemoteViewServices.framework/Versions/A/RemoteViewServices
0x00000001ba795000 	/System/Library/PrivateFrameworks/XCTTargetBootstrap.framework/Versions/A/XCTTargetBootstrap
0x00000001be013000 	/System/Library/PrivateFrameworks/InternationalSupport.framework/Versions/A/InternationalSupport
0x00000001be09c000 	/System/Library/PrivateFrameworks/UserActivity.framework/Versions/A/UserActivity
0x00000001bd50e000 	/usr/lib/libspindump.dylib
0x00000001b54a3000 	/System/Library/Frameworks/UniformTypeIdentifiers.framework/Versions/A/UniformTypeIdentifiers
0x00000001b8ce0000 	/usr/lib/libapp_launch_measurement.dylib
0x00000001b820a000 	/System/Library/PrivateFrameworks/CoreAnalytics.framework/Versions/A/CoreAnalytics
0x00000001b8ce3000 	/System/Library/PrivateFrameworks/CoreAutoLayout.framework/Versions/A/CoreAutoLayout
0x00000001ba086000 	/System/Library/Frameworks/Metal.framework/Versions/A/Metal
0x00000001badfd000 	/usr/lib/liblangid.dylib
0x00000001ba79a000 	/System/Library/PrivateFrameworks/CoreSVG.framework/Versions/A/CoreSVG
0x00000001b6934000 	/System/Library/PrivateFrameworks/SkyLight.framework/Versions/A/SkyLight
0x00000001b6d09000 	/System/Library/Frameworks/CoreGraphics.framework/Versions/A/CoreGraphics
0x00000001c29db000 	/System/Library/Frameworks/Accelerate.framework/Versions/A/Accelerate
0x00000001bcf85000 	/System/Library/PrivateFrameworks/IconServices.framework/Versions/A/IconServices
0x00000001ba068000 	/System/Library/Frameworks/IOSurface.framework/Versions/A/IOSurface
0x00000001b823b000 	/usr/lib/libDiagnosticMessagesClient.dylib
0x00000001bc220000 	/usr/lib/libz.1.dylib
0x00000001c5edc000 	/System/Library/Frameworks/ApplicationServices.framework/Versions/A/ApplicationServices
0x00000001ba77d000 	/System/Library/PrivateFrameworks/DFRFoundation.framework/Versions/A/DFRFoundation
0x00000001b3c0a000 	/usr/lib/libicucore.A.dylib
0x00000001beebf000 	/System/Library/Frameworks/AudioToolbox.framework/Versions/A/AudioToolbox
0x00000001be01f000 	/System/Library/PrivateFrameworks/DataDetectorsCore.framework/Versions/A/DataDetectorsCore
0x00000001d495f000 	/System/Library/PrivateFrameworks/TextInput.framework/Versions/A/TextInput
0x00000001b68a9000 	/usr/lib/libMobileGestalt.dylib
0x00000001ba449000 	/System/Library/Frameworks/Carbon.framework/Versions/A/Frameworks/HIToolbox.framework/Versions/A/HIToolbox
0x00000001b86bc000 	/System/Library/Frameworks/QuartzCore.framework/Versions/A/QuartzCore
0x00000001b388d000 	/System/Library/Frameworks/Security.framework/Versions/A/Security
0x00000001c234f000 	/System/Library/Frameworks/Carbon.framework/Versions/A/Frameworks/SpeechRecognition.framework/Versions/A/SpeechRecognition
0x00000001b8a36000 	/System/Library/PrivateFrameworks/CoreUI.framework/Versions/A/CoreUI
0x00000001b316a000 	/System/Library/Frameworks/CoreAudio.framework/Versions/A/CoreAudio
0x00000001b8330000 	/System/Library/Frameworks/DiskArbitration.framework/Versions/A/DiskArbitration
0x00000001bd918000 	/System/Library/PrivateFrameworks/MultitouchSupport.framework/Versions/A/MultitouchSupport
0x00000001b68a7000 	/usr/lib/libenergytrace.dylib
0x00000001b4242000 	/System/Library/Frameworks/IOKit.framework/Versions/A/IOKit
0x00000001c273e000 	/System/Library/Frameworks/CoreServices.framework/Versions/A/CoreServices
0x00000001b8c70000 	/System/Library/PrivateFrameworks/PerformanceAnalysis.framework/Versions/A/PerformanceAnalysis
0x0000000212c47000 	/System/Library/Frameworks/OpenGL.framework/Versions/A/OpenGL
0x00000001bb877000 	/System/Library/PrivateFrameworks/MobileKeyBag.framework/Versions/A/MobileKeyBag
0x00000001b1611000 	/usr/lib/libobjc.A.dylib
0x00000001b7316000 	/System/Library/Frameworks/ColorSync.framework/Versions/A/ColorSync
0x00000001b17da000 	/System/Library/Frameworks/CoreFoundation.framework/Versions/A/CoreFoundation
0x00000001baa19000 	/System/Library/Frameworks/CoreImage.framework/Versions/A/CoreImage
0x00000001b2f8e000 	/System/Library/Frameworks/CoreText.framework/Versions/A/CoreText
0x00000001ba7ca000 	/System/Library/Frameworks/ImageIO.framework/Versions/A/ImageIO
0x00000001bc2dd000 	/System/Library/PrivateFrameworks/SoftLinking.framework/Versions/A/SoftLinking
0x00000001b8d2e000 	/usr/lib/libxml2.2.dylib
0x00000001b16d4000 	/usr/lib/libc++.1.dylib
0x00000001bc576000 	/usr/lib/libcompression.dylib
0x00000001bdf6f000 	/System/Library/PrivateFrameworks/TextureIO.framework/Versions/A/TextureIO
0x00000001bcc9e000 	/usr/lib/libate.dylib
0x00000001bc2d1000 	/usr/lib/system/libcache.dylib
0x00000001bc28f000 	/usr/lib/system/libcommonCrypto.dylib
0x00000001bc2b8000 	/usr/lib/system/libcompiler_rt.dylib
0x00000001bc2af000 	/usr/lib/system/libcopyfile.dylib
0x00000001b1517000 	/usr/lib/system/libcorecrypto.dylib
0x00000001b15ca000 	/usr/lib/system/libdispatch.dylib
0x00000001b1798000 	/usr/lib/system/libdyld.dylib
0x00000001bc2c7000 	/usr/lib/system/libkeymgr.dylib
0x00000001bc26a000 	/usr/lib/system/libmacho.dylib
0x00000001bb95f000 	/usr/lib/system/libquarantine.dylib
0x00000001bc2c4000 	/usr/lib/system/libremovefile.dylib
0x00000001b6900000 	/usr/lib/system/libsystem_asl.dylib
0x00000001b14b9000 	/usr/lib/system/libsystem_blocks.dylib
0x00000001b1652000 	/usr/lib/system/libsystem_c.dylib
0x00000001bc2bc000 	/usr/lib/system/libsystem_collections.dylib
0x00000001baded000 	/usr/lib/system/libsystem_configuration.dylib
0x00000001ba049000 	/usr/lib/system/libsystem_containermanager.dylib
0x00000001bbfcc000 	/usr/lib/system/libsystem_coreservices.dylib
0x00000001b3ec0000 	/usr/lib/system/libsystem_darwin.dylib
0x00000001bc2c8000 	/usr/lib/system/libsystem_dnssd.dylib
0x00000001b164f000 	/usr/lib/system/libsystem_featureflags.dylib
0x00000001b17ad000 	/usr/lib/system/libsystem_info.dylib
0x00000001bc232000 	/usr/lib/system/libsystem_m.dylib
0x00000001b159f000 	/usr/lib/system/libsystem_malloc.dylib
0x00000001b688f000 	/usr/lib/system/libsystem_networkextension.dylib
0x00000001b4319000 	/usr/lib/system/libsystem_notify.dylib
0x00000001c2615000 	/usr/lib/system/libsystem_product_info_filter.dylib
0x00000001badf2000 	/usr/lib/system/libsystem_sandbox.dylib
0x00000001bc2c1000 	/usr/lib/system/libsystem_secinit.dylib
0x00000001b1753000 	/usr/lib/system/libsystem_kernel.dylib
0x00000001b17a5000 	/usr/lib/system/libsystem_platform.dylib
0x00000001b178b000 	/usr/lib/system/libsystem_pthread.dylib
0x00000001b8058000 	/usr/lib/system/libsystem_symptoms.dylib
0x00000001b14fd000 	/usr/lib/system/libsystem_trace.dylib
0x00000001bc29c000 	/usr/lib/system/libunwind.dylib
0x00000001b14bb000 	/usr/lib/system/libxpc.dylib
0x00000001b173b000 	/usr/lib/libc++abi.dylib
0x00000001bc2a7000 	/usr/lib/liboah.dylib
0x00000001bcb63000 	/usr/lib/liblzma.5.dylib
0x00000001b23c9000 	/System/Library/Frameworks/SystemConfiguration.framework/Versions/A/SystemConfiguration
0x00000001bc2d9000 	/usr/lib/libfakelink.dylib
0x00000001b63db000 	/System/Library/Frameworks/CFNetwork.framework/Versions/A/CFNetwork
0x00000001bc41f000 	/usr/lib/libarchive.2.dylib
0x00000001badf9000 	/System/Library/PrivateFrameworks/AppleSystemInfo.framework/Versions/A/AppleSystemInfo
0x00000001bb98a000 	/usr/lib/libbsm.0.dylib
0x00000001b594c000 	/usr/lib/libnetwork.dylib
0x00000001bc273000 	/usr/lib/system/libkxld.dylib
0x00000001bb59d000 	/System/Library/PrivateFrameworks/IOMobileFramebuffer.framework/Versions/A/IOMobileFramebuffer
0x0000000230573000 	/usr/lib/libCoreEntitlements.dylib
0x00000001bbfae000 	/System/Library/PrivateFrameworks/AppleFSCompression.framework/Versions/A/AppleFSCompression
0x00000001bb972000 	/usr/lib/libcoretls.dylib
0x00000001bcb7c000 	/usr/lib/libcoretls_cfhelpers.dylib
0x00000001bc571000 	/usr/lib/libpam.2.dylib
0x00000001b7c6f000 	/usr/lib/libsqlite3.dylib
0x00000001bcbe5000 	/usr/lib/libxar.1.dylib
0x00000001bbfbf000 	/usr/lib/libbz2.1.0.dylib
0x00000001bc2de000 	/usr/lib/libpcap.A.dylib
0x00000001b804f000 	/usr/lib/libdns_services.dylib
0x00000001bc544000 	/usr/lib/libapple_nghttp2.dylib
0x00000001bc31b000 	/usr/lib/libiconv.2.dylib
0x00000001bc269000 	/usr/lib/libcharset.1.dylib
0x00000001b8cac000 	/System/Library/Frameworks/CoreServices.framework/Versions/A/Frameworks/FSEvents.framework/Versions/A/FSEvents
0x00000001b3ecb000 	/System/Library/Frameworks/CoreServices.framework/Versions/A/Frameworks/CarbonCore.framework/Versions/A/CarbonCore
0x00000001b8290000 	/System/Library/Frameworks/CoreServices.framework/Versions/A/Frameworks/Metadata.framework/Versions/A/Metadata
0x00000001bbfd2000 	/System/Library/Frameworks/CoreServices.framework/Versions/A/Frameworks/OSServices.framework/Versions/A/OSServices
0x00000001bc4a5000 	/System/Library/Frameworks/CoreServices.framework/Versions/A/Frameworks/SearchKit.framework/Versions/A/SearchKit
0x00000001b7fde000 	/System/Library/Frameworks/CoreServices.framework/Versions/A/Frameworks/AE.framework/Versions/A/AE
0x00000001b1d20000 	/System/Library/Frameworks/CoreServices.framework/Versions/A/Frameworks/LaunchServices.framework/Versions/A/LaunchServices
0x00000001bcb0c000 	/System/Library/Frameworks/CoreServices.framework/Versions/A/Frameworks/DictionaryServices.framework/Versions/A/DictionaryServices
0x00000001b8cb9000 	/System/Library/Frameworks/CoreServices.framework/Versions/A/Frameworks/SharedFileList.framework/Versions/A/SharedFileList
0x00000001bb962000 	/usr/lib/libCheckFix.dylib
0x00000001b6918000 	/System/Library/PrivateFrameworks/TCC.framework/Versions/A/TCC
0x00000001badff000 	/System/Library/PrivateFrameworks/CoreNLP.framework/Versions/A/CoreNLP
0x00000001b823e000 	/System/Library/PrivateFrameworks/MetadataUtilities.framework/Versions/A/MetadataUtilities
0x00000001b2482000 	/usr/lib/libmecabra.dylib
0x00000001bb99b000 	/usr/lib/libmecab.dylib
0x00000001b244e000 	/usr/lib/libCRFSuite.dylib
0x00000001bb9f8000 	/usr/lib/libgermantok.dylib
0x00000001bc51d000 	/usr/lib/libThaiTokenizer.dylib
0x00000001b8338000 	/System/Library/Frameworks/Accelerate.framework/Versions/A/Frameworks/vImage.framework/Versions/A/vImage
0x00000001c2715000 	/System/Library/Frameworks/Accelerate.framework/Versions/A/Frameworks/vecLib.framework/Versions/A/vecLib
0x00000001bcc2a000 	/System/Library/Frameworks/Accelerate.framework/Versions/A/Frameworks/vecLib.framework/Versions/A/libvMisc.dylib
0x00000001bb4a4000 	/System/Library/Frameworks/Accelerate.framework/Versions/A/Frameworks/vecLib.framework/Versions/A/libvDSP.dylib
0x00000001b20a9000 	/System/Library/Frameworks/Accelerate.framework/Versions/A/Frameworks/vecLib.framework/Versions/A/libBLAS.dylib
0x00000001bc647000 	/System/Library/Frameworks/Accelerate.framework/Versions/A/Frameworks/vecLib.framework/Versions/A/libLAPACK.dylib
0x00000001bb9fb000 	/System/Library/Frameworks/Accelerate.framework/Versions/A/Frameworks/vecLib.framework/Versions/A/libLinearAlgebra.dylib
0x00000001bc55c000 	/System/Library/Frameworks/Accelerate.framework/Versions/A/Frameworks/vecLib.framework/Versions/A/libSparseBLAS.dylib
0x00000001bc642000 	/System/Library/Frameworks/Accelerate.framework/Versions/A/Frameworks/vecLib.framework/Versions/A/libQuadrature.dylib
0x00000001baef8000 	/System/Library/Frameworks/Accelerate.framework/Versions/A/Frameworks/vecLib.framework/Versions/A/libBNNS.dylib
0x00000001b2367000 	/System/Library/Frameworks/Accelerate.framework/Versions/A/Frameworks/vecLib.framework/Versions/A/libSparse.dylib
0x00000001baef0000 	/System/Library/PrivateFrameworks/LinguisticData.framework/Versions/A/LinguisticData
0x00000001b231f000 	/System/Library/PrivateFrameworks/Lexicon.framework/Versions/A/Lexicon
0x00000001bcc22000 	/usr/lib/libChineseTokenizer.dylib
0x00000001b2ac6000 	/System/Library/PrivateFrameworks/LanguageModeling.framework/Versions/A/LanguageModeling
0x00000001bc51f000 	/System/Library/PrivateFrameworks/AppleSauce.framework/Versions/A/AppleSauce
0x00000001bb58a000 	/System/Library/PrivateFrameworks/CoreEmoji.framework/Versions/A/CoreEmoji
0x00000001bc40d000 	/usr/lib/libcmph.dylib
0x00000001b8c8c000 	/System/Library/Frameworks/OpenDirectory.framework/Versions/A/Frameworks/CFOpenDirectory.framework/Versions/A/CFOpenDirectory
0x00000001b8c7c000 	/System/Library/Frameworks/OpenDirectory.framework/Versions/A/OpenDirectory
0x00000001bcb7e000 	/System/Library/PrivateFrameworks/APFS.framework/Versions/A/APFS
0x00000001bb8b2000 	/System/Library/Frameworks/SecurityFoundation.framework/Versions/A/SecurityFoundation
0x00000001bcbf4000 	/usr/lib/libutil.dylib
0x00000001b4204000 	/System/Library/PrivateFrameworks/CoreServicesStore.framework/Versions/A/CoreServicesStore
0x00000001bcbf8000 	/usr/lib/libxslt.1.dylib
0x00000001bb946000 	/System/Library/PrivateFrameworks/BackgroundTaskManagement.framework/Versions/A/BackgroundTaskManagement
0x00000001bde90000 	/System/Library/Frameworks/ImageIO.framework/Versions/A/Resources/libRadiance.dylib
0x00000001bde99000 	/System/Library/Frameworks/ImageIO.framework/Versions/A/Resources/libJPEG.dylib
0x00000001bddec000 	/System/Library/Frameworks/ImageIO.framework/Versions/A/Resources/libPng.dylib
0x00000001bde0e000 	/System/Library/Frameworks/ImageIO.framework/Versions/A/Resources/libTIFF.dylib
0x00000001bdef4000 	/System/Library/Frameworks/ImageIO.framework/Versions/A/Resources/libGIF.dylib
0x00000001bd828000 	/System/Library/Frameworks/ImageIO.framework/Versions/A/Resources/libJP2.dylib
0x00000001bcf4a000 	/usr/lib/libexpat.1.dylib
0x00000001bd7e3000 	/System/Library/PrivateFrameworks/AppleJPEG.framework/Versions/A/AppleJPEG
0x00000001ba305000 	/System/Library/PrivateFrameworks/FontServices.framework/libFontParser.dylib
0x00000001b7f83000 	/System/Library/PrivateFrameworks/RunningBoardServices.framework/Versions/A/RunningBoardServices
0x00000001c8801000 	/System/Library/PrivateFrameworks/IOSurfaceAccelerator.framework/Versions/A/IOSurfaceAccelerator
0x00000001bd914000 	/System/Library/PrivateFrameworks/WatchdogClient.framework/Versions/A/WatchdogClient
0x00000001b2bca000 	/System/Library/Frameworks/CoreDisplay.framework/Versions/A/CoreDisplay
0x00000001ba1ef000 	/System/Library/Frameworks/CoreMedia.framework/Versions/A/CoreMedia
0x00000001ba07c000 	/System/Library/PrivateFrameworks/IOAccelerator.framework/Versions/A/IOAccelerator
0x00000001b8e1c000 	/System/Library/Frameworks/CoreVideo.framework/Versions/A/CoreVideo
0x00000001bc56f000 	/System/Library/Frameworks/MetalPerformanceShaders.framework/Versions/A/MetalPerformanceShaders
0x00000001bd953000 	/System/Library/Frameworks/VideoToolbox.framework/Versions/A/VideoToolbox
0x00000001b7ec7000 	/System/Library/PrivateFrameworks/BaseBoard.framework/Versions/A/BaseBoard
0x00000001b7c55000 	/System/Library/PrivateFrameworks/ProtocolBuffer.framework/Versions/A/ProtocolBuffer
0x00000001bde8b000 	/System/Library/PrivateFrameworks/GPUWrangler.framework/Versions/A/GPUWrangler
0x00000001bde6b000 	/System/Library/PrivateFrameworks/IOPresentment.framework/Versions/A/IOPresentment
0x00000001bde93000 	/System/Library/PrivateFrameworks/DSExternalDisplay.framework/Versions/A/DSExternalDisplay
0x0000000212c3a000 	/System/Library/Frameworks/OpenGL.framework/Versions/A/Libraries/libCoreFSCache.dylib
0x000000021d0f9000 	/System/Library/PrivateFrameworks/GPUCompiler.framework/Versions/31001/Libraries/libGPUCompilerUtils.dylib
0x00000001bdef9000 	/System/Library/PrivateFrameworks/CMCaptureCore.framework/Versions/A/CMCaptureCore
0x00000001bd4fb000 	/System/Library/PrivateFrameworks/AppServerSupport.framework/Versions/A/AppServerSupport
0x00000001bf77c000 	/System/Library/PrivateFrameworks/perfdata.framework/Versions/A/perfdata
0x00000001b2cea000 	/System/Library/PrivateFrameworks/AudioToolboxCore.framework/Versions/A/AudioToolboxCore
0x00000001ba1c8000 	/System/Library/PrivateFrameworks/caulk.framework/Versions/A/caulk
0x00000001bf071000 	/usr/lib/libAudioStatistics.dylib
0x00000001d0fc6000 	/System/Library/PrivateFrameworks/SystemPolicy.framework/Versions/A/SystemPolicy
0x00000001bf2dd000 	/usr/lib/libSMC.dylib
0x00000001c8010000 	/System/Library/Frameworks/CoreMIDI.framework/Versions/A/CoreMIDI
0x00000001bddba000 	/usr/lib/libAudioToolboxUtility.dylib
0x00000001cd093000 	/System/Library/PrivateFrameworks/OSAServicesClient.framework/Versions/A/OSAServicesClient
0x00000001bf789000 	/usr/lib/libperfcheck.dylib
0x00000001d1ade000 	/usr/lib/libmis.dylib
0x0000000212c9c000 	/System/Library/Frameworks/OpenGL.framework/Versions/A/Libraries/libGLU.dylib
0x0000000212c5b000 	/System/Library/Frameworks/OpenGL.framework/Versions/A/Libraries/libGFXShared.dylib
0x0000000212e48000 	/System/Library/Frameworks/OpenGL.framework/Versions/A/Libraries/libGL.dylib
0x0000000212c64000 	/System/Library/Frameworks/OpenGL.framework/Versions/A/Libraries/libGLImage.dylib
0x0000000212c58000 	/System/Library/Frameworks/OpenGL.framework/Versions/A/Libraries/libCVMSPluginSupport.dylib
0x0000000212c41000 	/System/Library/Frameworks/OpenGL.framework/Versions/A/Libraries/libCoreVMClient.dylib
0x00000001bad79000 	/System/Library/Frameworks/MetalPerformanceShaders.framework/Versions/A/Frameworks/MPSCore.framework/Versions/A/MPSCore
0x00000001bbf21000 	/System/Library/Frameworks/MetalPerformanceShaders.framework/Versions/A/Frameworks/MPSImage.framework/Versions/A/MPSImage
0x00000001bba10000 	/System/Library/Frameworks/MetalPerformanceShaders.framework/Versions/A/Frameworks/MPSNeuralNetwork.framework/Versions/A/MPSNeuralNetwork
0x00000001bbe49000 	/System/Library/Frameworks/MetalPerformanceShaders.framework/Versions/A/Frameworks/MPSMatrix.framework/Versions/A/MPSMatrix
0x00000001bbc22000 	/System/Library/Frameworks/MetalPerformanceShaders.framework/Versions/A/Frameworks/MPSRayIntersector.framework/Versions/A/MPSRayIntersector
0x00000001bbe7a000 	/System/Library/Frameworks/MetalPerformanceShaders.framework/Versions/A/Frameworks/MPSNDArray.framework/Versions/A/MPSNDArray
0x0000000214db3000 	/System/Library/Frameworks/MetalPerformanceShaders.framework/Versions/A/Frameworks/MPSFunctions.framework/Versions/A/MPSFunctions
0x00000001b1f80000 	/System/Library/PrivateFrameworks/MetalTools.framework/Versions/A/MetalTools
0x00000001badf7000 	/System/Library/PrivateFrameworks/AggregateDictionary.framework/Versions/A/AggregateDictionary
0x00000001bcd2f000 	/usr/lib/libIOReport.dylib
0x00000001c702e000 	/System/Library/PrivateFrameworks/ASEProcessing.framework/Versions/A/ASEProcessing
0x00000001bd0a4000 	/System/Library/PrivateFrameworks/FaceCore.framework/Versions/A/FaceCore
0x00000001bd096000 	/System/Library/PrivateFrameworks/GraphVisualizer.framework/Versions/A/GraphVisualizer
0x000000021d010000 	/System/Library/PrivateFrameworks/FontServices.framework/Versions/A/FontServices
0x00000001bd4b7000 	/System/Library/PrivateFrameworks/OTSVG.framework/Versions/A/OTSVG
0x00000001b89e6000 	/System/Library/Frameworks/ApplicationServices.framework/Versions/A/Frameworks/ATS.framework/Versions/A/Resources/libFontRegistry.dylib
0x00000001bd504000 	/System/Library/PrivateFrameworks/FontServices.framework/libhvf.dylib
0x000000021d011000 	/System/Library/PrivateFrameworks/FontServices.framework/libXTFontStaticRegistryData.dylib
0x0000000212fe9000 	/System/Library/Frameworks/OpenCL.framework/Versions/A/OpenCL
0x00000001bcefe000 	/System/Library/PrivateFrameworks/AppleVA.framework/Versions/A/AppleVA
0x00000001bf099000 	/System/Library/Frameworks/ApplicationServices.framework/Versions/A/Frameworks/ATS.framework/Versions/A/ATS
0x00000001b7413000 	/System/Library/Frameworks/ApplicationServices.framework/Versions/A/Frameworks/HIServices.framework/Versions/A/HIServices
0x00000001bdf03000 	/System/Library/Frameworks/ApplicationServices.framework/Versions/A/Frameworks/PrintCore.framework/Versions/A/PrintCore
0x00000001bf430000 	/System/Library/Frameworks/ApplicationServices.framework/Versions/A/Frameworks/QD.framework/Versions/A/QD
0x00000001bf428000 	/System/Library/Frameworks/ApplicationServices.framework/Versions/A/Frameworks/ColorSyncLegacy.framework/Versions/A/ColorSyncLegacy
0x00000001bf085000 	/System/Library/Frameworks/ApplicationServices.framework/Versions/A/Frameworks/SpeechSynthesis.framework/Versions/A/SpeechSynthesis
0x00000001bdec4000 	/System/Library/Frameworks/ApplicationServices.framework/Versions/A/Frameworks/ATSUI.framework/Versions/A/ATSUI
0x00000001bf3bd000 	/usr/lib/libcups.2.dylib
0x00000001bf797000 	/System/Library/Frameworks/Kerberos.framework/Versions/A/Kerberos
0x00000001bf7a8000 	/System/Library/Frameworks/GSS.framework/Versions/A/GSS
0x00000001bf109000 	/usr/lib/libresolv.9.dylib
0x00000001bd513000 	/System/Library/PrivateFrameworks/Heimdal.framework/Versions/A/Heimdal
0x00000001c6263000 	/System/Library/Frameworks/Kerberos.framework/Versions/A/Libraries/libHeimdalProxy.dylib
0x00000001b8061000 	/System/Library/Frameworks/Network.framework/Versions/A/Network
0x00000001bcf65000 	/usr/lib/libheimdal-asn1.dylib
0x00000001bf7f8000 	/System/Library/PrivateFrameworks/CommonAuth.framework/Versions/A/CommonAuth
0x00000001befff000 	/System/Library/PrivateFrameworks/AudioSession.framework/Versions/A/AudioSession
0x00000001bcff7000 	/System/Library/PrivateFrameworks/MediaExperience.framework/Versions/A/MediaExperience
0x00000001bee85000 	/System/Library/PrivateFrameworks/AudioSession.framework/libSessionUtility.dylib
0x00000001bf43c000 	/System/Library/PrivateFrameworks/AudioResourceArbitration.framework/Versions/A/AudioResourceArbitration
0x00000001c35f2000 	/System/Library/PrivateFrameworks/PowerLog.framework/Versions/A/PowerLog
0x00000001bcf6f000 	/System/Library/PrivateFrameworks/IconFoundation.framework/Versions/A/IconFoundation
0x00000001c233b000 	/System/Library/PrivateFrameworks/SpeechRecognitionCore.framework/Versions/A/SpeechRecognitionCore
0x0000000105e80000 	/Users/pranavsnayak/Library/Java/JavaVirtualMachines/openjdk-19.0.2/Contents/Home/lib/server/libjvm.dylib
0x0000000104e70000 	/Users/pranavsnayak/Library/Java/JavaVirtualMachines/openjdk-19.0.2/Contents/Home/lib/libjimage.dylib
0x0000000104ecc000 	/Users/pranavsnayak/Library/Java/JavaVirtualMachines/openjdk-19.0.2/Contents/Home/lib/libjdwp.dylib
0x0000000104f14000 	/Users/pranavsnayak/Library/Java/JavaVirtualMachines/openjdk-19.0.2/Contents/Home/lib/libjava.dylib
0x0000000104e9c000 	/Users/pranavsnayak/Library/Java/JavaVirtualMachines/openjdk-19.0.2/Contents/Home/lib/libinstrument.dylib
0x0000000104fb0000 	/Users/pranavsnayak/Library/Java/JavaVirtualMachines/openjdk-19.0.2/Contents/Home/lib/libzip.dylib
0x0000000104f9c000 	/Users/pranavsnayak/Library/Java/JavaVirtualMachines/openjdk-19.0.2/Contents/Home/lib/libdt_socket.dylib
0x0000000105a38000 	/Users/pranavsnayak/Library/Java/JavaVirtualMachines/openjdk-19.0.2/Contents/Home/lib/libnio.dylib
0x0000000105a58000 	/Users/pranavsnayak/Library/Java/JavaVirtualMachines/openjdk-19.0.2/Contents/Home/lib/libnet.dylib
0x0000000105a78000 	/Users/pranavsnayak/Library/Java/JavaVirtualMachines/openjdk-19.0.2/Contents/Home/lib/libverify.dylib
0x0000000105a18000 	/Users/pranavsnayak/Library/Java/JavaVirtualMachines/openjdk-19.0.2/Contents/Home/lib/libmanagement.dylib
0x0000000105a94000 	/Users/pranavsnayak/Library/Java/JavaVirtualMachines/openjdk-19.0.2/Contents/Home/lib/libmanagement_ext.dylib
0x0000000105aa8000 	/Users/pranavsnayak/Library/Java/JavaVirtualMachines/openjdk-19.0.2/Contents/Home/lib/libextnet.dylib
0x000000012ed00000 	/private/var/folders/d7/vp65tkvn5fz6yfvv7fxgsbsh0000gn/T/ortools-java8253357796366373571/ortools-darwin-aarch64/libjniortools.dylib
0x00000001313b4000 	/private/var/folders/d7/vp65tkvn5fz6yfvv7fxgsbsh0000gn/T/ortools-java8253357796366373571/ortools-darwin-aarch64/libortools.9.dylib


VM Arguments:
jvm_args: -agentlib:jdwp=transport=dt_socket,address=127.0.0.1:56309,suspend=y,server=n -javaagent:/Users/pranavsnayak/Library/Caches/JetBrains/IdeaIC2022.3/captureAgent/debugger-agent.jar -Dfile.encoding=UTF-8 -Dsun.stdout.encoding=UTF-8 -Dsun.stderr.encoding=UTF-8 
java_command: com.gdn.tms.routing.RoutingApplication
java_class_path (initial): /Users/pranavsnayak/Documents/samples/routing/target/classes:/Users/pranavsnayak/.m2/repository/org/springframework/boot/spring-boot-starter-web/2.7.10/spring-boot-starter-web-2.7.10.jar:/Users/pranavsnayak/.m2/repository/org/springframework/boot/spring-boot-starter/2.7.10/spring-boot-starter-2.7.10.jar:/Users/pranavsnayak/.m2/repository/org/springframework/boot/spring-boot/2.7.10/spring-boot-2.7.10.jar:/Users/pranavsnayak/.m2/repository/org/springframework/boot/spring-boot-autoconfigure/2.7.10/spring-boot-autoconfigure-2.7.10.jar:/Users/pranavsnayak/.m2/repository/org/springframework/boot/spring-boot-starter-logging/2.7.10/spring-boot-starter-logging-2.7.10.jar:/Users/pranavsnayak/.m2/repository/ch/qos/logback/logback-classic/1.2.11/logback-classic-1.2.11.jar:/Users/pranavsnayak/.m2/repository/ch/qos/logback/logback-core/1.2.11/logback-core-1.2.11.jar:/Users/pranavsnayak/.m2/repository/org/apache/logging/log4j/log4j-to-slf4j/2.17.2/log4j-to-slf4j-2.17.2.jar:/Users/pranavsnayak/.m2/repository/org/apache/logging/log4j/log4j-api/2.17.2/log4j-api-2.17.2.jar:/Users/pranavsnayak/.m2/repository/org/slf4j/jul-to-slf4j/1.7.36/jul-to-slf4j-1.7.36.jar:/Users/pranavsnayak/.m2/repository/jakarta/annotation/jakarta.annotation-api/1.3.5/jakarta.annotation-api-1.3.5.jar:/Users/pranavsnayak/.m2/repository/org/yaml/snakeyaml/1.30/snakeyaml-1.30.jar:/Users/pranavsnayak/.m2/repository/org/springframework/boot/spring-boot-starter-json/2.7.10/spring-boot-starter-json-2.7.10.jar:/Users/pranavsnayak/.m2/repository/com/fasterxml/jackson/datatype/jackson-datatype-jdk8/2.13.5/jackson-datatype-jdk8-2.13.5.jar:/Users/pranavsnayak/.m2/repository/com/fasterxml/jackson/datatype/jackson-datatype-jsr310/2.13.5/jackson-datatype-jsr310-2.13.5.jar:/Users/pranavsnayak/.m2/repository/com/fasterxml/jackson/module/jackson-module-parameter-names/2.13.5/jackson-module-parameter-names-2.13.5.jar:/Users/pranavsnayak/.m2/repository/org/springframework/boot/spring-boot-starter-tomcat/2.7.10/spring-boot-starter-tomcat-2.7.10.jar:/Users/pranavsnayak/.m2/repository/org/apache/tomcat/embed/tomcat-embed-core/9.0.73/tomcat-embed-core-9.0.73.jar:/Users/pranavsnayak/.m2/repository/org/apache/tomcat/embed/tomcat-embed-el/9.0.73/tomcat-embed-el-9.0.73.jar:/Users/pranavsnayak/.m2/repository/org/apache/tomcat/embed/tomcat-embed-websocket/9.0.73/tomcat-embed-websocket-9.0.73.jar:/Users/pranavsnayak/.m2/repository/org/springframework/spring-web/5.3.26/spring-web-5.3.26.jar:/Users/pranavsnayak/.m2/repository/org/springframework/spring-beans/5.3.26/spring-beans-5.3.26.jar:/Users/pranavsnayak/.m2/repository/org/springframework/spring-webmvc/5.3.26/spring-webmvc-5.3.26.jar:/Users/pranavsnayak/.m2/repository/org/springframework/spring-aop/5.3.26/spring-aop-5.3.26.jar:/Users/pranavsnayak/.m2/repository/org/springframework/spring-context/5.3.26/spring-context-5.3.26.jar:/Users/pranavsnayak/.m2/repository/org/springframework/spring-expression/5.3.26/spring-expression-5.3.26.jar:/Users/pranavsnayak/.m2/repository/com/fasterxml/jackson/core/jackson-databind/2.15.2/jackson-databind-2.15.2.jar:/Users/pranavsnayak/.m2/repository/com/fasterxml/jackson/core/jackson-annotations/2.13.5/jackson-annotations-2.13.5.jar:/Users/pranavsnayak/.m2/repository/com/fasterxml/jackson/core/jackson-core/2.13.5/jackson-core-2.13.5.jar:/Users/pranavsnayak/.m2/repository/com/google/maps/google-maps-services/2.2.0/google-maps-services-2.2.0.jar:/Users/pranavsnayak/.m2/repository/com/squareup/okhttp3/okhttp/4.9.3/okhttp-4.9.3.jar:/Users/pranavsnayak/.m2/repository/com/squareup/okio/okio/2.8.0/okio-2.8.0.jar:/Users/pranavsnayak/.m2/repository/org/jetbrains/kotlin/kotlin-stdlib-common/1.6.21/kotlin-stdlib-common-1.6.21.jar:/Users/pranavsnayak/.m2/repository/org/jetbrains/kotlin/kotlin-stdlib/1.6.21/kotlin-stdlib-1.6.21.jar:/Users/pranavsnayak/.m2/repository/org/jetbrains/annotations/13.0/annotations-13.0.jar:/Users/pranavsnayak/.m2/repository/com/google/code/gson/gson/2.9.1/gson-2.9.1.jar:/Users/pranavsnayak/.m2/repository/io/opencensus/opencensus-api/0.31.0/opencensus-api-0.31.0.jar:/Users/pranavsnayak/.m2/repository/io/grpc/grpc-context/1.27.2/grpc-context-1.27.2.jar:/Users/pranavsnayak/.m2/repository/org/slf4j/slf4j-api/1.7.36/slf4j-api-1.7.36.jar:/Users/pranavsnayak/.m2/repository/org/springframework/spring-core/5.3.26/spring-core-5.3.26.jar:/Users/pranavsnayak/.m2/repository/org/springframework/spring-jcl/5.3.26/spring-jcl-5.3.26.jar:/Users/pranavsnayak/.m2/repository/com/google/ortools/ortools-java/9.6.2534/ortools-java-9.6.2534.jar:/Users/pranavsnayak/.m2/repository/com/google/ortools/ortools-linux-x86-64/9.6.2534/ortools-linux-x86-64-9.6.2534.jar:/Users/pranavsnayak/.m2/repository/com/google/ortools/ortools-darwin-x86-64/9.6.2534/ortools-darwin-x86-64-9.6.2534.jar:/Users/pranavsnayak/.m2/repository/com/google/ortools/ortools-win32-x86-64/9.6.2534/ortools-win32-x86-64-9.6.2534.jar:/Users/pranavsnayak/.m2/repository/com/google/ortools/ortools-linux-aarch64/9.6.2534/ortools-linux-aarch64-9.6.2534.jar:/Users/pranavsnayak/.m2/repository/com/google/ortools/ortools-darwin-aarch64/9.6.2534/ortools-darwin-aarch64-9.6.2534.jar:/Users/pranavsnayak/.m2/repository/net/java/dev/jna/jna-platform/5.12.1/jna-platform-5.12.1.jar:/Users/pranavsnayak/.m2/repository/net/java/dev/jna/jna/5.12.1/jna-5.12.1.jar:/Users/pranavsnayak/.m2/repository/com/google/protobuf/protobuf-java/3.21.12/protobuf-java-3.21.12.jar:/Users/pranavsnayak/.m2/repository/org/projectlombok/lombok/1.18.26/lombok-1.18.26.jar:/Applications/IntelliJ IDEA CE.app/Contents/lib/idea_rt.jar
Launcher Type: SUN_STANDARD

[Global flags]
     intx CICompilerCount                          = 4                                         {product} {ergonomic}
     uint ConcGCThreads                            = 2                                         {product} {ergonomic}
     uint G1ConcRefinementThreads                  = 8                                         {product} {ergonomic}
   size_t G1HeapRegionSize                         = 2097152                                   {product} {ergonomic}
    uintx GCDrainStackTargetSize                   = 64                                        {product} {ergonomic}
   size_t InitialHeapSize                          = 268435456                                 {product} {ergonomic}
   size_t MarkStackSize                            = 4194304                                   {product} {ergonomic}
   size_t MaxHeapSize                              = 4294967296                                {product} {ergonomic}
   size_t MaxNewSize                               = 2575302656                                {product} {ergonomic}
   size_t MinHeapDeltaBytes                        = 2097152                                   {product} {ergonomic}
   size_t MinHeapSize                              = 8388608                                   {product} {ergonomic}
    uintx NonNMethodCodeHeapSize                   = 5839564                                {pd product} {ergonomic}
    uintx NonProfiledCodeHeapSize                  = 122909338                              {pd product} {ergonomic}
    uintx ProfiledCodeHeapSize                     = 122909338                              {pd product} {ergonomic}
    uintx ReservedCodeCacheSize                    = 251658240                              {pd product} {ergonomic}
     bool SegmentedCodeCache                       = true                                      {product} {ergonomic}
   size_t SoftMaxHeapSize                          = 4294967296                             {manageable} {ergonomic}
     bool UseCompressedClassPointers               = true                           {product lp64_product} {ergonomic}
     bool UseCompressedOops                        = true                           {product lp64_product} {ergonomic}
     bool UseG1GC                                  = true                                      {product} {ergonomic}
     bool UseNUMA                                  = false                                     {product} {ergonomic}
     bool UseNUMAInterleaving                      = false                                     {product} {ergonomic}

Logging:
Log output configuration:
 #0: stdout all=warning uptime,level,tags foldmultilines=false
 #1: stderr all=off uptime,level,tags foldmultilines=false

Environment Variables:
JAVA_HOME=/opt/homebrew/Cellar/openjdk@11/11.0.18/libexec/openjdk.jdk/Contents/Home
PATH=/opt/homebrew/bin:/opt/homebrew/sbin:/usr/local/bin:/usr/bin:/bin:/usr/sbin:/sbin
SHELL=/bin/zsh
LC_CTYPE=en_IN.UTF-8
TMPDIR=/var/folders/d7/vp65tkvn5fz6yfvv7fxgsbsh0000gn/T/

Active Locale:
LC_ALL=C
LC_COLLATE=C
LC_CTYPE=C
LC_MESSAGES=C
LC_MONETARY=C
LC_NUMERIC=C
LC_TIME=C

Signal Handlers:
   SIGSEGV: _ZL13crash_handleriP9__siginfoPv in libjvm.dylib, mask=11100110000111110111111111111111, flags=SA_RESTART|SA_SIGINFO
    SIGBUS: _ZL13crash_handleriP9__siginfoPv in libjvm.dylib, mask=11100110000111110111111111111111, flags=SA_RESTART|SA_SIGINFO
    SIGFPE: _ZL13crash_handleriP9__siginfoPv in libjvm.dylib, mask=11100110000111110111111111111111, flags=SA_RESTART|SA_SIGINFO
   SIGPIPE: _ZL17javaSignalHandleriP9__siginfoPv in libjvm.dylib, mask=11100110000111110111111111111111, flags=SA_RESTART|SA_SIGINFO
   SIGXFSZ: _ZL17javaSignalHandleriP9__siginfoPv in libjvm.dylib, mask=11100110000111110111111111111111, flags=SA_RESTART|SA_SIGINFO
    SIGILL: _ZL13crash_handleriP9__siginfoPv in libjvm.dylib, mask=11100110000111110111111111111111, flags=SA_RESTART|SA_SIGINFO
   SIGUSR2: _ZL10SR_handleriP9__siginfoP17__darwin_ucontext in libjvm.dylib, mask=00100000000000000000000000000000, flags=SA_RESTART|SA_SIGINFO
    SIGHUP: _ZL11UserHandleriPvS_ in libjvm.dylib, mask=11100110000111110111111111111111, flags=SA_RESTART|SA_SIGINFO
    SIGINT: _ZL11UserHandleriPvS_ in libjvm.dylib, mask=11100110000111110111111111111111, flags=SA_RESTART|SA_SIGINFO
   SIGTERM: _ZL11UserHandleriPvS_ in libjvm.dylib, mask=11100110000111110111111111111111, flags=SA_RESTART|SA_SIGINFO
   SIGQUIT: _ZL11UserHandleriPvS_ in libjvm.dylib, mask=11100110000111110111111111111111, flags=SA_RESTART|SA_SIGINFO
   SIGTRAP: _ZL13crash_handleriP9__siginfoPv in libjvm.dylib, mask=11100110000111110111111111111111, flags=SA_RESTART|SA_SIGINFO


---------------  S Y S T E M  ---------------

OS:
uname: Darwin 21.4.0 Darwin Kernel Version 21.4.0: Mon Feb 21 20:35:58 PST 2022; root:xnu-8020.101.4~2/RELEASE_ARM64_T6000 arm64
OS uptime: 27 days 18:44 hours
rlimit (soft/hard): STACK 8176k/65520k , CORE 0k/infinity , NPROC 2666/4000 , NOFILE 10240/infinity , AS infinity/infinity , CPU infinity/infinity , DATA infinity/infinity , FSIZE infinity/infinity , MEMLOCK infinity/infinity , RSS infinity/infinity
load average: 4.28 4.40 5.44

CPU: total 8 (initial active 8) 0x61:0x0:0x1b588bb3:0, fp, simd, aes, pmull, crc32, lse

Memory: 16k page, physical 16777216k(93184k free), swap 16777216k(830464k free)

vm_info: OpenJDK 64-Bit Server VM (19.0.2+7-44) for bsd-aarch64 JRE (19.0.2+7-44), built on 2022-11-30T18:02:09Z by "mach5one" with clang Apple LLVM 12.0.0 (clang-1200.0.32.29)

END.
