#
# A fatal error has been detected by the Java Runtime Environment:
#
#  SIGSEGV (0xb) at pc=0x0000000155d64c5c, pid=40178, tid=9731
#
# JRE version: OpenJDK Runtime Environment (19.0.2+7) (build 19.0.2+7-44)
# Java VM: OpenJDK 64-Bit Server VM (19.0.2+7-44, mixed mode, sharing, tiered, compressed oops, compressed class ptrs, g1 gc, bsd-aarch64)
# Problematic frame:
# C  [libortools.9.dylib+0x1b0c5c]  _ZN19operations_research16DimensionChecker23AppendPathDemandsToSumsEi+0x18c
#
# No core dump will be written. Core dumps have been disabled. To enable core dumping, try "ulimit -c unlimited" before starting Java again
#
# If you would like to submit a bug report, please visit:
#   https://bugreport.java.com/bugreport/crash.jsp
# The crash happened outside the Java Virtual Machine in native code.
# See problematic frame for where to report the bug.
#

---------------  S U M M A R Y ------------

Command Line: -agentlib:jdwp=transport=dt_socket,address=127.0.0.1:56318,suspend=y,server=n -javaagent:/Users/pranavsnayak/Library/Caches/JetBrains/IdeaIC2022.3/captureAgent/debugger-agent.jar -Dfile.encoding=UTF-8 -Dsun.stdout.encoding=UTF-8 -Dsun.stderr.encoding=UTF-8 com.gdn.tms.routing.RoutingApplication

Host: "MacBookPro18,3" arm64, 8 cores, 16G, Darwin 21.4.0, macOS 12.3 (21E230)
Time: Thu Jul 13 10:50:02 2023 IST elapsed time: 2.180787 seconds (0d 0h 0m 2s)

---------------  T H R E A D  ---------------

Current thread (0x0000000131009e00):  JavaThread "main" [_thread_in_native, id=9731, stack(0x000000016d334000,0x000000016d537000)]

Stack: [0x000000016d334000,0x000000016d537000],  sp=0x000000016d535930,  free space=2054k
Native frames: (J=compiled Java code, j=interpreted, Vv=VM code, C=native code)
C  [libortools.9.dylib+0x1b0c5c]  _ZN19operations_research16DimensionChecker23AppendPathDemandsToSumsEi+0x18c
C  [libortools.9.dylib+0x1b09f4]  _ZN19operations_research16DimensionChecker6CommitEv+0x15c
C  [libortools.9.dylib+0x1b4c70]  _ZN19operations_research24LocalSearchFilterManager11SynchronizeEPKNS_10AssignmentES3_+0x120
C  [libortools.9.dylib+0x2ab124]  _ZN19operations_research23IntVarFilteredHeuristic8EvaluateEb+0x12c
C  [libortools.9.dylib+0x2b7b74]  _ZN19operations_research39LocalCheapestInsertionFilteredHeuristic21BuildSolutionInternalEv+0xa64
C  [libortools.9.dylib+0x2aae38]  _ZN19operations_research24RoutingFilteredHeuristic23BuildSolutionFromRoutesERKNSt3__18functionIFxxEEE+0x118
C  [libortools.9.dylib+0x296728]  _ZN19operations_research36FilteredHeuristicLocalSearchOperator25MakeChangesAndInsertNodesEv+0x8c
C  [libortools.9.dylib+0x296678]  _ZN19operations_research36FilteredHeuristicLocalSearchOperator15MakeOneNeighborEv+0x4c
C  [libortools.9.dylib+0x1a19e4]  _ZN19operations_research25IntVarLocalSearchOperator16MakeNextNeighborEPNS_10AssignmentES2_+0x1ac
C  [libortools.9.dylib+0x1b83f4]  _ZN19operations_research12_GLOBAL__N_116CompoundOperator16MakeNextNeighborEPNS_10AssignmentES3_+0x90
C  [libortools.9.dylib+0x1b83f4]  _ZN19operations_research12_GLOBAL__N_116CompoundOperator16MakeNextNeighborEPNS_10AssignmentES3_+0x90
C  [libortools.9.dylib+0x1b5344]  _ZN19operations_research15FindOneNeighbor4NextEPNS_6SolverE+0x1e4
C  [libortools.9.dylib+0x10a174]  _ZN19operations_research6Solver12NextSolutionEv+0x538
C  [libortools.9.dylib+0x10c570]  _ZN19operations_research6Solver14SolveAndCommitEPNS_15DecisionBuilderERKNSt3__16vectorIPNS_13SearchMonitorENS3_9allocatorIS6_EEEE+0x30
C  [libortools.9.dylib+0x1c8c78]  _ZN19operations_research12_GLOBAL__N_119NestedSolveDecision5ApplyEPNS_6SolverE+0x5c
C  [libortools.9.dylib+0x10a324]  _ZN19operations_research6Solver12NextSolutionEv+0x6e8
C  [libortools.9.dylib+0x108fd0]  _ZN19operations_research6Solver5SolveEPNS_15DecisionBuilderERKNSt3__16vectorIPNS_13SearchMonitorENS3_9allocatorIS6_EEEE+0x2c
C  [libortools.9.dylib+0x219a6c]  _ZN19operations_research12RoutingModel34SolveFromAssignmentsWithParametersERKNSt3__16vectorIPKNS_10AssignmentENS1_9allocatorIS5_EEEERKNS_23RoutingSearchParametersEPS8_+0xa0c
C  [libortools.9.dylib+0x218b4c]  _ZN19operations_research12RoutingModel19SolveWithParametersERKNS_23RoutingSearchParametersEPNSt3__16vectorIPKNS_10AssignmentENS4_9allocatorIS8_EEEE+0x50
C  [libjniortools.dylib+0x8d57c]  Java_com_google_ortools_constraintsolver_mainJNI_RoutingModel_1solveWithParameters+0x100
j  com.google.ortools.constraintsolver.mainJNI.RoutingModel_solveWithParameters(JLcom/google/ortools/constraintsolver/RoutingModel;[B)J+0
j  com.google.ortools.constraintsolver.RoutingModel.solveWithParameters(Lcom/google/ortools/constraintsolver/RoutingSearchParameters;)Lcom/google/ortools/constraintsolver/Assignment;+9
j  com.gdn.tms.routing.service.impl.algorithms.ortools.ORVRPMultiPickDeliveriesService.run(DDDJLjava/util/List;)Ljava/util/List;+315
j  com.gdn.tms.routing.RoutingApplication.run([Ljava/lang/String;)V+129
j  org.springframework.boot.SpringApplication.callRunner(Lorg/springframework/boot/CommandLineRunner;Lorg/springframework/boot/ApplicationArguments;)V+7
j  org.springframework.boot.SpringApplication.callRunners(Lorg/springframework/context/ApplicationContext;Lorg/springframework/boot/ApplicationArguments;)V+119
j  org.springframework.boot.SpringApplication.run([Ljava/lang/String;)Lorg/springframework/context/ConfigurableApplicationContext;+169
j  org.springframework.boot.SpringApplication.run([Ljava/lang/Class;[Ljava/lang/String;)Lorg/springframework/context/ConfigurableApplicationContext;+9
j  org.springframework.boot.SpringApplication.run(Ljava/lang/Class;[Ljava/lang/String;)Lorg/springframework/context/ConfigurableApplicationContext;+9
j  com.gdn.tms.routing.RoutingApplication.main([Ljava/lang/String;)V+3
v  ~StubRoutines::call_stub 0x000000011421c140
V  [libjvm.dylib+0x4e4320]  _ZN9JavaCalls11call_helperEP9JavaValueRK12methodHandleP17JavaCallArgumentsP10JavaThread+0x38c
V  [libjvm.dylib+0x54b0f0]  _ZL17jni_invoke_staticP7JNIEnv_P9JavaValueP8_jobject11JNICallTypeP10_jmethodIDP18JNI_ArgumentPusherP10JavaThread+0x12c
V  [libjvm.dylib+0x54e444]  jni_CallStaticVoidMethod+0x118
C  [libjli.dylib+0x9978]  JavaMain+0x9d4
C  [libjli.dylib+0xbce4]  ThreadJavaMain+0xc
C  [libsystem_pthread.dylib+0x726c]  _pthread_start+0x94

Java frames: (J=compiled Java code, j=interpreted, Vv=VM code)
j  com.google.ortools.constraintsolver.mainJNI.RoutingModel_solveWithParameters(JLcom/google/ortools/constraintsolver/RoutingModel;[B)J+0
j  com.google.ortools.constraintsolver.RoutingModel.solveWithParameters(Lcom/google/ortools/constraintsolver/RoutingSearchParameters;)Lcom/google/ortools/constraintsolver/Assignment;+9
j  com.gdn.tms.routing.service.impl.algorithms.ortools.ORVRPMultiPickDeliveriesService.run(DDDJLjava/util/List;)Ljava/util/List;+315
j  com.gdn.tms.routing.RoutingApplication.run([Ljava/lang/String;)V+129
j  org.springframework.boot.SpringApplication.callRunner(Lorg/springframework/boot/CommandLineRunner;Lorg/springframework/boot/ApplicationArguments;)V+7
j  org.springframework.boot.SpringApplication.callRunners(Lorg/springframework/context/ApplicationContext;Lorg/springframework/boot/ApplicationArguments;)V+119
j  org.springframework.boot.SpringApplication.run([Ljava/lang/String;)Lorg/springframework/context/ConfigurableApplicationContext;+169
j  org.springframework.boot.SpringApplication.run([Ljava/lang/Class;[Ljava/lang/String;)Lorg/springframework/context/ConfigurableApplicationContext;+9
j  org.springframework.boot.SpringApplication.run(Ljava/lang/Class;[Ljava/lang/String;)Lorg/springframework/context/ConfigurableApplicationContext;+9
j  com.gdn.tms.routing.RoutingApplication.main([Ljava/lang/String;)V+3
v  ~StubRoutines::call_stub 0x000000011421c140

siginfo: si_signo: 11 (SIGSEGV), si_code: 2 (SEGV_ACCERR), si_addr: 0x000060004b3814f0

Registers:
 x0=0x0000000000000000  x1=0x0000000000000000  x2=0x000000000000000b  x3=0x0000000151bb7ad0
 x4=0x0000000114269f00  x5=0x000000016d535718  x6=0x0000000100000003  x7=0x0000000131009e00
 x8=0x00006000031a8a50  x9=0x0000000000000000 x10=0x0000000000000000 x11=0x0000000000000000
x12=0x0000000000000000 x13=0x0000000000000000 x14=0x0000000000000046 x15=0x00000000ffff7dff
x16=0x00000001b1792f5c x17=0x0000600001110200 x18=0x0000000000000000 x19=0x0000600000036a30
x20=0x0000000000000000 x21=0x0000000000000046 x22=0x0000000000000000 x23=0x0000600000a25160
x24=0x0000000000000052 x25=0x7fffffffffffffff x26=0x0000000000000000 x27=0x0000000000000046
x28=0x00000000120762a8  fp=0x000000016d5359f0  lr=0x0000000155d64bfc  sp=0x000000016d535930
pc=0x0000000155d64c5c cpsr=0x0000000040001000

Register to memory mapping:

 x0=0x0 is NULL
 x1=0x0 is NULL
 x2=0x000000000000000b is an unknown value
 x3={method} {0x0000000151bb7ad0} 'applyAsLong' '(J)J' in 'com/gdn/tms/routing/service/impl/constraints/CapacityConstraint$$Lambda$686+0x00000008013bd768'
 x4=0x0000000114269f00 is at code_begin+0 in an AdapterHandler
Adapter for signature: 0x0000000114269f00 is at code_begin+0 in 
[CodeBlob (0x0000000114269e90)]
Framesize: 0
BufferBlob (0x0000000114269e90) used for I2C/C2I adapters
 x5=0x000000016d535718 is pointing into the stack for thread: 0x0000000131009e00
 x6=0x0000000100000003 is an unknown value
 x7=0x0000000131009e00 is a thread
 x8=0x00006000031a8a50 points into unknown readable memory: 0x0000003500000051 | 51 00 00 00 35 00 00 00
 x9=0x0 is NULL
x10=0x0 is NULL
x11=0x0 is NULL
x12=0x0 is NULL
x13=0x0 is NULL
x14=0x0000000000000046 is an unknown value
x15=0x00000000ffff7dff is an unknown value
x16=0x00000001b1792f5c: pthread_jit_write_protect_np+0 in /usr/lib/system/libsystem_pthread.dylib at 0x00000001b178b000
x17=0x0000600001110200 points into unknown readable memory: 0x00000000ffffffff | ff ff ff ff 00 00 00 00
x18=0x0 is NULL
x19=0x0000600000036a30 points into unknown readable memory: 0x0000600000a24840 | 40 48 a2 00 00 60 00 00
x20=0x0 is NULL
x21=0x0000000000000046 is an unknown value
x22=0x0 is NULL
x23=0x0000600000a25160 points into unknown readable memory: 0x000000090000000b | 0b 00 00 00 09 00 00 00
x24=0x0000000000000052 is an unknown value
x25=0x7fffffffffffffff: _dyld_private+0xfd49ffaf in /Users/pranavsnayak/Library/Java/JavaVirtualMachines/openjdk-19.0.2/Contents/Home/bin/java at 0x0000000102b58000
x26=0x0 is NULL
x27=0x0000000000000046 is an unknown value
x28=0x00000000120762a8 is an unknown value


Top of Stack: (sp=0x000000016d535930)
0x000000016d535930:   0000000000000000 0000000120763da0
0x000000016d535940:   0000000000000000 0000600000036a30
0x000000016d535950:   0000600000a25178 0000000120763de8
0x000000016d535960:   0000000000000051 0000600000a25160
0x000000016d535970:   00000000120762a8 0000000120763fa0
0x000000016d535980:   0000000000000000 0000000000000046
0x000000016d535990:   00000000120762a8 0000000000000000
0x000000016d5359a0:   0000000000000000 0000600003ced860
0x000000016d5359b0:   0000000000000000 7fffffffffffffff
0x000000016d5359c0:   0000600001175c00 0000600001175c50
0x000000016d5359d0:   0000600003cece24 0000600003cece28
0x000000016d5359e0:   000000000000001c 0000600000036a30
0x000000016d5359f0:   000000016d535a20 0000000155d649f4
0x000000016d535a00:   00006000031a8a80 0000600002524680
0x000000016d535a10:   0000600000037570 0000600000037660
0x000000016d535a20:   000000016d535a80 0000000155d68c70
0x000000016d535a30:   0000000000000000 0000600003ced860
0x000000016d535a40:   0000000000000001 000000012075b568
0x000000016d535a50:   0000600000a25110 0000000000000108
0x000000016d535a60:   0000600000a25140 0000000000000108
0x000000016d535a70:   0000600000037660 000000012075b3b0
0x000000016d535a80:   000000016d535ad0 0000000155e5f124
0x000000016d535a90:   0000000000000001 000000012075b568
0x000000016d535aa0:   0000600000a25110 0000000000000108
0x000000016d535ab0:   0000600000a25140 0000000000000108
0x000000016d535ac0:   0000000000000008 000000012075b3b0
0x000000016d535ad0:   000000016d535c10 0000000155e6bb74
0x000000016d535ae0:   000000012075b568 0000000156f51950
0x000000016d535af0:   000000016d535b38 00006000025235b0
0x000000016d535b00:   0000600003912fa0 0000600003912fa0
0x000000016d535b10:   0000600003912fc0 0000000156f51950
0x000000016d535b20:   0000600000a25140 0000600000a25140 

Instructions: (pc=0x0000000155d64c5c)
0x0000000155d64b5c:   f90017e9 b98002e9 a9002fef 8b090d6b
0x0000000155d64b6c:   a94025aa cb0a0129 d345fd38 d37df1e9
0x0000000155d64b7c:   b8696908 92f00019 14000006 11000718
0x0000000155d64b8c:   f94023e8 f94013e9 eb0902ff 54001c80
0x0000000155d64b9c:   b9400169 93407d3c a9042fe9 6b09011f
0x0000000155d64bac:   540000e1 d280000b d280000c d2800009
0x0000000155d64bbc:   d280000a 93407d14 14000015 f9401e69
0x0000000155d64bcc:   93407d14 f81a83b4 f90033fc f9400be8
0x0000000155d64bdc:   8b081528 f9400d00 b4001ca0 f9400008
0x0000000155d64bec:   f9401908 d10163a1 910183e2 d63f0100
0x0000000155d64bfc:   d2f00008 eb08001f 9a8003ea 1a9f17e9
0x0000000155d64c0c:   eb19003f 9a8103ec 1a9f17eb 8b5bff28
0x0000000155d64c1c:   ab0a036d 9a8d611b 8b5aff28 ab09034d
0x0000000155d64c2c:   9a8d611a 8b55ff28 ab0c02ad 9a8d610e
0x0000000155d64c3c:   8b56ff28 ab0b02cd 9a8d610d f9402a68
0x0000000155d64c4c:   8b141508 a900250a a9012d0c f9404268
0x0000000155d64c5c:   b83c7918 f9404e74 a940a688 eb09011f
0x0000000155d64c6c:   a9053bed a9035ff8 540000c0 a900691b
0x0000000155d64c7c:   a901350e 91008108 f9000688 14000026
0x0000000155d64c8c:   f9400295 cb150116 9345fed9 91000728
0x0000000155d64c9c:   d37bfd09 b5001669 9344fec9 eb08013f
0x0000000155d64cac:   9a893108 92ff8009 eb09033f 92ff0009
0x0000000155d64cbc:   9a893108 d37bfd09 b5001589 d37be917
0x0000000155d64ccc:   aa1703e0 943ea5b4 aa0003f8 8b191419
0x0000000155d64cdc:   a9006b3b a94527e8 a9012329 f10006df
0x0000000155d64cec:   540000ab aa1803e0 aa1503e1 aa1603e2
0x0000000155d64cfc:   943ea6d8 8b170308 91008329 a9002698
0x0000000155d64d0c:   f9000a88 92f00019 b4000075 aa1503e0
0x0000000155d64d1c:   943ea59b f9405a74 f9403668 8b1c1518
0x0000000155d64d2c:   a940a688 eb09011f 540000a0 ad400700
0x0000000155d64d3c:   ac810500 f9000688 1400002a f9400295
0x0000000155d64d4c:   cb150116 9345fed9 91000728 d37bfd09 


Stack slot to memory mapping:
stack at sp + 0 slots: 0x0 is NULL
stack at sp + 1 slots: 0x0000000120763da0 points into unknown readable memory: 0x0000000000000000 | 00 00 00 00 00 00 00 00
stack at sp + 2 slots: 0x0 is NULL
stack at sp + 3 slots: 0x0000600000036a30 points into unknown readable memory: 0x0000600000a24840 | 40 48 a2 00 00 60 00 00
stack at sp + 4 slots: 0x0000600000a25178 points into unknown readable memory: 0x0000000000000000 | 00 00 00 00 00 00 00 00
stack at sp + 5 slots: 0x0000000120763de8 points into unknown readable memory: 0xffffffff00000006 | 06 00 00 00 ff ff ff ff
stack at sp + 6 slots: 0x0000000000000051 is an unknown value
stack at sp + 7 slots: 0x0000600000a25160 points into unknown readable memory: 0x000000090000000b | 0b 00 00 00 09 00 00 00


---------------  P R O C E S S  ---------------

Threads class SMR info:
_java_thread_list=0x0000600003ec45e0, length=30, elements={
0x0000000131009e00, 0x0000000130831e00, 0x000000013082e600, 0x000000013082ec00,
0x000000013082f200, 0x000000013082f800, 0x000000013082c000, 0x000000013082c600,
0x000000013082cc00, 0x00000001318a6200, 0x0000000131097600, 0x0000000131096600,
0x000000013082d200, 0x000000013201a400, 0x000000013114f200, 0x000000013117ba00,
0x000000011f064000, 0x000000013118f800, 0x0000000131c23000, 0x0000000131c2d600,
0x0000000131c2dc00, 0x0000000131c2a400, 0x0000000131c2aa00, 0x00000001309cc000,
0x00000001309cc600, 0x000000013118fe00, 0x000000011f96cc00, 0x0000000131c27a00,
0x0000000131c2b000, 0x0000000131c29e00
}

Java Threads: ( => current thread )
=>0x0000000131009e00 JavaThread "main" [_thread_in_native, id=9731, stack(0x000000016d334000,0x000000016d537000)]
  0x0000000130831e00 JavaThread "Reference Handler" daemon [_thread_blocked, id=43267, stack(0x000000016e2a0000,0x000000016e4a3000)]
  0x000000013082e600 JavaThread "Finalizer" daemon [_thread_blocked, id=22531, stack(0x000000016e4ac000,0x000000016e6af000)]
  0x000000013082ec00 JavaThread "Signal Dispatcher" daemon [_thread_blocked, id=22787, stack(0x000000016e6b8000,0x000000016e8bb000)]
  0x000000013082f200 JavaThread "Service Thread" daemon [_thread_blocked, id=42243, stack(0x000000016e8c4000,0x000000016eac7000)]
  0x000000013082f800 JavaThread "Monitor Deflation Thread" daemon [_thread_blocked, id=41731, stack(0x000000016ead0000,0x000000016ecd3000)]
  0x000000013082c000 JavaThread "C2 CompilerThread0" daemon [_thread_blocked, id=23299, stack(0x000000016ecdc000,0x000000016eedf000)]
  0x000000013082c600 JavaThread "C1 CompilerThread0" daemon [_thread_blocked, id=23555, stack(0x000000016eee8000,0x000000016f0eb000)]
  0x000000013082cc00 JavaThread "Sweeper thread" daemon [_thread_blocked, id=24067, stack(0x000000016f0f4000,0x000000016f2f7000)]
  0x00000001318a6200 JavaThread "Common-Cleaner" daemon [_thread_blocked, id=41219, stack(0x000000016f300000,0x000000016f503000)]
  0x0000000131097600 JavaThread "JDWP Transport Listener: dt_socket" daemon [_thread_blocked, id=40711, stack(0x000000016f50c000,0x000000016f70f000)]
  0x0000000131096600 JavaThread "JDWP Event Helper Thread" daemon [_thread_blocked, id=40195, stack(0x000000016f718000,0x000000016f91b000)]
  0x000000013082d200 JavaThread "JDWP Command Reader" daemon [_thread_in_native, id=39939, stack(0x000000016f924000,0x000000016fb27000)]
  0x000000013201a400 JavaThread "Notification Thread" daemon [_thread_blocked, id=24835, stack(0x000000016fb30000,0x000000016fd33000)]
  0x000000013114f200 JavaThread "Catalina-utility-1" [_thread_blocked, id=37123, stack(0x0000000179064000,0x0000000179267000)]
  0x000000013117ba00 JavaThread "Catalina-utility-2" [_thread_blocked, id=27651, stack(0x0000000179270000,0x0000000179473000)]
  0x000000011f064000 JavaThread "container-0" [_thread_blocked, id=27907, stack(0x000000017947c000,0x000000017967f000)]
  0x000000013118f800 JavaThread "http-nio-8080-exec-1" daemon [_thread_blocked, id=36099, stack(0x0000000179688000,0x000000017988b000)]
  0x0000000131c23000 JavaThread "http-nio-8080-exec-2" daemon [_thread_blocked, id=35843, stack(0x0000000179894000,0x0000000179a97000)]
  0x0000000131c2d600 JavaThread "http-nio-8080-exec-3" daemon [_thread_blocked, id=28419, stack(0x0000000179aa0000,0x0000000179ca3000)]
  0x0000000131c2dc00 JavaThread "http-nio-8080-exec-4" daemon [_thread_blocked, id=35331, stack(0x0000000179cac000,0x0000000179eaf000)]
  0x0000000131c2a400 JavaThread "http-nio-8080-exec-5" daemon [_thread_blocked, id=28931, stack(0x0000000179eb8000,0x000000017a0bb000)]
  0x0000000131c2aa00 JavaThread "http-nio-8080-exec-6" daemon [_thread_blocked, id=34563, stack(0x000000017a0c4000,0x000000017a2c7000)]
  0x00000001309cc000 JavaThread "http-nio-8080-exec-7" daemon [_thread_blocked, id=34051, stack(0x000000017a2d0000,0x000000017a4d3000)]
  0x00000001309cc600 JavaThread "http-nio-8080-exec-8" daemon [_thread_blocked, id=29187, stack(0x000000017a4dc000,0x000000017a6df000)]
  0x000000013118fe00 JavaThread "http-nio-8080-exec-9" daemon [_thread_blocked, id=33283, stack(0x000000017a6e8000,0x000000017a8eb000)]
  0x000000011f96cc00 JavaThread "http-nio-8080-exec-10" daemon [_thread_blocked, id=29443, stack(0x000000017a8f4000,0x000000017aaf7000)]
  0x0000000131c27a00 JavaThread "http-nio-8080-Poller" daemon [_thread_in_native, id=29699, stack(0x000000017ab00000,0x000000017ad03000)]
  0x0000000131c2b000 JavaThread "http-nio-8080-Acceptor" daemon [_thread_in_native, id=32515, stack(0x000000017ad0c000,0x000000017af0f000)]
  0x0000000131c29e00 JavaThread "Keep-Alive-Timer" daemon [_thread_blocked, id=32259, stack(0x000000017af18000,0x000000017b11b000)]

Other Threads:
  0x0000000120604760 VMThread "VM Thread" [stack: 0x000000016df7c000,0x000000016e17f000] [id=15875]
  0x000000012060ae00 WatcherThread "VM Periodic Task Thread" [stack: 0x000000016fd3c000,0x000000016ff3f000] [id=25347]
  0x0000000120706aa0 WorkerThread "GC Thread#0" [stack: 0x000000016d540000,0x000000016d743000] [id=12803]
  0x000000012071b120 WorkerThread "GC Thread#1" [stack: 0x0000000178004000,0x0000000178207000] [id=39171]
  0x0000000120610840 WorkerThread "GC Thread#2" [stack: 0x0000000178210000,0x0000000178413000] [id=25603]
  0x0000000120610ce0 WorkerThread "GC Thread#3" [stack: 0x000000017841c000,0x000000017861f000] [id=38403]
  0x0000000120611180 WorkerThread "GC Thread#4" [stack: 0x0000000178628000,0x000000017882b000] [id=26115]
  0x0000000120611620 WorkerThread "GC Thread#5" [stack: 0x0000000178834000,0x0000000178a37000] [id=38147]
  0x000000012071b910 WorkerThread "GC Thread#6" [stack: 0x0000000178a40000,0x0000000178c43000] [id=26627]
  0x0000000103b2fe20 WorkerThread "GC Thread#7" [stack: 0x0000000178c4c000,0x0000000178e4f000] [id=37635]
  0x0000000120707170 ConcurrentGCThread "G1 Main Marker" [stack: 0x000000016d74c000,0x000000016d94f000] [id=20483]
  0x0000000120707a10 WorkerThread "G1 Conc#0" [stack: 0x000000016d958000,0x000000016db5b000] [id=19715]
  0x0000000103a22e70 WorkerThread "G1 Conc#1" [stack: 0x0000000178e58000,0x000000017905b000] [id=27403]
  0x00000001207098a0 ConcurrentGCThread "G1 Refine#0" [stack: 0x000000016db64000,0x000000016dd67000] [id=14083]
  0x0000000130604d00 ConcurrentGCThread "G1 Service" [stack: 0x000000016dd70000,0x000000016df73000] [id=14339]

Threads with active compile tasks:

VM state: not at safepoint (normal execution)

VM Mutex/Monitor currently owned by a thread: None

Heap address: 0x0000000700000000, size: 4096 MB, Compressed Oops mode: Zero based, Oop shift amount: 3

CDS archive(s) mapped at: [0x0000000800000000-0x0000000800c44000-0x0000000800c44000), size 12861440, SharedBaseAddress: 0x0000000800000000, ArchiveRelocationMode: 0.
Compressed class space mapped at: 0x0000000801000000-0x0000000841000000, reserved size: 1073741824
Narrow klass base: 0x0000000800000000, Narrow klass shift: 0, Narrow klass range: 0x100000000

GC Precious Log:
 CardTable entry size: 512
 Card Set container configuration: InlinePtr #cards 4 size 8 Array Of Cards #cards 16 size 48 Howl #buckets 8 coarsen threshold 3686 Howl Bitmap #cards 512 size 80 coarsen threshold 460 Card regions per heap region 1 cards per card region 4096
 CPUs: 8 total, 8 available
 Memory: 16384M
 Large Page Support: Disabled
 NUMA Support: Disabled
 Compressed Oops: Enabled (Zero based)
 Heap Region Size: 2M
 Heap Min Capacity: 8M
 Heap Initial Capacity: 256M
 Heap Max Capacity: 4G
 Pre-touch: Disabled
 Parallel Workers: 8
 Concurrent Workers: 2
 Concurrent Refinement Workers: 8
 Periodic GC: Disabled

Heap:
 garbage-first heap   total 69632K, used 30361K [0x0000000700000000, 0x0000000800000000)
  region size 2048K, 10 young (20480K), 1 survivors (2048K)
 Metaspace       used 33229K, committed 33600K, reserved 1114112K
  class space    used 3785K, committed 3968K, reserved 1048576K

Heap Regions: E=young(eden), S=young(survivor), O=old, HS=humongous(starts), HC=humongous(continues), CS=collection set, F=free, OA=open archive, CA=closed archive, TAMS=top-at-mark-start (previous, next)
|   0|0x0000000700000000, 0x0000000700000000, 0x0000000700200000|  0%| F|  |TAMS 0x0000000700000000, 0x0000000700000000| Untracked 
|   1|0x0000000700200000, 0x0000000700400000, 0x0000000700400000|100%| O|  |TAMS 0x0000000700200000, 0x0000000700200000| Untracked 
|   2|0x0000000700400000, 0x0000000700600000, 0x0000000700600000|100%| O|  |TAMS 0x0000000700400000, 0x0000000700400000| Untracked 
|   3|0x0000000700600000, 0x0000000700800000, 0x0000000700800000|100%| O|  |TAMS 0x0000000700600000, 0x0000000700600000| Untracked 
|   4|0x0000000700800000, 0x0000000700a00000, 0x0000000700a00000|100%| O|  |TAMS 0x0000000700800000, 0x0000000700800000| Untracked 
|   5|0x0000000700a00000, 0x0000000700c00000, 0x0000000700c00000|100%| O|  |TAMS 0x0000000700a00000, 0x0000000700a00000| Untracked 
|   6|0x0000000700c00000, 0x0000000700e00000, 0x0000000700e00000|100%| O|  |TAMS 0x0000000700c00000, 0x0000000700c00000| Untracked 
|   7|0x0000000700e00000, 0x0000000700e00000, 0x0000000701000000|  0%| F|  |TAMS 0x0000000700e00000, 0x0000000700e00000| Untracked 
|   8|0x0000000701000000, 0x0000000701000000, 0x0000000701200000|  0%| F|  |TAMS 0x0000000701000000, 0x0000000701000000| Untracked 
|   9|0x0000000701200000, 0x0000000701200000, 0x0000000701400000|  0%| F|  |TAMS 0x0000000701200000, 0x0000000701200000| Untracked 
|  10|0x0000000701400000, 0x0000000701479e00, 0x0000000701600000| 23%| O|  |TAMS 0x0000000701400000, 0x0000000701400000| Untracked 
|  11|0x0000000701600000, 0x0000000701600000, 0x0000000701800000|  0%| F|  |TAMS 0x0000000701600000, 0x0000000701600000| Untracked 
|  12|0x0000000701800000, 0x0000000701800000, 0x0000000701a00000|  0%| F|  |TAMS 0x0000000701800000, 0x0000000701800000| Untracked 
|  13|0x0000000701a00000, 0x0000000701a00000, 0x0000000701c00000|  0%| F|  |TAMS 0x0000000701a00000, 0x0000000701a00000| Untracked 
|  14|0x0000000701c00000, 0x0000000701c00000, 0x0000000701e00000|  0%| F|  |TAMS 0x0000000701c00000, 0x0000000701c00000| Untracked 
|  15|0x0000000701e00000, 0x0000000701e00000, 0x0000000702000000|  0%| F|  |TAMS 0x0000000701e00000, 0x0000000701e00000| Untracked 
|  16|0x0000000702000000, 0x0000000702000000, 0x0000000702200000|  0%| F|  |TAMS 0x0000000702000000, 0x0000000702000000| Untracked 
|  17|0x0000000702200000, 0x0000000702200000, 0x0000000702400000|  0%| F|  |TAMS 0x0000000702200000, 0x0000000702200000| Untracked 
|  18|0x0000000702400000, 0x0000000702400000, 0x0000000702600000|  0%| F|  |TAMS 0x0000000702400000, 0x0000000702400000| Untracked 
|  19|0x0000000702600000, 0x0000000702600000, 0x0000000702800000|  0%| F|  |TAMS 0x0000000702600000, 0x0000000702600000| Untracked 
|  20|0x0000000702800000, 0x0000000702800000, 0x0000000702a00000|  0%| F|  |TAMS 0x0000000702800000, 0x0000000702800000| Untracked 
|  21|0x0000000702a00000, 0x0000000702a00000, 0x0000000702c00000|  0%| F|  |TAMS 0x0000000702a00000, 0x0000000702a00000| Untracked 
|  22|0x0000000702c00000, 0x0000000702c50578, 0x0000000702e00000| 15%| E|  |TAMS 0x0000000702c00000, 0x0000000702c00000| Complete 
|  23|0x0000000702e00000, 0x0000000703000000, 0x0000000703000000|100%| E|CS|TAMS 0x0000000702e00000, 0x0000000702e00000| Complete 
|  24|0x0000000703000000, 0x0000000703200000, 0x0000000703200000|100%| E|  |TAMS 0x0000000703000000, 0x0000000703000000| Complete 
| 106|0x000000070d400000, 0x000000070d600000, 0x000000070d600000|100%| E|CS|TAMS 0x000000070d400000, 0x000000070d400000| Complete 
| 107|0x000000070d600000, 0x000000070d800000, 0x000000070d800000|100%| E|CS|TAMS 0x000000070d600000, 0x000000070d600000| Complete 
| 108|0x000000070d800000, 0x000000070da00000, 0x000000070da00000|100%| E|CS|TAMS 0x000000070d800000, 0x000000070d800000| Complete 
| 109|0x000000070da00000, 0x000000070dc00000, 0x000000070dc00000|100%| E|CS|TAMS 0x000000070da00000, 0x000000070da00000| Complete 
| 110|0x000000070dc00000, 0x000000070de00000, 0x000000070de00000|100%| E|CS|TAMS 0x000000070dc00000, 0x000000070dc00000| Complete 
| 126|0x000000070fc00000, 0x000000070fd347c0, 0x000000070fe00000| 60%| S|CS|TAMS 0x000000070fc00000, 0x000000070fc00000| Complete 
| 127|0x000000070fe00000, 0x0000000710000000, 0x0000000710000000|100%| E|CS|TAMS 0x000000070fe00000, 0x000000070fe00000| Complete 
|2046|0x00000007ffc00000, 0x00000007ffd78000, 0x00000007ffe00000| 73%|OA|  |TAMS 0x00000007ffd78000, 0x00000007ffc00000| Untracked 
|2047|0x00000007ffe00000, 0x00000007ffe80000, 0x0000000800000000| 25%|CA|  |TAMS 0x00000007ffe00000, 0x00000007ffe00000| Untracked 

Card table byte_map: [0x000000011bce8000,0x000000011c4e8000] _byte_map_base: 0x00000001184e8000

Marking Bits (Prev, Next): (CMBitMap*) 0x000000013100e650, (CMBitMap*) 0x000000013100e610
 Prev Bits: [0x0000000132800000, 0x0000000136800000)
 Next Bits: [0x0000000120800000, 0x0000000124800000)

Polling page: 0x0000000102d9c000

Metaspace:

Usage:
  Non-class:     28.75 MB used.
      Class:      3.70 MB used.
       Both:     32.45 MB used.

Virtual space:
  Non-class space:       64.00 MB reserved,      28.94 MB ( 45%) committed,  1 nodes.
      Class space:        1.00 GB reserved,       3.88 MB ( <1%) committed,  1 nodes.
             Both:        1.06 GB reserved,      32.81 MB (  3%) committed. 

Chunk freelists:
   Non-Class:  2.52 MB
       Class:  159.00 KB
        Both:  2.67 MB

MaxMetaspaceSize: unlimited
CompressedClassSpaceSize: 1.00 GB
Initial GC threshold: 21.00 MB
Current GC threshold: 35.62 MB
CDS: on
MetaspaceReclaimPolicy: balanced
 - commit_granule_bytes: 65536.
 - commit_granule_words: 8192.
 - virtual_space_node_default_size: 8388608.
 - enlarge_chunks_in_place: 1.
 - new_chunks_are_fully_committed: 0.
 - uncommit_free_chunks: 1.
 - use_allocation_guard: 0.


Internal statistics:

num_allocs_failed_limit: 6.
num_arena_births: 474.
num_arena_deaths: 0.
num_vsnodes_births: 2.
num_vsnodes_deaths: 0.
num_space_committed: 525.
num_space_uncommitted: 0.
num_chunks_returned_to_freelist: 6.
num_chunks_taken_from_freelist: 1554.
num_chunk_merges: 0.
num_chunk_splits: 1098.
num_chunks_enlarged: 885.
num_inconsistent_stats: 0.

CodeHeap 'non-profiled nmethods': size=120032Kb used=1763Kb max_used=1763Kb free=118268Kb
 bounds [0x00000001147b0000, 0x0000000114a20000, 0x000000011bce8000]
CodeHeap 'profiled nmethods': size=120016Kb used=8705Kb max_used=8705Kb free=111310Kb
 bounds [0x000000010cce8000, 0x000000010d578000, 0x000000011421c000]
CodeHeap 'non-nmethods': size=5712Kb used=1396Kb max_used=1422Kb free=4315Kb
 bounds [0x000000011421c000, 0x000000011448c000, 0x00000001147b0000]
 total_blobs=4447 nmethods=3770 adapters=590
 compilation: enabled
              stopped_count=0, restarted_count=0
 full_count=0

Compilation events (20 events):
Event: 2.173 Thread 0x000000013082c600 3914       3       java.util.Properties::getProperty (50 bytes)
Event: 2.174 Thread 0x000000013082c600 nmethod 3914 0x000000010d565d10 code [0x000000010d565f00, 0x000000010d5664f8]
Event: 2.178 Thread 0x000000013082c600 3915       3       com.google.ortools.constraintsolver.RoutingIndexManager::indexToNode (10 bytes)
Event: 2.178 Thread 0x000000013082c600 nmethod 3915 0x000000010d566690 code [0x000000010d566840, 0x000000010d5669c8]
Event: 2.178 Thread 0x000000013082c600 3917       3       com.gdn.tms.routing.service.impl.algorithms.ortools.ORVRPMultiPickDeliveriesService$$Lambda$683/0x00000008013bd128::applyAsLong (14 bytes)
Event: 2.178 Thread 0x000000013082c600 nmethod 3917 0x000000010d566a90 code [0x000000010d566c40, 0x000000010d566dc8]
Event: 2.178 Thread 0x000000013082c600 3918       3       com.gdn.tms.routing.service.impl.algorithms.ortools.ORVRPMultiPickDeliveriesService::lambda$run$0 (23 bytes)
Event: 2.178 Thread 0x000000013082c600 nmethod 3918 0x000000010d566e90 code [0x000000010d567040, 0x000000010d567238]
Event: 2.178 Thread 0x000000013082c600 3919       1       java.lang.Long::longValue (5 bytes)
Event: 2.178 Thread 0x000000013082c600 nmethod 3919 0x0000000114968990 code [0x0000000114968b40, 0x0000000114968bd8]
Event: 2.178 Thread 0x000000013082c600 3920       1       com.gdn.tms.routing.pojo.ORRoutingContext::getManager (5 bytes)
Event: 2.178 Thread 0x000000013082c600 nmethod 3920 0x0000000114968c90 code [0x0000000114968e40, 0x0000000114968ed8]
Event: 2.178 Thread 0x000000013082c600 3921       3       com.gdn.tms.routing.service.impl.constraints.ortools.PackageCountConstraint$$Lambda$690/0x00000008013bddc8::applyAsLong (5 bytes)
Event: 2.178 Thread 0x000000013082c600 nmethod 3921 0x000000010d567410 code [0x000000010d5675c0, 0x000000010d567798]
Event: 2.178 Thread 0x000000013082c600 3922       3       com.gdn.tms.routing.service.impl.constraints.ortools.PackageCountConstraint::lambda$addConstraint$0 (10 bytes)
Event: 2.179 Thread 0x000000013082c600 nmethod 3922 0x000000010d567890 code [0x000000010d567a40, 0x000000010d567b58]
Event: 2.179 Thread 0x000000013082c600 3923       3       com.gdn.tms.routing.service.impl.constraints.ortools.CapacityConstraint$$Lambda$686/0x00000008013bd768::applyAsLong (13 bytes)
Event: 2.179 Thread 0x000000013082c600 nmethod 3923 0x000000010d567c10 code [0x000000010d567e00, 0x000000010d568088]
Event: 2.179 Thread 0x000000013082c600 3924       3       com.gdn.tms.routing.service.impl.constraints.ortools.CapacityConstraint::lambda$addConstraint$2 (18 bytes)
Event: 2.179 Thread 0x000000013082c600 nmethod 3924 0x000000010d568290 code [0x000000010d568440, 0x000000010d568608]

GC Heap History (10 events):
Event: 0.323 GC heap before
{Heap before GC invocations=0 (full 0):
 garbage-first heap   total 266240K, used 24544K [0x0000000700000000, 0x0000000800000000)
  region size 2048K, 11 young (22528K), 0 survivors (0K)
 Metaspace       used 5181K, committed 5376K, reserved 1114112K
  class space    used 548K, committed 640K, reserved 1048576K
}
Event: 0.325 GC heap after
{Heap after GC invocations=1 (full 0):
 garbage-first heap   total 266240K, used 6387K [0x0000000700000000, 0x0000000800000000)
  region size 2048K, 2 young (4096K), 2 survivors (4096K)
 Metaspace       used 5181K, committed 5376K, reserved 1114112K
  class space    used 548K, committed 640K, reserved 1048576K
}
Event: 0.599 GC heap before
{Heap before GC invocations=1 (full 0):
 garbage-first heap   total 266240K, used 51443K [0x0000000700000000, 0x0000000800000000)
  region size 2048K, 25 young (51200K), 2 survivors (4096K)
 Metaspace       used 15467K, committed 15744K, reserved 1114112K
  class space    used 1826K, committed 1984K, reserved 1048576K
}
Event: 0.601 GC heap after
{Heap after GC invocations=2 (full 0):
 garbage-first heap   total 266240K, used 8904K [0x0000000700000000, 0x0000000800000000)
  region size 2048K, 4 young (8192K), 4 survivors (8192K)
 Metaspace       used 15467K, committed 15744K, reserved 1114112K
  class space    used 1826K, committed 1984K, reserved 1048576K
}
Event: 0.939 GC heap before
{Heap before GC invocations=2 (full 0):
 garbage-first heap   total 266240K, used 41672K [0x0000000700000000, 0x0000000800000000)
  region size 2048K, 21 young (43008K), 4 survivors (8192K)
 Metaspace       used 21232K, committed 21504K, reserved 1114112K
  class space    used 2534K, committed 2688K, reserved 1048576K
}
Event: 0.943 GC heap after
{Heap after GC invocations=3 (full 0):
 garbage-first heap   total 266240K, used 11333K [0x0000000700000000, 0x0000000800000000)
  region size 2048K, 5 young (10240K), 5 survivors (10240K)
 Metaspace       used 21232K, committed 21504K, reserved 1114112K
  class space    used 2534K, committed 2688K, reserved 1048576K
}
Event: 1.250 GC heap before
{Heap before GC invocations=4 (full 0):
 garbage-first heap   total 69632K, used 46149K [0x0000000700000000, 0x0000000800000000)
  region size 2048K, 22 young (45056K), 5 survivors (10240K)
 Metaspace       used 27694K, committed 28096K, reserved 1114112K
  class space    used 3299K, committed 3520K, reserved 1048576K
}
Event: 1.257 GC heap after
{Heap after GC invocations=5 (full 0):
 garbage-first heap   total 69632K, used 14846K [0x0000000700000000, 0x0000000800000000)
  region size 2048K, 3 young (6144K), 3 survivors (6144K)
 Metaspace       used 27694K, committed 28096K, reserved 1114112K
  class space    used 3299K, committed 3520K, reserved 1048576K
}
Event: 1.277 GC heap before
{Heap before GC invocations=5 (full 0):
 garbage-first heap   total 69632K, used 16894K [0x0000000700000000, 0x0000000800000000)
  region size 2048K, 4 young (8192K), 3 survivors (6144K)
 Metaspace       used 28133K, committed 28480K, reserved 1114112K
  class space    used 3350K, committed 3520K, reserved 1048576K
}
Event: 1.280 GC heap after
{Heap after GC invocations=6 (full 0):
 garbage-first heap   total 69632K, used 16025K [0x0000000700000000, 0x0000000800000000)
  region size 2048K, 1 young (2048K), 1 survivors (2048K)
 Metaspace       used 28133K, committed 28480K, reserved 1114112K
  class space    used 3350K, committed 3520K, reserved 1048576K
}

Dll operation events (20 events):
Event: 0.871 Loading shared library /usr/lib/java/liblibtcnative-1.dylib failed, dlopen(/usr/lib/java/liblibtcnative-1.dylib, 0x0001): tried: '/usr/lib/java/liblibtcnative-1.dylib' (no such file)
Event: 0.871 Loading shared library /usr/lib/java/liblibtcnative-1.jnilib failed, dlopen(/usr/lib/java/liblibtcnative-1.jnilib, 0x0001): tried: '/usr/lib/java/liblibtcnative-1.jnilib' (no such file)
Event: 0.871 Loading shared library /Users/pranavsnayak/Documents/samples/routing/liblibtcnative-1.dylib failed, dlopen(/Users/pranavsnayak/Documents/samples/routing/liblibtcnative-1.dylib, 0x0001): tried: '/Users/pranavsnayak/Documents/samples/routing/liblibtcnative-
Event: 0.871 Loading shared library /Users/pranavsnayak/Documents/samples/routing/liblibtcnative-1.jnilib failed, dlopen(/Users/pranavsnayak/Documents/samples/routing/liblibtcnative-1.jnilib, 0x0001): tried: '/Users/pranavsnayak/Documents/samples/routing/liblibtcnativ
Event: 1.274 Loaded shared library /Users/pranavsnayak/Library/Java/JavaVirtualMachines/openjdk-19.0.2/Contents/Home/lib/libextnet.dylib
Event: 1.296 Loading shared library /Users/pranavsnayak/Library/Java/JavaVirtualMachines/openjdk-19.0.2/Contents/Home/lib/libjniortools.dylib failed, dlopen(/Users/pranavsnayak/Library/Java/JavaVirtualMachines/openjdk-19.0.2/Contents/Home/lib/libjniortools.dylib, 0x00
Event: 1.296 Loading shared library /Users/pranavsnayak/Library/Java/JavaVirtualMachines/openjdk-19.0.2/Contents/Home/lib/libjniortools.jnilib failed, dlopen(/Users/pranavsnayak/Library/Java/JavaVirtualMachines/openjdk-19.0.2/Contents/Home/lib/libjniortools.jnilib, 0x
Event: 1.296 Loading shared library /Users/pranavsnayak/Library/Java/Extensions/libjniortools.dylib failed, dlopen(/Users/pranavsnayak/Library/Java/Extensions/libjniortools.dylib, 0x0001): tried: '/Users/pranavsnayak/Library/Java/Extensions/libjniortools.dylib' (no su
Event: 1.296 Loading shared library /Users/pranavsnayak/Library/Java/Extensions/libjniortools.jnilib failed, dlopen(/Users/pranavsnayak/Library/Java/Extensions/libjniortools.jnilib, 0x0001): tried: '/Users/pranavsnayak/Library/Java/Extensions/libjniortools.jnilib' (no
Event: 1.296 Loading shared library /Library/Java/Extensions/libjniortools.dylib failed, dlopen(/Library/Java/Extensions/libjniortools.dylib, 0x0001): tried: '/Library/Java/Extensions/libjniortools.dylib' (no such file)
Event: 1.296 Loading shared library /Library/Java/Extensions/libjniortools.jnilib failed, dlopen(/Library/Java/Extensions/libjniortools.jnilib, 0x0001): tried: '/Library/Java/Extensions/libjniortools.jnilib' (no such file)
Event: 1.296 Loading shared library /Network/Library/Java/Extensions/libjniortools.dylib failed, dlopen(/Network/Library/Java/Extensions/libjniortools.dylib, 0x0001): tried: '/Network/Library/Java/Extensions/libjniortools.dylib' (no such file)
Event: 1.296 Loading shared library /Network/Library/Java/Extensions/libjniortools.jnilib failed, dlopen(/Network/Library/Java/Extensions/libjniortools.jnilib, 0x0001): tried: '/Network/Library/Java/Extensions/libjniortools.jnilib' (no such file)
Event: 1.296 Loading shared library /System/Library/Java/Extensions/libjniortools.dylib failed, dlopen(/System/Library/Java/Extensions/libjniortools.dylib, 0x0001): tried: '/System/Library/Java/Extensions/libjniortools.dylib' (no such file)
Event: 1.296 Loading shared library /System/Library/Java/Extensions/libjniortools.jnilib failed, dlopen(/System/Library/Java/Extensions/libjniortools.jnilib, 0x0001): tried: '/System/Library/Java/Extensions/libjniortools.jnilib' (no such file)
Event: 1.296 Loading shared library /usr/lib/java/libjniortools.dylib failed, dlopen(/usr/lib/java/libjniortools.dylib, 0x0001): tried: '/usr/lib/java/libjniortools.dylib' (no such file)
Event: 1.296 Loading shared library /usr/lib/java/libjniortools.jnilib failed, dlopen(/usr/lib/java/libjniortools.jnilib, 0x0001): tried: '/usr/lib/java/libjniortools.jnilib' (no such file)
Event: 1.297 Loading shared library /Users/pranavsnayak/Documents/samples/routing/libjniortools.dylib failed, dlopen(/Users/pranavsnayak/Documents/samples/routing/libjniortools.dylib, 0x0001): tried: '/Users/pranavsnayak/Documents/samples/routing/libjniortools.dylib' 
Event: 1.297 Loading shared library /Users/pranavsnayak/Documents/samples/routing/libjniortools.jnilib failed, dlopen(/Users/pranavsnayak/Documents/samples/routing/libjniortools.jnilib, 0x0001): tried: '/Users/pranavsnayak/Documents/samples/routing/libjniortools.jnili
Event: 1.726 Loaded shared library /private/var/folders/d7/vp65tkvn5fz6yfvv7fxgsbsh0000gn/T/ortools-java4889706679043163643/ortools-darwin-aarch64/libjniortools.dylib

Deoptimization events (20 events):
Event: 1.771 Thread 0x0000000131009e00 Uncommon trap: trap_request=0xffffffde fr.pc=0x00000001148d3c60 relative=0x0000000000000b20
Event: 1.771 Thread 0x0000000131009e00 Uncommon trap: reason=class_check action=maybe_recompile pc=0x00000001148d3c60 method=java.util.Properties$LineReader.readLine()I @ 479 c2
Event: 1.771 Thread 0x0000000131009e00 DEOPT PACKING pc=0x00000001148d3c60 sp=0x000000016d534e70
Event: 1.771 Thread 0x0000000131009e00 DEOPT UNPACKING pc=0x000000011426b21c sp=0x000000016d534dd0 mode 2
Event: 1.772 Thread 0x0000000131009e00 Uncommon trap: trap_request=0xffffff45 fr.pc=0x000000011484ebac relative=0x000000000000006c
Event: 1.772 Thread 0x0000000131009e00 Uncommon trap: reason=unstable_if action=reinterpret pc=0x000000011484ebac method=java.util.Objects.equals(Ljava/lang/Object;Ljava/lang/Object;)Z @ 6 c2
Event: 1.772 Thread 0x0000000131009e00 DEOPT PACKING pc=0x000000011484ebac sp=0x000000016d535b20
Event: 1.772 Thread 0x0000000131009e00 DEOPT UNPACKING pc=0x000000011426b21c sp=0x000000016d535ac0 mode 2
Event: 2.117 Thread 0x0000000131009e00 Uncommon trap: trap_request=0xffffff45 fr.pc=0x0000000114839844 relative=0x0000000000000504
Event: 2.117 Thread 0x0000000131009e00 Uncommon trap: reason=unstable_if action=reinterpret pc=0x0000000114839844 method=java.lang.Integer.stringSize(I)I @ 3 c2
Event: 2.117 Thread 0x0000000131009e00 DEOPT PACKING pc=0x0000000114839844 sp=0x000000016d5355e0
Event: 2.117 Thread 0x0000000131009e00 DEOPT UNPACKING pc=0x000000011426b21c sp=0x000000016d535520 mode 2
Event: 2.175 Thread 0x0000000131009e00 DEOPT PACKING pc=0x000000010ce59708 sp=0x000000016d534550
Event: 2.175 Thread 0x0000000131009e00 DEOPT UNPACKING pc=0x000000011426b07c sp=0x000000016d5341b0 mode 1
Event: 2.175 Thread 0x0000000131009e00 DEOPT PACKING pc=0x000000010ce00204 sp=0x000000016d5345e0
Event: 2.175 Thread 0x0000000131009e00 DEOPT UNPACKING pc=0x000000011426b07c sp=0x000000016d5342a0 mode 1
Event: 2.175 Thread 0x0000000131009e00 DEOPT PACKING pc=0x000000010ce59708 sp=0x000000016d534550
Event: 2.175 Thread 0x0000000131009e00 DEOPT UNPACKING pc=0x000000011426b07c sp=0x000000016d5341b0 mode 1
Event: 2.175 Thread 0x0000000131009e00 DEOPT PACKING pc=0x000000010ce00204 sp=0x000000016d5345e0
Event: 2.175 Thread 0x0000000131009e00 DEOPT UNPACKING pc=0x000000011426b07c sp=0x000000016d5342a0 mode 1

Classes loaded (20 events):
Event: 2.175 Loading class libcore/io/Memory
Event: 2.175 Loading class libcore/io/Memory done
Event: 2.175 Loading class org/robolectric/Robolectric
Event: 2.175 Loading class org/robolectric/Robolectric done
Event: 2.175 Loading class java/lang/foreign/MemorySegment
Event: 2.175 Loading class java/lang/foreign/Addressable
Event: 2.175 Loading class java/lang/foreign/Addressable done
Event: 2.175 Loading class java/lang/foreign/MemorySegment done
Event: 2.175 Loading class com/google/ortools/util/OptionalBoolean
Event: 2.175 Loading class com/google/ortools/util/OptionalBoolean done
Event: 2.175 Loading class com/google/ortools/util/OptionalBoolean$1
Event: 2.175 Loading class com/google/ortools/util/OptionalBoolean$1 done
Event: 2.175 Loading class com/google/ortools/constraintsolver/RoutingSearchParameters$SchedulingSolver
Event: 2.175 Loading class com/google/ortools/constraintsolver/RoutingSearchParameters$SchedulingSolver done
Event: 2.176 Loading class com/google/ortools/constraintsolver/RoutingSearchParameters$SchedulingSolver$1
Event: 2.176 Loading class com/google/ortools/constraintsolver/RoutingSearchParameters$SchedulingSolver$1 done
Event: 2.176 Loading class com/google/ortools/constraintsolver/RoutingSearchParameters$PairInsertionStrategy
Event: 2.176 Loading class com/google/ortools/constraintsolver/RoutingSearchParameters$PairInsertionStrategy done
Event: 2.176 Loading class com/google/ortools/constraintsolver/RoutingSearchParameters$PairInsertionStrategy$1
Event: 2.176 Loading class com/google/ortools/constraintsolver/RoutingSearchParameters$PairInsertionStrategy$1 done

Classes unloaded (0 events):
No events

Classes redefined (0 events):
No events

Internal exceptions (20 events):
Event: 1.122 Thread 0x0000000131009e00 Exception <a 'java/lang/ClassNotFoundException'{0x0000000701e0f1c8}: org/springframework/beans/factory/AwareCustomizer> (0x0000000701e0f1c8) 
thrown [open/src/hotspot/share/classfile/systemDictionary.cpp, line 255]
Event: 1.122 Thread 0x0000000131009e00 Exception <a 'java/lang/ClassNotFoundException'{0x0000000701e11ac8}: org/springframework/context/ApplicationContextAwareCustomizer> (0x0000000701e11ac8) 
thrown [open/src/hotspot/share/classfile/systemDictionary.cpp, line 255]
Event: 1.122 Thread 0x0000000131009e00 Exception <a 'java/lang/ClassNotFoundException'{0x0000000701e159c8}: org/springframework/beans/factory/AwareCustomizer> (0x0000000701e159c8) 
thrown [open/src/hotspot/share/classfile/systemDictionary.cpp, line 255]
Event: 1.122 Thread 0x0000000131009e00 Exception <a 'java/lang/ClassNotFoundException'{0x0000000701e182a0}: org/springframework/web/context/ServletContextAwareCustomizer> (0x0000000701e182a0) 
thrown [open/src/hotspot/share/classfile/systemDictionary.cpp, line 255]
Event: 1.122 Thread 0x0000000131009e00 Exception <a 'java/lang/ClassNotFoundException'{0x0000000701e1bad8}: org/springframework/beans/factory/AwareCustomizer> (0x0000000701e1bad8) 
thrown [open/src/hotspot/share/classfile/systemDictionary.cpp, line 255]
Event: 1.124 Thread 0x0000000131009e00 Exception <a 'java/lang/NoSuchMethodError'{0x0000000701e425b0}: 'java.lang.Object java.lang.invoke.DirectMethodHandle$Holder.newInvokeSpecial(java.lang.Object, java.lang.Object, java.lang.Object, java.lang.Object, java.lang.Object, java.lang.Object, java.lang.Object, java.lang.Object)'> (0x0000000701e425b0) 
thrown [open/src/hotspot/share/interpreter/linkResolver.cpp, line 774]
Event: 1.158 Thread 0x0000000131009e00 Exception <a 'java/lang/NoSuchMethodError'{0x0000000701c56188}: 'void java.lang.invoke.DirectMethodHandle$Holder.invokeVirtual(java.lang.Object, java.lang.Object, long)'> (0x0000000701c56188) 
thrown [open/src/hotspot/share/interpreter/linkResolver.cpp, line 774]
Event: 1.207 Thread 0x0000000131009e00 Exception <a 'java/lang/IncompatibleClassChangeError'{0x00000007019ab4c0}: Found class java.lang.Object, but interface was expected> (0x00000007019ab4c0) 
thrown [open/src/hotspot/share/interpreter/linkResolver.cpp, line 841]
Event: 1.222 Thread 0x0000000131009e00 Exception <a 'java/lang/NoSuchMethodError'{0x00000007017038b0}: 'int java.lang.invoke.DirectMethodHandle$Holder.invokeStaticInit(java.lang.Object, java.lang.Object, java.lang.Object, java.lang.Object)'> (0x00000007017038b0) 
thrown [open/src/hotspot/share/interpreter/linkResolver.cpp, line 774]
Event: 1.271 Thread 0x0000000131009e00 Exception <a 'java/lang/NoSuchMethodError'{0x000000070ffb2be8}: 'java.lang.Object java.lang.invoke.DirectMethodHandle$Holder.newInvokeSpecial(java.lang.Object, java.lang.Object, int, java.lang.Object, java.lang.Object)'> (0x000000070ffb2be8) 
thrown [open/src/hotspot/share/interpreter/linkResolver.cpp, line 774]
Event: 1.272 Thread 0x0000000131009e00 Exception <a 'java/lang/NoSuchMethodError'{0x000000070ffbe450}: 'java.lang.Object java.lang.invoke.DirectMethodHandle$Holder.invokeSpecial(java.lang.Object, java.lang.Object, int, java.lang.Object, int, java.lang.Object)'> (0x000000070ffbe450) 
thrown [open/src/hotspot/share/interpreter/linkResolver.cpp, line 774]
Event: 1.272 Thread 0x0000000131009e00 Exception <a 'java/lang/NoSuchMethodError'{0x000000070ffc6228}: 'java.lang.Object java.lang.invoke.DirectMethodHandle$Holder.newInvokeSpecial(java.lang.Object, java.lang.Object, int, java.lang.Object, int)'> (0x000000070ffc6228) 
thrown [open/src/hotspot/share/interpreter/linkResolver.cpp, line 774]
Event: 1.272 Thread 0x0000000131009e00 Exception <a 'java/lang/NoSuchMethodError'{0x000000070ffca340}: 'java.lang.Object java.lang.invoke.DirectMethodHandle$Holder.invokeSpecial(java.lang.Object, java.lang.Object, java.lang.Object, int, java.lang.Object, int)'> (0x000000070ffca340) 
thrown [open/src/hotspot/share/interpreter/linkResolver.cpp, line 774]
Event: 1.273 Thread 0x0000000131009e00 Exception <a 'java/lang/NoSuchMethodError'{0x000000070ffd4700}: 'void java.lang.invoke.DirectMethodHandle$Holder.invokeVirtual(java.lang.Object, java.lang.Object)'> (0x000000070ffd4700) 
thrown [open/src/hotspot/share/interpreter/linkResolver.cpp, line 774]
Event: 1.760 Thread 0x0000000131009e00 Exception <a 'java/lang/NoSuchMethodError'{0x000000070d923cf0}: 'void java.lang.invoke.DirectMethodHandle$Holder.invokeVirtual(java.lang.Object, java.lang.Object, double)'> (0x000000070d923cf0) 
thrown [open/src/hotspot/share/interpreter/linkResolver.cpp, line 774]
Event: 1.760 Thread 0x0000000131009e00 Exception <a 'java/lang/NoSuchMethodError'{0x000000070d92ef08}: 'double java.lang.invoke.DelegatingMethodHandle$Holder.reinvoke_L(java.lang.Object, java.lang.Object, int)'> (0x000000070d92ef08) 
thrown [open/src/hotspot/share/interpreter/linkResolver.cpp, line 774]
Event: 1.760 Thread 0x0000000131009e00 Exception <a 'java/lang/NoSuchMethodError'{0x000000070d9393d8}: 'void java.lang.invoke.DelegatingMethodHandle$Holder.reinvoke_L(java.lang.Object, java.lang.Object, double)'> (0x000000070d9393d8) 
thrown [open/src/hotspot/share/interpreter/linkResolver.cpp, line 774]
Event: 1.761 Thread 0x0000000131009e00 Exception <a 'java/lang/NoSuchMethodError'{0x000000070d94ba38}: 'long java.lang.invoke.DirectMethodHandle$Holder.invokeStatic(java.lang.Object, java.lang.Object, int)'> (0x000000070d94ba38) 
thrown [open/src/hotspot/share/interpreter/linkResolver.cpp, line 774]
Event: 1.761 Thread 0x0000000131009e00 Exception <a 'java/lang/NoSuchMethodError'{0x000000070d956bb0}: 'void java.lang.invoke.DelegatingMethodHandle$Holder.reinvoke_L(java.lang.Object, java.lang.Object, long)'> (0x000000070d956bb0) 
thrown [open/src/hotspot/share/interpreter/linkResolver.cpp, line 774]
Event: 2.135 Thread 0x0000000131009e00 Exception <a 'java/lang/NoSuchMethodError'{0x000000070d4c58f8}: 'long java.lang.invoke.DirectMethodHandle$Holder.invokeStatic(java.lang.Object, long)'> (0x000000070d4c58f8) 
thrown [open/src/hotspot/share/interpreter/linkResolver.cpp, line 774]

VM Operations (20 events):
Event: 1.200 Executing VM operation: HandshakeAllThreads
Event: 1.200 Executing VM operation: HandshakeAllThreads done
Event: 1.211 Executing VM operation: HandshakeAllThreads
Event: 1.211 Executing VM operation: HandshakeAllThreads done
Event: 1.224 Executing VM operation: HandshakeAllThreads
Event: 1.224 Executing VM operation: HandshakeAllThreads done
Event: 1.237 Executing VM operation: ICBufferFull
Event: 1.237 Executing VM operation: ICBufferFull done
Event: 1.250 Executing VM operation: G1CollectForAllocation
Event: 1.257 Executing VM operation: G1CollectForAllocation done
Event: 1.276 Executing VM operation: G1CollectForAllocation
Event: 1.281 Executing VM operation: G1CollectForAllocation done
Event: 1.741 Executing VM operation: HandshakeAllThreads
Event: 1.741 Executing VM operation: HandshakeAllThreads done
Event: 1.769 Executing VM operation: ICBufferFull
Event: 1.769 Executing VM operation: ICBufferFull done
Event: 1.770 Executing VM operation: HandshakeAllThreads
Event: 1.770 Executing VM operation: HandshakeAllThreads done
Event: 2.107 Executing VM operation: HandshakeAllThreads
Event: 2.107 Executing VM operation: HandshakeAllThreads done

Events (20 events):
Event: 1.284 Thread 0x0000000131c2dc00 Thread added: 0x0000000131c2dc00
Event: 1.284 Protecting memory [0x0000000179cac000,0x0000000179cb8000] with protection modes 0
Event: 1.284 Thread 0x0000000131c2a400 Thread added: 0x0000000131c2a400
Event: 1.284 Protecting memory [0x0000000179eb8000,0x0000000179ec4000] with protection modes 0
Event: 1.285 Thread 0x0000000131c2aa00 Thread added: 0x0000000131c2aa00
Event: 1.285 Protecting memory [0x000000017a0c4000,0x000000017a0d0000] with protection modes 0
Event: 1.285 Thread 0x00000001309cc000 Thread added: 0x00000001309cc000
Event: 1.285 Protecting memory [0x000000017a2d0000,0x000000017a2dc000] with protection modes 0
Event: 1.285 Thread 0x00000001309cc600 Thread added: 0x00000001309cc600
Event: 1.285 Protecting memory [0x000000017a4dc000,0x000000017a4e8000] with protection modes 0
Event: 1.285 Thread 0x000000013118fe00 Thread added: 0x000000013118fe00
Event: 1.285 Protecting memory [0x000000017a6e8000,0x000000017a6f4000] with protection modes 0
Event: 1.285 Thread 0x000000011f96cc00 Thread added: 0x000000011f96cc00
Event: 1.285 Protecting memory [0x000000017a8f4000,0x000000017a900000] with protection modes 0
Event: 1.287 Thread 0x0000000131c27a00 Thread added: 0x0000000131c27a00
Event: 1.287 Protecting memory [0x000000017ab00000,0x000000017ab0c000] with protection modes 0
Event: 1.287 Thread 0x0000000131c2b000 Thread added: 0x0000000131c2b000
Event: 1.287 Protecting memory [0x000000017ad0c000,0x000000017ad18000] with protection modes 0
Event: 2.117 Thread 0x0000000131c29e00 Thread added: 0x0000000131c29e00
Event: 2.117 Protecting memory [0x000000017af18000,0x000000017af24000] with protection modes 0


Dynamic libraries:
0x0000000102c94000 	/Users/pranavsnayak/Library/Java/JavaVirtualMachines/openjdk-19.0.2/Contents/Home/lib/libjli.dylib
0x00000001c812e000 	/System/Library/Frameworks/Cocoa.framework/Versions/A/Cocoa
0x00000001b437a000 	/System/Library/Frameworks/AppKit.framework/Versions/C/AppKit
0x00000001b7880000 	/System/Library/Frameworks/CoreData.framework/Versions/A/CoreData
0x00000001b26d5000 	/System/Library/Frameworks/Foundation.framework/Versions/C/Foundation
0x00000001bc2d7000 	/usr/lib/libSystem.B.dylib
0x00000001b5232000 	/System/Library/PrivateFrameworks/UIFoundation.framework/Versions/A/UIFoundation
0x00000001c230f000 	/System/Library/PrivateFrameworks/RemoteViewServices.framework/Versions/A/RemoteViewServices
0x00000001ba795000 	/System/Library/PrivateFrameworks/XCTTargetBootstrap.framework/Versions/A/XCTTargetBootstrap
0x00000001be013000 	/System/Library/PrivateFrameworks/InternationalSupport.framework/Versions/A/InternationalSupport
0x00000001be09c000 	/System/Library/PrivateFrameworks/UserActivity.framework/Versions/A/UserActivity
0x00000001bd50e000 	/usr/lib/libspindump.dylib
0x00000001b54a3000 	/System/Library/Frameworks/UniformTypeIdentifiers.framework/Versions/A/UniformTypeIdentifiers
0x00000001b8ce0000 	/usr/lib/libapp_launch_measurement.dylib
0x00000001b820a000 	/System/Library/PrivateFrameworks/CoreAnalytics.framework/Versions/A/CoreAnalytics
0x00000001b8ce3000 	/System/Library/PrivateFrameworks/CoreAutoLayout.framework/Versions/A/CoreAutoLayout
0x00000001ba086000 	/System/Library/Frameworks/Metal.framework/Versions/A/Metal
0x00000001badfd000 	/usr/lib/liblangid.dylib
0x00000001ba79a000 	/System/Library/PrivateFrameworks/CoreSVG.framework/Versions/A/CoreSVG
0x00000001b6934000 	/System/Library/PrivateFrameworks/SkyLight.framework/Versions/A/SkyLight
0x00000001b6d09000 	/System/Library/Frameworks/CoreGraphics.framework/Versions/A/CoreGraphics
0x00000001c29db000 	/System/Library/Frameworks/Accelerate.framework/Versions/A/Accelerate
0x00000001bcf85000 	/System/Library/PrivateFrameworks/IconServices.framework/Versions/A/IconServices
0x00000001ba068000 	/System/Library/Frameworks/IOSurface.framework/Versions/A/IOSurface
0x00000001b823b000 	/usr/lib/libDiagnosticMessagesClient.dylib
0x00000001bc220000 	/usr/lib/libz.1.dylib
0x00000001c5edc000 	/System/Library/Frameworks/ApplicationServices.framework/Versions/A/ApplicationServices
0x00000001ba77d000 	/System/Library/PrivateFrameworks/DFRFoundation.framework/Versions/A/DFRFoundation
0x00000001b3c0a000 	/usr/lib/libicucore.A.dylib
0x00000001beebf000 	/System/Library/Frameworks/AudioToolbox.framework/Versions/A/AudioToolbox
0x00000001be01f000 	/System/Library/PrivateFrameworks/DataDetectorsCore.framework/Versions/A/DataDetectorsCore
0x00000001d495f000 	/System/Library/PrivateFrameworks/TextInput.framework/Versions/A/TextInput
0x00000001b68a9000 	/usr/lib/libMobileGestalt.dylib
0x00000001ba449000 	/System/Library/Frameworks/Carbon.framework/Versions/A/Frameworks/HIToolbox.framework/Versions/A/HIToolbox
0x00000001b86bc000 	/System/Library/Frameworks/QuartzCore.framework/Versions/A/QuartzCore
0x00000001b388d000 	/System/Library/Frameworks/Security.framework/Versions/A/Security
0x00000001c234f000 	/System/Library/Frameworks/Carbon.framework/Versions/A/Frameworks/SpeechRecognition.framework/Versions/A/SpeechRecognition
0x00000001b8a36000 	/System/Library/PrivateFrameworks/CoreUI.framework/Versions/A/CoreUI
0x00000001b316a000 	/System/Library/Frameworks/CoreAudio.framework/Versions/A/CoreAudio
0x00000001b8330000 	/System/Library/Frameworks/DiskArbitration.framework/Versions/A/DiskArbitration
0x00000001bd918000 	/System/Library/PrivateFrameworks/MultitouchSupport.framework/Versions/A/MultitouchSupport
0x00000001b68a7000 	/usr/lib/libenergytrace.dylib
0x00000001b4242000 	/System/Library/Frameworks/IOKit.framework/Versions/A/IOKit
0x00000001c273e000 	/System/Library/Frameworks/CoreServices.framework/Versions/A/CoreServices
0x00000001b8c70000 	/System/Library/PrivateFrameworks/PerformanceAnalysis.framework/Versions/A/PerformanceAnalysis
0x0000000212c47000 	/System/Library/Frameworks/OpenGL.framework/Versions/A/OpenGL
0x00000001bb877000 	/System/Library/PrivateFrameworks/MobileKeyBag.framework/Versions/A/MobileKeyBag
0x00000001b1611000 	/usr/lib/libobjc.A.dylib
0x00000001b7316000 	/System/Library/Frameworks/ColorSync.framework/Versions/A/ColorSync
0x00000001b17da000 	/System/Library/Frameworks/CoreFoundation.framework/Versions/A/CoreFoundation
0x00000001baa19000 	/System/Library/Frameworks/CoreImage.framework/Versions/A/CoreImage
0x00000001b2f8e000 	/System/Library/Frameworks/CoreText.framework/Versions/A/CoreText
0x00000001ba7ca000 	/System/Library/Frameworks/ImageIO.framework/Versions/A/ImageIO
0x00000001bc2dd000 	/System/Library/PrivateFrameworks/SoftLinking.framework/Versions/A/SoftLinking
0x00000001b8d2e000 	/usr/lib/libxml2.2.dylib
0x00000001b16d4000 	/usr/lib/libc++.1.dylib
0x00000001bc576000 	/usr/lib/libcompression.dylib
0x00000001bdf6f000 	/System/Library/PrivateFrameworks/TextureIO.framework/Versions/A/TextureIO
0x00000001bcc9e000 	/usr/lib/libate.dylib
0x00000001bc2d1000 	/usr/lib/system/libcache.dylib
0x00000001bc28f000 	/usr/lib/system/libcommonCrypto.dylib
0x00000001bc2b8000 	/usr/lib/system/libcompiler_rt.dylib
0x00000001bc2af000 	/usr/lib/system/libcopyfile.dylib
0x00000001b1517000 	/usr/lib/system/libcorecrypto.dylib
0x00000001b15ca000 	/usr/lib/system/libdispatch.dylib
0x00000001b1798000 	/usr/lib/system/libdyld.dylib
0x00000001bc2c7000 	/usr/lib/system/libkeymgr.dylib
0x00000001bc26a000 	/usr/lib/system/libmacho.dylib
0x00000001bb95f000 	/usr/lib/system/libquarantine.dylib
0x00000001bc2c4000 	/usr/lib/system/libremovefile.dylib
0x00000001b6900000 	/usr/lib/system/libsystem_asl.dylib
0x00000001b14b9000 	/usr/lib/system/libsystem_blocks.dylib
0x00000001b1652000 	/usr/lib/system/libsystem_c.dylib
0x00000001bc2bc000 	/usr/lib/system/libsystem_collections.dylib
0x00000001baded000 	/usr/lib/system/libsystem_configuration.dylib
0x00000001ba049000 	/usr/lib/system/libsystem_containermanager.dylib
0x00000001bbfcc000 	/usr/lib/system/libsystem_coreservices.dylib
0x00000001b3ec0000 	/usr/lib/system/libsystem_darwin.dylib
0x00000001bc2c8000 	/usr/lib/system/libsystem_dnssd.dylib
0x00000001b164f000 	/usr/lib/system/libsystem_featureflags.dylib
0x00000001b17ad000 	/usr/lib/system/libsystem_info.dylib
0x00000001bc232000 	/usr/lib/system/libsystem_m.dylib
0x00000001b159f000 	/usr/lib/system/libsystem_malloc.dylib
0x00000001b688f000 	/usr/lib/system/libsystem_networkextension.dylib
0x00000001b4319000 	/usr/lib/system/libsystem_notify.dylib
0x00000001c2615000 	/usr/lib/system/libsystem_product_info_filter.dylib
0x00000001badf2000 	/usr/lib/system/libsystem_sandbox.dylib
0x00000001bc2c1000 	/usr/lib/system/libsystem_secinit.dylib
0x00000001b1753000 	/usr/lib/system/libsystem_kernel.dylib
0x00000001b17a5000 	/usr/lib/system/libsystem_platform.dylib
0x00000001b178b000 	/usr/lib/system/libsystem_pthread.dylib
0x00000001b8058000 	/usr/lib/system/libsystem_symptoms.dylib
0x00000001b14fd000 	/usr/lib/system/libsystem_trace.dylib
0x00000001bc29c000 	/usr/lib/system/libunwind.dylib
0x00000001b14bb000 	/usr/lib/system/libxpc.dylib
0x00000001b173b000 	/usr/lib/libc++abi.dylib
0x00000001bc2a7000 	/usr/lib/liboah.dylib
0x00000001bcb63000 	/usr/lib/liblzma.5.dylib
0x00000001b23c9000 	/System/Library/Frameworks/SystemConfiguration.framework/Versions/A/SystemConfiguration
0x00000001bc2d9000 	/usr/lib/libfakelink.dylib
0x00000001b63db000 	/System/Library/Frameworks/CFNetwork.framework/Versions/A/CFNetwork
0x00000001bc41f000 	/usr/lib/libarchive.2.dylib
0x00000001badf9000 	/System/Library/PrivateFrameworks/AppleSystemInfo.framework/Versions/A/AppleSystemInfo
0x00000001bb98a000 	/usr/lib/libbsm.0.dylib
0x00000001b594c000 	/usr/lib/libnetwork.dylib
0x00000001bc273000 	/usr/lib/system/libkxld.dylib
0x00000001bb59d000 	/System/Library/PrivateFrameworks/IOMobileFramebuffer.framework/Versions/A/IOMobileFramebuffer
0x0000000230573000 	/usr/lib/libCoreEntitlements.dylib
0x00000001bbfae000 	/System/Library/PrivateFrameworks/AppleFSCompression.framework/Versions/A/AppleFSCompression
0x00000001bb972000 	/usr/lib/libcoretls.dylib
0x00000001bcb7c000 	/usr/lib/libcoretls_cfhelpers.dylib
0x00000001bc571000 	/usr/lib/libpam.2.dylib
0x00000001b7c6f000 	/usr/lib/libsqlite3.dylib
0x00000001bcbe5000 	/usr/lib/libxar.1.dylib
0x00000001bbfbf000 	/usr/lib/libbz2.1.0.dylib
0x00000001bc2de000 	/usr/lib/libpcap.A.dylib
0x00000001b804f000 	/usr/lib/libdns_services.dylib
0x00000001bc544000 	/usr/lib/libapple_nghttp2.dylib
0x00000001bc31b000 	/usr/lib/libiconv.2.dylib
0x00000001bc269000 	/usr/lib/libcharset.1.dylib
0x00000001b8cac000 	/System/Library/Frameworks/CoreServices.framework/Versions/A/Frameworks/FSEvents.framework/Versions/A/FSEvents
0x00000001b3ecb000 	/System/Library/Frameworks/CoreServices.framework/Versions/A/Frameworks/CarbonCore.framework/Versions/A/CarbonCore
0x00000001b8290000 	/System/Library/Frameworks/CoreServices.framework/Versions/A/Frameworks/Metadata.framework/Versions/A/Metadata
0x00000001bbfd2000 	/System/Library/Frameworks/CoreServices.framework/Versions/A/Frameworks/OSServices.framework/Versions/A/OSServices
0x00000001bc4a5000 	/System/Library/Frameworks/CoreServices.framework/Versions/A/Frameworks/SearchKit.framework/Versions/A/SearchKit
0x00000001b7fde000 	/System/Library/Frameworks/CoreServices.framework/Versions/A/Frameworks/AE.framework/Versions/A/AE
0x00000001b1d20000 	/System/Library/Frameworks/CoreServices.framework/Versions/A/Frameworks/LaunchServices.framework/Versions/A/LaunchServices
0x00000001bcb0c000 	/System/Library/Frameworks/CoreServices.framework/Versions/A/Frameworks/DictionaryServices.framework/Versions/A/DictionaryServices
0x00000001b8cb9000 	/System/Library/Frameworks/CoreServices.framework/Versions/A/Frameworks/SharedFileList.framework/Versions/A/SharedFileList
0x00000001bb962000 	/usr/lib/libCheckFix.dylib
0x00000001b6918000 	/System/Library/PrivateFrameworks/TCC.framework/Versions/A/TCC
0x00000001badff000 	/System/Library/PrivateFrameworks/CoreNLP.framework/Versions/A/CoreNLP
0x00000001b823e000 	/System/Library/PrivateFrameworks/MetadataUtilities.framework/Versions/A/MetadataUtilities
0x00000001b2482000 	/usr/lib/libmecabra.dylib
0x00000001bb99b000 	/usr/lib/libmecab.dylib
0x00000001b244e000 	/usr/lib/libCRFSuite.dylib
0x00000001bb9f8000 	/usr/lib/libgermantok.dylib
0x00000001bc51d000 	/usr/lib/libThaiTokenizer.dylib
0x00000001b8338000 	/System/Library/Frameworks/Accelerate.framework/Versions/A/Frameworks/vImage.framework/Versions/A/vImage
0x00000001c2715000 	/System/Library/Frameworks/Accelerate.framework/Versions/A/Frameworks/vecLib.framework/Versions/A/vecLib
0x00000001bcc2a000 	/System/Library/Frameworks/Accelerate.framework/Versions/A/Frameworks/vecLib.framework/Versions/A/libvMisc.dylib
0x00000001bb4a4000 	/System/Library/Frameworks/Accelerate.framework/Versions/A/Frameworks/vecLib.framework/Versions/A/libvDSP.dylib
0x00000001b20a9000 	/System/Library/Frameworks/Accelerate.framework/Versions/A/Frameworks/vecLib.framework/Versions/A/libBLAS.dylib
0x00000001bc647000 	/System/Library/Frameworks/Accelerate.framework/Versions/A/Frameworks/vecLib.framework/Versions/A/libLAPACK.dylib
0x00000001bb9fb000 	/System/Library/Frameworks/Accelerate.framework/Versions/A/Frameworks/vecLib.framework/Versions/A/libLinearAlgebra.dylib
0x00000001bc55c000 	/System/Library/Frameworks/Accelerate.framework/Versions/A/Frameworks/vecLib.framework/Versions/A/libSparseBLAS.dylib
0x00000001bc642000 	/System/Library/Frameworks/Accelerate.framework/Versions/A/Frameworks/vecLib.framework/Versions/A/libQuadrature.dylib
0x00000001baef8000 	/System/Library/Frameworks/Accelerate.framework/Versions/A/Frameworks/vecLib.framework/Versions/A/libBNNS.dylib
0x00000001b2367000 	/System/Library/Frameworks/Accelerate.framework/Versions/A/Frameworks/vecLib.framework/Versions/A/libSparse.dylib
0x00000001baef0000 	/System/Library/PrivateFrameworks/LinguisticData.framework/Versions/A/LinguisticData
0x00000001b231f000 	/System/Library/PrivateFrameworks/Lexicon.framework/Versions/A/Lexicon
0x00000001bcc22000 	/usr/lib/libChineseTokenizer.dylib
0x00000001b2ac6000 	/System/Library/PrivateFrameworks/LanguageModeling.framework/Versions/A/LanguageModeling
0x00000001bc51f000 	/System/Library/PrivateFrameworks/AppleSauce.framework/Versions/A/AppleSauce
0x00000001bb58a000 	/System/Library/PrivateFrameworks/CoreEmoji.framework/Versions/A/CoreEmoji
0x00000001bc40d000 	/usr/lib/libcmph.dylib
0x00000001b8c8c000 	/System/Library/Frameworks/OpenDirectory.framework/Versions/A/Frameworks/CFOpenDirectory.framework/Versions/A/CFOpenDirectory
0x00000001b8c7c000 	/System/Library/Frameworks/OpenDirectory.framework/Versions/A/OpenDirectory
0x00000001bcb7e000 	/System/Library/PrivateFrameworks/APFS.framework/Versions/A/APFS
0x00000001bb8b2000 	/System/Library/Frameworks/SecurityFoundation.framework/Versions/A/SecurityFoundation
0x00000001bcbf4000 	/usr/lib/libutil.dylib
0x00000001b4204000 	/System/Library/PrivateFrameworks/CoreServicesStore.framework/Versions/A/CoreServicesStore
0x00000001bcbf8000 	/usr/lib/libxslt.1.dylib
0x00000001bb946000 	/System/Library/PrivateFrameworks/BackgroundTaskManagement.framework/Versions/A/BackgroundTaskManagement
0x00000001bde90000 	/System/Library/Frameworks/ImageIO.framework/Versions/A/Resources/libRadiance.dylib
0x00000001bde99000 	/System/Library/Frameworks/ImageIO.framework/Versions/A/Resources/libJPEG.dylib
0x00000001bddec000 	/System/Library/Frameworks/ImageIO.framework/Versions/A/Resources/libPng.dylib
0x00000001bde0e000 	/System/Library/Frameworks/ImageIO.framework/Versions/A/Resources/libTIFF.dylib
0x00000001bdef4000 	/System/Library/Frameworks/ImageIO.framework/Versions/A/Resources/libGIF.dylib
0x00000001bd828000 	/System/Library/Frameworks/ImageIO.framework/Versions/A/Resources/libJP2.dylib
0x00000001bcf4a000 	/usr/lib/libexpat.1.dylib
0x00000001bd7e3000 	/System/Library/PrivateFrameworks/AppleJPEG.framework/Versions/A/AppleJPEG
0x00000001ba305000 	/System/Library/PrivateFrameworks/FontServices.framework/libFontParser.dylib
0x00000001b7f83000 	/System/Library/PrivateFrameworks/RunningBoardServices.framework/Versions/A/RunningBoardServices
0x00000001c8801000 	/System/Library/PrivateFrameworks/IOSurfaceAccelerator.framework/Versions/A/IOSurfaceAccelerator
0x00000001bd914000 	/System/Library/PrivateFrameworks/WatchdogClient.framework/Versions/A/WatchdogClient
0x00000001b2bca000 	/System/Library/Frameworks/CoreDisplay.framework/Versions/A/CoreDisplay
0x00000001ba1ef000 	/System/Library/Frameworks/CoreMedia.framework/Versions/A/CoreMedia
0x00000001ba07c000 	/System/Library/PrivateFrameworks/IOAccelerator.framework/Versions/A/IOAccelerator
0x00000001b8e1c000 	/System/Library/Frameworks/CoreVideo.framework/Versions/A/CoreVideo
0x00000001bc56f000 	/System/Library/Frameworks/MetalPerformanceShaders.framework/Versions/A/MetalPerformanceShaders
0x00000001bd953000 	/System/Library/Frameworks/VideoToolbox.framework/Versions/A/VideoToolbox
0x00000001b7ec7000 	/System/Library/PrivateFrameworks/BaseBoard.framework/Versions/A/BaseBoard
0x00000001b7c55000 	/System/Library/PrivateFrameworks/ProtocolBuffer.framework/Versions/A/ProtocolBuffer
0x00000001bde8b000 	/System/Library/PrivateFrameworks/GPUWrangler.framework/Versions/A/GPUWrangler
0x00000001bde6b000 	/System/Library/PrivateFrameworks/IOPresentment.framework/Versions/A/IOPresentment
0x00000001bde93000 	/System/Library/PrivateFrameworks/DSExternalDisplay.framework/Versions/A/DSExternalDisplay
0x0000000212c3a000 	/System/Library/Frameworks/OpenGL.framework/Versions/A/Libraries/libCoreFSCache.dylib
0x000000021d0f9000 	/System/Library/PrivateFrameworks/GPUCompiler.framework/Versions/31001/Libraries/libGPUCompilerUtils.dylib
0x00000001bdef9000 	/System/Library/PrivateFrameworks/CMCaptureCore.framework/Versions/A/CMCaptureCore
0x00000001bd4fb000 	/System/Library/PrivateFrameworks/AppServerSupport.framework/Versions/A/AppServerSupport
0x00000001bf77c000 	/System/Library/PrivateFrameworks/perfdata.framework/Versions/A/perfdata
0x00000001b2cea000 	/System/Library/PrivateFrameworks/AudioToolboxCore.framework/Versions/A/AudioToolboxCore
0x00000001ba1c8000 	/System/Library/PrivateFrameworks/caulk.framework/Versions/A/caulk
0x00000001bf071000 	/usr/lib/libAudioStatistics.dylib
0x00000001d0fc6000 	/System/Library/PrivateFrameworks/SystemPolicy.framework/Versions/A/SystemPolicy
0x00000001bf2dd000 	/usr/lib/libSMC.dylib
0x00000001c8010000 	/System/Library/Frameworks/CoreMIDI.framework/Versions/A/CoreMIDI
0x00000001bddba000 	/usr/lib/libAudioToolboxUtility.dylib
0x00000001cd093000 	/System/Library/PrivateFrameworks/OSAServicesClient.framework/Versions/A/OSAServicesClient
0x00000001bf789000 	/usr/lib/libperfcheck.dylib
0x00000001d1ade000 	/usr/lib/libmis.dylib
0x0000000212c9c000 	/System/Library/Frameworks/OpenGL.framework/Versions/A/Libraries/libGLU.dylib
0x0000000212c5b000 	/System/Library/Frameworks/OpenGL.framework/Versions/A/Libraries/libGFXShared.dylib
0x0000000212e48000 	/System/Library/Frameworks/OpenGL.framework/Versions/A/Libraries/libGL.dylib
0x0000000212c64000 	/System/Library/Frameworks/OpenGL.framework/Versions/A/Libraries/libGLImage.dylib
0x0000000212c58000 	/System/Library/Frameworks/OpenGL.framework/Versions/A/Libraries/libCVMSPluginSupport.dylib
0x0000000212c41000 	/System/Library/Frameworks/OpenGL.framework/Versions/A/Libraries/libCoreVMClient.dylib
0x00000001bad79000 	/System/Library/Frameworks/MetalPerformanceShaders.framework/Versions/A/Frameworks/MPSCore.framework/Versions/A/MPSCore
0x00000001bbf21000 	/System/Library/Frameworks/MetalPerformanceShaders.framework/Versions/A/Frameworks/MPSImage.framework/Versions/A/MPSImage
0x00000001bba10000 	/System/Library/Frameworks/MetalPerformanceShaders.framework/Versions/A/Frameworks/MPSNeuralNetwork.framework/Versions/A/MPSNeuralNetwork
0x00000001bbe49000 	/System/Library/Frameworks/MetalPerformanceShaders.framework/Versions/A/Frameworks/MPSMatrix.framework/Versions/A/MPSMatrix
0x00000001bbc22000 	/System/Library/Frameworks/MetalPerformanceShaders.framework/Versions/A/Frameworks/MPSRayIntersector.framework/Versions/A/MPSRayIntersector
0x00000001bbe7a000 	/System/Library/Frameworks/MetalPerformanceShaders.framework/Versions/A/Frameworks/MPSNDArray.framework/Versions/A/MPSNDArray
0x0000000214db3000 	/System/Library/Frameworks/MetalPerformanceShaders.framework/Versions/A/Frameworks/MPSFunctions.framework/Versions/A/MPSFunctions
0x00000001b1f80000 	/System/Library/PrivateFrameworks/MetalTools.framework/Versions/A/MetalTools
0x00000001badf7000 	/System/Library/PrivateFrameworks/AggregateDictionary.framework/Versions/A/AggregateDictionary
0x00000001bcd2f000 	/usr/lib/libIOReport.dylib
0x00000001c702e000 	/System/Library/PrivateFrameworks/ASEProcessing.framework/Versions/A/ASEProcessing
0x00000001bd0a4000 	/System/Library/PrivateFrameworks/FaceCore.framework/Versions/A/FaceCore
0x00000001bd096000 	/System/Library/PrivateFrameworks/GraphVisualizer.framework/Versions/A/GraphVisualizer
0x000000021d010000 	/System/Library/PrivateFrameworks/FontServices.framework/Versions/A/FontServices
0x00000001bd4b7000 	/System/Library/PrivateFrameworks/OTSVG.framework/Versions/A/OTSVG
0x00000001b89e6000 	/System/Library/Frameworks/ApplicationServices.framework/Versions/A/Frameworks/ATS.framework/Versions/A/Resources/libFontRegistry.dylib
0x00000001bd504000 	/System/Library/PrivateFrameworks/FontServices.framework/libhvf.dylib
0x000000021d011000 	/System/Library/PrivateFrameworks/FontServices.framework/libXTFontStaticRegistryData.dylib
0x0000000212fe9000 	/System/Library/Frameworks/OpenCL.framework/Versions/A/OpenCL
0x00000001bcefe000 	/System/Library/PrivateFrameworks/AppleVA.framework/Versions/A/AppleVA
0x00000001bf099000 	/System/Library/Frameworks/ApplicationServices.framework/Versions/A/Frameworks/ATS.framework/Versions/A/ATS
0x00000001b7413000 	/System/Library/Frameworks/ApplicationServices.framework/Versions/A/Frameworks/HIServices.framework/Versions/A/HIServices
0x00000001bdf03000 	/System/Library/Frameworks/ApplicationServices.framework/Versions/A/Frameworks/PrintCore.framework/Versions/A/PrintCore
0x00000001bf430000 	/System/Library/Frameworks/ApplicationServices.framework/Versions/A/Frameworks/QD.framework/Versions/A/QD
0x00000001bf428000 	/System/Library/Frameworks/ApplicationServices.framework/Versions/A/Frameworks/ColorSyncLegacy.framework/Versions/A/ColorSyncLegacy
0x00000001bf085000 	/System/Library/Frameworks/ApplicationServices.framework/Versions/A/Frameworks/SpeechSynthesis.framework/Versions/A/SpeechSynthesis
0x00000001bdec4000 	/System/Library/Frameworks/ApplicationServices.framework/Versions/A/Frameworks/ATSUI.framework/Versions/A/ATSUI
0x00000001bf3bd000 	/usr/lib/libcups.2.dylib
0x00000001bf797000 	/System/Library/Frameworks/Kerberos.framework/Versions/A/Kerberos
0x00000001bf7a8000 	/System/Library/Frameworks/GSS.framework/Versions/A/GSS
0x00000001bf109000 	/usr/lib/libresolv.9.dylib
0x00000001bd513000 	/System/Library/PrivateFrameworks/Heimdal.framework/Versions/A/Heimdal
0x00000001c6263000 	/System/Library/Frameworks/Kerberos.framework/Versions/A/Libraries/libHeimdalProxy.dylib
0x00000001b8061000 	/System/Library/Frameworks/Network.framework/Versions/A/Network
0x00000001bcf65000 	/usr/lib/libheimdal-asn1.dylib
0x00000001bf7f8000 	/System/Library/PrivateFrameworks/CommonAuth.framework/Versions/A/CommonAuth
0x00000001befff000 	/System/Library/PrivateFrameworks/AudioSession.framework/Versions/A/AudioSession
0x00000001bcff7000 	/System/Library/PrivateFrameworks/MediaExperience.framework/Versions/A/MediaExperience
0x00000001bee85000 	/System/Library/PrivateFrameworks/AudioSession.framework/libSessionUtility.dylib
0x00000001bf43c000 	/System/Library/PrivateFrameworks/AudioResourceArbitration.framework/Versions/A/AudioResourceArbitration
0x00000001c35f2000 	/System/Library/PrivateFrameworks/PowerLog.framework/Versions/A/PowerLog
0x00000001bcf6f000 	/System/Library/PrivateFrameworks/IconFoundation.framework/Versions/A/IconFoundation
0x00000001c233b000 	/System/Library/PrivateFrameworks/SpeechRecognitionCore.framework/Versions/A/SpeechRecognitionCore
0x0000000103dc0000 	/Users/pranavsnayak/Library/Java/JavaVirtualMachines/openjdk-19.0.2/Contents/Home/lib/server/libjvm.dylib
0x0000000102db0000 	/Users/pranavsnayak/Library/Java/JavaVirtualMachines/openjdk-19.0.2/Contents/Home/lib/libjimage.dylib
0x0000000102e0c000 	/Users/pranavsnayak/Library/Java/JavaVirtualMachines/openjdk-19.0.2/Contents/Home/lib/libjdwp.dylib
0x0000000102e54000 	/Users/pranavsnayak/Library/Java/JavaVirtualMachines/openjdk-19.0.2/Contents/Home/lib/libjava.dylib
0x0000000102ddc000 	/Users/pranavsnayak/Library/Java/JavaVirtualMachines/openjdk-19.0.2/Contents/Home/lib/libinstrument.dylib
0x0000000102ef0000 	/Users/pranavsnayak/Library/Java/JavaVirtualMachines/openjdk-19.0.2/Contents/Home/lib/libzip.dylib
0x0000000102edc000 	/Users/pranavsnayak/Library/Java/JavaVirtualMachines/openjdk-19.0.2/Contents/Home/lib/libdt_socket.dylib
0x0000000103978000 	/Users/pranavsnayak/Library/Java/JavaVirtualMachines/openjdk-19.0.2/Contents/Home/lib/libnio.dylib
0x0000000103998000 	/Users/pranavsnayak/Library/Java/JavaVirtualMachines/openjdk-19.0.2/Contents/Home/lib/libnet.dylib
0x00000001039b8000 	/Users/pranavsnayak/Library/Java/JavaVirtualMachines/openjdk-19.0.2/Contents/Home/lib/libverify.dylib
0x0000000103958000 	/Users/pranavsnayak/Library/Java/JavaVirtualMachines/openjdk-19.0.2/Contents/Home/lib/libmanagement.dylib
0x00000001039d4000 	/Users/pranavsnayak/Library/Java/JavaVirtualMachines/openjdk-19.0.2/Contents/Home/lib/libmanagement_ext.dylib
0x00000001039e8000 	/Users/pranavsnayak/Library/Java/JavaVirtualMachines/openjdk-19.0.2/Contents/Home/lib/libextnet.dylib
0x0000000120000000 	/private/var/folders/d7/vp65tkvn5fz6yfvv7fxgsbsh0000gn/T/ortools-java4889706679043163643/ortools-darwin-aarch64/libjniortools.dylib
0x0000000155bb4000 	/private/var/folders/d7/vp65tkvn5fz6yfvv7fxgsbsh0000gn/T/ortools-java4889706679043163643/ortools-darwin-aarch64/libortools.9.dylib


VM Arguments:
jvm_args: -agentlib:jdwp=transport=dt_socket,address=127.0.0.1:56318,suspend=y,server=n -javaagent:/Users/pranavsnayak/Library/Caches/JetBrains/IdeaIC2022.3/captureAgent/debugger-agent.jar -Dfile.encoding=UTF-8 -Dsun.stdout.encoding=UTF-8 -Dsun.stderr.encoding=UTF-8 
java_command: com.gdn.tms.routing.RoutingApplication
java_class_path (initial): /Users/pranavsnayak/Documents/samples/routing/target/classes:/Users/pranavsnayak/.m2/repository/org/springframework/boot/spring-boot-starter-web/2.7.10/spring-boot-starter-web-2.7.10.jar:/Users/pranavsnayak/.m2/repository/org/springframework/boot/spring-boot-starter/2.7.10/spring-boot-starter-2.7.10.jar:/Users/pranavsnayak/.m2/repository/org/springframework/boot/spring-boot/2.7.10/spring-boot-2.7.10.jar:/Users/pranavsnayak/.m2/repository/org/springframework/boot/spring-boot-autoconfigure/2.7.10/spring-boot-autoconfigure-2.7.10.jar:/Users/pranavsnayak/.m2/repository/org/springframework/boot/spring-boot-starter-logging/2.7.10/spring-boot-starter-logging-2.7.10.jar:/Users/pranavsnayak/.m2/repository/ch/qos/logback/logback-classic/1.2.11/logback-classic-1.2.11.jar:/Users/pranavsnayak/.m2/repository/ch/qos/logback/logback-core/1.2.11/logback-core-1.2.11.jar:/Users/pranavsnayak/.m2/repository/org/apache/logging/log4j/log4j-to-slf4j/2.17.2/log4j-to-slf4j-2.17.2.jar:/Users/pranavsnayak/.m2/repository/org/apache/logging/log4j/log4j-api/2.17.2/log4j-api-2.17.2.jar:/Users/pranavsnayak/.m2/repository/org/slf4j/jul-to-slf4j/1.7.36/jul-to-slf4j-1.7.36.jar:/Users/pranavsnayak/.m2/repository/jakarta/annotation/jakarta.annotation-api/1.3.5/jakarta.annotation-api-1.3.5.jar:/Users/pranavsnayak/.m2/repository/org/yaml/snakeyaml/1.30/snakeyaml-1.30.jar:/Users/pranavsnayak/.m2/repository/org/springframework/boot/spring-boot-starter-json/2.7.10/spring-boot-starter-json-2.7.10.jar:/Users/pranavsnayak/.m2/repository/com/fasterxml/jackson/datatype/jackson-datatype-jdk8/2.13.5/jackson-datatype-jdk8-2.13.5.jar:/Users/pranavsnayak/.m2/repository/com/fasterxml/jackson/datatype/jackson-datatype-jsr310/2.13.5/jackson-datatype-jsr310-2.13.5.jar:/Users/pranavsnayak/.m2/repository/com/fasterxml/jackson/module/jackson-module-parameter-names/2.13.5/jackson-module-parameter-names-2.13.5.jar:/Users/pranavsnayak/.m2/repository/org/springframework/boot/spring-boot-starter-tomcat/2.7.10/spring-boot-starter-tomcat-2.7.10.jar:/Users/pranavsnayak/.m2/repository/org/apache/tomcat/embed/tomcat-embed-core/9.0.73/tomcat-embed-core-9.0.73.jar:/Users/pranavsnayak/.m2/repository/org/apache/tomcat/embed/tomcat-embed-el/9.0.73/tomcat-embed-el-9.0.73.jar:/Users/pranavsnayak/.m2/repository/org/apache/tomcat/embed/tomcat-embed-websocket/9.0.73/tomcat-embed-websocket-9.0.73.jar:/Users/pranavsnayak/.m2/repository/org/springframework/spring-web/5.3.26/spring-web-5.3.26.jar:/Users/pranavsnayak/.m2/repository/org/springframework/spring-beans/5.3.26/spring-beans-5.3.26.jar:/Users/pranavsnayak/.m2/repository/org/springframework/spring-webmvc/5.3.26/spring-webmvc-5.3.26.jar:/Users/pranavsnayak/.m2/repository/org/springframework/spring-aop/5.3.26/spring-aop-5.3.26.jar:/Users/pranavsnayak/.m2/repository/org/springframework/spring-context/5.3.26/spring-context-5.3.26.jar:/Users/pranavsnayak/.m2/repository/org/springframework/spring-expression/5.3.26/spring-expression-5.3.26.jar:/Users/pranavsnayak/.m2/repository/com/fasterxml/jackson/core/jackson-databind/2.15.2/jackson-databind-2.15.2.jar:/Users/pranavsnayak/.m2/repository/com/fasterxml/jackson/core/jackson-annotations/2.13.5/jackson-annotations-2.13.5.jar:/Users/pranavsnayak/.m2/repository/com/fasterxml/jackson/core/jackson-core/2.13.5/jackson-core-2.13.5.jar:/Users/pranavsnayak/.m2/repository/com/google/maps/google-maps-services/2.2.0/google-maps-services-2.2.0.jar:/Users/pranavsnayak/.m2/repository/com/squareup/okhttp3/okhttp/4.9.3/okhttp-4.9.3.jar:/Users/pranavsnayak/.m2/repository/com/squareup/okio/okio/2.8.0/okio-2.8.0.jar:/Users/pranavsnayak/.m2/repository/org/jetbrains/kotlin/kotlin-stdlib-common/1.6.21/kotlin-stdlib-common-1.6.21.jar:/Users/pranavsnayak/.m2/repository/org/jetbrains/kotlin/kotlin-stdlib/1.6.21/kotlin-stdlib-1.6.21.jar:/Users/pranavsnayak/.m2/repository/org/jetbrains/annotations/13.0/annotations-13.0.jar:/Users/pranavsnayak/.m2/repository/com/google/code/gson/gson/2.9.1/gson-2.9.1.jar:/Users/pranavsnayak/.m2/repository/io/opencensus/opencensus-api/0.31.0/opencensus-api-0.31.0.jar:/Users/pranavsnayak/.m2/repository/io/grpc/grpc-context/1.27.2/grpc-context-1.27.2.jar:/Users/pranavsnayak/.m2/repository/org/slf4j/slf4j-api/1.7.36/slf4j-api-1.7.36.jar:/Users/pranavsnayak/.m2/repository/org/springframework/spring-core/5.3.26/spring-core-5.3.26.jar:/Users/pranavsnayak/.m2/repository/org/springframework/spring-jcl/5.3.26/spring-jcl-5.3.26.jar:/Users/pranavsnayak/.m2/repository/com/google/ortools/ortools-java/9.6.2534/ortools-java-9.6.2534.jar:/Users/pranavsnayak/.m2/repository/com/google/ortools/ortools-linux-x86-64/9.6.2534/ortools-linux-x86-64-9.6.2534.jar:/Users/pranavsnayak/.m2/repository/com/google/ortools/ortools-darwin-x86-64/9.6.2534/ortools-darwin-x86-64-9.6.2534.jar:/Users/pranavsnayak/.m2/repository/com/google/ortools/ortools-win32-x86-64/9.6.2534/ortools-win32-x86-64-9.6.2534.jar:/Users/pranavsnayak/.m2/repository/com/google/ortools/ortools-linux-aarch64/9.6.2534/ortools-linux-aarch64-9.6.2534.jar:/Users/pranavsnayak/.m2/repository/com/google/ortools/ortools-darwin-aarch64/9.6.2534/ortools-darwin-aarch64-9.6.2534.jar:/Users/pranavsnayak/.m2/repository/net/java/dev/jna/jna-platform/5.12.1/jna-platform-5.12.1.jar:/Users/pranavsnayak/.m2/repository/net/java/dev/jna/jna/5.12.1/jna-5.12.1.jar:/Users/pranavsnayak/.m2/repository/com/google/protobuf/protobuf-java/3.21.12/protobuf-java-3.21.12.jar:/Users/pranavsnayak/.m2/repository/org/projectlombok/lombok/1.18.26/lombok-1.18.26.jar:/Applications/IntelliJ IDEA CE.app/Contents/lib/idea_rt.jar
Launcher Type: SUN_STANDARD

[Global flags]
     intx CICompilerCount                          = 4                                         {product} {ergonomic}
     uint ConcGCThreads                            = 2                                         {product} {ergonomic}
     uint G1ConcRefinementThreads                  = 8                                         {product} {ergonomic}
   size_t G1HeapRegionSize                         = 2097152                                   {product} {ergonomic}
    uintx GCDrainStackTargetSize                   = 64                                        {product} {ergonomic}
   size_t InitialHeapSize                          = 268435456                                 {product} {ergonomic}
   size_t MarkStackSize                            = 4194304                                   {product} {ergonomic}
   size_t MaxHeapSize                              = 4294967296                                {product} {ergonomic}
   size_t MaxNewSize                               = 2575302656                                {product} {ergonomic}
   size_t MinHeapDeltaBytes                        = 2097152                                   {product} {ergonomic}
   size_t MinHeapSize                              = 8388608                                   {product} {ergonomic}
    uintx NonNMethodCodeHeapSize                   = 5839564                                {pd product} {ergonomic}
    uintx NonProfiledCodeHeapSize                  = 122909338                              {pd product} {ergonomic}
    uintx ProfiledCodeHeapSize                     = 122909338                              {pd product} {ergonomic}
    uintx ReservedCodeCacheSize                    = 251658240                              {pd product} {ergonomic}
     bool SegmentedCodeCache                       = true                                      {product} {ergonomic}
   size_t SoftMaxHeapSize                          = 4294967296                             {manageable} {ergonomic}
     bool UseCompressedClassPointers               = true                           {product lp64_product} {ergonomic}
     bool UseCompressedOops                        = true                           {product lp64_product} {ergonomic}
     bool UseG1GC                                  = true                                      {product} {ergonomic}
     bool UseNUMA                                  = false                                     {product} {ergonomic}
     bool UseNUMAInterleaving                      = false                                     {product} {ergonomic}

Logging:
Log output configuration:
 #0: stdout all=warning uptime,level,tags foldmultilines=false
 #1: stderr all=off uptime,level,tags foldmultilines=false

Environment Variables:
JAVA_HOME=/opt/homebrew/Cellar/openjdk@11/11.0.18/libexec/openjdk.jdk/Contents/Home
PATH=/opt/homebrew/bin:/opt/homebrew/sbin:/usr/local/bin:/usr/bin:/bin:/usr/sbin:/sbin
SHELL=/bin/zsh
LC_CTYPE=en_IN.UTF-8
TMPDIR=/var/folders/d7/vp65tkvn5fz6yfvv7fxgsbsh0000gn/T/

Active Locale:
LC_ALL=C
LC_COLLATE=C
LC_CTYPE=C
LC_MESSAGES=C
LC_MONETARY=C
LC_NUMERIC=C
LC_TIME=C

Signal Handlers:
   SIGSEGV: _ZL13crash_handleriP9__siginfoPv in libjvm.dylib, mask=11100110000111110111111111111111, flags=SA_RESTART|SA_SIGINFO
    SIGBUS: _ZL13crash_handleriP9__siginfoPv in libjvm.dylib, mask=11100110000111110111111111111111, flags=SA_RESTART|SA_SIGINFO
    SIGFPE: _ZL13crash_handleriP9__siginfoPv in libjvm.dylib, mask=11100110000111110111111111111111, flags=SA_RESTART|SA_SIGINFO
   SIGPIPE: _ZL17javaSignalHandleriP9__siginfoPv in libjvm.dylib, mask=11100110000111110111111111111111, flags=SA_RESTART|SA_SIGINFO
   SIGXFSZ: _ZL17javaSignalHandleriP9__siginfoPv in libjvm.dylib, mask=11100110000111110111111111111111, flags=SA_RESTART|SA_SIGINFO
    SIGILL: _ZL13crash_handleriP9__siginfoPv in libjvm.dylib, mask=11100110000111110111111111111111, flags=SA_RESTART|SA_SIGINFO
   SIGUSR2: _ZL10SR_handleriP9__siginfoP17__darwin_ucontext in libjvm.dylib, mask=00100000000000000000000000000000, flags=SA_RESTART|SA_SIGINFO
    SIGHUP: _ZL11UserHandleriPvS_ in libjvm.dylib, mask=11100110000111110111111111111111, flags=SA_RESTART|SA_SIGINFO
    SIGINT: _ZL11UserHandleriPvS_ in libjvm.dylib, mask=11100110000111110111111111111111, flags=SA_RESTART|SA_SIGINFO
   SIGTERM: _ZL11UserHandleriPvS_ in libjvm.dylib, mask=11100110000111110111111111111111, flags=SA_RESTART|SA_SIGINFO
   SIGQUIT: _ZL11UserHandleriPvS_ in libjvm.dylib, mask=11100110000111110111111111111111, flags=SA_RESTART|SA_SIGINFO
   SIGTRAP: _ZL13crash_handleriP9__siginfoPv in libjvm.dylib, mask=11100110000111110111111111111111, flags=SA_RESTART|SA_SIGINFO


---------------  S Y S T E M  ---------------

OS:
uname: Darwin 21.4.0 Darwin Kernel Version 21.4.0: Mon Feb 21 20:35:58 PST 2022; root:xnu-8020.101.4~2/RELEASE_ARM64_T6000 arm64
OS uptime: 27 days 18:44 hours
rlimit (soft/hard): STACK 8176k/65520k , CORE 0k/infinity , NPROC 2666/4000 , NOFILE 10240/infinity , AS infinity/infinity , CPU infinity/infinity , DATA infinity/infinity , FSIZE infinity/infinity , MEMLOCK infinity/infinity , RSS infinity/infinity
load average: 3.87 4.30 5.38

CPU: total 8 (initial active 8) 0x61:0x0:0x1b588bb3:0, fp, simd, aes, pmull, crc32, lse

Memory: 16k page, physical 16777216k(80672k free), swap 16777216k(935168k free)

vm_info: OpenJDK 64-Bit Server VM (19.0.2+7-44) for bsd-aarch64 JRE (19.0.2+7-44), built on 2022-11-30T18:02:09Z by "mach5one" with clang Apple LLVM 12.0.0 (clang-1200.0.32.29)

END.
