#
# A fatal error has been detected by the Java Runtime Environment:
#
#  SIGSEGV (0xb) at pc=0x0000000132e2e1cc, pid=12603, tid=10243
#
# JRE version: OpenJDK Runtime Environment (19.0.2+7) (build 19.0.2+7-44)
# Java VM: OpenJDK 64-Bit Server VM (19.0.2+7-44, mixed mode, sharing, tiered, compressed oops, compressed class ptrs, g1 gc, bsd-aarch64)
# Problematic frame:
# C  [libortools.9.dylib+0x27a1cc]  _ZN19operations_research19RoutingIndexManager10InitializeEiiRKNSt3__16vectorINS1_4pairIN3gtl7IntTypeINS_21RoutingNodeIndex_tag_EiEES7_EENS1_9allocatorIS8_EEEE+0x7bc
#
# No core dump will be written. Core dumps have been disabled. To enable core dumping, try "ulimit -c unlimited" before starting Java again
#
# If you would like to submit a bug report, please visit:
#   https://bugreport.java.com/bugreport/crash.jsp
# The crash happened outside the Java Virtual Machine in native code.
# See problematic frame for where to report the bug.
#

---------------  S U M M A R Y ------------

Command Line: -agentlib:jdwp=transport=dt_socket,address=127.0.0.1:50515,suspend=y,server=n -javaagent:/Users/pranavsnayak/Library/Caches/JetBrains/IdeaIC2022.3/captureAgent/debugger-agent.jar -Dfile.encoding=UTF-8 -Dsun.stdout.encoding=UTF-8 -Dsun.stderr.encoding=UTF-8 com.gdn.tms.routing.RoutingApplication

Host: "MacBookPro18,3" arm64, 8 cores, 16G, Darwin 21.4.0, macOS 12.3 (21E230)
Time: Tue Jun 20 12:18:28 2023 IST elapsed time: 10.502992 seconds (0d 0h 0m 10s)

---------------  T H R E A D  ---------------

Current thread (0x0000000147808200):  JavaThread "main" [_thread_in_native, id=10243, stack(0x000000016b3a4000,0x000000016b5a7000)]

Stack: [0x000000016b3a4000,0x000000016b5a7000],  sp=0x000000016b5a6440,  free space=2057k
Native frames: (J=compiled Java code, j=interpreted, Vv=VM code, C=native code)
C  [libortools.9.dylib+0x27a1cc]  _ZN19operations_research19RoutingIndexManager10InitializeEiiRKNSt3__16vectorINS1_4pairIN3gtl7IntTypeINS_21RoutingNodeIndex_tag_EiEES7_EENS1_9allocatorIS8_EEEE+0x7bc
C  [libortools.9.dylib+0x2795f4]  _ZN19operations_research19RoutingIndexManagerC1EiiN3gtl7IntTypeINS_21RoutingNodeIndex_tag_EiEE+0xec
C  [libjniortools.dylib+0x8499c]  Java_com_google_ortools_constraintsolver_mainJNI_new_1RoutingIndexManager_1_1SWIG_10+0x38
j  com.google.ortools.constraintsolver.mainJNI.new_RoutingIndexManager__SWIG_0(III)J+0
j  com.google.ortools.constraintsolver.RoutingIndexManager.<init>(III)V+4
j  com.gdn.tms.routing.service.impl.algorithms.ortools.ORTSPBackHaulService.run()Lcom/google/ortools/constraintsolver/Assignment;+32
j  com.gdn.tms.routing.RoutingApplication.run([Ljava/lang/String;)V+7
j  org.springframework.boot.SpringApplication.callRunner(Lorg/springframework/boot/CommandLineRunner;Lorg/springframework/boot/ApplicationArguments;)V+7
j  org.springframework.boot.SpringApplication.callRunners(Lorg/springframework/context/ApplicationContext;Lorg/springframework/boot/ApplicationArguments;)V+119
j  org.springframework.boot.SpringApplication.run([Ljava/lang/String;)Lorg/springframework/context/ConfigurableApplicationContext;+169
j  org.springframework.boot.SpringApplication.run([Ljava/lang/Class;[Ljava/lang/String;)Lorg/springframework/context/ConfigurableApplicationContext;+9
j  org.springframework.boot.SpringApplication.run(Ljava/lang/Class;[Ljava/lang/String;)Lorg/springframework/context/ConfigurableApplicationContext;+9
j  com.gdn.tms.routing.RoutingApplication.main([Ljava/lang/String;)V+3
v  ~StubRoutines::call_stub 0x000000011629c140
V  [libjvm.dylib+0x4e4320]  _ZN9JavaCalls11call_helperEP9JavaValueRK12methodHandleP17JavaCallArgumentsP10JavaThread+0x38c
V  [libjvm.dylib+0x54b0f0]  _ZL17jni_invoke_staticP7JNIEnv_P9JavaValueP8_jobject11JNICallTypeP10_jmethodIDP18JNI_ArgumentPusherP10JavaThread+0x12c
V  [libjvm.dylib+0x54e444]  jni_CallStaticVoidMethod+0x118
C  [libjli.dylib+0x9978]  JavaMain+0x9d4
C  [libjli.dylib+0xbce4]  ThreadJavaMain+0xc
C  [libsystem_pthread.dylib+0x726c]  _pthread_start+0x94

Java frames: (J=compiled Java code, j=interpreted, Vv=VM code)
j  com.google.ortools.constraintsolver.mainJNI.new_RoutingIndexManager__SWIG_0(III)J+0
j  com.google.ortools.constraintsolver.RoutingIndexManager.<init>(III)V+4
j  com.gdn.tms.routing.service.impl.algorithms.ortools.ORTSPBackHaulService.run()Lcom/google/ortools/constraintsolver/Assignment;+32
j  com.gdn.tms.routing.RoutingApplication.run([Ljava/lang/String;)V+7
j  org.springframework.boot.SpringApplication.callRunner(Lorg/springframework/boot/CommandLineRunner;Lorg/springframework/boot/ApplicationArguments;)V+7
j  org.springframework.boot.SpringApplication.callRunners(Lorg/springframework/context/ApplicationContext;Lorg/springframework/boot/ApplicationArguments;)V+119
j  org.springframework.boot.SpringApplication.run([Ljava/lang/String;)Lorg/springframework/context/ConfigurableApplicationContext;+169
j  org.springframework.boot.SpringApplication.run([Ljava/lang/Class;[Ljava/lang/String;)Lorg/springframework/context/ConfigurableApplicationContext;+9
j  org.springframework.boot.SpringApplication.run(Ljava/lang/Class;[Ljava/lang/String;)Lorg/springframework/context/ConfigurableApplicationContext;+9
j  com.gdn.tms.routing.RoutingApplication.main([Ljava/lang/String;)V+3
v  ~StubRoutines::call_stub 0x000000011629c140

siginfo: si_signo: 11 (SIGSEGV), si_code: 2 (SEGV_ACCERR), si_addr: 0x0000000000000000

Registers:
 x0=0x0000000000000000  x1=0x8080808080808080  x2=0x0000000000000000  x3=0x00006000018e6d09
 x4=0x0000000000000000  x5=0x0000000000000000  x6=0xd65f03c0f2c00020  x7=0x000000016b5a6008
 x8=0x00006000018e6d09  x9=0x00006000018e6d00 x10=0x0000000000000000 x11=0x0000000000000001
x12=0x00000000da2977fb x13=0x000000005a297000 x14=0x000000005a200000 x15=0x0000000000000036
x16=0x00000001b17a8e20 x17=0x00000000000008fd x18=0x0000000000000000 x19=0x0000600003058770
x20=0x0000600003058788 x21=0x000000016b5a6588 x22=0x00006000030587a0 x23=0x9ddfea08eb382d69
x24=0x0000000133f2e9c0 x25=0x0000000000000000 x26=0x0000000000000000 x27=0x0000000000000000
x28=0x0000000000000000  fp=0x000000016b5a6570  lr=0x0000000132e2e1bc  sp=0x000000016b5a6440
pc=0x0000000132e2e1cc cpsr=0x0000000060001000

Register to memory mapping:

 x0=0x0 is NULL
 x1=0x8080808080808080 is an unknown value
 x2=0x0 is NULL
 x3=0x00006000018e6d09 points into unknown readable memory: 00 00 00 00 00 00 00
 x4=0x0 is NULL
 x5=0x0 is NULL
 x6=0xd65f03c0f2c00020 is an unknown value
 x7=0x000000016b5a6008 is pointing into the stack for thread: 0x0000000147808200
 x8=0x00006000018e6d09 points into unknown readable memory: 00 00 00 00 00 00 00
 x9=0x00006000018e6d00 points into unknown readable memory: 0x80808080803bff3b | 3b ff 3b 80 80 80 80 80
x10=0x0 is NULL
x11=0x0000000000000001 is an unknown value
x12=0x00000000da2977fb is an unknown value
x13=0x000000005a297000 is an unknown value
x14=0x000000005a200000 is an unknown value
x15=0x0000000000000036 is an unknown value
x16=0x00000001b17a8e20: _platform_memset+0 in /usr/lib/system/libsystem_platform.dylib at 0x00000001b17a5000
x17=0x00000000000008fd is an unknown value
x18=0x0 is NULL
x19=0x0000600003058770 points into unknown readable memory: 0x00006000018e6cd0 | d0 6c 8e 01 00 60 00 00
x20=0x0000600003058788 points into unknown readable memory: 0x0000000000000000 | 00 00 00 00 00 00 00 00
x21=0x000000016b5a6588 is pointing into the stack for thread: 0x0000000147808200
x22=0x00006000030587a0 points into unknown readable memory: 0x00006000018e6ce0 | e0 6c 8e 01 00 60 00 00
x23=0x9ddfea08eb382d69 is an unknown value
x24=0x0000000133f2e9c0: _ZN4absl12lts_2023012513hash_internal15MixingHashState5kSeedE+0 in /private/var/folders/d7/vp65tkvn5fz6yfvv7fxgsbsh0000gn/T/ortools-java762232492413647915/ortools-darwin-aarch64/libortools.9.dylib at 0x0000000132bb4000
x25=0x0 is NULL
x26=0x0 is NULL
x27=0x0 is NULL
x28=0x0 is NULL


Top of Stack: (sp=0x000000016b5a6440)
0x000000016b5a6440:   0000000000000000 0000000000000000
0x000000016b5a6450:   0000000100000000 0000000000000006
0x000000016b5a6460:   00006000018e6d00 00006000018e6d09
0x000000016b5a6470:   0000000000000001 0000000000000001
0x000000016b5a6480:   0000000000000000 00006000018e6cc0
0x000000016b5a6490:   00006000018e6cc9 0000000000000001
0x000000016b5a64a0:   0000000000000001 0000000000000000
0x000000016b5a64b0:   00006000018e6cb0 00006000018e6cb9
0x000000016b5a64c0:   0000000000000001 0000000000000001
0x000000016b5a64d0:   0000000000000000 00006000018e6ca0
0x000000016b5a64e0:   00006000018e6ca9 0000000000000001
0x000000016b5a64f0:   0000000000000001 0000000000000000
0x000000016b5a6500:   0000000000000000 0000000000000001
0x000000016b5a6510:   0000000000000000 0000000000000000
0x000000016b5a6520:   0000000147808200 0000000000000000
0x000000016b5a6530:   000000012a9b4b48 0000000000000000
0x000000016b5a6540:   0000000000000008 0000000000000000
0x000000016b5a6550:   0000000000000000 0000000000000001
0x000000016b5a6560:   00006000018e6c90 0000600003058770
0x000000016b5a6570:   000000016b5a65d0 0000000132e2d5f4
0x000000016b5a6580:   000000016b5a66b0 00006000018e6c90
0x000000016b5a6590:   00006000018e6c98 00006000018e6c98
0x000000016b5a65a0:   000000016b5a66b0 000000070024ade8
0x000000016b5a65b0:   0000000000000000 0000000000000001
0x000000016b5a65c0:   0000000000000000 0000600003058770
0x000000016b5a65d0:   000000016b5a6600 000000012f58499c
0x000000016b5a65e0:   0000000000000000 0000000106aba348
0x000000016b5a65f0:   000000016b5a6618 00000001162b01ec
0x000000016b5a6600:   000000016b5a6680 00000001162b2da0
0x000000016b5a6610:   000000016b5a6680 00000001162b298c
0x000000016b5a6620:   00000001162b298c 000000012a99f018
0x000000016b5a6630:   000000016b5a6630 0000000000000000 

Instructions: (pc=0x0000000132e2e1cc)
0x0000000132e2e0cc:   dac001cf dac011ef 8b4f0daf 8a0a01ef
0x0000000132e2e0dc:   b86f790f 6b1a01ff 54000200 d10005cf
0x0000000132e2e0ec:   ea0e01ee 54fffee1 2e288c21 9e66002e
0x0000000132e2e0fc:   b500020e 9100216b 8b0d016d 8a0a01ad
0x0000000132e2e10c:   fc6d6921 2e208c22 9e66004e f201c1ce
0x0000000132e2e11c:   54fffd81 17fffff5 f9401a6a f839795b
0x0000000132e2e12c:   f940026a b83b795a 9100077b 1400002a
0x0000000132e2e13c:   d280000b f9800124 8a0a018c fc6c6921
0x0000000132e2e14c:   2e208c22 9e66004d f201c1ad 54000160
0x0000000132e2e15c:   dac001ae dac011ce 8b4e0d8e 8a0a01ce
0x0000000132e2e16c:   b86e790e 6b1a01df 540002a0 d10005ae
0x0000000132e2e17c:   ea0d01cd 54fffee1 2e288c21 9e66002d
0x0000000132e2e18c:   b500014d 9100216b 8b0c016c 8a0a018c
0x0000000132e2e19c:   fc6c6921 2e208c22 9e66004d f201c1ad
0x0000000132e2e1ac:   54fffd81 17fffff5 910083e0 9400038b
0x0000000132e2e1bc:   f94017e8 b820791a f94013e9 f940028a
0x0000000132e2e1cc:   f87c794a f94002cb f839796a b100055f
0x0000000132e2e1dc:   54002b00 91000739 b980666a eb0a033f
0x0000000132e2e1ec:   5400006a f9401fea 17ffff9e 7100055f
0x0000000132e2e1fc:   f94003e9 5400028b d2800008 93407d20
0x0000000132e2e20c:   d37ef769 5280008a f94002ab b86a696b
0x0000000132e2e21c:   f940026c 8b09018c b828798b f940266b
0x0000000132e2e22c:   8b080361 eb00003f f8287961 5400274b
0x0000000132e2e23c:   91000508 b980666b 9100214a eb0b011f
0x0000000132e2e24c:   54fffe4b 90008948 396d4108 34000ba8
0x0000000132e2e25c:   90008948 f945ad08 b4001fa8 b9400108
0x0000000132e2e26c:   7100011f 54000bec 90008948 396d4508
0x0000000132e2e27c:   34000e48 90008948 f945b108 b4001f88
0x0000000132e2e28c:   b9400108 7100011f 54000e8c a9402668
0x0000000132e2e29c:   eb08013f 540010e0 d280001b d280001c
0x0000000132e2e2ac:   90008959 90008955 912d4ab5 f0007eb6
0x0000000132e2e2bc:   9132a2d6 90008957 d0008908 913ce108 


Stack slot to memory mapping:
stack at sp + 0 slots: 0x0 is NULL
stack at sp + 1 slots: 0x0 is NULL
stack at sp + 2 slots: 0x0000000100000000 is an unknown value
stack at sp + 3 slots: 0x0000000000000006 is an unknown value
stack at sp + 4 slots: 0x00006000018e6d00 points into unknown readable memory: 0x80808080803bff3b | 3b ff 3b 80 80 80 80 80
stack at sp + 5 slots: 0x00006000018e6d09 points into unknown readable memory: 00 00 00 00 00 00 00
stack at sp + 6 slots: 0x0000000000000001 is an unknown value
stack at sp + 7 slots: 0x0000000000000001 is an unknown value


---------------  P R O C E S S  ---------------

Threads class SMR info:
_java_thread_list=0x0000600001a7ca20, length=27, elements={
0x0000000147808200, 0x0000000157833600, 0x0000000157834400, 0x0000000157834a00,
0x0000000147008200, 0x0000000147072800, 0x0000000147072e00, 0x0000000147073400,
0x000000012d008800, 0x000000012f810c00, 0x0000000147086200, 0x000000012d00bc00,
0x0000000147836000, 0x00000001470a4c00, 0x000000014714ba00, 0x000000012f998a00,
0x00000001473b8c00, 0x00000001473b6e00, 0x000000012d306c00, 0x00000001571b7000,
0x0000000157b1c600, 0x00000001571b7600, 0x00000001571b7c00, 0x000000012fa08200,
0x00000001571b8200, 0x00000001571b8800, 0x00000001473b7400
}

Java Threads: ( => current thread )
=>0x0000000147808200 JavaThread "main" [_thread_in_native, id=10243, stack(0x000000016b3a4000,0x000000016b5a7000)]
  0x0000000157833600 JavaThread "Reference Handler" daemon [_thread_blocked, id=22275, stack(0x000000016c310000,0x000000016c513000)]
  0x0000000157834400 JavaThread "Finalizer" daemon [_thread_blocked, id=43011, stack(0x000000016c51c000,0x000000016c71f000)]
  0x0000000157834a00 JavaThread "Signal Dispatcher" daemon [_thread_blocked, id=42755, stack(0x000000016c728000,0x000000016c92b000)]
  0x0000000147008200 JavaThread "Service Thread" daemon [_thread_blocked, id=42243, stack(0x000000016c934000,0x000000016cb37000)]
  0x0000000147072800 JavaThread "Monitor Deflation Thread" daemon [_thread_blocked, id=41731, stack(0x000000016cb40000,0x000000016cd43000)]
  0x0000000147072e00 JavaThread "C2 CompilerThread0" daemon [_thread_blocked, id=23043, stack(0x000000016cd4c000,0x000000016cf4f000)]
  0x0000000147073400 JavaThread "C1 CompilerThread0" daemon [_thread_blocked, id=40963, stack(0x000000016cf58000,0x000000016d15b000)]
  0x000000012d008800 JavaThread "Sweeper thread" daemon [_thread_blocked, id=40451, stack(0x000000016d164000,0x000000016d367000)]
  0x000000012f810c00 JavaThread "Common-Cleaner" daemon [_thread_blocked, id=39939, stack(0x000000016d370000,0x000000016d573000)]
  0x0000000147086200 JavaThread "JDWP Event Helper Thread" daemon [_thread_blocked, id=39427, stack(0x000000016d788000,0x000000016d98b000)]
  0x000000012d00bc00 JavaThread "Notification Thread" daemon [_thread_blocked, id=38659, stack(0x000000016dba0000,0x000000016dda3000)]
  0x0000000147836000 JavaThread "Catalina-utility-1" [_thread_blocked, id=35587, stack(0x000000016f018000,0x000000016f21b000)]
  0x00000001470a4c00 JavaThread "Catalina-utility-2" [_thread_blocked, id=26371, stack(0x000000016f224000,0x000000016f427000)]
  0x000000014714ba00 JavaThread "container-0" [_thread_blocked, id=26883, stack(0x000000016f430000,0x000000016f633000)]
  0x000000012f998a00 JavaThread "http-nio-8080-exec-1" daemon [_thread_blocked, id=27139, stack(0x000000016f63c000,0x000000016f83f000)]
  0x00000001473b8c00 JavaThread "http-nio-8080-exec-2" daemon [_thread_blocked, id=35075, stack(0x000000016f848000,0x000000016fa4b000)]
  0x00000001473b6e00 JavaThread "http-nio-8080-exec-3" daemon [_thread_blocked, id=34819, stack(0x000000016fa54000,0x000000016fc57000)]
  0x000000012d306c00 JavaThread "http-nio-8080-exec-4" daemon [_thread_blocked, id=27907, stack(0x000000016fc60000,0x000000016fe63000)]
  0x00000001571b7000 JavaThread "http-nio-8080-exec-5" daemon [_thread_blocked, id=34051, stack(0x0000000298004000,0x0000000298207000)]
  0x0000000157b1c600 JavaThread "http-nio-8080-exec-6" daemon [_thread_blocked, id=28163, stack(0x0000000298210000,0x0000000298413000)]
  0x00000001571b7600 JavaThread "http-nio-8080-exec-7" daemon [_thread_blocked, id=33283, stack(0x000000029841c000,0x000000029861f000)]
  0x00000001571b7c00 JavaThread "http-nio-8080-exec-8" daemon [_thread_blocked, id=32771, stack(0x0000000298628000,0x000000029882b000)]
  0x000000012fa08200 JavaThread "http-nio-8080-exec-9" daemon [_thread_blocked, id=28675, stack(0x0000000298834000,0x0000000298a37000)]
  0x00000001571b8200 JavaThread "http-nio-8080-exec-10" daemon [_thread_blocked, id=32259, stack(0x0000000298a40000,0x0000000298c43000)]
  0x00000001571b8800 JavaThread "http-nio-8080-Poller" daemon [_thread_in_native, id=31747, stack(0x0000000298c4c000,0x0000000298e4f000)]
  0x00000001473b7400 JavaThread "http-nio-8080-Acceptor" daemon [_thread_in_native, id=31491, stack(0x0000000298e58000,0x000000029905b000)]

Other Threads:
  0x0000000136e081e0 VMThread "VM Thread" [stack: 0x000000016bfec000,0x000000016c1ef000] [id=18435]
  0x0000000136e10420 WatcherThread "VM Periodic Task Thread" [stack: 0x000000016ddac000,0x000000016dfaf000] [id=24323]
  0x0000000146f06aa0 WorkerThread "GC Thread#0" [stack: 0x000000016b5b0000,0x000000016b7b3000] [id=20483]
  0x0000000156e15dc0 WorkerThread "GC Thread#1" [stack: 0x000000016dfb8000,0x000000016e1bb000] [id=38403]
  0x0000000156e16090 WorkerThread "GC Thread#2" [stack: 0x000000016e1c4000,0x000000016e3c7000] [id=37891]
  0x0000000156e16530 WorkerThread "GC Thread#3" [stack: 0x000000016e3d0000,0x000000016e5d3000] [id=37379]
  0x0000000156e169d0 WorkerThread "GC Thread#4" [stack: 0x000000016e5dc000,0x000000016e7df000] [id=37123]
  0x0000000156e17260 WorkerThread "GC Thread#5" [stack: 0x000000016e7e8000,0x000000016e9eb000] [id=36867]
  0x000000010590fd00 WorkerThread "GC Thread#6" [stack: 0x000000016e9f4000,0x000000016ebf7000] [id=25603]
  0x00000001059104e0 WorkerThread "GC Thread#7" [stack: 0x000000016ec00000,0x000000016ee03000] [id=36355]
  0x0000000136e042b0 ConcurrentGCThread "G1 Main Marker" [stack: 0x000000016b7bc000,0x000000016b9bf000] [id=20227]
  0x0000000136e04b50 WorkerThread "G1 Conc#0" [stack: 0x000000016b9c8000,0x000000016bbcb000] [id=19715]
  0x0000000146f3d4e0 WorkerThread "G1 Conc#1" [stack: 0x000000016ee0c000,0x000000016f00f000] [id=25867]
  0x0000000136e069e0 ConcurrentGCThread "G1 Refine#0" [stack: 0x000000016bbd4000,0x000000016bdd7000] [id=13571]
  0x0000000136e07310 ConcurrentGCThread "G1 Service" [stack: 0x000000016bde0000,0x000000016bfe3000] [id=14083]

Threads with active compile tasks:

VM state: not at safepoint (normal execution)

VM Mutex/Monitor currently owned by a thread: None

Heap address: 0x0000000700000000, size: 4096 MB, Compressed Oops mode: Zero based, Oop shift amount: 3

CDS archive(s) mapped at: [0x0000000800000000-0x0000000800c44000-0x0000000800c44000), size 12861440, SharedBaseAddress: 0x0000000800000000, ArchiveRelocationMode: 0.
Compressed class space mapped at: 0x0000000801000000-0x0000000841000000, reserved size: 1073741824
Narrow klass base: 0x0000000800000000, Narrow klass shift: 0, Narrow klass range: 0x100000000

GC Precious Log:
 CardTable entry size: 512
 Card Set container configuration: InlinePtr #cards 4 size 8 Array Of Cards #cards 16 size 48 Howl #buckets 8 coarsen threshold 3686 Howl Bitmap #cards 512 size 80 coarsen threshold 460 Card regions per heap region 1 cards per card region 4096
 CPUs: 8 total, 8 available
 Memory: 16384M
 Large Page Support: Disabled
 NUMA Support: Disabled
 Compressed Oops: Enabled (Zero based)
 Heap Region Size: 2M
 Heap Min Capacity: 8M
 Heap Initial Capacity: 256M
 Heap Max Capacity: 4G
 Pre-touch: Disabled
 Parallel Workers: 8
 Concurrent Workers: 2
 Concurrent Refinement Workers: 8
 Periodic GC: Disabled

Heap:
 garbage-first heap   total 65536K, used 19330K [0x0000000700000000, 0x0000000800000000)
  region size 2048K, 4 young (8192K), 1 survivors (2048K)
 Metaspace       used 29440K, committed 29888K, reserved 1114112K
  class space    used 3453K, committed 3648K, reserved 1048576K

Heap Regions: E=young(eden), S=young(survivor), O=old, HS=humongous(starts), HC=humongous(continues), CS=collection set, F=free, OA=open archive, CA=closed archive, TAMS=top-at-mark-start (previous, next)
|   0|0x0000000700000000, 0x0000000700000000, 0x0000000700200000|  0%| F|  |TAMS 0x0000000700000000, 0x0000000700000000| Untracked 
|   1|0x0000000700200000, 0x0000000700400000, 0x0000000700400000|100%| O|  |TAMS 0x0000000700200000, 0x0000000700200000| Untracked 
|   2|0x0000000700400000, 0x0000000700600000, 0x0000000700600000|100%| O|  |TAMS 0x0000000700400000, 0x0000000700400000| Untracked 
|   3|0x0000000700600000, 0x0000000700800000, 0x0000000700800000|100%| O|  |TAMS 0x0000000700600000, 0x0000000700600000| Untracked 
|   4|0x0000000700800000, 0x0000000700800000, 0x0000000700a00000|  0%| F|  |TAMS 0x0000000700800000, 0x0000000700800000| Untracked 
|   5|0x0000000700a00000, 0x0000000700a00000, 0x0000000700c00000|  0%| F|  |TAMS 0x0000000700a00000, 0x0000000700a00000| Untracked 
|   6|0x0000000700c00000, 0x0000000700e00000, 0x0000000700e00000|100%| O|  |TAMS 0x0000000700c00000, 0x0000000700c00000| Untracked 
|   7|0x0000000700e00000, 0x0000000700fb7200, 0x0000000701000000| 85%| O|  |TAMS 0x0000000700e00000, 0x0000000700e00000| Untracked 
|   8|0x0000000701000000, 0x0000000701000000, 0x0000000701200000|  0%| F|  |TAMS 0x0000000701000000, 0x0000000701000000| Untracked 
|   9|0x0000000701200000, 0x0000000701200000, 0x0000000701400000|  0%| F|  |TAMS 0x0000000701200000, 0x0000000701200000| Untracked 
|  10|0x0000000701400000, 0x0000000701400000, 0x0000000701600000|  0%| F|  |TAMS 0x0000000701400000, 0x0000000701400000| Untracked 
|  11|0x0000000701600000, 0x0000000701600000, 0x0000000701800000|  0%| F|  |TAMS 0x0000000701600000, 0x0000000701600000| Untracked 
|  12|0x0000000701800000, 0x0000000701800000, 0x0000000701a00000|  0%| F|  |TAMS 0x0000000701800000, 0x0000000701800000| Untracked 
|  13|0x0000000701a00000, 0x0000000701a00000, 0x0000000701c00000|  0%| F|  |TAMS 0x0000000701a00000, 0x0000000701a00000| Untracked 
|  14|0x0000000701c00000, 0x0000000701c00000, 0x0000000701e00000|  0%| F|  |TAMS 0x0000000701c00000, 0x0000000701c00000| Untracked 
|  15|0x0000000701e00000, 0x0000000701e00000, 0x0000000702000000|  0%| F|  |TAMS 0x0000000701e00000, 0x0000000701e00000| Untracked 
|  16|0x0000000702000000, 0x0000000702000000, 0x0000000702200000|  0%| F|  |TAMS 0x0000000702000000, 0x0000000702000000| Untracked 
|  17|0x0000000702200000, 0x0000000702200000, 0x0000000702400000|  0%| F|  |TAMS 0x0000000702200000, 0x0000000702200000| Untracked 
|  18|0x0000000702400000, 0x0000000702400000, 0x0000000702600000|  0%| F|  |TAMS 0x0000000702400000, 0x0000000702400000| Untracked 
|  19|0x0000000702600000, 0x0000000702600000, 0x0000000702800000|  0%| F|  |TAMS 0x0000000702600000, 0x0000000702600000| Untracked 
|  20|0x0000000702800000, 0x0000000702800000, 0x0000000702a00000|  0%| F|  |TAMS 0x0000000702800000, 0x0000000702800000| Untracked 
|  21|0x0000000702a00000, 0x0000000702a00000, 0x0000000702c00000|  0%| F|  |TAMS 0x0000000702a00000, 0x0000000702a00000| Untracked 
|  22|0x0000000702c00000, 0x0000000702c00000, 0x0000000702e00000|  0%| F|  |TAMS 0x0000000702c00000, 0x0000000702c00000| Untracked 
| 107|0x000000070d600000, 0x000000070d600000, 0x000000070d800000|  0%| F|  |TAMS 0x000000070d600000, 0x000000070d600000| Untracked 
| 108|0x000000070d800000, 0x000000070d800000, 0x000000070da00000|  0%| F|  |TAMS 0x000000070d800000, 0x000000070d800000| Untracked 
| 109|0x000000070da00000, 0x000000070dafeaf8, 0x000000070dc00000| 49%| E|  |TAMS 0x000000070da00000, 0x000000070da00000| Complete 
| 110|0x000000070dc00000, 0x000000070de00000, 0x000000070de00000|100%| E|CS|TAMS 0x000000070dc00000, 0x000000070dc00000| Complete 
| 111|0x000000070de00000, 0x000000070df31880, 0x000000070e000000| 59%| S|CS|TAMS 0x000000070de00000, 0x000000070de00000| Complete 
| 127|0x000000070fe00000, 0x0000000710000000, 0x0000000710000000|100%| E|CS|TAMS 0x000000070fe00000, 0x000000070fe00000| Complete 
|2045|0x00000007ffa00000, 0x00000007ffc00000, 0x00000007ffc00000|100%| O|  |TAMS 0x00000007ffa00000, 0x00000007ffa00000| Untracked 
|2046|0x00000007ffc00000, 0x00000007ffd78000, 0x00000007ffe00000| 73%|OA|  |TAMS 0x00000007ffd78000, 0x00000007ffc00000| Untracked 
|2047|0x00000007ffe00000, 0x00000007ffe80000, 0x0000000800000000| 25%|CA|  |TAMS 0x00000007ffe00000, 0x00000007ffe00000| Untracked 

Card table byte_map: [0x000000011dd68000,0x000000011e568000] _byte_map_base: 0x000000011a568000

Marking Bits (Prev, Next): (CMBitMap*) 0x0000000147008a50, (CMBitMap*) 0x0000000147008a10
 Prev Bits: [0x0000000122d68000, 0x0000000126d68000)
 Next Bits: [0x000000011ed68000, 0x0000000122d68000)

Polling page: 0x0000000104c74000

Metaspace:

Usage:
  Non-class:     25.38 MB used.
      Class:      3.37 MB used.
       Both:     28.75 MB used.

Virtual space:
  Non-class space:       64.00 MB reserved,      25.62 MB ( 40%) committed,  1 nodes.
      Class space:        1.00 GB reserved,       3.56 MB ( <1%) committed,  1 nodes.
             Both:        1.06 GB reserved,      29.19 MB (  3%) committed. 

Chunk freelists:
   Non-Class:  2.28 MB
       Class:  446.00 KB
        Both:  2.72 MB

MaxMetaspaceSize: unlimited
CompressedClassSpaceSize: 1.00 GB
Initial GC threshold: 21.00 MB
Current GC threshold: 35.12 MB
CDS: on
MetaspaceReclaimPolicy: balanced
 - commit_granule_bytes: 65536.
 - commit_granule_words: 8192.
 - virtual_space_node_default_size: 8388608.
 - enlarge_chunks_in_place: 1.
 - new_chunks_are_fully_committed: 0.
 - uncommit_free_chunks: 1.
 - use_allocation_guard: 0.


Internal statistics:

num_allocs_failed_limit: 3.
num_arena_births: 454.
num_arena_deaths: 0.
num_vsnodes_births: 2.
num_vsnodes_deaths: 0.
num_space_committed: 467.
num_space_uncommitted: 0.
num_chunks_returned_to_freelist: 3.
num_chunks_taken_from_freelist: 1417.
num_chunk_merges: 0.
num_chunk_splits: 989.
num_chunks_enlarged: 789.
num_inconsistent_stats: 0.

CodeHeap 'non-profiled nmethods': size=120032Kb used=1547Kb max_used=1547Kb free=118484Kb
 bounds [0x0000000116830000, 0x0000000116aa0000, 0x000000011dd68000]
CodeHeap 'profiled nmethods': size=120016Kb used=7721Kb max_used=7721Kb free=112294Kb
 bounds [0x000000010ed68000, 0x000000010f4f8000, 0x000000011629c000]
CodeHeap 'non-nmethods': size=5712Kb used=1367Kb max_used=1367Kb free=4344Kb
 bounds [0x000000011629c000, 0x000000011650c000, 0x0000000116830000]
 total_blobs=4123 nmethods=3484 adapters=552
 compilation: enabled
              stopped_count=0, restarted_count=0
 full_count=0

Compilation events (20 events):
Event: 3.434 Thread 0x0000000147073400 nmethod 3622 0x000000010f4f0210 code [0x000000010f4f0600, 0x000000010f4f13a8]
Event: 3.434 Thread 0x0000000147073400 3623       3       java.lang.Character::isISOControl (5 bytes)
Event: 3.434 Thread 0x0000000147073400 nmethod 3623 0x000000010f4f1990 code [0x000000010f4f1b40, 0x000000010f4f1d18]
Event: 3.434 Thread 0x0000000147073400 3624       3       java.lang.Character::isISOControl (25 bytes)
Event: 3.434 Thread 0x0000000147073400 nmethod 3624 0x000000010f4f1e10 code [0x000000010f4f1fc0, 0x000000010f4f2158]
Event: 3.435 Thread 0x0000000147073400 3625       3       java.util.Locale::hashCode (41 bytes)
Event: 3.435 Thread 0x0000000147073400 nmethod 3625 0x000000010f4f2210 code [0x000000010f4f23c0, 0x000000010f4f25f8]
Event: 3.440 Thread 0x0000000147072e00 nmethod 3589 0x00000001169a8d10 code [0x00000001169a9900, 0x00000001169ac940]
Event: 3.440 Thread 0x0000000147072e00 3587       4       jdk.internal.org.objectweb.asm.Label::resolve (219 bytes)
Event: 3.442 Thread 0x0000000147072e00 nmethod 3587 0x00000001169af010 code [0x00000001169af1c0, 0x00000001169af470]
Event: 3.442 Thread 0x0000000147072e00 3592       4       java.util.WeakHashMap::hash (28 bytes)
Event: 3.443 Thread 0x0000000147072e00 nmethod 3592 0x00000001169af690 code [0x00000001169af840, 0x00000001169af970]
Event: 3.443 Thread 0x0000000147072e00 3593   !   4       java.util.WeakHashMap::expungeStaleEntries (139 bytes)
Event: 3.443 Thread 0x0000000147072e00 nmethod 3593 0x00000001169afa90 code [0x00000001169afcc0, 0x00000001169aff80]
Event: 3.443 Thread 0x0000000147072e00 3618       4       jdk.internal.org.objectweb.asm.MethodWriter::visitVarInsn (302 bytes)
Event: 3.446 Thread 0x0000000147072e00 nmethod 3618 0x00000001169b0210 code [0x00000001169b0440, 0x00000001169b09d0]
Event: 3.446 Thread 0x0000000147072e00 3588       4       jdk.internal.org.objectweb.asm.Frame::merge (317 bytes)
Event: 3.447 Thread 0x0000000147072e00 nmethod 3588 0x00000001169b0d90 code [0x00000001169b0f80, 0x00000001169b1250]
Event: 3.447 Thread 0x0000000147072e00 3586       4       jdk.internal.org.objectweb.asm.Frame::getAbstractTypeFromDescriptor (415 bytes)
Event: 3.453 Thread 0x0000000147072e00 nmethod 3586 0x00000001169b1490 code [0x00000001169b1780, 0x00000001169b2440]

GC Heap History (10 events):
Event: 1.001 GC heap before
{Heap before GC invocations=0 (full 0):
 garbage-first heap   total 266240K, used 24544K [0x0000000700000000, 0x0000000800000000)
  region size 2048K, 11 young (22528K), 0 survivors (0K)
 Metaspace       used 5235K, committed 5376K, reserved 1114112K
  class space    used 563K, committed 640K, reserved 1048576K
}
Event: 1.008 GC heap after
{Heap after GC invocations=1 (full 0):
 garbage-first heap   total 266240K, used 6144K [0x0000000700000000, 0x0000000800000000)
  region size 2048K, 2 young (4096K), 2 survivors (4096K)
 Metaspace       used 5235K, committed 5376K, reserved 1114112K
  class space    used 563K, committed 640K, reserved 1048576K
}
Event: 1.709 GC heap before
{Heap before GC invocations=1 (full 0):
 garbage-first heap   total 266240K, used 51200K [0x0000000700000000, 0x0000000800000000)
  region size 2048K, 25 young (51200K), 2 survivors (4096K)
 Metaspace       used 15527K, committed 15808K, reserved 1114112K
  class space    used 1847K, committed 1984K, reserved 1048576K
}
Event: 1.724 GC heap after
{Heap after GC invocations=2 (full 0):
 garbage-first heap   total 266240K, used 8681K [0x0000000700000000, 0x0000000800000000)
  region size 2048K, 4 young (8192K), 4 survivors (8192K)
 Metaspace       used 15527K, committed 15808K, reserved 1114112K
  class space    used 1847K, committed 1984K, reserved 1048576K
}
Event: 2.204 GC heap before
{Heap before GC invocations=2 (full 0):
 garbage-first heap   total 266240K, used 39401K [0x0000000700000000, 0x0000000800000000)
  region size 2048K, 20 young (40960K), 4 survivors (8192K)
 Metaspace       used 21152K, committed 21504K, reserved 1114112K
  class space    used 2541K, committed 2688K, reserved 1048576K
}
Event: 2.209 GC heap after
{Heap after GC invocations=3 (full 0):
 garbage-first heap   total 266240K, used 10958K [0x0000000700000000, 0x0000000800000000)
  region size 2048K, 5 young (10240K), 5 survivors (10240K)
 Metaspace       used 21152K, committed 21504K, reserved 1114112K
  class space    used 2541K, committed 2688K, reserved 1048576K
}
Event: 2.528 GC heap before
{Heap before GC invocations=4 (full 0):
 garbage-first heap   total 61440K, used 45774K [0x0000000700000000, 0x0000000800000000)
  region size 2048K, 22 young (45056K), 5 survivors (10240K)
 Metaspace       used 27435K, committed 27840K, reserved 1114112K
  class space    used 3259K, committed 3456K, reserved 1048576K
}
Event: 2.534 GC heap after
{Heap after GC invocations=5 (full 0):
 garbage-first heap   total 65536K, used 14353K [0x0000000700000000, 0x0000000800000000)
  region size 2048K, 3 young (6144K), 3 survivors (6144K)
 Metaspace       used 27435K, committed 27840K, reserved 1114112K
  class space    used 3259K, committed 3456K, reserved 1048576K
}
Event: 2.550 GC heap before
{Heap before GC invocations=5 (full 0):
 garbage-first heap   total 65536K, used 16401K [0x0000000700000000, 0x0000000800000000)
  region size 2048K, 4 young (8192K), 3 survivors (6144K)
 Metaspace       used 27769K, committed 28160K, reserved 1114112K
  class space    used 3299K, committed 3456K, reserved 1048576K
}
Event: 2.552 GC heap after
{Heap after GC invocations=6 (full 0):
 garbage-first heap   total 65536K, used 15234K [0x0000000700000000, 0x0000000800000000)
  region size 2048K, 1 young (2048K), 1 survivors (2048K)
 Metaspace       used 27769K, committed 28160K, reserved 1114112K
  class space    used 3299K, committed 3456K, reserved 1048576K
}

Dll operation events (20 events):
Event: 2.105 Loading shared library /usr/lib/java/liblibtcnative-1.dylib failed, dlopen(/usr/lib/java/liblibtcnative-1.dylib, 0x0001): tried: '/usr/lib/java/liblibtcnative-1.dylib' (no such file)
Event: 2.105 Loading shared library /usr/lib/java/liblibtcnative-1.jnilib failed, dlopen(/usr/lib/java/liblibtcnative-1.jnilib, 0x0001): tried: '/usr/lib/java/liblibtcnative-1.jnilib' (no such file)
Event: 2.105 Loading shared library /Users/pranavsnayak/Documents/samples/routing/liblibtcnative-1.dylib failed, dlopen(/Users/pranavsnayak/Documents/samples/routing/liblibtcnative-1.dylib, 0x0001): tried: '/Users/pranavsnayak/Documents/samples/routing/liblibtcnative-
Event: 2.105 Loading shared library /Users/pranavsnayak/Documents/samples/routing/liblibtcnative-1.jnilib failed, dlopen(/Users/pranavsnayak/Documents/samples/routing/liblibtcnative-1.jnilib, 0x0001): tried: '/Users/pranavsnayak/Documents/samples/routing/liblibtcnativ
Event: 2.524 Loaded shared library /Users/pranavsnayak/Library/Java/JavaVirtualMachines/openjdk-19.0.2/Contents/Home/lib/libextnet.dylib
Event: 2.546 Loading shared library /Users/pranavsnayak/Library/Java/JavaVirtualMachines/openjdk-19.0.2/Contents/Home/lib/libjniortools.dylib failed, dlopen(/Users/pranavsnayak/Library/Java/JavaVirtualMachines/openjdk-19.0.2/Contents/Home/lib/libjniortools.dylib, 0x00
Event: 2.546 Loading shared library /Users/pranavsnayak/Library/Java/JavaVirtualMachines/openjdk-19.0.2/Contents/Home/lib/libjniortools.jnilib failed, dlopen(/Users/pranavsnayak/Library/Java/JavaVirtualMachines/openjdk-19.0.2/Contents/Home/lib/libjniortools.jnilib, 0x
Event: 2.546 Loading shared library /Users/pranavsnayak/Library/Java/Extensions/libjniortools.dylib failed, dlopen(/Users/pranavsnayak/Library/Java/Extensions/libjniortools.dylib, 0x0001): tried: '/Users/pranavsnayak/Library/Java/Extensions/libjniortools.dylib' (no su
Event: 2.546 Loading shared library /Users/pranavsnayak/Library/Java/Extensions/libjniortools.jnilib failed, dlopen(/Users/pranavsnayak/Library/Java/Extensions/libjniortools.jnilib, 0x0001): tried: '/Users/pranavsnayak/Library/Java/Extensions/libjniortools.jnilib' (no
Event: 2.546 Loading shared library /Library/Java/Extensions/libjniortools.dylib failed, dlopen(/Library/Java/Extensions/libjniortools.dylib, 0x0001): tried: '/Library/Java/Extensions/libjniortools.dylib' (no such file)
Event: 2.546 Loading shared library /Library/Java/Extensions/libjniortools.jnilib failed, dlopen(/Library/Java/Extensions/libjniortools.jnilib, 0x0001): tried: '/Library/Java/Extensions/libjniortools.jnilib' (no such file)
Event: 2.546 Loading shared library /Network/Library/Java/Extensions/libjniortools.dylib failed, dlopen(/Network/Library/Java/Extensions/libjniortools.dylib, 0x0001): tried: '/Network/Library/Java/Extensions/libjniortools.dylib' (no such file)
Event: 2.546 Loading shared library /Network/Library/Java/Extensions/libjniortools.jnilib failed, dlopen(/Network/Library/Java/Extensions/libjniortools.jnilib, 0x0001): tried: '/Network/Library/Java/Extensions/libjniortools.jnilib' (no such file)
Event: 2.547 Loading shared library /System/Library/Java/Extensions/libjniortools.dylib failed, dlopen(/System/Library/Java/Extensions/libjniortools.dylib, 0x0001): tried: '/System/Library/Java/Extensions/libjniortools.dylib' (no such file)
Event: 2.547 Loading shared library /System/Library/Java/Extensions/libjniortools.jnilib failed, dlopen(/System/Library/Java/Extensions/libjniortools.jnilib, 0x0001): tried: '/System/Library/Java/Extensions/libjniortools.jnilib' (no such file)
Event: 2.547 Loading shared library /usr/lib/java/libjniortools.dylib failed, dlopen(/usr/lib/java/libjniortools.dylib, 0x0001): tried: '/usr/lib/java/libjniortools.dylib' (no such file)
Event: 2.547 Loading shared library /usr/lib/java/libjniortools.jnilib failed, dlopen(/usr/lib/java/libjniortools.jnilib, 0x0001): tried: '/usr/lib/java/libjniortools.jnilib' (no such file)
Event: 2.547 Loading shared library /Users/pranavsnayak/Documents/samples/routing/libjniortools.dylib failed, dlopen(/Users/pranavsnayak/Documents/samples/routing/libjniortools.dylib, 0x0001): tried: '/Users/pranavsnayak/Documents/samples/routing/libjniortools.dylib' 
Event: 2.547 Loading shared library /Users/pranavsnayak/Documents/samples/routing/libjniortools.jnilib failed, dlopen(/Users/pranavsnayak/Documents/samples/routing/libjniortools.jnilib, 0x0001): tried: '/Users/pranavsnayak/Documents/samples/routing/libjniortools.jnili
Event: 3.394 Loaded shared library /private/var/folders/d7/vp65tkvn5fz6yfvv7fxgsbsh0000gn/T/ortools-java762232492413647915/ortools-darwin-aarch64/libjniortools.dylib

Deoptimization events (20 events):
Event: 2.516 Thread 0x0000000147808200 DEOPT PACKING pc=0x000000010f309ed8 sp=0x000000016b5a6020
Event: 2.516 Thread 0x0000000147808200 DEOPT UNPACKING pc=0x00000001162eb07c sp=0x000000016b5a5d00 mode 1
Event: 2.527 Thread 0x0000000147808200 DEOPT PACKING pc=0x000000010eef2708 sp=0x000000016b5a4fd0
Event: 2.527 Thread 0x0000000147808200 DEOPT UNPACKING pc=0x00000001162eb07c sp=0x000000016b5a4c30 mode 1
Event: 2.527 Thread 0x0000000147808200 DEOPT PACKING pc=0x000000010ee44504 sp=0x000000016b5a5060
Event: 2.527 Thread 0x0000000147808200 DEOPT UNPACKING pc=0x00000001162eb07c sp=0x000000016b5a4d30 mode 1
Event: 2.542 Thread 0x0000000147808200 Uncommon trap: trap_request=0xffffff45 fr.pc=0x00000001168a3aac relative=0x000000000000006c
Event: 2.542 Thread 0x0000000147808200 Uncommon trap: reason=unstable_if action=reinterpret pc=0x00000001168a3aac method=org.springframework.util.ConcurrentReferenceHashMap$Segment.clear()V @ 7 c2
Event: 2.542 Thread 0x0000000147808200 DEOPT PACKING pc=0x00000001168a3aac sp=0x000000016b5a6250
Event: 2.542 Thread 0x0000000147808200 DEOPT UNPACKING pc=0x00000001162eb21c sp=0x000000016b5a61e0 mode 2
Event: 2.549 Thread 0x0000000147808200 Uncommon trap: trap_request=0xffffff45 fr.pc=0x00000001168f6a3c relative=0x00000000000001bc
Event: 2.549 Thread 0x0000000147808200 Uncommon trap: reason=unstable_if action=reinterpret pc=0x00000001168f6a3c method=jdk.internal.module.SystemModuleFinders$SystemModuleReader.find(Ljava/lang/String;)Ljava/util/Optional; @ 5 c2
Event: 2.549 Thread 0x0000000147808200 DEOPT PACKING pc=0x00000001168f6a3c sp=0x000000016b5a5b70
Event: 2.549 Thread 0x0000000147808200 DEOPT UNPACKING pc=0x00000001162eb21c sp=0x000000016b5a5b30 mode 2
Event: 2.549 Thread 0x0000000147808200 DEOPT PACKING pc=0x000000010f0a53f8 sp=0x000000016b5a5bf0
Event: 2.549 Thread 0x0000000147808200 DEOPT UNPACKING pc=0x00000001162eb07c sp=0x000000016b5a58f0 mode 3
Event: 2.549 Thread 0x0000000147808200 Uncommon trap: trap_request=0xffffffc6 fr.pc=0x0000000116916b84 relative=0x0000000000002f84
Event: 2.549 Thread 0x0000000147808200 Uncommon trap: reason=bimorphic_or_optimized_type_check action=maybe_recompile pc=0x0000000116916b84 method=java.net.URL.<init>(Ljava/net/URL;Ljava/lang/String;Ljava/net/URLStreamHandler;)V @ 504 c2
Event: 2.549 Thread 0x0000000147808200 DEOPT PACKING pc=0x0000000116916b84 sp=0x000000016b5a5c30
Event: 2.549 Thread 0x0000000147808200 DEOPT UNPACKING pc=0x00000001162eb21c sp=0x000000016b5a5bd0 mode 2

Classes loaded (20 events):
Event: 3.429 Loading class com/fasterxml/jackson/databind/deser/std/NumberDeserializers$ShortDeserializer
Event: 3.429 Loading class com/fasterxml/jackson/databind/deser/std/NumberDeserializers$ShortDeserializer done
Event: 3.429 Loading class com/fasterxml/jackson/databind/deser/std/NumberDeserializers$FloatDeserializer
Event: 3.429 Loading class com/fasterxml/jackson/databind/deser/std/NumberDeserializers$FloatDeserializer done
Event: 3.429 Loading class com/fasterxml/jackson/databind/deser/std/NumberDeserializers$NumberDeserializer
Event: 3.429 Loading class com/fasterxml/jackson/databind/deser/std/NumberDeserializers$NumberDeserializer done
Event: 3.430 Loading class com/fasterxml/jackson/databind/deser/std/NumberDeserializers$BigDecimalDeserializer
Event: 3.430 Loading class com/fasterxml/jackson/databind/deser/std/NumberDeserializers$BigDecimalDeserializer done
Event: 3.430 Loading class com/fasterxml/jackson/databind/deser/std/NumberDeserializers$BigIntegerDeserializer
Event: 3.430 Loading class com/fasterxml/jackson/databind/deser/std/NumberDeserializers$BigIntegerDeserializer done
Event: 3.431 Loading class com/fasterxml/jackson/core/io/NumberInput
Event: 3.431 Loading class com/fasterxml/jackson/core/io/NumberInput done
Event: 3.434 Loading class com/fasterxml/jackson/databind/JsonMappingException$Reference
Event: 3.434 Loading class com/fasterxml/jackson/databind/JsonMappingException$Reference done
Event: 10.495 Loading class com/gdn/tms/routing/pojo/RoutingDetails
Event: 10.495 Loading class com/gdn/tms/routing/pojo/RoutingDetails done
Event: 10.495 Loading class com/gdn/tms/routing/pojo/RoutingDetails
Event: 10.495 Loading class com/gdn/tms/routing/pojo/RoutingDetails done
Event: 10.496 Loading class com/google/ortools/constraintsolver/mainJNI
Event: 10.496 Loading class com/google/ortools/constraintsolver/mainJNI done

Classes unloaded (0 events):
No events

Classes redefined (0 events):
No events

Internal exceptions (20 events):
Event: 2.402 Thread 0x0000000147808200 Exception <a 'java/lang/ClassNotFoundException'{0x0000000701988640}: org/springframework/beans/factory/AwareCustomizer> (0x0000000701988640) 
thrown [open/src/hotspot/share/classfile/systemDictionary.cpp, line 255]
Event: 2.402 Thread 0x0000000147808200 Exception <a 'java/lang/ClassNotFoundException'{0x000000070198b760}: org/springframework/context/ApplicationContextAwareCustomizer> (0x000000070198b760) 
thrown [open/src/hotspot/share/classfile/systemDictionary.cpp, line 255]
Event: 2.402 Thread 0x0000000147808200 Exception <a 'java/lang/ClassNotFoundException'{0x000000070198fe40}: org/springframework/beans/factory/AwareCustomizer> (0x000000070198fe40) 
thrown [open/src/hotspot/share/classfile/systemDictionary.cpp, line 255]
Event: 2.402 Thread 0x0000000147808200 Exception <a 'java/lang/ClassNotFoundException'{0x0000000701992f38}: org/springframework/web/context/ServletContextAwareCustomizer> (0x0000000701992f38) 
thrown [open/src/hotspot/share/classfile/systemDictionary.cpp, line 255]
Event: 2.402 Thread 0x0000000147808200 Exception <a 'java/lang/ClassNotFoundException'{0x0000000701996f50}: org/springframework/beans/factory/AwareCustomizer> (0x0000000701996f50) 
thrown [open/src/hotspot/share/classfile/systemDictionary.cpp, line 255]
Event: 2.404 Thread 0x0000000147808200 Exception <a 'java/lang/NoSuchMethodError'{0x00000007019beaf0}: 'java.lang.Object java.lang.invoke.DirectMethodHandle$Holder.newInvokeSpecial(java.lang.Object, java.lang.Object, java.lang.Object, java.lang.Object, java.lang.Object, java.lang.Object, java.lang.Object, java.lang.Object)'> (0x00000007019beaf0) 
thrown [open/src/hotspot/share/interpreter/linkResolver.cpp, line 774]
Event: 2.427 Thread 0x0000000147808200 Exception <a 'java/lang/NoSuchMethodError'{0x00000007017da1f0}: 'void java.lang.invoke.DirectMethodHandle$Holder.invokeVirtual(java.lang.Object, java.lang.Object, long)'> (0x00000007017da1f0) 
thrown [open/src/hotspot/share/interpreter/linkResolver.cpp, line 774]
Event: 2.479 Thread 0x0000000147808200 Exception <a 'java/lang/IncompatibleClassChangeError'{0x000000070114f960}: Found class java.lang.Object, but interface was expected> (0x000000070114f960) 
thrown [open/src/hotspot/share/interpreter/linkResolver.cpp, line 841]
Event: 2.492 Thread 0x0000000147808200 Exception <a 'java/lang/NoSuchMethodError'{0x0000000700ea2880}: 'int java.lang.invoke.DirectMethodHandle$Holder.invokeStaticInit(java.lang.Object, java.lang.Object, java.lang.Object, java.lang.Object)'> (0x0000000700ea2880) 
thrown [open/src/hotspot/share/interpreter/linkResolver.cpp, line 774]
Event: 2.495 Thread 0x0000000147808200 Implicit null exception at 0x000000011691fe0c to 0x00000001169202e8
Event: 2.520 Thread 0x0000000147808200 Exception <a 'java/lang/NoSuchMethodError'{0x0000000700c99998}: 'java.lang.Object java.lang.invoke.DirectMethodHandle$Holder.newInvokeSpecial(java.lang.Object, java.lang.Object, int, java.lang.Object, java.lang.Object)'> (0x0000000700c99998) 
thrown [open/src/hotspot/share/interpreter/linkResolver.cpp, line 774]
Event: 2.520 Thread 0x0000000147808200 Exception <a 'java/lang/NoSuchMethodError'{0x0000000700ca5200}: 'java.lang.Object java.lang.invoke.DirectMethodHandle$Holder.invokeSpecial(java.lang.Object, java.lang.Object, int, java.lang.Object, int, java.lang.Object)'> (0x0000000700ca5200) 
thrown [open/src/hotspot/share/interpreter/linkResolver.cpp, line 774]
Event: 2.520 Thread 0x0000000147808200 Exception <a 'java/lang/NoSuchMethodError'{0x0000000700cacfd8}: 'java.lang.Object java.lang.invoke.DirectMethodHandle$Holder.newInvokeSpecial(java.lang.Object, java.lang.Object, int, java.lang.Object, int)'> (0x0000000700cacfd8) 
thrown [open/src/hotspot/share/interpreter/linkResolver.cpp, line 774]
Event: 2.520 Thread 0x0000000147808200 Exception <a 'java/lang/NoSuchMethodError'{0x0000000700cb10f0}: 'java.lang.Object java.lang.invoke.DirectMethodHandle$Holder.invokeSpecial(java.lang.Object, java.lang.Object, java.lang.Object, int, java.lang.Object, int)'> (0x0000000700cb10f0) 
thrown [open/src/hotspot/share/interpreter/linkResolver.cpp, line 774]
Event: 2.521 Thread 0x0000000147808200 Exception <a 'java/lang/NoSuchMethodError'{0x0000000700cbb4b0}: 'void java.lang.invoke.DirectMethodHandle$Holder.invokeVirtual(java.lang.Object, java.lang.Object)'> (0x0000000700cbb4b0) 
thrown [open/src/hotspot/share/interpreter/linkResolver.cpp, line 774]
Event: 3.431 Thread 0x0000000147808200 Exception <a 'java/lang/NoSuchMethodError'{0x000000070ddec298}: 'void java.lang.invoke.DirectMethodHandle$Holder.invokeVirtual(java.lang.Object, java.lang.Object, double)'> (0x000000070ddec298) 
thrown [open/src/hotspot/share/interpreter/linkResolver.cpp, line 774]
Event: 3.431 Thread 0x0000000147808200 Exception <a 'java/lang/NoSuchMethodError'{0x000000070ddf70b0}: 'double java.lang.invoke.DelegatingMethodHandle$Holder.reinvoke_L(java.lang.Object, java.lang.Object, int)'> (0x000000070ddf70b0) 
thrown [open/src/hotspot/share/interpreter/linkResolver.cpp, line 774]
Event: 3.432 Thread 0x0000000147808200 Exception <a 'java/lang/NoSuchMethodError'{0x000000070da02308}: 'void java.lang.invoke.DelegatingMethodHandle$Holder.reinvoke_L(java.lang.Object, java.lang.Object, double)'> (0x000000070da02308) 
thrown [open/src/hotspot/share/interpreter/linkResolver.cpp, line 774]
Event: 3.433 Thread 0x0000000147808200 Exception <a 'java/lang/NoSuchMethodError'{0x000000070da14438}: 'long java.lang.invoke.DirectMethodHandle$Holder.invokeStatic(java.lang.Object, java.lang.Object, int)'> (0x000000070da14438) 
thrown [open/src/hotspot/share/interpreter/linkResolver.cpp, line 774]
Event: 3.433 Thread 0x0000000147808200 Exception <a 'java/lang/NoSuchMethodError'{0x000000070da1fcd0}: 'void java.lang.invoke.DelegatingMethodHandle$Holder.reinvoke_L(java.lang.Object, java.lang.Object, long)'> (0x000000070da1fcd0) 
thrown [open/src/hotspot/share/interpreter/linkResolver.cpp, line 774]

VM Operations (20 events):
Event: 3.418 Executing VM operation: ICBufferFull
Event: 3.418 Executing VM operation: ICBufferFull done
Event: 3.470 Executing VM operation: get/set locals
Event: 3.470 Executing VM operation: get/set locals done
Event: 3.471 Executing VM operation: get/set locals
Event: 3.471 Executing VM operation: get/set locals done
Event: 8.078 Executing VM operation: ChangeBreakpoints
Event: 8.079 Executing VM operation: ChangeBreakpoints done
Event: 10.495 Executing VM operation: ChangeBreakpoints
Event: 10.495 Executing VM operation: ChangeBreakpoints done
Event: 10.495 Executing VM operation: ChangeBreakpoints
Event: 10.495 Executing VM operation: ChangeBreakpoints done
Event: 10.495 Executing VM operation: ChangeBreakpoints
Event: 10.495 Executing VM operation: ChangeBreakpoints done
Event: 10.495 Executing VM operation: ChangeBreakpoints
Event: 10.495 Executing VM operation: ChangeBreakpoints done
Event: 10.495 Executing VM operation: ChangeBreakpoints
Event: 10.495 Executing VM operation: ChangeBreakpoints done
Event: 10.495 Executing VM operation: ChangeBreakpoints
Event: 10.495 Executing VM operation: ChangeBreakpoints done

Events (20 events):
Event: 2.534 Thread 0x00000001571b7000 Thread added: 0x00000001571b7000
Event: 2.534 Protecting memory [0x0000000298004000,0x0000000298010000] with protection modes 0
Event: 2.534 Thread 0x0000000157b1c600 Thread added: 0x0000000157b1c600
Event: 2.534 Protecting memory [0x0000000298210000,0x000000029821c000] with protection modes 0
Event: 2.534 Thread 0x00000001571b7600 Thread added: 0x00000001571b7600
Event: 2.534 Protecting memory [0x000000029841c000,0x0000000298428000] with protection modes 0
Event: 2.534 Thread 0x00000001571b7c00 Thread added: 0x00000001571b7c00
Event: 2.534 Protecting memory [0x0000000298628000,0x0000000298634000] with protection modes 0
Event: 2.534 Thread 0x000000012fa08200 Thread added: 0x000000012fa08200
Event: 2.534 Protecting memory [0x0000000298834000,0x0000000298840000] with protection modes 0
Event: 2.534 Thread 0x00000001571b8200 Thread added: 0x00000001571b8200
Event: 2.534 Protecting memory [0x0000000298a40000,0x0000000298a4c000] with protection modes 0
Event: 2.537 Thread 0x00000001571b8800 Thread added: 0x00000001571b8800
Event: 2.537 Protecting memory [0x0000000298c4c000,0x0000000298c58000] with protection modes 0
Event: 2.537 Thread 0x00000001473b7400 Thread added: 0x00000001473b7400
Event: 2.537 Protecting memory [0x0000000298e58000,0x0000000298e64000] with protection modes 0
Event: 10.495 Protecting memory [0x000000016d994000,0x000000016d9a0000] with protection modes 3
Event: 10.495 Thread 0x000000012f82b400 Thread exited: 0x000000012f82b400
Event: 10.497 Protecting memory [0x000000016d57c000,0x000000016d588000] with protection modes 3
Event: 10.497 Thread 0x0000000147073a00 Thread exited: 0x0000000147073a00


Dynamic libraries:
0x0000000104c24000 	/Users/pranavsnayak/Library/Java/JavaVirtualMachines/openjdk-19.0.2/Contents/Home/lib/libjli.dylib
0x00000001c812e000 	/System/Library/Frameworks/Cocoa.framework/Versions/A/Cocoa
0x00000001b437a000 	/System/Library/Frameworks/AppKit.framework/Versions/C/AppKit
0x00000001b7880000 	/System/Library/Frameworks/CoreData.framework/Versions/A/CoreData
0x00000001b26d5000 	/System/Library/Frameworks/Foundation.framework/Versions/C/Foundation
0x00000001bc2d7000 	/usr/lib/libSystem.B.dylib
0x00000001b5232000 	/System/Library/PrivateFrameworks/UIFoundation.framework/Versions/A/UIFoundation
0x00000001c230f000 	/System/Library/PrivateFrameworks/RemoteViewServices.framework/Versions/A/RemoteViewServices
0x00000001ba795000 	/System/Library/PrivateFrameworks/XCTTargetBootstrap.framework/Versions/A/XCTTargetBootstrap
0x00000001be013000 	/System/Library/PrivateFrameworks/InternationalSupport.framework/Versions/A/InternationalSupport
0x00000001be09c000 	/System/Library/PrivateFrameworks/UserActivity.framework/Versions/A/UserActivity
0x00000001bd50e000 	/usr/lib/libspindump.dylib
0x00000001b54a3000 	/System/Library/Frameworks/UniformTypeIdentifiers.framework/Versions/A/UniformTypeIdentifiers
0x00000001b8ce0000 	/usr/lib/libapp_launch_measurement.dylib
0x00000001b820a000 	/System/Library/PrivateFrameworks/CoreAnalytics.framework/Versions/A/CoreAnalytics
0x00000001b8ce3000 	/System/Library/PrivateFrameworks/CoreAutoLayout.framework/Versions/A/CoreAutoLayout
0x00000001ba086000 	/System/Library/Frameworks/Metal.framework/Versions/A/Metal
0x00000001badfd000 	/usr/lib/liblangid.dylib
0x00000001ba79a000 	/System/Library/PrivateFrameworks/CoreSVG.framework/Versions/A/CoreSVG
0x00000001b6934000 	/System/Library/PrivateFrameworks/SkyLight.framework/Versions/A/SkyLight
0x00000001b6d09000 	/System/Library/Frameworks/CoreGraphics.framework/Versions/A/CoreGraphics
0x00000001c29db000 	/System/Library/Frameworks/Accelerate.framework/Versions/A/Accelerate
0x00000001bcf85000 	/System/Library/PrivateFrameworks/IconServices.framework/Versions/A/IconServices
0x00000001ba068000 	/System/Library/Frameworks/IOSurface.framework/Versions/A/IOSurface
0x00000001b823b000 	/usr/lib/libDiagnosticMessagesClient.dylib
0x00000001bc220000 	/usr/lib/libz.1.dylib
0x00000001c5edc000 	/System/Library/Frameworks/ApplicationServices.framework/Versions/A/ApplicationServices
0x00000001ba77d000 	/System/Library/PrivateFrameworks/DFRFoundation.framework/Versions/A/DFRFoundation
0x00000001b3c0a000 	/usr/lib/libicucore.A.dylib
0x00000001beebf000 	/System/Library/Frameworks/AudioToolbox.framework/Versions/A/AudioToolbox
0x00000001be01f000 	/System/Library/PrivateFrameworks/DataDetectorsCore.framework/Versions/A/DataDetectorsCore
0x00000001d495f000 	/System/Library/PrivateFrameworks/TextInput.framework/Versions/A/TextInput
0x00000001b68a9000 	/usr/lib/libMobileGestalt.dylib
0x00000001ba449000 	/System/Library/Frameworks/Carbon.framework/Versions/A/Frameworks/HIToolbox.framework/Versions/A/HIToolbox
0x00000001b86bc000 	/System/Library/Frameworks/QuartzCore.framework/Versions/A/QuartzCore
0x00000001b388d000 	/System/Library/Frameworks/Security.framework/Versions/A/Security
0x00000001c234f000 	/System/Library/Frameworks/Carbon.framework/Versions/A/Frameworks/SpeechRecognition.framework/Versions/A/SpeechRecognition
0x00000001b8a36000 	/System/Library/PrivateFrameworks/CoreUI.framework/Versions/A/CoreUI
0x00000001b316a000 	/System/Library/Frameworks/CoreAudio.framework/Versions/A/CoreAudio
0x00000001b8330000 	/System/Library/Frameworks/DiskArbitration.framework/Versions/A/DiskArbitration
0x00000001bd918000 	/System/Library/PrivateFrameworks/MultitouchSupport.framework/Versions/A/MultitouchSupport
0x00000001b68a7000 	/usr/lib/libenergytrace.dylib
0x00000001b4242000 	/System/Library/Frameworks/IOKit.framework/Versions/A/IOKit
0x00000001c273e000 	/System/Library/Frameworks/CoreServices.framework/Versions/A/CoreServices
0x00000001b8c70000 	/System/Library/PrivateFrameworks/PerformanceAnalysis.framework/Versions/A/PerformanceAnalysis
0x0000000212c47000 	/System/Library/Frameworks/OpenGL.framework/Versions/A/OpenGL
0x00000001bb877000 	/System/Library/PrivateFrameworks/MobileKeyBag.framework/Versions/A/MobileKeyBag
0x00000001b1611000 	/usr/lib/libobjc.A.dylib
0x00000001b7316000 	/System/Library/Frameworks/ColorSync.framework/Versions/A/ColorSync
0x00000001b17da000 	/System/Library/Frameworks/CoreFoundation.framework/Versions/A/CoreFoundation
0x00000001baa19000 	/System/Library/Frameworks/CoreImage.framework/Versions/A/CoreImage
0x00000001b2f8e000 	/System/Library/Frameworks/CoreText.framework/Versions/A/CoreText
0x00000001ba7ca000 	/System/Library/Frameworks/ImageIO.framework/Versions/A/ImageIO
0x00000001bc2dd000 	/System/Library/PrivateFrameworks/SoftLinking.framework/Versions/A/SoftLinking
0x00000001b8d2e000 	/usr/lib/libxml2.2.dylib
0x00000001b16d4000 	/usr/lib/libc++.1.dylib
0x00000001bc576000 	/usr/lib/libcompression.dylib
0x00000001bdf6f000 	/System/Library/PrivateFrameworks/TextureIO.framework/Versions/A/TextureIO
0x00000001bcc9e000 	/usr/lib/libate.dylib
0x00000001bc2d1000 	/usr/lib/system/libcache.dylib
0x00000001bc28f000 	/usr/lib/system/libcommonCrypto.dylib
0x00000001bc2b8000 	/usr/lib/system/libcompiler_rt.dylib
0x00000001bc2af000 	/usr/lib/system/libcopyfile.dylib
0x00000001b1517000 	/usr/lib/system/libcorecrypto.dylib
0x00000001b15ca000 	/usr/lib/system/libdispatch.dylib
0x00000001b1798000 	/usr/lib/system/libdyld.dylib
0x00000001bc2c7000 	/usr/lib/system/libkeymgr.dylib
0x00000001bc26a000 	/usr/lib/system/libmacho.dylib
0x00000001bb95f000 	/usr/lib/system/libquarantine.dylib
0x00000001bc2c4000 	/usr/lib/system/libremovefile.dylib
0x00000001b6900000 	/usr/lib/system/libsystem_asl.dylib
0x00000001b14b9000 	/usr/lib/system/libsystem_blocks.dylib
0x00000001b1652000 	/usr/lib/system/libsystem_c.dylib
0x00000001bc2bc000 	/usr/lib/system/libsystem_collections.dylib
0x00000001baded000 	/usr/lib/system/libsystem_configuration.dylib
0x00000001ba049000 	/usr/lib/system/libsystem_containermanager.dylib
0x00000001bbfcc000 	/usr/lib/system/libsystem_coreservices.dylib
0x00000001b3ec0000 	/usr/lib/system/libsystem_darwin.dylib
0x00000001bc2c8000 	/usr/lib/system/libsystem_dnssd.dylib
0x00000001b164f000 	/usr/lib/system/libsystem_featureflags.dylib
0x00000001b17ad000 	/usr/lib/system/libsystem_info.dylib
0x00000001bc232000 	/usr/lib/system/libsystem_m.dylib
0x00000001b159f000 	/usr/lib/system/libsystem_malloc.dylib
0x00000001b688f000 	/usr/lib/system/libsystem_networkextension.dylib
0x00000001b4319000 	/usr/lib/system/libsystem_notify.dylib
0x00000001c2615000 	/usr/lib/system/libsystem_product_info_filter.dylib
0x00000001badf2000 	/usr/lib/system/libsystem_sandbox.dylib
0x00000001bc2c1000 	/usr/lib/system/libsystem_secinit.dylib
0x00000001b1753000 	/usr/lib/system/libsystem_kernel.dylib
0x00000001b17a5000 	/usr/lib/system/libsystem_platform.dylib
0x00000001b178b000 	/usr/lib/system/libsystem_pthread.dylib
0x00000001b8058000 	/usr/lib/system/libsystem_symptoms.dylib
0x00000001b14fd000 	/usr/lib/system/libsystem_trace.dylib
0x00000001bc29c000 	/usr/lib/system/libunwind.dylib
0x00000001b14bb000 	/usr/lib/system/libxpc.dylib
0x00000001b173b000 	/usr/lib/libc++abi.dylib
0x00000001bc2a7000 	/usr/lib/liboah.dylib
0x00000001bcb63000 	/usr/lib/liblzma.5.dylib
0x00000001b23c9000 	/System/Library/Frameworks/SystemConfiguration.framework/Versions/A/SystemConfiguration
0x00000001bc2d9000 	/usr/lib/libfakelink.dylib
0x00000001b63db000 	/System/Library/Frameworks/CFNetwork.framework/Versions/A/CFNetwork
0x00000001bc41f000 	/usr/lib/libarchive.2.dylib
0x00000001badf9000 	/System/Library/PrivateFrameworks/AppleSystemInfo.framework/Versions/A/AppleSystemInfo
0x00000001bb98a000 	/usr/lib/libbsm.0.dylib
0x00000001b594c000 	/usr/lib/libnetwork.dylib
0x00000001bc273000 	/usr/lib/system/libkxld.dylib
0x00000001bb59d000 	/System/Library/PrivateFrameworks/IOMobileFramebuffer.framework/Versions/A/IOMobileFramebuffer
0x0000000230573000 	/usr/lib/libCoreEntitlements.dylib
0x00000001bbfae000 	/System/Library/PrivateFrameworks/AppleFSCompression.framework/Versions/A/AppleFSCompression
0x00000001bb972000 	/usr/lib/libcoretls.dylib
0x00000001bcb7c000 	/usr/lib/libcoretls_cfhelpers.dylib
0x00000001bc571000 	/usr/lib/libpam.2.dylib
0x00000001b7c6f000 	/usr/lib/libsqlite3.dylib
0x00000001bcbe5000 	/usr/lib/libxar.1.dylib
0x00000001bbfbf000 	/usr/lib/libbz2.1.0.dylib
0x00000001bc2de000 	/usr/lib/libpcap.A.dylib
0x00000001b804f000 	/usr/lib/libdns_services.dylib
0x00000001bc544000 	/usr/lib/libapple_nghttp2.dylib
0x00000001bc31b000 	/usr/lib/libiconv.2.dylib
0x00000001bc269000 	/usr/lib/libcharset.1.dylib
0x00000001b8cac000 	/System/Library/Frameworks/CoreServices.framework/Versions/A/Frameworks/FSEvents.framework/Versions/A/FSEvents
0x00000001b3ecb000 	/System/Library/Frameworks/CoreServices.framework/Versions/A/Frameworks/CarbonCore.framework/Versions/A/CarbonCore
0x00000001b8290000 	/System/Library/Frameworks/CoreServices.framework/Versions/A/Frameworks/Metadata.framework/Versions/A/Metadata
0x00000001bbfd2000 	/System/Library/Frameworks/CoreServices.framework/Versions/A/Frameworks/OSServices.framework/Versions/A/OSServices
0x00000001bc4a5000 	/System/Library/Frameworks/CoreServices.framework/Versions/A/Frameworks/SearchKit.framework/Versions/A/SearchKit
0x00000001b7fde000 	/System/Library/Frameworks/CoreServices.framework/Versions/A/Frameworks/AE.framework/Versions/A/AE
0x00000001b1d20000 	/System/Library/Frameworks/CoreServices.framework/Versions/A/Frameworks/LaunchServices.framework/Versions/A/LaunchServices
0x00000001bcb0c000 	/System/Library/Frameworks/CoreServices.framework/Versions/A/Frameworks/DictionaryServices.framework/Versions/A/DictionaryServices
0x00000001b8cb9000 	/System/Library/Frameworks/CoreServices.framework/Versions/A/Frameworks/SharedFileList.framework/Versions/A/SharedFileList
0x00000001bb962000 	/usr/lib/libCheckFix.dylib
0x00000001b6918000 	/System/Library/PrivateFrameworks/TCC.framework/Versions/A/TCC
0x00000001badff000 	/System/Library/PrivateFrameworks/CoreNLP.framework/Versions/A/CoreNLP
0x00000001b823e000 	/System/Library/PrivateFrameworks/MetadataUtilities.framework/Versions/A/MetadataUtilities
0x00000001b2482000 	/usr/lib/libmecabra.dylib
0x00000001bb99b000 	/usr/lib/libmecab.dylib
0x00000001b244e000 	/usr/lib/libCRFSuite.dylib
0x00000001bb9f8000 	/usr/lib/libgermantok.dylib
0x00000001bc51d000 	/usr/lib/libThaiTokenizer.dylib
0x00000001b8338000 	/System/Library/Frameworks/Accelerate.framework/Versions/A/Frameworks/vImage.framework/Versions/A/vImage
0x00000001c2715000 	/System/Library/Frameworks/Accelerate.framework/Versions/A/Frameworks/vecLib.framework/Versions/A/vecLib
0x00000001bcc2a000 	/System/Library/Frameworks/Accelerate.framework/Versions/A/Frameworks/vecLib.framework/Versions/A/libvMisc.dylib
0x00000001bb4a4000 	/System/Library/Frameworks/Accelerate.framework/Versions/A/Frameworks/vecLib.framework/Versions/A/libvDSP.dylib
0x00000001b20a9000 	/System/Library/Frameworks/Accelerate.framework/Versions/A/Frameworks/vecLib.framework/Versions/A/libBLAS.dylib
0x00000001bc647000 	/System/Library/Frameworks/Accelerate.framework/Versions/A/Frameworks/vecLib.framework/Versions/A/libLAPACK.dylib
0x00000001bb9fb000 	/System/Library/Frameworks/Accelerate.framework/Versions/A/Frameworks/vecLib.framework/Versions/A/libLinearAlgebra.dylib
0x00000001bc55c000 	/System/Library/Frameworks/Accelerate.framework/Versions/A/Frameworks/vecLib.framework/Versions/A/libSparseBLAS.dylib
0x00000001bc642000 	/System/Library/Frameworks/Accelerate.framework/Versions/A/Frameworks/vecLib.framework/Versions/A/libQuadrature.dylib
0x00000001baef8000 	/System/Library/Frameworks/Accelerate.framework/Versions/A/Frameworks/vecLib.framework/Versions/A/libBNNS.dylib
0x00000001b2367000 	/System/Library/Frameworks/Accelerate.framework/Versions/A/Frameworks/vecLib.framework/Versions/A/libSparse.dylib
0x00000001baef0000 	/System/Library/PrivateFrameworks/LinguisticData.framework/Versions/A/LinguisticData
0x00000001b231f000 	/System/Library/PrivateFrameworks/Lexicon.framework/Versions/A/Lexicon
0x00000001bcc22000 	/usr/lib/libChineseTokenizer.dylib
0x00000001b2ac6000 	/System/Library/PrivateFrameworks/LanguageModeling.framework/Versions/A/LanguageModeling
0x00000001bc51f000 	/System/Library/PrivateFrameworks/AppleSauce.framework/Versions/A/AppleSauce
0x00000001bb58a000 	/System/Library/PrivateFrameworks/CoreEmoji.framework/Versions/A/CoreEmoji
0x00000001bc40d000 	/usr/lib/libcmph.dylib
0x00000001b8c8c000 	/System/Library/Frameworks/OpenDirectory.framework/Versions/A/Frameworks/CFOpenDirectory.framework/Versions/A/CFOpenDirectory
0x00000001b8c7c000 	/System/Library/Frameworks/OpenDirectory.framework/Versions/A/OpenDirectory
0x00000001bcb7e000 	/System/Library/PrivateFrameworks/APFS.framework/Versions/A/APFS
0x00000001bb8b2000 	/System/Library/Frameworks/SecurityFoundation.framework/Versions/A/SecurityFoundation
0x00000001bcbf4000 	/usr/lib/libutil.dylib
0x00000001b4204000 	/System/Library/PrivateFrameworks/CoreServicesStore.framework/Versions/A/CoreServicesStore
0x00000001bcbf8000 	/usr/lib/libxslt.1.dylib
0x00000001bb946000 	/System/Library/PrivateFrameworks/BackgroundTaskManagement.framework/Versions/A/BackgroundTaskManagement
0x00000001bde90000 	/System/Library/Frameworks/ImageIO.framework/Versions/A/Resources/libRadiance.dylib
0x00000001bde99000 	/System/Library/Frameworks/ImageIO.framework/Versions/A/Resources/libJPEG.dylib
0x00000001bddec000 	/System/Library/Frameworks/ImageIO.framework/Versions/A/Resources/libPng.dylib
0x00000001bde0e000 	/System/Library/Frameworks/ImageIO.framework/Versions/A/Resources/libTIFF.dylib
0x00000001bdef4000 	/System/Library/Frameworks/ImageIO.framework/Versions/A/Resources/libGIF.dylib
0x00000001bd828000 	/System/Library/Frameworks/ImageIO.framework/Versions/A/Resources/libJP2.dylib
0x00000001bcf4a000 	/usr/lib/libexpat.1.dylib
0x00000001bd7e3000 	/System/Library/PrivateFrameworks/AppleJPEG.framework/Versions/A/AppleJPEG
0x00000001ba305000 	/System/Library/PrivateFrameworks/FontServices.framework/libFontParser.dylib
0x00000001b7f83000 	/System/Library/PrivateFrameworks/RunningBoardServices.framework/Versions/A/RunningBoardServices
0x00000001c8801000 	/System/Library/PrivateFrameworks/IOSurfaceAccelerator.framework/Versions/A/IOSurfaceAccelerator
0x00000001bd914000 	/System/Library/PrivateFrameworks/WatchdogClient.framework/Versions/A/WatchdogClient
0x00000001b2bca000 	/System/Library/Frameworks/CoreDisplay.framework/Versions/A/CoreDisplay
0x00000001ba1ef000 	/System/Library/Frameworks/CoreMedia.framework/Versions/A/CoreMedia
0x00000001ba07c000 	/System/Library/PrivateFrameworks/IOAccelerator.framework/Versions/A/IOAccelerator
0x00000001b8e1c000 	/System/Library/Frameworks/CoreVideo.framework/Versions/A/CoreVideo
0x00000001bc56f000 	/System/Library/Frameworks/MetalPerformanceShaders.framework/Versions/A/MetalPerformanceShaders
0x00000001bd953000 	/System/Library/Frameworks/VideoToolbox.framework/Versions/A/VideoToolbox
0x00000001b7ec7000 	/System/Library/PrivateFrameworks/BaseBoard.framework/Versions/A/BaseBoard
0x00000001b7c55000 	/System/Library/PrivateFrameworks/ProtocolBuffer.framework/Versions/A/ProtocolBuffer
0x00000001bde8b000 	/System/Library/PrivateFrameworks/GPUWrangler.framework/Versions/A/GPUWrangler
0x00000001bde6b000 	/System/Library/PrivateFrameworks/IOPresentment.framework/Versions/A/IOPresentment
0x00000001bde93000 	/System/Library/PrivateFrameworks/DSExternalDisplay.framework/Versions/A/DSExternalDisplay
0x0000000212c3a000 	/System/Library/Frameworks/OpenGL.framework/Versions/A/Libraries/libCoreFSCache.dylib
0x000000021d0f9000 	/System/Library/PrivateFrameworks/GPUCompiler.framework/Versions/31001/Libraries/libGPUCompilerUtils.dylib
0x00000001bdef9000 	/System/Library/PrivateFrameworks/CMCaptureCore.framework/Versions/A/CMCaptureCore
0x00000001bd4fb000 	/System/Library/PrivateFrameworks/AppServerSupport.framework/Versions/A/AppServerSupport
0x00000001bf77c000 	/System/Library/PrivateFrameworks/perfdata.framework/Versions/A/perfdata
0x00000001b2cea000 	/System/Library/PrivateFrameworks/AudioToolboxCore.framework/Versions/A/AudioToolboxCore
0x00000001ba1c8000 	/System/Library/PrivateFrameworks/caulk.framework/Versions/A/caulk
0x00000001bf071000 	/usr/lib/libAudioStatistics.dylib
0x00000001d0fc6000 	/System/Library/PrivateFrameworks/SystemPolicy.framework/Versions/A/SystemPolicy
0x00000001bf2dd000 	/usr/lib/libSMC.dylib
0x00000001c8010000 	/System/Library/Frameworks/CoreMIDI.framework/Versions/A/CoreMIDI
0x00000001bddba000 	/usr/lib/libAudioToolboxUtility.dylib
0x00000001cd093000 	/System/Library/PrivateFrameworks/OSAServicesClient.framework/Versions/A/OSAServicesClient
0x00000001bf789000 	/usr/lib/libperfcheck.dylib
0x00000001d1ade000 	/usr/lib/libmis.dylib
0x0000000212c9c000 	/System/Library/Frameworks/OpenGL.framework/Versions/A/Libraries/libGLU.dylib
0x0000000212c5b000 	/System/Library/Frameworks/OpenGL.framework/Versions/A/Libraries/libGFXShared.dylib
0x0000000212e48000 	/System/Library/Frameworks/OpenGL.framework/Versions/A/Libraries/libGL.dylib
0x0000000212c64000 	/System/Library/Frameworks/OpenGL.framework/Versions/A/Libraries/libGLImage.dylib
0x0000000212c58000 	/System/Library/Frameworks/OpenGL.framework/Versions/A/Libraries/libCVMSPluginSupport.dylib
0x0000000212c41000 	/System/Library/Frameworks/OpenGL.framework/Versions/A/Libraries/libCoreVMClient.dylib
0x00000001bad79000 	/System/Library/Frameworks/MetalPerformanceShaders.framework/Versions/A/Frameworks/MPSCore.framework/Versions/A/MPSCore
0x00000001bbf21000 	/System/Library/Frameworks/MetalPerformanceShaders.framework/Versions/A/Frameworks/MPSImage.framework/Versions/A/MPSImage
0x00000001bba10000 	/System/Library/Frameworks/MetalPerformanceShaders.framework/Versions/A/Frameworks/MPSNeuralNetwork.framework/Versions/A/MPSNeuralNetwork
0x00000001bbe49000 	/System/Library/Frameworks/MetalPerformanceShaders.framework/Versions/A/Frameworks/MPSMatrix.framework/Versions/A/MPSMatrix
0x00000001bbc22000 	/System/Library/Frameworks/MetalPerformanceShaders.framework/Versions/A/Frameworks/MPSRayIntersector.framework/Versions/A/MPSRayIntersector
0x00000001bbe7a000 	/System/Library/Frameworks/MetalPerformanceShaders.framework/Versions/A/Frameworks/MPSNDArray.framework/Versions/A/MPSNDArray
0x0000000214db3000 	/System/Library/Frameworks/MetalPerformanceShaders.framework/Versions/A/Frameworks/MPSFunctions.framework/Versions/A/MPSFunctions
0x00000001b1f80000 	/System/Library/PrivateFrameworks/MetalTools.framework/Versions/A/MetalTools
0x00000001badf7000 	/System/Library/PrivateFrameworks/AggregateDictionary.framework/Versions/A/AggregateDictionary
0x00000001bcd2f000 	/usr/lib/libIOReport.dylib
0x00000001c702e000 	/System/Library/PrivateFrameworks/ASEProcessing.framework/Versions/A/ASEProcessing
0x00000001bd0a4000 	/System/Library/PrivateFrameworks/FaceCore.framework/Versions/A/FaceCore
0x00000001bd096000 	/System/Library/PrivateFrameworks/GraphVisualizer.framework/Versions/A/GraphVisualizer
0x000000021d010000 	/System/Library/PrivateFrameworks/FontServices.framework/Versions/A/FontServices
0x00000001bd4b7000 	/System/Library/PrivateFrameworks/OTSVG.framework/Versions/A/OTSVG
0x00000001b89e6000 	/System/Library/Frameworks/ApplicationServices.framework/Versions/A/Frameworks/ATS.framework/Versions/A/Resources/libFontRegistry.dylib
0x00000001bd504000 	/System/Library/PrivateFrameworks/FontServices.framework/libhvf.dylib
0x000000021d011000 	/System/Library/PrivateFrameworks/FontServices.framework/libXTFontStaticRegistryData.dylib
0x0000000212fe9000 	/System/Library/Frameworks/OpenCL.framework/Versions/A/OpenCL
0x00000001bcefe000 	/System/Library/PrivateFrameworks/AppleVA.framework/Versions/A/AppleVA
0x00000001bf099000 	/System/Library/Frameworks/ApplicationServices.framework/Versions/A/Frameworks/ATS.framework/Versions/A/ATS
0x00000001b7413000 	/System/Library/Frameworks/ApplicationServices.framework/Versions/A/Frameworks/HIServices.framework/Versions/A/HIServices
0x00000001bdf03000 	/System/Library/Frameworks/ApplicationServices.framework/Versions/A/Frameworks/PrintCore.framework/Versions/A/PrintCore
0x00000001bf430000 	/System/Library/Frameworks/ApplicationServices.framework/Versions/A/Frameworks/QD.framework/Versions/A/QD
0x00000001bf428000 	/System/Library/Frameworks/ApplicationServices.framework/Versions/A/Frameworks/ColorSyncLegacy.framework/Versions/A/ColorSyncLegacy
0x00000001bf085000 	/System/Library/Frameworks/ApplicationServices.framework/Versions/A/Frameworks/SpeechSynthesis.framework/Versions/A/SpeechSynthesis
0x00000001bdec4000 	/System/Library/Frameworks/ApplicationServices.framework/Versions/A/Frameworks/ATSUI.framework/Versions/A/ATSUI
0x00000001bf3bd000 	/usr/lib/libcups.2.dylib
0x00000001bf797000 	/System/Library/Frameworks/Kerberos.framework/Versions/A/Kerberos
0x00000001bf7a8000 	/System/Library/Frameworks/GSS.framework/Versions/A/GSS
0x00000001bf109000 	/usr/lib/libresolv.9.dylib
0x00000001bd513000 	/System/Library/PrivateFrameworks/Heimdal.framework/Versions/A/Heimdal
0x00000001c6263000 	/System/Library/Frameworks/Kerberos.framework/Versions/A/Libraries/libHeimdalProxy.dylib
0x00000001b8061000 	/System/Library/Frameworks/Network.framework/Versions/A/Network
0x00000001bcf65000 	/usr/lib/libheimdal-asn1.dylib
0x00000001bf7f8000 	/System/Library/PrivateFrameworks/CommonAuth.framework/Versions/A/CommonAuth
0x00000001befff000 	/System/Library/PrivateFrameworks/AudioSession.framework/Versions/A/AudioSession
0x00000001bcff7000 	/System/Library/PrivateFrameworks/MediaExperience.framework/Versions/A/MediaExperience
0x00000001bee85000 	/System/Library/PrivateFrameworks/AudioSession.framework/libSessionUtility.dylib
0x00000001bf43c000 	/System/Library/PrivateFrameworks/AudioResourceArbitration.framework/Versions/A/AudioResourceArbitration
0x00000001c35f2000 	/System/Library/PrivateFrameworks/PowerLog.framework/Versions/A/PowerLog
0x00000001bcf6f000 	/System/Library/PrivateFrameworks/IconFoundation.framework/Versions/A/IconFoundation
0x00000001c233b000 	/System/Library/PrivateFrameworks/SpeechRecognitionCore.framework/Versions/A/SpeechRecognitionCore
0x0000000105e40000 	/Users/pranavsnayak/Library/Java/JavaVirtualMachines/openjdk-19.0.2/Contents/Home/lib/server/libjvm.dylib
0x0000000104c88000 	/Users/pranavsnayak/Library/Java/JavaVirtualMachines/openjdk-19.0.2/Contents/Home/lib/libjimage.dylib
0x0000000104ce4000 	/Users/pranavsnayak/Library/Java/JavaVirtualMachines/openjdk-19.0.2/Contents/Home/lib/libjdwp.dylib
0x0000000104d2c000 	/Users/pranavsnayak/Library/Java/JavaVirtualMachines/openjdk-19.0.2/Contents/Home/lib/libjava.dylib
0x0000000104cb4000 	/Users/pranavsnayak/Library/Java/JavaVirtualMachines/openjdk-19.0.2/Contents/Home/lib/libinstrument.dylib
0x0000000104e84000 	/Users/pranavsnayak/Library/Java/JavaVirtualMachines/openjdk-19.0.2/Contents/Home/lib/libzip.dylib
0x0000000104e70000 	/Users/pranavsnayak/Library/Java/JavaVirtualMachines/openjdk-19.0.2/Contents/Home/lib/libdt_socket.dylib
0x0000000105c20000 	/Users/pranavsnayak/Library/Java/JavaVirtualMachines/openjdk-19.0.2/Contents/Home/lib/libnio.dylib
0x0000000105c40000 	/Users/pranavsnayak/Library/Java/JavaVirtualMachines/openjdk-19.0.2/Contents/Home/lib/libnet.dylib
0x0000000105c60000 	/Users/pranavsnayak/Library/Java/JavaVirtualMachines/openjdk-19.0.2/Contents/Home/lib/libverify.dylib
0x00000001058ec000 	/Users/pranavsnayak/Library/Java/JavaVirtualMachines/openjdk-19.0.2/Contents/Home/lib/libmanagement.dylib
0x0000000105c00000 	/Users/pranavsnayak/Library/Java/JavaVirtualMachines/openjdk-19.0.2/Contents/Home/lib/libmanagement_ext.dylib
0x0000000105c7c000 	/Users/pranavsnayak/Library/Java/JavaVirtualMachines/openjdk-19.0.2/Contents/Home/lib/libextnet.dylib
0x000000012f500000 	/private/var/folders/d7/vp65tkvn5fz6yfvv7fxgsbsh0000gn/T/ortools-java762232492413647915/ortools-darwin-aarch64/libjniortools.dylib
0x0000000132bb4000 	/private/var/folders/d7/vp65tkvn5fz6yfvv7fxgsbsh0000gn/T/ortools-java762232492413647915/ortools-darwin-aarch64/libortools.9.dylib


VM Arguments:
jvm_args: -agentlib:jdwp=transport=dt_socket,address=127.0.0.1:50515,suspend=y,server=n -javaagent:/Users/pranavsnayak/Library/Caches/JetBrains/IdeaIC2022.3/captureAgent/debugger-agent.jar -Dfile.encoding=UTF-8 -Dsun.stdout.encoding=UTF-8 -Dsun.stderr.encoding=UTF-8 
java_command: com.gdn.tms.routing.RoutingApplication
java_class_path (initial): /Users/pranavsnayak/Documents/samples/routing/target/classes:/Users/pranavsnayak/.m2/repository/org/springframework/boot/spring-boot-starter-web/2.7.10/spring-boot-starter-web-2.7.10.jar:/Users/pranavsnayak/.m2/repository/org/springframework/boot/spring-boot-starter/2.7.10/spring-boot-starter-2.7.10.jar:/Users/pranavsnayak/.m2/repository/org/springframework/boot/spring-boot/2.7.10/spring-boot-2.7.10.jar:/Users/pranavsnayak/.m2/repository/org/springframework/boot/spring-boot-autoconfigure/2.7.10/spring-boot-autoconfigure-2.7.10.jar:/Users/pranavsnayak/.m2/repository/org/springframework/boot/spring-boot-starter-logging/2.7.10/spring-boot-starter-logging-2.7.10.jar:/Users/pranavsnayak/.m2/repository/ch/qos/logback/logback-classic/1.2.11/logback-classic-1.2.11.jar:/Users/pranavsnayak/.m2/repository/ch/qos/logback/logback-core/1.2.11/logback-core-1.2.11.jar:/Users/pranavsnayak/.m2/repository/org/apache/logging/log4j/log4j-to-slf4j/2.17.2/log4j-to-slf4j-2.17.2.jar:/Users/pranavsnayak/.m2/repository/org/apache/logging/log4j/log4j-api/2.17.2/log4j-api-2.17.2.jar:/Users/pranavsnayak/.m2/repository/org/slf4j/jul-to-slf4j/1.7.36/jul-to-slf4j-1.7.36.jar:/Users/pranavsnayak/.m2/repository/jakarta/annotation/jakarta.annotation-api/1.3.5/jakarta.annotation-api-1.3.5.jar:/Users/pranavsnayak/.m2/repository/org/yaml/snakeyaml/1.30/snakeyaml-1.30.jar:/Users/pranavsnayak/.m2/repository/org/springframework/boot/spring-boot-starter-json/2.7.10/spring-boot-starter-json-2.7.10.jar:/Users/pranavsnayak/.m2/repository/com/fasterxml/jackson/datatype/jackson-datatype-jdk8/2.13.5/jackson-datatype-jdk8-2.13.5.jar:/Users/pranavsnayak/.m2/repository/com/fasterxml/jackson/datatype/jackson-datatype-jsr310/2.13.5/jackson-datatype-jsr310-2.13.5.jar:/Users/pranavsnayak/.m2/repository/com/fasterxml/jackson/module/jackson-module-parameter-names/2.13.5/jackson-module-parameter-names-2.13.5.jar:/Users/pranavsnayak/.m2/repository/org/springframework/boot/spring-boot-starter-tomcat/2.7.10/spring-boot-starter-tomcat-2.7.10.jar:/Users/pranavsnayak/.m2/repository/org/apache/tomcat/embed/tomcat-embed-core/9.0.73/tomcat-embed-core-9.0.73.jar:/Users/pranavsnayak/.m2/repository/org/apache/tomcat/embed/tomcat-embed-el/9.0.73/tomcat-embed-el-9.0.73.jar:/Users/pranavsnayak/.m2/repository/org/apache/tomcat/embed/tomcat-embed-websocket/9.0.73/tomcat-embed-websocket-9.0.73.jar:/Users/pranavsnayak/.m2/repository/org/springframework/spring-web/5.3.26/spring-web-5.3.26.jar:/Users/pranavsnayak/.m2/repository/org/springframework/spring-beans/5.3.26/spring-beans-5.3.26.jar:/Users/pranavsnayak/.m2/repository/org/springframework/spring-webmvc/5.3.26/spring-webmvc-5.3.26.jar:/Users/pranavsnayak/.m2/repository/org/springframework/spring-aop/5.3.26/spring-aop-5.3.26.jar:/Users/pranavsnayak/.m2/repository/org/springframework/spring-context/5.3.26/spring-context-5.3.26.jar:/Users/pranavsnayak/.m2/repository/org/springframework/spring-expression/5.3.26/spring-expression-5.3.26.jar:/Users/pranavsnayak/.m2/repository/com/fasterxml/jackson/core/jackson-databind/2.15.2/jackson-databind-2.15.2.jar:/Users/pranavsnayak/.m2/repository/com/fasterxml/jackson/core/jackson-annotations/2.13.5/jackson-annotations-2.13.5.jar:/Users/pranavsnayak/.m2/repository/com/fasterxml/jackson/core/jackson-core/2.13.5/jackson-core-2.13.5.jar:/Users/pranavsnayak/.m2/repository/org/slf4j/slf4j-api/1.7.36/slf4j-api-1.7.36.jar:/Users/pranavsnayak/.m2/repository/org/springframework/spring-core/5.3.26/spring-core-5.3.26.jar:/Users/pranavsnayak/.m2/repository/org/springframework/spring-jcl/5.3.26/spring-jcl-5.3.26.jar:/Users/pranavsnayak/.m2/repository/com/google/ortools/ortools-java/9.6.2534/ortools-java-9.6.2534.jar:/Users/pranavsnayak/.m2/repository/com/google/ortools/ortools-linux-x86-64/9.6.2534/ortools-linux-x86-64-9.6.2534.jar:/Users/pranavsnayak/.m2/repository/com/google/ortools/ortools-darwin-x86-64/9.6.2534/ortools-darwin-x86-64-9.6.2534.jar:/Users/pranavsnayak/.m2/repository/com/google/ortools/ortools-win32-x86-64/9.6.2534/ortools-win32-x86-64-9.6.2534.jar:/Users/pranavsnayak/.m2/repository/com/google/ortools/ortools-linux-aarch64/9.6.2534/ortools-linux-aarch64-9.6.2534.jar:/Users/pranavsnayak/.m2/repository/com/google/ortools/ortools-darwin-aarch64/9.6.2534/ortools-darwin-aarch64-9.6.2534.jar:/Users/pranavsnayak/.m2/repository/net/java/dev/jna/jna-platform/5.12.1/jna-platform-5.12.1.jar:/Users/pranavsnayak/.m2/repository/net/java/dev/jna/jna/5.12.1/jna-5.12.1.jar:/Users/pranavsnayak/.m2/repository/com/google/protobuf/protobuf-java/3.21.12/protobuf-java-3.21.12.jar:/Users/pranavsnayak/.m2/repository/org/projectlombok/lombok/1.18.26/lombok-1.18.26.jar:/Applications/IntelliJ IDEA CE.app/Contents/lib/idea_rt.jar
Launcher Type: SUN_STANDARD

[Global flags]
     intx CICompilerCount                          = 4                                         {product} {ergonomic}
     uint ConcGCThreads                            = 2                                         {product} {ergonomic}
     uint G1ConcRefinementThreads                  = 8                                         {product} {ergonomic}
   size_t G1HeapRegionSize                         = 2097152                                   {product} {ergonomic}
    uintx GCDrainStackTargetSize                   = 64                                        {product} {ergonomic}
   size_t InitialHeapSize                          = 268435456                                 {product} {ergonomic}
   size_t MarkStackSize                            = 4194304                                   {product} {ergonomic}
   size_t MaxHeapSize                              = 4294967296                                {product} {ergonomic}
   size_t MaxNewSize                               = 2575302656                                {product} {ergonomic}
   size_t MinHeapDeltaBytes                        = 2097152                                   {product} {ergonomic}
   size_t MinHeapSize                              = 8388608                                   {product} {ergonomic}
    uintx NonNMethodCodeHeapSize                   = 5839564                                {pd product} {ergonomic}
    uintx NonProfiledCodeHeapSize                  = 122909338                              {pd product} {ergonomic}
    uintx ProfiledCodeHeapSize                     = 122909338                              {pd product} {ergonomic}
    uintx ReservedCodeCacheSize                    = 251658240                              {pd product} {ergonomic}
     bool SegmentedCodeCache                       = true                                      {product} {ergonomic}
   size_t SoftMaxHeapSize                          = 4294967296                             {manageable} {ergonomic}
     bool UseCompressedClassPointers               = true                           {product lp64_product} {ergonomic}
     bool UseCompressedOops                        = true                           {product lp64_product} {ergonomic}
     bool UseG1GC                                  = true                                      {product} {ergonomic}
     bool UseNUMA                                  = false                                     {product} {ergonomic}
     bool UseNUMAInterleaving                      = false                                     {product} {ergonomic}

Logging:
Log output configuration:
 #0: stdout all=warning uptime,level,tags foldmultilines=false
 #1: stderr all=off uptime,level,tags foldmultilines=false

Environment Variables:
JAVA_HOME=/opt/homebrew/Cellar/openjdk@11/11.0.18/libexec/openjdk.jdk/Contents/Home
PATH=/opt/homebrew/bin:/opt/homebrew/sbin:/usr/local/bin:/usr/bin:/bin:/usr/sbin:/sbin
SHELL=/bin/zsh
LC_CTYPE=en_IN.UTF-8
TMPDIR=/var/folders/d7/vp65tkvn5fz6yfvv7fxgsbsh0000gn/T/

Active Locale:
LC_ALL=C
LC_COLLATE=C
LC_CTYPE=C
LC_MESSAGES=C
LC_MONETARY=C
LC_NUMERIC=C
LC_TIME=C

Signal Handlers:
   SIGSEGV: _ZL13crash_handleriP9__siginfoPv in libjvm.dylib, mask=11100110000111110111111111111111, flags=SA_RESTART|SA_SIGINFO
    SIGBUS: _ZL13crash_handleriP9__siginfoPv in libjvm.dylib, mask=11100110000111110111111111111111, flags=SA_RESTART|SA_SIGINFO
    SIGFPE: _ZL13crash_handleriP9__siginfoPv in libjvm.dylib, mask=11100110000111110111111111111111, flags=SA_RESTART|SA_SIGINFO
   SIGPIPE: _ZL17javaSignalHandleriP9__siginfoPv in libjvm.dylib, mask=11100110000111110111111111111111, flags=SA_RESTART|SA_SIGINFO
   SIGXFSZ: _ZL17javaSignalHandleriP9__siginfoPv in libjvm.dylib, mask=11100110000111110111111111111111, flags=SA_RESTART|SA_SIGINFO
    SIGILL: _ZL13crash_handleriP9__siginfoPv in libjvm.dylib, mask=11100110000111110111111111111111, flags=SA_RESTART|SA_SIGINFO
   SIGUSR2: _ZL10SR_handleriP9__siginfoP17__darwin_ucontext in libjvm.dylib, mask=00100000000000000000000000000000, flags=SA_RESTART|SA_SIGINFO
    SIGHUP: _ZL11UserHandleriPvS_ in libjvm.dylib, mask=11100110000111110111111111111111, flags=SA_RESTART|SA_SIGINFO
    SIGINT: _ZL11UserHandleriPvS_ in libjvm.dylib, mask=11100110000111110111111111111111, flags=SA_RESTART|SA_SIGINFO
   SIGTERM: _ZL11UserHandleriPvS_ in libjvm.dylib, mask=11100110000111110111111111111111, flags=SA_RESTART|SA_SIGINFO
   SIGQUIT: _ZL11UserHandleriPvS_ in libjvm.dylib, mask=11100110000111110111111111111111, flags=SA_RESTART|SA_SIGINFO
   SIGTRAP: _ZL13crash_handleriP9__siginfoPv in libjvm.dylib, mask=11100110000111110111111111111111, flags=SA_RESTART|SA_SIGINFO


---------------  S Y S T E M  ---------------

OS:
uname: Darwin 21.4.0 Darwin Kernel Version 21.4.0: Mon Feb 21 20:35:58 PST 2022; root:xnu-8020.101.4~2/RELEASE_ARM64_T6000 arm64
OS uptime: 4 days 20:12 hours
rlimit (soft/hard): STACK 8176k/65520k , CORE 0k/infinity , NPROC 2666/4000 , NOFILE 10240/infinity , AS infinity/infinity , CPU infinity/infinity , DATA infinity/infinity , FSIZE infinity/infinity , MEMLOCK infinity/infinity , RSS infinity/infinity
load average: 5.31 4.50 4.61

CPU: total 8 (initial active 8) 0x61:0x0:0x1b588bb3:0, fp, simd, aes, pmull, crc32, lse

Memory: 16k page, physical 16777216k(95648k free), swap 11534336k(1340160k free)

vm_info: OpenJDK 64-Bit Server VM (19.0.2+7-44) for bsd-aarch64 JRE (19.0.2+7-44), built on 2022-11-30T18:02:09Z by "mach5one" with clang Apple LLVM 12.0.0 (clang-1200.0.32.29)

END.
