#
# A fatal error has been detected by the Java Runtime Environment:
#
#  SIGSEGV (0xb) at pc=0x00000001036e91ec, pid=40964, tid=6147
#
# JRE version: OpenJDK Runtime Environment (19.0.2+7) (build 19.0.2+7-44)
# Java VM: OpenJDK 64-Bit Server VM (19.0.2+7-44, mixed mode, sharing, tiered, compressed oops, compressed class ptrs, g1 gc, bsd-aarch64)
# Problematic frame:
# C  [libjniortools.dylib+0x851ec]  Java_com_google_ortools_constraintsolver_mainJNI_RoutingIndexManager_1indexToNode+0x4
#
# No core dump will be written. Core dumps have been disabled. To enable core dumping, try "ulimit -c unlimited" before starting Java again
#
# If you would like to submit a bug report, please visit:
#   https://bugreport.java.com/bugreport/crash.jsp
# The crash happened outside the Java Virtual Machine in native code.
# See problematic frame for where to report the bug.
#

---------------  S U M M A R Y ------------

Command Line: -agentlib:jdwp=transport=dt_socket,address=127.0.0.1:57409,suspend=y,server=n -javaagent:/Users/pranavsnayak/Library/Caches/JetBrains/IdeaIC2022.3/captureAgent/debugger-agent.jar -Dfile.encoding=UTF-8 -Dsun.stdout.encoding=UTF-8 -Dsun.stderr.encoding=UTF-8 com.gdn.tms.routing.RoutingApplication

Host: "MacBookPro18,3" arm64, 8 cores, 16G, Darwin 21.4.0, macOS 12.3 (21E230)
Time: Thu Jul 13 11:45:33 2023 IST elapsed time: 2.228386 seconds (0d 0h 0m 2s)

---------------  T H R E A D  ---------------

Current thread (0x0000000156020e00):  JavaThread "main" [_thread_in_native, id=6147, stack(0x000000016d894000,0x000000016da97000)]

Stack: [0x000000016d894000,0x000000016da97000],  sp=0x000000016da95440,  free space=2053k
Native frames: (J=compiled Java code, j=interpreted, Vv=VM code, C=native code)
C  [libjniortools.dylib+0x851ec]  Java_com_google_ortools_constraintsolver_mainJNI_RoutingIndexManager_1indexToNode+0x4

Java frames: (J=compiled Java code, j=interpreted, Vv=VM code)
J 3852  com.google.ortools.constraintsolver.mainJNI.RoutingIndexManager_indexToNode(JLcom/google/ortools/constraintsolver/RoutingIndexManager;J)I (0 bytes) @ 0x00000001143ef3d0 [0x00000001143ef340+0x0000000000000090]
J 3868 c2 com.gdn.tms.routing.service.impl.algorithms.ortools.ORVRPMultiPickDeliveriesService$$Lambda$683+0x00000008013bd128.applyAsLong(JJ)J (14 bytes) @ 0x00000001143f116c [0x00000001143f1100+0x000000000000006c]
v  ~StubRoutines::call_stub 0x0000000113cb4140
j  com.google.ortools.constraintsolver.mainJNI.RoutingModel_solveWithParameters(JLcom/google/ortools/constraintsolver/RoutingModel;[B)J+0
j  com.google.ortools.constraintsolver.RoutingModel.solveWithParameters(Lcom/google/ortools/constraintsolver/RoutingSearchParameters;)Lcom/google/ortools/constraintsolver/Assignment;+9
j  com.gdn.tms.routing.service.impl.algorithms.ortools.ORVRPMultiPickDeliveriesService.run(DDDJLjava/util/List;)Ljava/util/List;+315
j  com.gdn.tms.routing.RoutingApplication.run([Ljava/lang/String;)V+129
j  org.springframework.boot.SpringApplication.callRunner(Lorg/springframework/boot/CommandLineRunner;Lorg/springframework/boot/ApplicationArguments;)V+7
j  org.springframework.boot.SpringApplication.callRunners(Lorg/springframework/context/ApplicationContext;Lorg/springframework/boot/ApplicationArguments;)V+119
j  org.springframework.boot.SpringApplication.run([Ljava/lang/String;)Lorg/springframework/context/ConfigurableApplicationContext;+169
j  org.springframework.boot.SpringApplication.run([Ljava/lang/Class;[Ljava/lang/String;)Lorg/springframework/context/ConfigurableApplicationContext;+9
j  org.springframework.boot.SpringApplication.run(Ljava/lang/Class;[Ljava/lang/String;)Lorg/springframework/context/ConfigurableApplicationContext;+9
j  com.gdn.tms.routing.RoutingApplication.main([Ljava/lang/String;)V+3
v  ~StubRoutines::call_stub 0x0000000113cb4140

siginfo: si_signo: 11 (SIGSEGV), si_code: 2 (SEGV_ACCERR), si_addr: 0x0000600058f4b9e4

Registers:
 x0=0x00000001560210e0  x1=0x000000016da95480  x2=0x00006000014feb50  x3=0x000000016da95448
 x4=0x0000000015787831  x5=0x000000016da95740  x6=0x0000000000000000  x7=0x0000000156020e00
 x8=0x000060000312d920  x9=0x0000000156021174 x10=0x000000070d89d3a8 x11=0x000000070d89d3a8
x12=0x000000070d97c958 x13=0x000000016da95500 x14=0x0000000000011ea8 x15=0x00000000ffff7dff
x16=0x00000001b1792f5c x17=0x0000600001188200 x18=0x0000000000000000 x19=0x0000000156020e00
x20=0x000000016da95508 x21=0x000000016da95700 x22=0x000000016da95710 x23=0x0000000113cf6900
x24=0x000000000000000b x25=0x0000000000000001 x26=0x000000016da95718 x27=0x0000000000000000
x28=0x0000000156020e00  fp=0x000000016da95490  lr=0x00000001143ef3d0  sp=0x000000016da95440
pc=0x00000001036e91ec cpsr=0x0000000020001000

Register to memory mapping:

 x0=0x00000001560210e0 points into unknown readable memory: 0x0000000104483b78 | 78 3b 48 04 01 00 00 00
 x1=0x000000016da95480 is pointing into the stack for thread: 0x0000000156020e00
 x2=0x00006000014feb50 points into unknown readable memory: 0x000060000312d920 | 20 d9 12 03 00 60 00 00
 x3=0x000000016da95448 is pointing into the stack for thread: 0x0000000156020e00
 x4=0x0000000015787831 is an unknown value
 x5=0x000000016da95740 is pointing into the stack for thread: 0x0000000156020e00
 x6=0x0 is NULL
 x7=0x0000000156020e00 is a thread
 x8=0x000060000312d920 points into unknown readable memory: 0x0000000100000000 | 00 00 00 00 01 00 00 00
 x9=0x0000000156021174 points into unknown readable memory: 04 00 00 00
x10=0x000000070d89d3a8 is an oop: com.google.ortools.constraintsolver.RoutingIndexManager 
{0x000000070d89d3a8} - klass: 'com/google/ortools/constraintsolver/RoutingIndexManager'
 - ---- fields (total size 3 words):
 - protected transient 'swigCMemOwn' 'Z' @12  true
 - private transient 'swigCPtr' 'J' @16  105553138281296 (14feb50 6000)
x11=0x000000070d89d3a8 is an oop: com.google.ortools.constraintsolver.RoutingIndexManager 
{0x000000070d89d3a8} - klass: 'com/google/ortools/constraintsolver/RoutingIndexManager'
 - ---- fields (total size 3 words):
 - protected transient 'swigCMemOwn' 'Z' @12  true
 - private transient 'swigCPtr' 'J' @16  105553138281296 (14feb50 6000)
x12=0x000000070d97c958 is an oop: com.gdn.tms.routing.service.impl.algorithms.ortools.ORVRPMultiPickDeliveriesService$$Lambda$683/0x00000008013bd128
{0x000000070d97c958} - klass: 'com/gdn/tms/routing/service/VRPMultiPickDeliveriesService$$Lambda$683+0x00000008013bd128'
 - ---- fields (total size 3 words):
 - private final 'arg$1' 'Lcom/google/ortools/constraintsolver/RoutingIndexManager;' @12  a 'com/google/ortools/constraintsolver/RoutingIndexManager'{0x000000070d89d3a8} (e1b13a75)
 - private final 'arg$2' '[[J' @16  a {type array long}[7] {0x000000070d888f68} (e1b111ed)
x13=0x000000016da95500 is pointing into the stack for thread: 0x0000000156020e00
x14=0x0000000000011ea8 is an unknown value
x15=0x00000000ffff7dff is an unknown value
x16=0x00000001b1792f5c: pthread_jit_write_protect_np+0 in /usr/lib/system/libsystem_pthread.dylib at 0x00000001b178b000
x17=0x0000600001188200 points into unknown readable memory: 0x00000000ffffffff | ff ff ff ff 00 00 00 00
x18=0x0 is NULL
x19=0x0000000156020e00 is a thread
x20=0x000000016da95508 is pointing into the stack for thread: 0x0000000156020e00
x21=0x000000016da95700 is pointing into the stack for thread: 0x0000000156020e00
x22=0x000000016da95710 is pointing into the stack for thread: 0x0000000156020e00
x23=0x0000000113cf6900 is at code_begin+0 in an AdapterHandler
Adapter for signature: 0x0000000113cf6900 is at code_begin+0 in 
[CodeBlob (0x0000000113cf6890)]
Framesize: 0
BufferBlob (0x0000000113cf6890) used for I2C/C2I adapters
x24=0x000000000000000b is an unknown value
x25=0x0000000000000001 is an unknown value
x26=0x000000016da95718 is pointing into the stack for thread: 0x0000000156020e00
x27=0x0 is NULL
x28=0x0000000156020e00 is a thread


Top of Stack: (sp=0x000000016da95440)
0x000000016da95440:   0000000000000005 000000070d89d3a8
0x000000016da95450:   000000016da955e8 0000000000000001
0x000000016da95460:   000000000000000b 0000000113cf6900
0x000000016da95470:   000000016da955e0 000000016da955d0
0x000000016da95480:   000000070d8aee58 0000000156020e00
0x000000016da95490:   000000070d888f68 00000001143f116c
0x000000016da954a0:   000000070d97c958 0000000131bb3e48
0x000000016da954b0:   000000016da955e0 000000070d89d3a8
0x000000016da954c0:   000000016da95708 0000000000000000
0x000000016da954d0:   0000000015787831 0000000000000000
0x000000016da954e0:   000000016da95710 0000000156020e00
0x000000016da954f0:   000000016da95600 0000000113cb4140
0x000000016da95500:   0000600000080018 0000000015787831
0x000000016da95510:   0000000131bb3e48 0000000000000000
0x000000016da95520:   0000000000000000 000000070d97c958
0x000000016da95530:   0000000000000000 0000000000000000
0x000000016da95540:   0000000000000000 0000000000000000
0x000000016da95550:   0000000000000000 0000000000000000
0x000000016da95560:   0000000000000000 0000000100000001
0x000000016da95570:   0000000000000005 000000000000000b
0x000000016da95580:   000000016da95718 0000000000000001
0x000000016da95590:   000000000000000b 0000000113cf6900
0x000000016da955a0:   000000016da95710 000000016da95700
0x000000016da955b0:   000000016da95838 0000000156020e00
0x000000016da955c0:   000000016da95650 000000016da95840
0x000000016da955d0:   000000000000000b 0000000131bb3e48
0x000000016da955e0:   0000000113cf6900 000000016da95718
0x000000016da955f0:   0000000100000005 0000000156020e00
0x000000016da95600:   000000016da956e0 0000000103d3c320
0x000000016da95610:   000000016da95840 0000000156020e00
0x000000016da95620:   0000600002a87c40 0000600000080000
0x000000016da95630:   0000600000080018 00006000000800e8 

Instructions: (pc=0x00000001036e91ec)
0x00000001036e90ec:   54fffb21 14000007 d280001a 8b170b57
0x00000001036e90fc:   b80046f5 f100073f 54fffdaa 17fffff0
0x00000001036e910c:   f9400268 f9430d08 aa1303e0 f94003e1
0x00000001036e911c:   f9400be2 52800043 d63f0100 910063e8
0x00000001036e912c:   f94007e0 aa1403e1 9400dd02 a941a3f5
0x00000001036e913c:   f9400269 f942d129 cb150108 d343fd17
0x00000001036e914c:   aa1303e0 aa1703e1 d63f0120 aa0003f6
0x00000001036e915c:   f9400268 f9435108 aa1303e0 aa1603e1
0x00000001036e916c:   52800002 aa1703e3 aa1503e4 d63f0100
0x00000001036e917c:   f9400280 b4000060 f9000680 9400de4c
0x00000001036e918c:   aa1403e0 9400de4a b4000075 aa1503e0
0x00000001036e919c:   9400de47 aa1603e0 a9487bfd a9474ff4
0x00000001036e91ac:   a94657f6 a9455ff8 a94467fa a9436ffc
0x00000001036e91bc:   910243ff d65f03c0 aa1403e0 940092da
0x00000001036e91cc:   940043f9 aa0003f3 b4000075 aa1503e0
0x00000001036e91dc:   9400de37 aa1303e0 9400d08b f9400048
0x00000001036e91ec:   b8647900 d65f03c0 d10203ff a90557f6
0x00000001036e91fc:   a9064ff4 a9077bfd 9101c3fd aa0003f3
0x00000001036e920c:   9100a3e0 d2800001 52800002 9400d40e
0x00000001036e921c:   910003e8 9400d478 f9401be9 370800a9
0x00000001036e922c:   927ef528 36000089 f9400108 14000002
0x00000001036e923c:   d2800008 f94007ea 370800aa 927ef549
0x00000001036e924c:   3600008a f9400129 14000002 d2800009
0x00000001036e925c:   eb09011f 540000a0 9100a3e0 910003e1
0x00000001036e926c:   9400d3f6 14000004 9100a3e0 910003e1
0x00000001036e927c:   9400d3ef 910003e0 9400d3f6 9100a3e0
0x00000001036e928c:   9400dcb5 aa0003f5 9400de0c aa0003f4
0x00000001036e929c:   9100a3e0 aa1403e1 9400dd90 f9400268
0x00000001036e92ac:   f942c108 aa1303e0 aa1503e1 d63f0100
0x00000001036e92bc:   aa0003f6 f9400268 f9434108 aa1303e0
0x00000001036e92cc:   aa1603e1 52800002 aa1503e3 aa1403e4
0x00000001036e92dc:   d63f0100 aa1403e0 9400ddf2 9100a3e0 


Stack slot to memory mapping:
stack at sp + 0 slots: 0x0000000000000005 is an unknown value
stack at sp + 1 slots: 0x000000070d89d3a8 is an oop: com.google.ortools.constraintsolver.RoutingIndexManager 
{0x000000070d89d3a8} - klass: 'com/google/ortools/constraintsolver/RoutingIndexManager'
 - ---- fields (total size 3 words):
 - protected transient 'swigCMemOwn' 'Z' @12  true
 - private transient 'swigCPtr' 'J' @16  105553138281296 (14feb50 6000)
stack at sp + 2 slots: 0x000000016da955e8 is pointing into the stack for thread: 0x0000000156020e00
stack at sp + 3 slots: 0x0000000000000001 is an unknown value
stack at sp + 4 slots: 0x000000000000000b is an unknown value
stack at sp + 5 slots: 0x0000000113cf6900 is at code_begin+0 in an AdapterHandler
Adapter for signature: 0x0000000113cf6900 is at code_begin+0 in 
[CodeBlob (0x0000000113cf6890)]
Framesize: 0
BufferBlob (0x0000000113cf6890) used for I2C/C2I adapters
stack at sp + 6 slots: 0x000000016da955e0 is pointing into the stack for thread: 0x0000000156020e00
stack at sp + 7 slots: 0x000000016da955d0 is pointing into the stack for thread: 0x0000000156020e00


Compiled method (n/a)    2232 3852     n 0       com.google.ortools.constraintsolver.mainJNI::RoutingIndexManager_indexToNode (native)
 total in heap  [0x00000001143ef190,0x00000001143ef508] = 888
 relocation     [0x00000001143ef2f0,0x00000001143ef320] = 48
 main code      [0x00000001143ef340,0x00000001143ef4f0] = 432
 oops           [0x00000001143ef4f0,0x00000001143ef500] = 16
 metadata       [0x00000001143ef500,0x00000001143ef508] = 8

[Constant Pool (empty)]

[MachCode]
[Entry Point]
  # {method} {0x0000000131b8e618} 'RoutingIndexManager_indexToNode' '(JLcom/google/ortools/constraintsolver/RoutingIndexManager;J)I' in 'com/google/ortools/constraintsolver/mainJNI'
  # parm0:    c_rarg1:c_rarg1 
                        = long
  # parm1:    c_rarg2:c_rarg2 
                        = 'com/google/ortools/constraintsolver/RoutingIndexManager'
  # parm2:    c_rarg3:c_rarg3 
                        = long
  #           [sp+0x60]  (sp of caller)
  0x00000001143ef340: 2808 40b9 | 3f01 086b | 4000 0054 

  0x00000001143ef34c: ;   {runtime_call ic_miss_stub}
  0x00000001143ef34c: 6d34 e417 
[Verified Entry Point]
  0x00000001143ef350: 1f20 03d5 | e953 40d1 | 3f01 00f9 | fd7b bfa9 | fd03 0091 | ff43 01d1 | e403 03aa | e207 00f9 
  0x00000001143ef370: 5f00 1feb | e323 0091 | e303 839a | e203 01aa 

  0x00000001143ef380: ;   {oop(a 'java/lang/Class'{0x000000070d8aee58} = 'com/google/ortools/constraintsolver/mainJNI')}
  0x00000001143ef380: 01cb 9dd2 | 41b1 a1f2 | e100 c0f2 | e123 00f9 | e103 0191 | e801 0010 | 8867 01f9 | e803 0091 
  0x00000001143ef3a0: 8863 01f9 

  0x00000001143ef3a4: ;   {external_word}
  0x00000001143ef3a4: 6806 f8d0 | 08c9 7d39 | a806 0035 | 8083 0b91 | e803 7eb2 | 89d3 0d91 | 28fd 9f88 

  0x00000001143ef3c0: ;   {runtime_call Java_com_google_ortools_constraintsolver_mainJNI_RoutingIndexManager_1indexToNode}
  0x00000001143ef3c0: 083d 92d2 | c86d a0f2 | 2800 c0f2 | 0001 3fd6 | 007c 4093 | a800 80d2 | 8877 03b9 | bf3b 03d5 
  0x00000001143ef3e0: 88e3 0d91 | 08fd dfc8 | bf03 08eb | a803 0054 | 8873 43b9 | 6803 0035 | e803 7db2 | 89d3 0d91 
  0x00000001143ef400: 28fd 9f88 | 88a3 4f39 | 1f09 0071 | c001 0054 

  0x00000001143ef410: ;   {external_word}
  0x00000001143ef410: 6806 f8d0 | 08c9 7d39 | 2805 0035 | 9f63 01f9 | 9f67 01f9 | 82ab 41f9 | 5f80 00f9 | bf03 0091 
  0x00000001143ef430: fd7b c1a8 | 8807 40f9 | 4800 00b5 | c003 5fd6 

  0x00000001143ef440: ;   {runtime_call StubRoutines (1)}
  0x00000001143ef440: 1013 e317 | a083 1ff8 

  0x00000001143ef448: ;   {runtime_call _ZN13SharedRuntime20reguard_yellow_pagesEv}
  0x00000001143ef448: 88b8 89d2 | 4882 a0f2 | 2800 c0f2 | 0001 3fd6 | a083 5ff8 | edff ff17 | a083 1ff8 | e003 1caa 
  0x00000001143ef468: ;   {runtime_call _ZN10JavaThread40check_special_condition_for_native_transEPS_}
  0x00000001143ef468: 08ea 96d2 | c883 a0f2 | 2800 c0f2 | 0001 3fd6 | a083 5ff8 | dfff ff17 | e10b bea9 | e313 01a9 
  0x00000001143ef488: ;   {metadata({method} {0x0000000131b8e618} 'RoutingIndexManager_indexToNode' '(JLcom/google/ortools/constraintsolver/RoutingIndexManager;J)I' in 'com/google/ortools/constraintsolver/mainJNI')}
  0x00000001143ef488: 01c3 9cd2 | 0137 a6f2 | 2100 c0f2 | e003 1caa | e833 bfa9 | 886a 85d2 | 4882 a0f2 | 2800 c0f2 
  0x00000001143ef4a8: 0001 3fd6 | e833 c1a8 | e313 41a9 | e10b c2a8 | beff ff17 | a083 1ff8 

  0x00000001143ef4c0: ;   {metadata({method} {0x0000000131b8e618} 'RoutingIndexManager_indexToNode' '(JLcom/google/ortools/constraintsolver/RoutingIndexManager;J)I' in 'com/google/ortools/constraintsolver/mainJNI')}
  0x00000001143ef4c0: 01c3 9cd2 | 0137 a6f2 | 2100 c0f2 | e003 1caa | e833 bfa9 | 088b 85d2 | 4882 a0f2 | 2800 c0f2 
  0x00000001143ef4e0: 0001 3fd6 | e833 c1a8 | a083 5ff8 | ccff ff17 
[/MachCode]


Compiled method (c2)    2234 3868       4       com.gdn.tms.routing.service.impl.algorithms.ortools.ORVRPMultiPickDeliveriesService$$Lambda$683/0x00000008013bd128::applyAsLong (14 bytes)
 total in heap  [0x00000001143f0f10,0x00000001143f15a8] = 1688
 relocation     [0x00000001143f1070,0x00000001143f10d0] = 96
 main code      [0x00000001143f1100,0x00000001143f1280] = 384
 stub code      [0x00000001143f1280,0x00000001143f1340] = 192
 oops           [0x00000001143f1340,0x00000001143f1348] = 8
 metadata       [0x00000001143f1348,0x00000001143f1378] = 48
 scopes data    [0x00000001143f1378,0x00000001143f14b8] = 320
 scopes pcs     [0x00000001143f14b8,0x00000001143f1548] = 144
 dependencies   [0x00000001143f1548,0x00000001143f1558] = 16
 handler table  [0x00000001143f1558,0x00000001143f1588] = 48
 nul chk table  [0x00000001143f1588,0x00000001143f15a8] = 32

[Constant Pool (empty)]

[MachCode]
[Entry Point]
  # {method} {0x0000000131bb3e48} 'applyAsLong' '(JJ)J' in 'com/gdn/tms/routing/service/VRPMultiPickDeliveriesService$$Lambda$683+0x00000008013bd128'
  # this:     c_rarg1:c_rarg1 
                        = 'com/gdn/tms/routing/service/VRPMultiPickDeliveriesService$$Lambda$683+0x00000008013bd128'
  # parm0:    c_rarg2:c_rarg2 
                        = long
  # parm1:    c_rarg3:c_rarg3 
                        = long
  #           [sp+0x60]  (sp of caller)
  0x00000001143f1100: 2808 40b9 | 3f01 086b | 4000 0054 

  0x00000001143f110c: ;   {runtime_call ic_miss_stub}
  0x00000001143f110c: fd2c e417 
[Verified Entry Point]
  0x00000001143f1110: 1f20 03d5 | e953 40d1 | 3f01 00f9 | ff83 01d1 | fd7b 05a9 | 2ba8 4129 | e28f 02a9 | ec03 01aa 
  0x00000001143f1130: 6bf1 7dd3 | 4af1 7dd3 

  0x00000001143f1138: ; implicit exception: dispatches to 0x00000001143f1208
  0x00000001143f1138: 6109 40f9 | fd03 0aaa | eb0f 00f9 | ec03 00f9 | e203 0baa | e317 40f9 

  0x00000001143f1150: ; ImmutableOopMap {rfp=Oop [0]=Oop [24]=Oop }
                      ;*invokestatic RoutingIndexManager_indexToNode {reexecute=0 rethrow=0 return_oop=0}
                      ; - com.google.ortools.constraintsolver.RoutingIndexManager::indexToNode@6 (line 117)
                      ; - com.gdn.tms.routing.service.impl.algorithms.ortools.ORVRPMultiPickDeliveriesService::lambda$run$0@2 (line 54)
                      ; - com.gdn.tms.routing.service.impl.algorithms.ortools.ORVRPMultiPickDeliveriesService$$Lambda$683/0x00000008013bd128::applyAsLong@10
                      ;   {static_call}
  0x00000001143f1150: 80f8 ff97 | ea0f 40f9 | e03b 00b9 | 4109 40f9 | e203 0aaa | e31b 40f9 

  0x00000001143f1168: ; ImmutableOopMap {rfp=Oop [0]=Oop [24]=Oop }
                      ;*invokestatic RoutingIndexManager_indexToNode {reexecute=0 rethrow=0 return_oop=0}
                      ; - com.google.ortools.constraintsolver.RoutingIndexManager::indexToNode@6 (line 117)
                      ; - com.gdn.tms.routing.service.impl.algorithms.ortools.ORVRPMultiPickDeliveriesService::lambda$run$0@10 (line 55)
                      ; - com.gdn.tms.routing.service.impl.algorithms.ortools.ORVRPMultiPickDeliveriesService$$Lambda$683/0x00000008013bd128::applyAsLong@10
                      ;   {static_call}
  0x00000001143f1168: 7af8 ff97 | e03f 00b9 | ec03 1daa 

  0x00000001143f1174: ; implicit exception: dispatches to 0x00000001143f121c
  0x00000001143f1174: 8b0d 40b9 | ee3b 40b9 | 8ac9 2e8b | df01 0b6b | c201 0054 | 4b11 40b9 | 7df1 7dd3 

  0x00000001143f1190: ; implicit exception: dispatches to 0x00000001143f1240
  0x00000001143f1190: aa0f 40b9 | 1f00 0a6b | 6202 0054 | aacf 208b | 4009 40f9 | fd7b 45a9 | ff83 0191 

  0x00000001143f11ac: ;   {poll_return}
  0x00000001143f11ac: 88bf 41f9 | ff63 28eb | a805 0054 | c003 5fd6 | fd03 40f9 | e81b 40f9 | e807 00f9 | 6103 8012 
  0x00000001143f11cc: e817 40f9 | e803 00f9 | e80f 40f9 | e80b 00f9 | ec1b 00f9 

  0x00000001143f11e0: ; ImmutableOopMap {rfp=Oop [16]=Oop [48]=Oop }
                      ;*aaload {reexecute=0 rethrow=0 return_oop=0}
                      ; - com.gdn.tms.routing.service.impl.algorithms.ortools.ORVRPMultiPickDeliveriesService::lambda$run$0@18 (line 56)
                      ; - com.gdn.tms.routing.service.impl.algorithms.ortools.ORVRPMultiPickDeliveriesService$$Lambda$683/0x00000008013bd128::applyAsLong@10
                      ;   {runtime_call UncommonTrapBlob}
  0x00000001143f11e0: e847 e497 | 6103 8012 | ec13 00f9 

  0x00000001143f11ec: ; ImmutableOopMap {rfp=Oop [0]=Oop [24]=Oop [32]=Oop }
                      ;*laload {reexecute=0 rethrow=0 return_oop=0}
                      ; - com.gdn.tms.routing.service.impl.algorithms.ortools.ORVRPMultiPickDeliveriesService::lambda$run$0@21 (line 56)
                      ; - com.gdn.tms.routing.service.impl.algorithms.ortools.ORVRPMultiPickDeliveriesService$$Lambda$683/0x00000008013bd128::applyAsLong@10
                      ;   {runtime_call UncommonTrapBlob}
  0x00000001143f11ec: e547 e497 | e103 00aa | 0200 0014 | e103 00aa | fd7b 45a9 | ff83 0191 

  0x00000001143f1204: ;   {runtime_call _rethrow_Java}
  0x00000001143f1204: 4f3e e717 | 2101 8012 | fd03 0caa | ea0b 01a9 | e313 00f9 

  0x00000001143f1218: ; ImmutableOopMap {rfp=Oop [16]=Oop }
                      ;*invokevirtual indexToNode {reexecute=0 rethrow=0 return_oop=0}
                      ; - com.gdn.tms.routing.service.impl.algorithms.ortools.ORVRPMultiPickDeliveriesService::lambda$run$0@2 (line 54)
                      ; - com.gdn.tms.routing.service.impl.algorithms.ortools.ORVRPMultiPickDeliveriesService$$Lambda$683/0x00000008013bd128::applyAsLong@10
                      ;   {runtime_call UncommonTrapBlob}
  0x00000001143f1218: da47 e497 | fd03 40f9 | 2101 8012 | e817 40f9 | e803 00f9 | e81b 40f9 | e807 00f9 | e80f 40f9 
  0x00000001143f1238: e80b 00f9 

  0x00000001143f123c: ; ImmutableOopMap {rfp=Oop [16]=Oop }
                      ;*aaload {reexecute=0 rethrow=0 return_oop=0}
                      ; - com.gdn.tms.routing.service.impl.algorithms.ortools.ORVRPMultiPickDeliveriesService::lambda$run$0@18 (line 56)
                      ; - com.gdn.tms.routing.service.impl.algorithms.ortools.ORVRPMultiPickDeliveriesService$$Lambda$683/0x00000008013bd128::applyAsLong@10
                      ;   {runtime_call UncommonTrapBlob}
  0x00000001143f123c: d147 e497 | fd03 40f9 | e80f 40f9 | e80b 00f9 | 2101 8012 | e817 40f9 | e803 00f9 | e81b 40f9 
  0x00000001143f125c: e807 00f9 | ec0f 00f9 

  0x00000001143f1264: ; ImmutableOopMap {rfp=Oop [16]=Oop [24]=Oop }
                      ;*laload {reexecute=0 rethrow=0 return_oop=0}
                      ; - com.gdn.tms.routing.service.impl.algorithms.ortools.ORVRPMultiPickDeliveriesService::lambda$run$0@21 (line 56)
                      ; - com.gdn.tms.routing.service.impl.algorithms.ortools.ORVRPMultiPickDeliveriesService$$Lambda$683/0x00000008013bd128::applyAsLong@10
                      ;   {runtime_call UncommonTrapBlob}
  0x00000001143f1264: c747 e497 

  0x00000001143f1268: ;   {internal_word}
  0x00000001143f1268: 28fa ff10 | 88cb 01f9 

  0x00000001143f1270: ;   {runtime_call SafepointBlob}
  0x00000001143f1270: 2446 e417 | 0000 0000 | 0000 0000 | 0000 0000 
[Stub Code]
  0x00000001143f1280: ;   {no_reloc}
  0x00000001143f1280: 4800 0058 | 0001 1fd6 | 50f3 3e14 | 0100 0000 

  0x00000001143f1290: ;   {static_stub}
  0x00000001143f1290: df3f 03d5 

  0x00000001143f1294: ;   {metadata(NULL)}
  0x00000001143f1294: 0c00 80d2 | 0c00 a0f2 | 0c00 c0f2 | 0800 80d2 | 0800 a0f2 | 0800 c0f2 | 0001 1fd6 

  0x00000001143f12b0: ;   {trampoline_stub}
  0x00000001143f12b0: 4800 0058 | 0001 1fd6 | 50f3 3e14 | 0100 0000 

  0x00000001143f12c0: ;   {static_stub}
  0x00000001143f12c0: df3f 03d5 

  0x00000001143f12c4: ;   {metadata(NULL)}
  0x00000001143f12c4: 0c00 80d2 | 0c00 a0f2 | 0c00 c0f2 | 0800 80d2 | 0800 a0f2 | 0800 c0f2 | 0001 1fd6 

  0x00000001143f12e0: ;   {trampoline_stub}
  0x00000001143f12e0: 4800 0058 | 0001 1fd6 | 8031 d013 | 0100 0000 

  0x00000001143f12f0: ;   {trampoline_stub}
  0x00000001143f12f0: 4800 0058 | 0001 1fd6 | 8031 d013 | 0100 0000 

  0x00000001143f1300: ;   {trampoline_stub}
  0x00000001143f1300: 4800 0058 | 0001 1fd6 | 8031 d013 | 0100 0000 

  0x00000001143f1310: ;   {trampoline_stub}
  0x00000001143f1310: 4800 0058 | 0001 1fd6 | 8031 d013 | 0100 0000 

  0x00000001143f1320: ;   {trampoline_stub}
  0x00000001143f1320: 4800 0058 | 0001 1fd6 | 8031 d013 | 0100 0000 
[Exception Handler]
  0x00000001143f1330: ;   {runtime_call ExceptionBlob}
  0x00000001143f1330: 7416 e717 
[Deopt Handler Code]
  0x00000001143f1334: 1e00 0010 

  0x00000001143f1338: ;   {runtime_call DeoptimizationBlob}
  0x00000001143f1338: c246 e417 | 0000 0000 
[/MachCode]


---------------  P R O C E S S  ---------------

Threads class SMR info:
_java_thread_list=0x0000600003e57ce0, length=30, elements={
0x0000000156020e00, 0x000000015681ee00, 0x0000000156826800, 0x000000015681f400,
0x000000012780a400, 0x0000000160014e00, 0x0000000160015400, 0x0000000160015a00,
0x0000000157008800, 0x0000000126860c00, 0x0000000160014200, 0x0000000160014800,
0x000000016003e000, 0x000000015605dc00, 0x0000000160104800, 0x00000001602b1600,
0x0000000156197c00, 0x000000015696c000, 0x000000015696d600, 0x000000015696dc00,
0x0000000156944400, 0x00000001570b6600, 0x0000000156944a00, 0x0000000156951200,
0x00000001570b8e00, 0x0000000127a93600, 0x0000000126c5c800, 0x00000001561aca00,
0x0000000156950600, 0x000000015696cc00
}

Java Threads: ( => current thread )
=>0x0000000156020e00 JavaThread "main" [_thread_in_native, id=6147, stack(0x000000016d894000,0x000000016da97000)]
  0x000000015681ee00 JavaThread "Reference Handler" daemon [_thread_blocked, id=42755, stack(0x000000016e800000,0x000000016ea03000)]
  0x0000000156826800 JavaThread "Finalizer" daemon [_thread_blocked, id=42243, stack(0x000000016ea0c000,0x000000016ec0f000)]
  0x000000015681f400 JavaThread "Signal Dispatcher" daemon [_thread_blocked, id=41987, stack(0x000000016ec18000,0x000000016ee1b000)]
  0x000000012780a400 JavaThread "Service Thread" daemon [_thread_blocked, id=22531, stack(0x000000016ee24000,0x000000016f027000)]
  0x0000000160014e00 JavaThread "Monitor Deflation Thread" daemon [_thread_blocked, id=41475, stack(0x000000016f030000,0x000000016f233000)]
  0x0000000160015400 JavaThread "C2 CompilerThread0" daemon [_thread_blocked, id=22787, stack(0x000000016f23c000,0x000000016f43f000)]
  0x0000000160015a00 JavaThread "C1 CompilerThread0" daemon [_thread_blocked, id=40963, stack(0x000000016f448000,0x000000016f64b000)]
  0x0000000157008800 JavaThread "Sweeper thread" daemon [_thread_blocked, id=40707, stack(0x000000016f654000,0x000000016f857000)]
  0x0000000126860c00 JavaThread "Common-Cleaner" daemon [_thread_blocked, id=40451, stack(0x000000016f860000,0x000000016fa63000)]
  0x0000000160014200 JavaThread "JDWP Transport Listener: dt_socket" daemon [_thread_blocked, id=23815, stack(0x000000016fa6c000,0x000000016fc6f000)]
  0x0000000160014800 JavaThread "JDWP Event Helper Thread" daemon [_thread_blocked, id=24067, stack(0x000000016fc78000,0x000000016fe7b000)]
  0x000000016003e000 JavaThread "JDWP Command Reader" daemon [_thread_in_native, id=39427, stack(0x000000016fe84000,0x0000000170087000)]
  0x000000015605dc00 JavaThread "Notification Thread" daemon [_thread_blocked, id=24579, stack(0x0000000170090000,0x0000000170293000)]
  0x0000000160104800 JavaThread "Catalina-utility-1" [_thread_blocked, id=27139, stack(0x0000000171508000,0x000000017170b000)]
  0x00000001602b1600 JavaThread "Catalina-utility-2" [_thread_blocked, id=27651, stack(0x0000000171714000,0x0000000171917000)]
  0x0000000156197c00 JavaThread "container-0" [_thread_blocked, id=36611, stack(0x0000000171920000,0x0000000171b23000)]
  0x000000015696c000 JavaThread "http-nio-8080-exec-1" daemon [_thread_blocked, id=36355, stack(0x0000000171b2c000,0x0000000171d2f000)]
  0x000000015696d600 JavaThread "http-nio-8080-exec-2" daemon [_thread_blocked, id=36099, stack(0x0000000171d38000,0x0000000171f3b000)]
  0x000000015696dc00 JavaThread "http-nio-8080-exec-3" daemon [_thread_blocked, id=35587, stack(0x0000000171f44000,0x0000000172147000)]
  0x0000000156944400 JavaThread "http-nio-8080-exec-4" daemon [_thread_blocked, id=28675, stack(0x0000000172150000,0x0000000172353000)]
  0x00000001570b6600 JavaThread "http-nio-8080-exec-5" daemon [_thread_blocked, id=34819, stack(0x000000017235c000,0x000000017255f000)]
  0x0000000156944a00 JavaThread "http-nio-8080-exec-6" daemon [_thread_blocked, id=29187, stack(0x0000000172568000,0x000000017276b000)]
  0x0000000156951200 JavaThread "http-nio-8080-exec-7" daemon [_thread_blocked, id=29443, stack(0x0000000172774000,0x0000000172977000)]
  0x00000001570b8e00 JavaThread "http-nio-8080-exec-8" daemon [_thread_blocked, id=34051, stack(0x0000000172980000,0x0000000172b83000)]
  0x0000000127a93600 JavaThread "http-nio-8080-exec-9" daemon [_thread_blocked, id=33795, stack(0x0000000172b8c000,0x0000000172d8f000)]
  0x0000000126c5c800 JavaThread "http-nio-8080-exec-10" daemon [_thread_blocked, id=33539, stack(0x0000000172d98000,0x0000000172f9b000)]
  0x00000001561aca00 JavaThread "http-nio-8080-Poller" daemon [_thread_in_native, id=33283, stack(0x0000000172fa4000,0x00000001731a7000)]
  0x0000000156950600 JavaThread "http-nio-8080-Acceptor" daemon [_thread_in_native, id=30467, stack(0x00000001731b0000,0x00000001733b3000)]
  0x000000015696cc00 JavaThread "Keep-Alive-Timer" daemon [_thread_blocked, id=32515, stack(0x00000001733bc000,0x00000001735bf000)]

Other Threads:
  0x0000000155f04e50 VMThread "VM Thread" [stack: 0x000000016e4dc000,0x000000016e6df000] [id=15107]
  0x0000000155e15e90 WatcherThread "VM Periodic Task Thread" [stack: 0x000000017029c000,0x000000017049f000] [id=25091]
  0x0000000155e07b40 WorkerThread "GC Thread#0" [stack: 0x000000016daa0000,0x000000016dca3000] [id=12035]
  0x0000000155f0f260 WorkerThread "GC Thread#1" [stack: 0x00000001704a8000,0x00000001706ab000] [id=25603]
  0x0000000135e13860 WorkerThread "GC Thread#2" [stack: 0x00000001706b4000,0x00000001708b7000] [id=39171]
  0x0000000155f0f700 WorkerThread "GC Thread#3" [stack: 0x00000001708c0000,0x0000000170ac3000] [id=26115]
  0x000000015782a1b0 WorkerThread "GC Thread#4" [stack: 0x0000000170acc000,0x0000000170ccf000] [id=26371]
  0x000000015782a6f0 WorkerThread "GC Thread#5" [stack: 0x0000000170cd8000,0x0000000170edb000] [id=38403]
  0x0000000155f0fe10 WorkerThread "GC Thread#6" [stack: 0x0000000170ee4000,0x00000001710e7000] [id=37891]
  0x0000000155f102b0 WorkerThread "GC Thread#7" [stack: 0x00000001710f0000,0x00000001712f3000] [id=37379]
  0x0000000145e04480 ConcurrentGCThread "G1 Main Marker" [stack: 0x000000016dcac000,0x000000016deaf000] [id=19715]
  0x0000000135e041f0 WorkerThread "G1 Conc#0" [stack: 0x000000016deb8000,0x000000016e0bb000] [id=13315]
  0x0000000155e3b560 WorkerThread "G1 Conc#1" [stack: 0x00000001712fc000,0x00000001714ff000] [id=26891]
  0x0000000135e05f40 ConcurrentGCThread "G1 Refine#0" [stack: 0x000000016e0c4000,0x000000016e2c7000] [id=13571]
  0x0000000145e04d20 ConcurrentGCThread "G1 Service" [stack: 0x000000016e2d0000,0x000000016e4d3000] [id=14083]

Threads with active compile tasks:

VM state: not at safepoint (normal execution)

VM Mutex/Monitor currently owned by a thread: None

Heap address: 0x0000000700000000, size: 4096 MB, Compressed Oops mode: Zero based, Oop shift amount: 3

CDS archive(s) mapped at: [0x0000000800000000-0x0000000800c44000-0x0000000800c44000), size 12861440, SharedBaseAddress: 0x0000000800000000, ArchiveRelocationMode: 0.
Compressed class space mapped at: 0x0000000801000000-0x0000000841000000, reserved size: 1073741824
Narrow klass base: 0x0000000800000000, Narrow klass shift: 0, Narrow klass range: 0x100000000

GC Precious Log:
 CardTable entry size: 512
 Card Set container configuration: InlinePtr #cards 4 size 8 Array Of Cards #cards 16 size 48 Howl #buckets 8 coarsen threshold 3686 Howl Bitmap #cards 512 size 80 coarsen threshold 460 Card regions per heap region 1 cards per card region 4096
 CPUs: 8 total, 8 available
 Memory: 16384M
 Large Page Support: Disabled
 NUMA Support: Disabled
 Compressed Oops: Enabled (Zero based)
 Heap Region Size: 2M
 Heap Min Capacity: 8M
 Heap Initial Capacity: 256M
 Heap Max Capacity: 4G
 Pre-touch: Disabled
 Parallel Workers: 8
 Concurrent Workers: 2
 Concurrent Refinement Workers: 8
 Periodic GC: Disabled

Heap:
 garbage-first heap   total 75776K, used 23857K [0x0000000700000000, 0x0000000800000000)
  region size 2048K, 7 young (14336K), 1 survivors (2048K)
 Metaspace       used 33235K, committed 33664K, reserved 1114112K
  class space    used 3785K, committed 3968K, reserved 1048576K

Heap Regions: E=young(eden), S=young(survivor), O=old, HS=humongous(starts), HC=humongous(continues), CS=collection set, F=free, OA=open archive, CA=closed archive, TAMS=top-at-mark-start (previous, next)
|   0|0x0000000700000000, 0x0000000700000000, 0x0000000700200000|  0%| F|  |TAMS 0x0000000700000000, 0x0000000700000000| Untracked 
|   1|0x0000000700200000, 0x0000000700400000, 0x0000000700400000|100%| O|  |TAMS 0x0000000700200000, 0x0000000700200000| Untracked 
|   2|0x0000000700400000, 0x0000000700600000, 0x0000000700600000|100%| O|  |TAMS 0x0000000700400000, 0x0000000700400000| Untracked 
|   3|0x0000000700600000, 0x0000000700800000, 0x0000000700800000|100%| O|  |TAMS 0x0000000700600000, 0x0000000700600000| Untracked 
|   4|0x0000000700800000, 0x000000070081f800, 0x0000000700a00000|  6%| O|  |TAMS 0x0000000700800000, 0x0000000700800000| Untracked 
|   5|0x0000000700a00000, 0x0000000700a00000, 0x0000000700c00000|  0%| F|  |TAMS 0x0000000700a00000, 0x0000000700a00000| Untracked 
|   6|0x0000000700c00000, 0x0000000700c00000, 0x0000000700e00000|  0%| F|  |TAMS 0x0000000700c00000, 0x0000000700c00000| Untracked 
|   7|0x0000000700e00000, 0x0000000700e00000, 0x0000000701000000|  0%| F|  |TAMS 0x0000000700e00000, 0x0000000700e00000| Untracked 
|   8|0x0000000701000000, 0x0000000701000000, 0x0000000701200000|  0%| F|  |TAMS 0x0000000701000000, 0x0000000701000000| Untracked 
|   9|0x0000000701200000, 0x0000000701200000, 0x0000000701400000|  0%| F|  |TAMS 0x0000000701200000, 0x0000000701200000| Untracked 
|  10|0x0000000701400000, 0x0000000701400000, 0x0000000701600000|  0%| F|  |TAMS 0x0000000701400000, 0x0000000701400000| Untracked 
|  11|0x0000000701600000, 0x0000000701600000, 0x0000000701800000|  0%| F|  |TAMS 0x0000000701600000, 0x0000000701600000| Untracked 
|  12|0x0000000701800000, 0x0000000701800000, 0x0000000701a00000|  0%| F|  |TAMS 0x0000000701800000, 0x0000000701800000| Untracked 
|  13|0x0000000701a00000, 0x0000000701a00000, 0x0000000701c00000|  0%| F|  |TAMS 0x0000000701a00000, 0x0000000701a00000| Untracked 
|  14|0x0000000701c00000, 0x0000000701c00000, 0x0000000701e00000|  0%| F|  |TAMS 0x0000000701c00000, 0x0000000701c00000| Untracked 
|  15|0x0000000701e00000, 0x0000000701e00000, 0x0000000702000000|  0%| F|  |TAMS 0x0000000701e00000, 0x0000000701e00000| Untracked 
|  16|0x0000000702000000, 0x0000000702000000, 0x0000000702200000|  0%| F|  |TAMS 0x0000000702000000, 0x0000000702000000| Untracked 
|  17|0x0000000702200000, 0x0000000702200000, 0x0000000702400000|  0%| F|  |TAMS 0x0000000702200000, 0x0000000702200000| Untracked 
|  18|0x0000000702400000, 0x0000000702400000, 0x0000000702600000|  0%| F|  |TAMS 0x0000000702400000, 0x0000000702400000| Untracked 
|  19|0x0000000702600000, 0x0000000702600000, 0x0000000702800000|  0%| F|  |TAMS 0x0000000702600000, 0x0000000702600000| Untracked 
|  20|0x0000000702800000, 0x0000000702800000, 0x0000000702a00000|  0%| F|  |TAMS 0x0000000702800000, 0x0000000702800000| Untracked 
|  21|0x0000000702a00000, 0x0000000702a00000, 0x0000000702c00000|  0%| F|  |TAMS 0x0000000702a00000, 0x0000000702a00000| Untracked 
|  22|0x0000000702c00000, 0x0000000702c00000, 0x0000000702e00000|  0%| F|  |TAMS 0x0000000702c00000, 0x0000000702c00000| Untracked 
|  23|0x0000000702e00000, 0x0000000702e00000, 0x0000000703000000|  0%| F|  |TAMS 0x0000000702e00000, 0x0000000702e00000| Untracked 
|  24|0x0000000703000000, 0x0000000703000000, 0x0000000703200000|  0%| F|  |TAMS 0x0000000703000000, 0x0000000703000000| Untracked 
|  25|0x0000000703200000, 0x000000070332cc20, 0x0000000703400000| 58%| E|  |TAMS 0x0000000703200000, 0x0000000703200000| Complete 
| 106|0x000000070d400000, 0x000000070d600000, 0x000000070d600000|100%| E|  |TAMS 0x000000070d400000, 0x000000070d400000| Complete 
| 107|0x000000070d600000, 0x000000070d800000, 0x000000070d800000|100%| E|CS|TAMS 0x000000070d600000, 0x000000070d600000| Complete 
| 108|0x000000070d800000, 0x000000070da00000, 0x000000070da00000|100%| E|CS|TAMS 0x000000070d800000, 0x000000070d800000| Complete 
| 109|0x000000070da00000, 0x000000070dc00000, 0x000000070dc00000|100%| E|CS|TAMS 0x000000070da00000, 0x000000070da00000| Complete 
| 110|0x000000070dc00000, 0x000000070dd34f40, 0x000000070de00000| 60%| S|CS|TAMS 0x000000070dc00000, 0x000000070dc00000| Complete 
| 127|0x000000070fe00000, 0x0000000710000000, 0x0000000710000000|100%| E|CS|TAMS 0x000000070fe00000, 0x000000070fe00000| Complete 
|2043|0x00000007ff600000, 0x00000007ff800000, 0x00000007ff800000|100%| O|  |TAMS 0x00000007ff600000, 0x00000007ff600000| Untracked 
|2044|0x00000007ff800000, 0x00000007ffa00000, 0x00000007ffa00000|100%| O|  |TAMS 0x00000007ff800000, 0x00000007ff800000| Untracked 
|2045|0x00000007ffa00000, 0x00000007ffc00000, 0x00000007ffc00000|100%| O|  |TAMS 0x00000007ffa00000, 0x00000007ffa00000| Untracked 
|2046|0x00000007ffc00000, 0x00000007ffd78000, 0x00000007ffe00000| 73%|OA|  |TAMS 0x00000007ffd78000, 0x00000007ffc00000| Untracked 
|2047|0x00000007ffe00000, 0x00000007ffe80000, 0x0000000800000000| 25%|CA|  |TAMS 0x00000007ffe00000, 0x00000007ffe00000| Untracked 

Card table byte_map: [0x000000011b780000,0x000000011bf80000] _byte_map_base: 0x0000000117f80000

Marking Bits (Prev, Next): (CMBitMap*) 0x000000015680b450, (CMBitMap*) 0x000000015680b410
 Prev Bits: [0x0000000120780000, 0x0000000124780000)
 Next Bits: [0x000000011c780000, 0x0000000120780000)

Polling page: 0x0000000102838000

Metaspace:

Usage:
  Non-class:     28.76 MB used.
      Class:      3.70 MB used.
       Both:     32.46 MB used.

Virtual space:
  Non-class space:       64.00 MB reserved,      29.00 MB ( 45%) committed,  1 nodes.
      Class space:        1.00 GB reserved,       3.88 MB ( <1%) committed,  1 nodes.
             Both:        1.06 GB reserved,      32.88 MB (  3%) committed. 

Chunk freelists:
   Non-Class:  2.53 MB
       Class:  159.00 KB
        Both:  2.69 MB

MaxMetaspaceSize: unlimited
CompressedClassSpaceSize: 1.00 GB
Initial GC threshold: 21.00 MB
Current GC threshold: 35.25 MB
CDS: on
MetaspaceReclaimPolicy: balanced
 - commit_granule_bytes: 65536.
 - commit_granule_words: 8192.
 - virtual_space_node_default_size: 8388608.
 - enlarge_chunks_in_place: 1.
 - new_chunks_are_fully_committed: 0.
 - uncommit_free_chunks: 1.
 - use_allocation_guard: 0.


Internal statistics:

num_allocs_failed_limit: 3.
num_arena_births: 474.
num_arena_deaths: 0.
num_vsnodes_births: 2.
num_vsnodes_deaths: 0.
num_space_committed: 526.
num_space_uncommitted: 0.
num_chunks_returned_to_freelist: 3.
num_chunks_taken_from_freelist: 1553.
num_chunk_merges: 0.
num_chunk_splits: 1106.
num_chunks_enlarged: 891.
num_inconsistent_stats: 0.

CodeHeap 'non-profiled nmethods': size=120032Kb used=1703Kb max_used=1703Kb free=118328Kb
 bounds [0x0000000114248000, 0x00000001144b8000, 0x000000011b780000]
CodeHeap 'profiled nmethods': size=120016Kb used=8546Kb max_used=8546Kb free=111469Kb
 bounds [0x000000010c780000, 0x000000010cfe0000, 0x0000000113cb4000]
CodeHeap 'non-nmethods': size=5712Kb used=1397Kb max_used=1429Kb free=4314Kb
 bounds [0x0000000113cb4000, 0x0000000113f24000, 0x0000000114248000]
 total_blobs=4391 nmethods=3715 adapters=590
 compilation: enabled
              stopped_count=0, restarted_count=0
 full_count=0

Compilation events (20 events):
Event: 2.221 Thread 0x0000000160015400 3860       4       java.util.HashSet::contains (9 bytes)
Event: 2.222 Thread 0x0000000160015a00 3861       1       java.lang.Long::longValue (5 bytes)
Event: 2.222 Thread 0x0000000160015a00 nmethod 3861 0x00000001143ef590 code [0x00000001143ef740, 0x00000001143ef7d8]
Event: 2.222 Thread 0x0000000160015a00 3862       1       com.gdn.tms.routing.pojo.ORRoutingContext::getManager (5 bytes)
Event: 2.222 Thread 0x0000000160015a00 nmethod 3862 0x00000001143ef890 code [0x00000001143efa40, 0x00000001143efad8]
Event: 2.222 Thread 0x0000000160015a00 3863       3       com.gdn.tms.routing.service.impl.constraints.ortools.CapacityConstraint$$Lambda$686/0x00000008013bd768::applyAsLong (13 bytes)
Event: 2.222 Thread 0x0000000160015a00 nmethod 3863 0x000000010cfd7810 code [0x000000010cfd7a00, 0x000000010cfd7c88]
Event: 2.222 Thread 0x0000000160015a00 3864       3       com.gdn.tms.routing.service.impl.constraints.ortools.CapacityConstraint::lambda$addConstraint$2 (18 bytes)
Event: 2.222 Thread 0x0000000160015a00 nmethod 3864 0x000000010cfd7e90 code [0x000000010cfd8040, 0x000000010cfd8208]
Event: 2.222 Thread 0x0000000160015a00 3865       3       java.lang.Long::equals (30 bytes)
Event: 2.222 Thread 0x0000000160015a00 nmethod 3865 0x000000010cfd8390 code [0x000000010cfd8580, 0x000000010cfd8958]
Event: 2.224 Thread 0x0000000160015400 nmethod 3860 0x00000001143efb90 code [0x00000001143efdc0, 0x00000001143f0470]
Event: 2.224 Thread 0x0000000160015400 3867       4       java.lang.Long::hashCode (8 bytes)
Event: 2.224 Thread 0x0000000160015400 nmethod 3867 0x00000001143f0910 code [0x00000001143f0a80, 0x00000001143f0ad0]
Event: 2.224 Thread 0x0000000160015400 3866       4       com.google.ortools.constraintsolver.RoutingIndexManager::indexToNode (10 bytes)
Event: 2.224 Thread 0x0000000160015400 nmethod 3866 0x00000001143f0c10 code [0x00000001143f0dc0, 0x00000001143f0e80]
Event: 2.224 Thread 0x0000000160015400 3868       4       com.gdn.tms.routing.service.impl.algorithms.ortools.ORVRPMultiPickDeliveriesService$$Lambda$683/0x00000008013bd128::applyAsLong (14 bytes)
Event: 2.225 Thread 0x0000000160015400 nmethod 3868 0x00000001143f0f10 code [0x00000001143f1100, 0x00000001143f1340]
Event: 2.225 Thread 0x0000000160015400 3869       4       com.gdn.tms.routing.service.impl.algorithms.ortools.ORVRPMultiPickDeliveriesService::lambda$run$0 (23 bytes)
Event: 2.225 Thread 0x0000000160015400 nmethod 3869 0x00000001143f1610 code [0x00000001143f1800, 0x00000001143f1a00]

GC Heap History (10 events):
Event: 0.311 GC heap before
{Heap before GC invocations=0 (full 0):
 garbage-first heap   total 266240K, used 24544K [0x0000000700000000, 0x0000000800000000)
  region size 2048K, 11 young (22528K), 0 survivors (0K)
 Metaspace       used 5192K, committed 5376K, reserved 1114112K
  class space    used 548K, committed 640K, reserved 1048576K
}
Event: 0.313 GC heap after
{Heap after GC invocations=1 (full 0):
 garbage-first heap   total 266240K, used 6530K [0x0000000700000000, 0x0000000800000000)
  region size 2048K, 2 young (4096K), 2 survivors (4096K)
 Metaspace       used 5192K, committed 5376K, reserved 1114112K
  class space    used 548K, committed 640K, reserved 1048576K
}
Event: 0.620 GC heap before
{Heap before GC invocations=1 (full 0):
 garbage-first heap   total 266240K, used 51586K [0x0000000700000000, 0x0000000800000000)
  region size 2048K, 25 young (51200K), 2 survivors (4096K)
 Metaspace       used 15498K, committed 15808K, reserved 1114112K
  class space    used 1828K, committed 1984K, reserved 1048576K
}
Event: 0.622 GC heap after
{Heap after GC invocations=2 (full 0):
 garbage-first heap   total 266240K, used 9073K [0x0000000700000000, 0x0000000800000000)
  region size 2048K, 4 young (8192K), 4 survivors (8192K)
 Metaspace       used 15498K, committed 15808K, reserved 1114112K
  class space    used 1828K, committed 1984K, reserved 1048576K
}
Event: 0.909 GC heap before
{Heap before GC invocations=2 (full 0):
 garbage-first heap   total 266240K, used 41841K [0x0000000700000000, 0x0000000800000000)
  region size 2048K, 21 young (43008K), 4 survivors (8192K)
 Metaspace       used 21178K, committed 21504K, reserved 1114112K
  class space    used 2530K, committed 2688K, reserved 1048576K
}
Event: 0.911 GC heap after
{Heap after GC invocations=3 (full 0):
 garbage-first heap   total 266240K, used 11403K [0x0000000700000000, 0x0000000800000000)
  region size 2048K, 5 young (10240K), 5 survivors (10240K)
 Metaspace       used 21178K, committed 21504K, reserved 1114112K
  class space    used 2530K, committed 2688K, reserved 1048576K
}
Event: 1.232 GC heap before
{Heap before GC invocations=4 (full 0):
 garbage-first heap   total 61440K, used 56459K [0x0000000700000000, 0x0000000800000000)
  region size 2048K, 27 young (55296K), 5 survivors (10240K)
 Metaspace       used 28836K, committed 29184K, reserved 1114112K
  class space    used 3431K, committed 3584K, reserved 1048576K
}
Event: 1.237 GC heap after
{Heap after GC invocations=5 (full 0):
 garbage-first heap   total 75776K, used 15188K [0x0000000700000000, 0x0000000800000000)
  region size 2048K, 4 young (8192K), 4 survivors (8192K)
 Metaspace       used 28836K, committed 29184K, reserved 1114112K
  class space    used 3431K, committed 3584K, reserved 1048576K
}
Event: 1.774 GC heap before
{Heap before GC invocations=5 (full 0):
 garbage-first heap   total 75776K, used 17236K [0x0000000700000000, 0x0000000800000000)
  region size 2048K, 5 young (10240K), 4 survivors (8192K)
 Metaspace       used 29265K, committed 29632K, reserved 1114112K
  class space    used 3481K, committed 3648K, reserved 1048576K
}
Event: 1.777 GC heap after
{Heap after GC invocations=6 (full 0):
 garbage-first heap   total 75776K, used 15665K [0x0000000700000000, 0x0000000800000000)
  region size 2048K, 1 young (2048K), 1 survivors (2048K)
 Metaspace       used 29265K, committed 29632K, reserved 1114112K
  class space    used 3481K, committed 3648K, reserved 1048576K
}

Dll operation events (20 events):
Event: 0.844 Loading shared library /usr/lib/java/liblibtcnative-1.dylib failed, dlopen(/usr/lib/java/liblibtcnative-1.dylib, 0x0001): tried: '/usr/lib/java/liblibtcnative-1.dylib' (no such file)
Event: 0.844 Loading shared library /usr/lib/java/liblibtcnative-1.jnilib failed, dlopen(/usr/lib/java/liblibtcnative-1.jnilib, 0x0001): tried: '/usr/lib/java/liblibtcnative-1.jnilib' (no such file)
Event: 0.844 Loading shared library /Users/pranavsnayak/Documents/samples/routing/liblibtcnative-1.dylib failed, dlopen(/Users/pranavsnayak/Documents/samples/routing/liblibtcnative-1.dylib, 0x0001): tried: '/Users/pranavsnayak/Documents/samples/routing/liblibtcnative-
Event: 0.844 Loading shared library /Users/pranavsnayak/Documents/samples/routing/liblibtcnative-1.jnilib failed, dlopen(/Users/pranavsnayak/Documents/samples/routing/liblibtcnative-1.jnilib, 0x0001): tried: '/Users/pranavsnayak/Documents/samples/routing/liblibtcnativ
Event: 1.197 Loaded shared library /Users/pranavsnayak/Library/Java/JavaVirtualMachines/openjdk-19.0.2/Contents/Home/lib/libextnet.dylib
Event: 1.215 Loading shared library /Users/pranavsnayak/Library/Java/JavaVirtualMachines/openjdk-19.0.2/Contents/Home/lib/libjniortools.dylib failed, dlopen(/Users/pranavsnayak/Library/Java/JavaVirtualMachines/openjdk-19.0.2/Contents/Home/lib/libjniortools.dylib, 0x00
Event: 1.215 Loading shared library /Users/pranavsnayak/Library/Java/JavaVirtualMachines/openjdk-19.0.2/Contents/Home/lib/libjniortools.jnilib failed, dlopen(/Users/pranavsnayak/Library/Java/JavaVirtualMachines/openjdk-19.0.2/Contents/Home/lib/libjniortools.jnilib, 0x
Event: 1.215 Loading shared library /Users/pranavsnayak/Library/Java/Extensions/libjniortools.dylib failed, dlopen(/Users/pranavsnayak/Library/Java/Extensions/libjniortools.dylib, 0x0001): tried: '/Users/pranavsnayak/Library/Java/Extensions/libjniortools.dylib' (no su
Event: 1.215 Loading shared library /Users/pranavsnayak/Library/Java/Extensions/libjniortools.jnilib failed, dlopen(/Users/pranavsnayak/Library/Java/Extensions/libjniortools.jnilib, 0x0001): tried: '/Users/pranavsnayak/Library/Java/Extensions/libjniortools.jnilib' (no
Event: 1.215 Loading shared library /Library/Java/Extensions/libjniortools.dylib failed, dlopen(/Library/Java/Extensions/libjniortools.dylib, 0x0001): tried: '/Library/Java/Extensions/libjniortools.dylib' (no such file)
Event: 1.215 Loading shared library /Library/Java/Extensions/libjniortools.jnilib failed, dlopen(/Library/Java/Extensions/libjniortools.jnilib, 0x0001): tried: '/Library/Java/Extensions/libjniortools.jnilib' (no such file)
Event: 1.215 Loading shared library /Network/Library/Java/Extensions/libjniortools.dylib failed, dlopen(/Network/Library/Java/Extensions/libjniortools.dylib, 0x0001): tried: '/Network/Library/Java/Extensions/libjniortools.dylib' (no such file)
Event: 1.215 Loading shared library /Network/Library/Java/Extensions/libjniortools.jnilib failed, dlopen(/Network/Library/Java/Extensions/libjniortools.jnilib, 0x0001): tried: '/Network/Library/Java/Extensions/libjniortools.jnilib' (no such file)
Event: 1.215 Loading shared library /System/Library/Java/Extensions/libjniortools.dylib failed, dlopen(/System/Library/Java/Extensions/libjniortools.dylib, 0x0001): tried: '/System/Library/Java/Extensions/libjniortools.dylib' (no such file)
Event: 1.215 Loading shared library /System/Library/Java/Extensions/libjniortools.jnilib failed, dlopen(/System/Library/Java/Extensions/libjniortools.jnilib, 0x0001): tried: '/System/Library/Java/Extensions/libjniortools.jnilib' (no such file)
Event: 1.215 Loading shared library /usr/lib/java/libjniortools.dylib failed, dlopen(/usr/lib/java/libjniortools.dylib, 0x0001): tried: '/usr/lib/java/libjniortools.dylib' (no such file)
Event: 1.215 Loading shared library /usr/lib/java/libjniortools.jnilib failed, dlopen(/usr/lib/java/libjniortools.jnilib, 0x0001): tried: '/usr/lib/java/libjniortools.jnilib' (no such file)
Event: 1.215 Loading shared library /Users/pranavsnayak/Documents/samples/routing/libjniortools.dylib failed, dlopen(/Users/pranavsnayak/Documents/samples/routing/libjniortools.dylib, 0x0001): tried: '/Users/pranavsnayak/Documents/samples/routing/libjniortools.dylib' 
Event: 1.215 Loading shared library /Users/pranavsnayak/Documents/samples/routing/libjniortools.jnilib failed, dlopen(/Users/pranavsnayak/Documents/samples/routing/libjniortools.jnilib, 0x0001): tried: '/Users/pranavsnayak/Documents/samples/routing/libjniortools.jnili
Event: 1.758 Loaded shared library /private/var/folders/d7/vp65tkvn5fz6yfvv7fxgsbsh0000gn/T/ortools-java2484498423001459838/ortools-darwin-aarch64/libjniortools.dylib

Deoptimization events (20 events):
Event: 2.159 Thread 0x0000000156020e00 Uncommon trap: trap_request=0xffffff45 fr.pc=0x00000001142d0cc0 relative=0x0000000000000500
Event: 2.159 Thread 0x0000000156020e00 Uncommon trap: reason=unstable_if action=reinterpret pc=0x00000001142d0cc0 method=java.lang.Integer.stringSize(I)I @ 3 c2
Event: 2.159 Thread 0x0000000156020e00 DEOPT PACKING pc=0x00000001142d0cc0 sp=0x000000016da955e0
Event: 2.159 Thread 0x0000000156020e00 DEOPT UNPACKING pc=0x0000000113d0321c sp=0x000000016da95520 mode 2
Event: 2.217 Thread 0x0000000156020e00 DEOPT PACKING pc=0x000000010c8a8608 sp=0x000000016da94550
Event: 2.217 Thread 0x0000000156020e00 DEOPT UNPACKING pc=0x0000000113d0307c sp=0x000000016da941b0 mode 1
Event: 2.217 Thread 0x0000000156020e00 DEOPT PACKING pc=0x000000010c8a1504 sp=0x000000016da945e0
Event: 2.217 Thread 0x0000000156020e00 DEOPT UNPACKING pc=0x0000000113d0307c sp=0x000000016da942a0 mode 1
Event: 2.217 Thread 0x0000000156020e00 DEOPT PACKING pc=0x000000010c8a8608 sp=0x000000016da94550
Event: 2.217 Thread 0x0000000156020e00 DEOPT UNPACKING pc=0x0000000113d0307c sp=0x000000016da941b0 mode 1
Event: 2.217 Thread 0x0000000156020e00 DEOPT PACKING pc=0x000000010c8a1504 sp=0x000000016da945e0
Event: 2.217 Thread 0x0000000156020e00 DEOPT UNPACKING pc=0x0000000113d0307c sp=0x000000016da942a0 mode 1
Event: 2.220 Thread 0x0000000156020e00 Uncommon trap: trap_request=0xffffff45 fr.pc=0x00000001142e68e8 relative=0x00000000000001e8
Event: 2.220 Thread 0x0000000156020e00 Uncommon trap: reason=unstable_if action=reinterpret pc=0x00000001142e68e8 method=java.util.HashMap.getNode(Ljava/lang/Object;)Ljava/util/HashMap$Node; @ 66 c2
Event: 2.220 Thread 0x0000000156020e00 DEOPT PACKING pc=0x00000001142e68e8 sp=0x000000016da957e0
Event: 2.220 Thread 0x0000000156020e00 DEOPT UNPACKING pc=0x0000000113d0321c sp=0x000000016da956f0 mode 2
Event: 2.220 Thread 0x0000000156020e00 Uncommon trap: trap_request=0xffffff45 fr.pc=0x0000000114317df0 relative=0x0000000000000270
Event: 2.220 Thread 0x0000000156020e00 Uncommon trap: reason=unstable_if action=reinterpret pc=0x0000000114317df0 method=java.util.HashMap.getNode(Ljava/lang/Object;)Ljava/util/HashMap$Node; @ 66 c2
Event: 2.220 Thread 0x0000000156020e00 DEOPT PACKING pc=0x0000000114317df0 sp=0x000000016da95740
Event: 2.220 Thread 0x0000000156020e00 DEOPT UNPACKING pc=0x0000000113d0321c sp=0x000000016da956d0 mode 2

Classes loaded (20 events):
Event: 2.217 Loading class libcore/io/Memory
Event: 2.217 Loading class libcore/io/Memory done
Event: 2.217 Loading class org/robolectric/Robolectric
Event: 2.217 Loading class org/robolectric/Robolectric done
Event: 2.217 Loading class java/lang/foreign/MemorySegment
Event: 2.217 Loading class java/lang/foreign/Addressable
Event: 2.217 Loading class java/lang/foreign/Addressable done
Event: 2.217 Loading class java/lang/foreign/MemorySegment done
Event: 2.217 Loading class com/google/ortools/util/OptionalBoolean
Event: 2.217 Loading class com/google/ortools/util/OptionalBoolean done
Event: 2.218 Loading class com/google/ortools/util/OptionalBoolean$1
Event: 2.218 Loading class com/google/ortools/util/OptionalBoolean$1 done
Event: 2.218 Loading class com/google/ortools/constraintsolver/RoutingSearchParameters$SchedulingSolver
Event: 2.218 Loading class com/google/ortools/constraintsolver/RoutingSearchParameters$SchedulingSolver done
Event: 2.218 Loading class com/google/ortools/constraintsolver/RoutingSearchParameters$SchedulingSolver$1
Event: 2.218 Loading class com/google/ortools/constraintsolver/RoutingSearchParameters$SchedulingSolver$1 done
Event: 2.218 Loading class com/google/ortools/constraintsolver/RoutingSearchParameters$PairInsertionStrategy
Event: 2.218 Loading class com/google/ortools/constraintsolver/RoutingSearchParameters$PairInsertionStrategy done
Event: 2.218 Loading class com/google/ortools/constraintsolver/RoutingSearchParameters$PairInsertionStrategy$1
Event: 2.218 Loading class com/google/ortools/constraintsolver/RoutingSearchParameters$PairInsertionStrategy$1 done

Classes unloaded (0 events):
No events

Classes redefined (0 events):
No events

Internal exceptions (20 events):
Event: 1.078 Thread 0x0000000156020e00 Exception <a 'java/lang/ClassNotFoundException'{0x0000000701619cc0}: org/springframework/context/ApplicationContextAwareCustomizer> (0x0000000701619cc0) 
thrown [open/src/hotspot/share/classfile/systemDictionary.cpp, line 255]
Event: 1.078 Thread 0x0000000156020e00 Exception <a 'java/lang/ClassNotFoundException'{0x000000070161dbc0}: org/springframework/beans/factory/AwareCustomizer> (0x000000070161dbc0) 
thrown [open/src/hotspot/share/classfile/systemDictionary.cpp, line 255]
Event: 1.078 Thread 0x0000000156020e00 Exception <a 'java/lang/ClassNotFoundException'{0x0000000701620498}: org/springframework/web/context/ServletContextAwareCustomizer> (0x0000000701620498) 
thrown [open/src/hotspot/share/classfile/systemDictionary.cpp, line 255]
Event: 1.078 Thread 0x0000000156020e00 Exception <a 'java/lang/ClassNotFoundException'{0x0000000701623cd0}: org/springframework/beans/factory/AwareCustomizer> (0x0000000701623cd0) 
thrown [open/src/hotspot/share/classfile/systemDictionary.cpp, line 255]
Event: 1.080 Thread 0x0000000156020e00 Exception <a 'java/lang/NoSuchMethodError'{0x000000070164a7a8}: 'java.lang.Object java.lang.invoke.DirectMethodHandle$Holder.newInvokeSpecial(java.lang.Object, java.lang.Object, java.lang.Object, java.lang.Object, java.lang.Object, java.lang.Object, java.lang.Object, java.lang.Object)'> (0x000000070164a7a8) 
thrown [open/src/hotspot/share/interpreter/linkResolver.cpp, line 774]
Event: 1.101 Thread 0x0000000156020e00 Exception <a 'java/lang/NoSuchMethodError'{0x000000070145e098}: 'void java.lang.invoke.DirectMethodHandle$Holder.invokeVirtual(java.lang.Object, java.lang.Object, long)'> (0x000000070145e098) 
thrown [open/src/hotspot/share/interpreter/linkResolver.cpp, line 774]
Event: 1.143 Thread 0x0000000156020e00 Exception <a 'java/lang/IncompatibleClassChangeError'{0x00000007011afa00}: Found class java.lang.Object, but interface was expected> (0x00000007011afa00) 
thrown [open/src/hotspot/share/interpreter/linkResolver.cpp, line 841]
Event: 1.154 Thread 0x0000000156020e00 Exception <a 'java/lang/NoSuchMethodError'{0x0000000700f078c0}: 'int java.lang.invoke.DirectMethodHandle$Holder.invokeStaticInit(java.lang.Object, java.lang.Object, java.lang.Object, java.lang.Object)'> (0x0000000700f078c0) 
thrown [open/src/hotspot/share/interpreter/linkResolver.cpp, line 774]
Event: 1.156 Thread 0x0000000156020e00 Implicit null exception at 0x000000011433ac6c to 0x000000011433b0f4
Event: 1.194 Thread 0x0000000156020e00 Exception <a 'java/lang/NoSuchMethodError'{0x0000000700b8d8e8}: 'java.lang.Object java.lang.invoke.DirectMethodHandle$Holder.newInvokeSpecial(java.lang.Object, java.lang.Object, int, java.lang.Object, java.lang.Object)'> (0x0000000700b8d8e8) 
thrown [open/src/hotspot/share/interpreter/linkResolver.cpp, line 774]
Event: 1.194 Thread 0x0000000156020e00 Exception <a 'java/lang/NoSuchMethodError'{0x0000000700b99150}: 'java.lang.Object java.lang.invoke.DirectMethodHandle$Holder.invokeSpecial(java.lang.Object, java.lang.Object, int, java.lang.Object, int, java.lang.Object)'> (0x0000000700b99150) 
thrown [open/src/hotspot/share/interpreter/linkResolver.cpp, line 774]
Event: 1.195 Thread 0x0000000156020e00 Exception <a 'java/lang/NoSuchMethodError'{0x0000000700ba0f28}: 'java.lang.Object java.lang.invoke.DirectMethodHandle$Holder.newInvokeSpecial(java.lang.Object, java.lang.Object, int, java.lang.Object, int)'> (0x0000000700ba0f28) 
thrown [open/src/hotspot/share/interpreter/linkResolver.cpp, line 774]
Event: 1.195 Thread 0x0000000156020e00 Exception <a 'java/lang/NoSuchMethodError'{0x0000000700ba5040}: 'java.lang.Object java.lang.invoke.DirectMethodHandle$Holder.invokeSpecial(java.lang.Object, java.lang.Object, java.lang.Object, int, java.lang.Object, int)'> (0x0000000700ba5040) 
thrown [open/src/hotspot/share/interpreter/linkResolver.cpp, line 774]
Event: 1.195 Thread 0x0000000156020e00 Exception <a 'java/lang/NoSuchMethodError'{0x0000000700baf400}: 'void java.lang.invoke.DirectMethodHandle$Holder.invokeVirtual(java.lang.Object, java.lang.Object)'> (0x0000000700baf400) 
thrown [open/src/hotspot/share/interpreter/linkResolver.cpp, line 774]
Event: 1.798 Thread 0x0000000156020e00 Exception <a 'java/lang/NoSuchMethodError'{0x000000070fffe718}: 'void java.lang.invoke.DirectMethodHandle$Holder.invokeVirtual(java.lang.Object, java.lang.Object, double)'> (0x000000070fffe718) 
thrown [open/src/hotspot/share/interpreter/linkResolver.cpp, line 774]
Event: 1.798 Thread 0x0000000156020e00 Exception <a 'java/lang/NoSuchMethodError'{0x000000070da09d90}: 'double java.lang.invoke.DelegatingMethodHandle$Holder.reinvoke_L(java.lang.Object, java.lang.Object, int)'> (0x000000070da09d90) 
thrown [open/src/hotspot/share/interpreter/linkResolver.cpp, line 774]
Event: 1.798 Thread 0x0000000156020e00 Exception <a 'java/lang/NoSuchMethodError'{0x000000070da14260}: 'void java.lang.invoke.DelegatingMethodHandle$Holder.reinvoke_L(java.lang.Object, java.lang.Object, double)'> (0x000000070da14260) 
thrown [open/src/hotspot/share/interpreter/linkResolver.cpp, line 774]
Event: 1.799 Thread 0x0000000156020e00 Exception <a 'java/lang/NoSuchMethodError'{0x000000070da268b0}: 'long java.lang.invoke.DirectMethodHandle$Holder.invokeStatic(java.lang.Object, java.lang.Object, int)'> (0x000000070da268b0) 
thrown [open/src/hotspot/share/interpreter/linkResolver.cpp, line 774]
Event: 1.799 Thread 0x0000000156020e00 Exception <a 'java/lang/NoSuchMethodError'{0x000000070da31a28}: 'void java.lang.invoke.DelegatingMethodHandle$Holder.reinvoke_L(java.lang.Object, java.lang.Object, long)'> (0x000000070da31a28) 
thrown [open/src/hotspot/share/interpreter/linkResolver.cpp, line 774]
Event: 2.180 Thread 0x0000000156020e00 Exception <a 'java/lang/NoSuchMethodError'{0x000000070d9a2760}: 'long java.lang.invoke.DirectMethodHandle$Holder.invokeStatic(java.lang.Object, java.lang.Object, long, long)'> (0x000000070d9a2760) 
thrown [open/src/hotspot/share/interpreter/linkResolver.cpp, line 774]

VM Operations (20 events):
Event: 1.109 Executing VM operation: HandshakeAllThreads
Event: 1.109 Executing VM operation: HandshakeAllThreads done
Event: 1.110 Executing VM operation: HandshakeAllThreads
Event: 1.110 Executing VM operation: HandshakeAllThreads done
Event: 1.138 Executing VM operation: HandshakeAllThreads
Event: 1.138 Executing VM operation: HandshakeAllThreads done
Event: 1.146 Executing VM operation: HandshakeAllThreads
Event: 1.146 Executing VM operation: HandshakeAllThreads done
Event: 1.156 Executing VM operation: HandshakeAllThreads
Event: 1.156 Executing VM operation: HandshakeAllThreads done
Event: 1.232 Executing VM operation: G1CollectForAllocation
Event: 1.237 Executing VM operation: G1CollectForAllocation done
Event: 1.774 Executing VM operation: G1CollectForAllocation
Event: 1.777 Executing VM operation: G1CollectForAllocation done
Event: 1.779 Executing VM operation: HandshakeAllThreads
Event: 1.779 Executing VM operation: HandshakeAllThreads done
Event: 1.808 Executing VM operation: HandshakeAllThreads
Event: 1.808 Executing VM operation: HandshakeAllThreads done
Event: 2.150 Executing VM operation: HandshakeAllThreads
Event: 2.150 Executing VM operation: HandshakeAllThreads done

Events (20 events):
Event: 1.202 Thread 0x0000000156944400 Thread added: 0x0000000156944400
Event: 1.203 Protecting memory [0x0000000172150000,0x000000017215c000] with protection modes 0
Event: 1.203 Thread 0x00000001570b6600 Thread added: 0x00000001570b6600
Event: 1.203 Protecting memory [0x000000017235c000,0x0000000172368000] with protection modes 0
Event: 1.203 Thread 0x0000000156944a00 Thread added: 0x0000000156944a00
Event: 1.203 Protecting memory [0x0000000172568000,0x0000000172574000] with protection modes 0
Event: 1.203 Thread 0x0000000156951200 Thread added: 0x0000000156951200
Event: 1.203 Protecting memory [0x0000000172774000,0x0000000172780000] with protection modes 0
Event: 1.203 Thread 0x00000001570b8e00 Thread added: 0x00000001570b8e00
Event: 1.203 Protecting memory [0x0000000172980000,0x000000017298c000] with protection modes 0
Event: 1.203 Thread 0x0000000127a93600 Thread added: 0x0000000127a93600
Event: 1.203 Protecting memory [0x0000000172b8c000,0x0000000172b98000] with protection modes 0
Event: 1.203 Thread 0x0000000126c5c800 Thread added: 0x0000000126c5c800
Event: 1.203 Protecting memory [0x0000000172d98000,0x0000000172da4000] with protection modes 0
Event: 1.205 Thread 0x00000001561aca00 Thread added: 0x00000001561aca00
Event: 1.205 Protecting memory [0x0000000172fa4000,0x0000000172fb0000] with protection modes 0
Event: 1.206 Thread 0x0000000156950600 Thread added: 0x0000000156950600
Event: 1.206 Protecting memory [0x00000001731b0000,0x00000001731bc000] with protection modes 0
Event: 2.159 Thread 0x000000015696cc00 Thread added: 0x000000015696cc00
Event: 2.159 Protecting memory [0x00000001733bc000,0x00000001733c8000] with protection modes 0


Dynamic libraries:
0x0000000102808000 	/Users/pranavsnayak/Library/Java/JavaVirtualMachines/openjdk-19.0.2/Contents/Home/lib/libjli.dylib
0x00000001c812e000 	/System/Library/Frameworks/Cocoa.framework/Versions/A/Cocoa
0x00000001b437a000 	/System/Library/Frameworks/AppKit.framework/Versions/C/AppKit
0x00000001b7880000 	/System/Library/Frameworks/CoreData.framework/Versions/A/CoreData
0x00000001b26d5000 	/System/Library/Frameworks/Foundation.framework/Versions/C/Foundation
0x00000001bc2d7000 	/usr/lib/libSystem.B.dylib
0x00000001b5232000 	/System/Library/PrivateFrameworks/UIFoundation.framework/Versions/A/UIFoundation
0x00000001c230f000 	/System/Library/PrivateFrameworks/RemoteViewServices.framework/Versions/A/RemoteViewServices
0x00000001ba795000 	/System/Library/PrivateFrameworks/XCTTargetBootstrap.framework/Versions/A/XCTTargetBootstrap
0x00000001be013000 	/System/Library/PrivateFrameworks/InternationalSupport.framework/Versions/A/InternationalSupport
0x00000001be09c000 	/System/Library/PrivateFrameworks/UserActivity.framework/Versions/A/UserActivity
0x00000001bd50e000 	/usr/lib/libspindump.dylib
0x00000001b54a3000 	/System/Library/Frameworks/UniformTypeIdentifiers.framework/Versions/A/UniformTypeIdentifiers
0x00000001b8ce0000 	/usr/lib/libapp_launch_measurement.dylib
0x00000001b820a000 	/System/Library/PrivateFrameworks/CoreAnalytics.framework/Versions/A/CoreAnalytics
0x00000001b8ce3000 	/System/Library/PrivateFrameworks/CoreAutoLayout.framework/Versions/A/CoreAutoLayout
0x00000001ba086000 	/System/Library/Frameworks/Metal.framework/Versions/A/Metal
0x00000001badfd000 	/usr/lib/liblangid.dylib
0x00000001ba79a000 	/System/Library/PrivateFrameworks/CoreSVG.framework/Versions/A/CoreSVG
0x00000001b6934000 	/System/Library/PrivateFrameworks/SkyLight.framework/Versions/A/SkyLight
0x00000001b6d09000 	/System/Library/Frameworks/CoreGraphics.framework/Versions/A/CoreGraphics
0x00000001c29db000 	/System/Library/Frameworks/Accelerate.framework/Versions/A/Accelerate
0x00000001bcf85000 	/System/Library/PrivateFrameworks/IconServices.framework/Versions/A/IconServices
0x00000001ba068000 	/System/Library/Frameworks/IOSurface.framework/Versions/A/IOSurface
0x00000001b823b000 	/usr/lib/libDiagnosticMessagesClient.dylib
0x00000001bc220000 	/usr/lib/libz.1.dylib
0x00000001c5edc000 	/System/Library/Frameworks/ApplicationServices.framework/Versions/A/ApplicationServices
0x00000001ba77d000 	/System/Library/PrivateFrameworks/DFRFoundation.framework/Versions/A/DFRFoundation
0x00000001b3c0a000 	/usr/lib/libicucore.A.dylib
0x00000001beebf000 	/System/Library/Frameworks/AudioToolbox.framework/Versions/A/AudioToolbox
0x00000001be01f000 	/System/Library/PrivateFrameworks/DataDetectorsCore.framework/Versions/A/DataDetectorsCore
0x00000001d495f000 	/System/Library/PrivateFrameworks/TextInput.framework/Versions/A/TextInput
0x00000001b68a9000 	/usr/lib/libMobileGestalt.dylib
0x00000001ba449000 	/System/Library/Frameworks/Carbon.framework/Versions/A/Frameworks/HIToolbox.framework/Versions/A/HIToolbox
0x00000001b86bc000 	/System/Library/Frameworks/QuartzCore.framework/Versions/A/QuartzCore
0x00000001b388d000 	/System/Library/Frameworks/Security.framework/Versions/A/Security
0x00000001c234f000 	/System/Library/Frameworks/Carbon.framework/Versions/A/Frameworks/SpeechRecognition.framework/Versions/A/SpeechRecognition
0x00000001b8a36000 	/System/Library/PrivateFrameworks/CoreUI.framework/Versions/A/CoreUI
0x00000001b316a000 	/System/Library/Frameworks/CoreAudio.framework/Versions/A/CoreAudio
0x00000001b8330000 	/System/Library/Frameworks/DiskArbitration.framework/Versions/A/DiskArbitration
0x00000001bd918000 	/System/Library/PrivateFrameworks/MultitouchSupport.framework/Versions/A/MultitouchSupport
0x00000001b68a7000 	/usr/lib/libenergytrace.dylib
0x00000001b4242000 	/System/Library/Frameworks/IOKit.framework/Versions/A/IOKit
0x00000001c273e000 	/System/Library/Frameworks/CoreServices.framework/Versions/A/CoreServices
0x00000001b8c70000 	/System/Library/PrivateFrameworks/PerformanceAnalysis.framework/Versions/A/PerformanceAnalysis
0x0000000212c47000 	/System/Library/Frameworks/OpenGL.framework/Versions/A/OpenGL
0x00000001bb877000 	/System/Library/PrivateFrameworks/MobileKeyBag.framework/Versions/A/MobileKeyBag
0x00000001b1611000 	/usr/lib/libobjc.A.dylib
0x00000001b7316000 	/System/Library/Frameworks/ColorSync.framework/Versions/A/ColorSync
0x00000001b17da000 	/System/Library/Frameworks/CoreFoundation.framework/Versions/A/CoreFoundation
0x00000001baa19000 	/System/Library/Frameworks/CoreImage.framework/Versions/A/CoreImage
0x00000001b2f8e000 	/System/Library/Frameworks/CoreText.framework/Versions/A/CoreText
0x00000001ba7ca000 	/System/Library/Frameworks/ImageIO.framework/Versions/A/ImageIO
0x00000001bc2dd000 	/System/Library/PrivateFrameworks/SoftLinking.framework/Versions/A/SoftLinking
0x00000001b8d2e000 	/usr/lib/libxml2.2.dylib
0x00000001b16d4000 	/usr/lib/libc++.1.dylib
0x00000001bc576000 	/usr/lib/libcompression.dylib
0x00000001bdf6f000 	/System/Library/PrivateFrameworks/TextureIO.framework/Versions/A/TextureIO
0x00000001bcc9e000 	/usr/lib/libate.dylib
0x00000001bc2d1000 	/usr/lib/system/libcache.dylib
0x00000001bc28f000 	/usr/lib/system/libcommonCrypto.dylib
0x00000001bc2b8000 	/usr/lib/system/libcompiler_rt.dylib
0x00000001bc2af000 	/usr/lib/system/libcopyfile.dylib
0x00000001b1517000 	/usr/lib/system/libcorecrypto.dylib
0x00000001b15ca000 	/usr/lib/system/libdispatch.dylib
0x00000001b1798000 	/usr/lib/system/libdyld.dylib
0x00000001bc2c7000 	/usr/lib/system/libkeymgr.dylib
0x00000001bc26a000 	/usr/lib/system/libmacho.dylib
0x00000001bb95f000 	/usr/lib/system/libquarantine.dylib
0x00000001bc2c4000 	/usr/lib/system/libremovefile.dylib
0x00000001b6900000 	/usr/lib/system/libsystem_asl.dylib
0x00000001b14b9000 	/usr/lib/system/libsystem_blocks.dylib
0x00000001b1652000 	/usr/lib/system/libsystem_c.dylib
0x00000001bc2bc000 	/usr/lib/system/libsystem_collections.dylib
0x00000001baded000 	/usr/lib/system/libsystem_configuration.dylib
0x00000001ba049000 	/usr/lib/system/libsystem_containermanager.dylib
0x00000001bbfcc000 	/usr/lib/system/libsystem_coreservices.dylib
0x00000001b3ec0000 	/usr/lib/system/libsystem_darwin.dylib
0x00000001bc2c8000 	/usr/lib/system/libsystem_dnssd.dylib
0x00000001b164f000 	/usr/lib/system/libsystem_featureflags.dylib
0x00000001b17ad000 	/usr/lib/system/libsystem_info.dylib
0x00000001bc232000 	/usr/lib/system/libsystem_m.dylib
0x00000001b159f000 	/usr/lib/system/libsystem_malloc.dylib
0x00000001b688f000 	/usr/lib/system/libsystem_networkextension.dylib
0x00000001b4319000 	/usr/lib/system/libsystem_notify.dylib
0x00000001c2615000 	/usr/lib/system/libsystem_product_info_filter.dylib
0x00000001badf2000 	/usr/lib/system/libsystem_sandbox.dylib
0x00000001bc2c1000 	/usr/lib/system/libsystem_secinit.dylib
0x00000001b1753000 	/usr/lib/system/libsystem_kernel.dylib
0x00000001b17a5000 	/usr/lib/system/libsystem_platform.dylib
0x00000001b178b000 	/usr/lib/system/libsystem_pthread.dylib
0x00000001b8058000 	/usr/lib/system/libsystem_symptoms.dylib
0x00000001b14fd000 	/usr/lib/system/libsystem_trace.dylib
0x00000001bc29c000 	/usr/lib/system/libunwind.dylib
0x00000001b14bb000 	/usr/lib/system/libxpc.dylib
0x00000001b173b000 	/usr/lib/libc++abi.dylib
0x00000001bc2a7000 	/usr/lib/liboah.dylib
0x00000001bcb63000 	/usr/lib/liblzma.5.dylib
0x00000001b23c9000 	/System/Library/Frameworks/SystemConfiguration.framework/Versions/A/SystemConfiguration
0x00000001bc2d9000 	/usr/lib/libfakelink.dylib
0x00000001b63db000 	/System/Library/Frameworks/CFNetwork.framework/Versions/A/CFNetwork
0x00000001bc41f000 	/usr/lib/libarchive.2.dylib
0x00000001badf9000 	/System/Library/PrivateFrameworks/AppleSystemInfo.framework/Versions/A/AppleSystemInfo
0x00000001bb98a000 	/usr/lib/libbsm.0.dylib
0x00000001b594c000 	/usr/lib/libnetwork.dylib
0x00000001bc273000 	/usr/lib/system/libkxld.dylib
0x00000001bb59d000 	/System/Library/PrivateFrameworks/IOMobileFramebuffer.framework/Versions/A/IOMobileFramebuffer
0x0000000230573000 	/usr/lib/libCoreEntitlements.dylib
0x00000001bbfae000 	/System/Library/PrivateFrameworks/AppleFSCompression.framework/Versions/A/AppleFSCompression
0x00000001bb972000 	/usr/lib/libcoretls.dylib
0x00000001bcb7c000 	/usr/lib/libcoretls_cfhelpers.dylib
0x00000001bc571000 	/usr/lib/libpam.2.dylib
0x00000001b7c6f000 	/usr/lib/libsqlite3.dylib
0x00000001bcbe5000 	/usr/lib/libxar.1.dylib
0x00000001bbfbf000 	/usr/lib/libbz2.1.0.dylib
0x00000001bc2de000 	/usr/lib/libpcap.A.dylib
0x00000001b804f000 	/usr/lib/libdns_services.dylib
0x00000001bc544000 	/usr/lib/libapple_nghttp2.dylib
0x00000001bc31b000 	/usr/lib/libiconv.2.dylib
0x00000001bc269000 	/usr/lib/libcharset.1.dylib
0x00000001b8cac000 	/System/Library/Frameworks/CoreServices.framework/Versions/A/Frameworks/FSEvents.framework/Versions/A/FSEvents
0x00000001b3ecb000 	/System/Library/Frameworks/CoreServices.framework/Versions/A/Frameworks/CarbonCore.framework/Versions/A/CarbonCore
0x00000001b8290000 	/System/Library/Frameworks/CoreServices.framework/Versions/A/Frameworks/Metadata.framework/Versions/A/Metadata
0x00000001bbfd2000 	/System/Library/Frameworks/CoreServices.framework/Versions/A/Frameworks/OSServices.framework/Versions/A/OSServices
0x00000001bc4a5000 	/System/Library/Frameworks/CoreServices.framework/Versions/A/Frameworks/SearchKit.framework/Versions/A/SearchKit
0x00000001b7fde000 	/System/Library/Frameworks/CoreServices.framework/Versions/A/Frameworks/AE.framework/Versions/A/AE
0x00000001b1d20000 	/System/Library/Frameworks/CoreServices.framework/Versions/A/Frameworks/LaunchServices.framework/Versions/A/LaunchServices
0x00000001bcb0c000 	/System/Library/Frameworks/CoreServices.framework/Versions/A/Frameworks/DictionaryServices.framework/Versions/A/DictionaryServices
0x00000001b8cb9000 	/System/Library/Frameworks/CoreServices.framework/Versions/A/Frameworks/SharedFileList.framework/Versions/A/SharedFileList
0x00000001bb962000 	/usr/lib/libCheckFix.dylib
0x00000001b6918000 	/System/Library/PrivateFrameworks/TCC.framework/Versions/A/TCC
0x00000001badff000 	/System/Library/PrivateFrameworks/CoreNLP.framework/Versions/A/CoreNLP
0x00000001b823e000 	/System/Library/PrivateFrameworks/MetadataUtilities.framework/Versions/A/MetadataUtilities
0x00000001b2482000 	/usr/lib/libmecabra.dylib
0x00000001bb99b000 	/usr/lib/libmecab.dylib
0x00000001b244e000 	/usr/lib/libCRFSuite.dylib
0x00000001bb9f8000 	/usr/lib/libgermantok.dylib
0x00000001bc51d000 	/usr/lib/libThaiTokenizer.dylib
0x00000001b8338000 	/System/Library/Frameworks/Accelerate.framework/Versions/A/Frameworks/vImage.framework/Versions/A/vImage
0x00000001c2715000 	/System/Library/Frameworks/Accelerate.framework/Versions/A/Frameworks/vecLib.framework/Versions/A/vecLib
0x00000001bcc2a000 	/System/Library/Frameworks/Accelerate.framework/Versions/A/Frameworks/vecLib.framework/Versions/A/libvMisc.dylib
0x00000001bb4a4000 	/System/Library/Frameworks/Accelerate.framework/Versions/A/Frameworks/vecLib.framework/Versions/A/libvDSP.dylib
0x00000001b20a9000 	/System/Library/Frameworks/Accelerate.framework/Versions/A/Frameworks/vecLib.framework/Versions/A/libBLAS.dylib
0x00000001bc647000 	/System/Library/Frameworks/Accelerate.framework/Versions/A/Frameworks/vecLib.framework/Versions/A/libLAPACK.dylib
0x00000001bb9fb000 	/System/Library/Frameworks/Accelerate.framework/Versions/A/Frameworks/vecLib.framework/Versions/A/libLinearAlgebra.dylib
0x00000001bc55c000 	/System/Library/Frameworks/Accelerate.framework/Versions/A/Frameworks/vecLib.framework/Versions/A/libSparseBLAS.dylib
0x00000001bc642000 	/System/Library/Frameworks/Accelerate.framework/Versions/A/Frameworks/vecLib.framework/Versions/A/libQuadrature.dylib
0x00000001baef8000 	/System/Library/Frameworks/Accelerate.framework/Versions/A/Frameworks/vecLib.framework/Versions/A/libBNNS.dylib
0x00000001b2367000 	/System/Library/Frameworks/Accelerate.framework/Versions/A/Frameworks/vecLib.framework/Versions/A/libSparse.dylib
0x00000001baef0000 	/System/Library/PrivateFrameworks/LinguisticData.framework/Versions/A/LinguisticData
0x00000001b231f000 	/System/Library/PrivateFrameworks/Lexicon.framework/Versions/A/Lexicon
0x00000001bcc22000 	/usr/lib/libChineseTokenizer.dylib
0x00000001b2ac6000 	/System/Library/PrivateFrameworks/LanguageModeling.framework/Versions/A/LanguageModeling
0x00000001bc51f000 	/System/Library/PrivateFrameworks/AppleSauce.framework/Versions/A/AppleSauce
0x00000001bb58a000 	/System/Library/PrivateFrameworks/CoreEmoji.framework/Versions/A/CoreEmoji
0x00000001bc40d000 	/usr/lib/libcmph.dylib
0x00000001b8c8c000 	/System/Library/Frameworks/OpenDirectory.framework/Versions/A/Frameworks/CFOpenDirectory.framework/Versions/A/CFOpenDirectory
0x00000001b8c7c000 	/System/Library/Frameworks/OpenDirectory.framework/Versions/A/OpenDirectory
0x00000001bcb7e000 	/System/Library/PrivateFrameworks/APFS.framework/Versions/A/APFS
0x00000001bb8b2000 	/System/Library/Frameworks/SecurityFoundation.framework/Versions/A/SecurityFoundation
0x00000001bcbf4000 	/usr/lib/libutil.dylib
0x00000001b4204000 	/System/Library/PrivateFrameworks/CoreServicesStore.framework/Versions/A/CoreServicesStore
0x00000001bcbf8000 	/usr/lib/libxslt.1.dylib
0x00000001bb946000 	/System/Library/PrivateFrameworks/BackgroundTaskManagement.framework/Versions/A/BackgroundTaskManagement
0x00000001bde90000 	/System/Library/Frameworks/ImageIO.framework/Versions/A/Resources/libRadiance.dylib
0x00000001bde99000 	/System/Library/Frameworks/ImageIO.framework/Versions/A/Resources/libJPEG.dylib
0x00000001bddec000 	/System/Library/Frameworks/ImageIO.framework/Versions/A/Resources/libPng.dylib
0x00000001bde0e000 	/System/Library/Frameworks/ImageIO.framework/Versions/A/Resources/libTIFF.dylib
0x00000001bdef4000 	/System/Library/Frameworks/ImageIO.framework/Versions/A/Resources/libGIF.dylib
0x00000001bd828000 	/System/Library/Frameworks/ImageIO.framework/Versions/A/Resources/libJP2.dylib
0x00000001bcf4a000 	/usr/lib/libexpat.1.dylib
0x00000001bd7e3000 	/System/Library/PrivateFrameworks/AppleJPEG.framework/Versions/A/AppleJPEG
0x00000001ba305000 	/System/Library/PrivateFrameworks/FontServices.framework/libFontParser.dylib
0x00000001b7f83000 	/System/Library/PrivateFrameworks/RunningBoardServices.framework/Versions/A/RunningBoardServices
0x00000001c8801000 	/System/Library/PrivateFrameworks/IOSurfaceAccelerator.framework/Versions/A/IOSurfaceAccelerator
0x00000001bd914000 	/System/Library/PrivateFrameworks/WatchdogClient.framework/Versions/A/WatchdogClient
0x00000001b2bca000 	/System/Library/Frameworks/CoreDisplay.framework/Versions/A/CoreDisplay
0x00000001ba1ef000 	/System/Library/Frameworks/CoreMedia.framework/Versions/A/CoreMedia
0x00000001ba07c000 	/System/Library/PrivateFrameworks/IOAccelerator.framework/Versions/A/IOAccelerator
0x00000001b8e1c000 	/System/Library/Frameworks/CoreVideo.framework/Versions/A/CoreVideo
0x00000001bc56f000 	/System/Library/Frameworks/MetalPerformanceShaders.framework/Versions/A/MetalPerformanceShaders
0x00000001bd953000 	/System/Library/Frameworks/VideoToolbox.framework/Versions/A/VideoToolbox
0x00000001b7ec7000 	/System/Library/PrivateFrameworks/BaseBoard.framework/Versions/A/BaseBoard
0x00000001b7c55000 	/System/Library/PrivateFrameworks/ProtocolBuffer.framework/Versions/A/ProtocolBuffer
0x00000001bde8b000 	/System/Library/PrivateFrameworks/GPUWrangler.framework/Versions/A/GPUWrangler
0x00000001bde6b000 	/System/Library/PrivateFrameworks/IOPresentment.framework/Versions/A/IOPresentment
0x00000001bde93000 	/System/Library/PrivateFrameworks/DSExternalDisplay.framework/Versions/A/DSExternalDisplay
0x0000000212c3a000 	/System/Library/Frameworks/OpenGL.framework/Versions/A/Libraries/libCoreFSCache.dylib
0x000000021d0f9000 	/System/Library/PrivateFrameworks/GPUCompiler.framework/Versions/31001/Libraries/libGPUCompilerUtils.dylib
0x00000001bdef9000 	/System/Library/PrivateFrameworks/CMCaptureCore.framework/Versions/A/CMCaptureCore
0x00000001bd4fb000 	/System/Library/PrivateFrameworks/AppServerSupport.framework/Versions/A/AppServerSupport
0x00000001bf77c000 	/System/Library/PrivateFrameworks/perfdata.framework/Versions/A/perfdata
0x00000001b2cea000 	/System/Library/PrivateFrameworks/AudioToolboxCore.framework/Versions/A/AudioToolboxCore
0x00000001ba1c8000 	/System/Library/PrivateFrameworks/caulk.framework/Versions/A/caulk
0x00000001bf071000 	/usr/lib/libAudioStatistics.dylib
0x00000001d0fc6000 	/System/Library/PrivateFrameworks/SystemPolicy.framework/Versions/A/SystemPolicy
0x00000001bf2dd000 	/usr/lib/libSMC.dylib
0x00000001c8010000 	/System/Library/Frameworks/CoreMIDI.framework/Versions/A/CoreMIDI
0x00000001bddba000 	/usr/lib/libAudioToolboxUtility.dylib
0x00000001cd093000 	/System/Library/PrivateFrameworks/OSAServicesClient.framework/Versions/A/OSAServicesClient
0x00000001bf789000 	/usr/lib/libperfcheck.dylib
0x00000001d1ade000 	/usr/lib/libmis.dylib
0x0000000212c9c000 	/System/Library/Frameworks/OpenGL.framework/Versions/A/Libraries/libGLU.dylib
0x0000000212c5b000 	/System/Library/Frameworks/OpenGL.framework/Versions/A/Libraries/libGFXShared.dylib
0x0000000212e48000 	/System/Library/Frameworks/OpenGL.framework/Versions/A/Libraries/libGL.dylib
0x0000000212c64000 	/System/Library/Frameworks/OpenGL.framework/Versions/A/Libraries/libGLImage.dylib
0x0000000212c58000 	/System/Library/Frameworks/OpenGL.framework/Versions/A/Libraries/libCVMSPluginSupport.dylib
0x0000000212c41000 	/System/Library/Frameworks/OpenGL.framework/Versions/A/Libraries/libCoreVMClient.dylib
0x00000001bad79000 	/System/Library/Frameworks/MetalPerformanceShaders.framework/Versions/A/Frameworks/MPSCore.framework/Versions/A/MPSCore
0x00000001bbf21000 	/System/Library/Frameworks/MetalPerformanceShaders.framework/Versions/A/Frameworks/MPSImage.framework/Versions/A/MPSImage
0x00000001bba10000 	/System/Library/Frameworks/MetalPerformanceShaders.framework/Versions/A/Frameworks/MPSNeuralNetwork.framework/Versions/A/MPSNeuralNetwork
0x00000001bbe49000 	/System/Library/Frameworks/MetalPerformanceShaders.framework/Versions/A/Frameworks/MPSMatrix.framework/Versions/A/MPSMatrix
0x00000001bbc22000 	/System/Library/Frameworks/MetalPerformanceShaders.framework/Versions/A/Frameworks/MPSRayIntersector.framework/Versions/A/MPSRayIntersector
0x00000001bbe7a000 	/System/Library/Frameworks/MetalPerformanceShaders.framework/Versions/A/Frameworks/MPSNDArray.framework/Versions/A/MPSNDArray
0x0000000214db3000 	/System/Library/Frameworks/MetalPerformanceShaders.framework/Versions/A/Frameworks/MPSFunctions.framework/Versions/A/MPSFunctions
0x00000001b1f80000 	/System/Library/PrivateFrameworks/MetalTools.framework/Versions/A/MetalTools
0x00000001badf7000 	/System/Library/PrivateFrameworks/AggregateDictionary.framework/Versions/A/AggregateDictionary
0x00000001bcd2f000 	/usr/lib/libIOReport.dylib
0x00000001c702e000 	/System/Library/PrivateFrameworks/ASEProcessing.framework/Versions/A/ASEProcessing
0x00000001bd0a4000 	/System/Library/PrivateFrameworks/FaceCore.framework/Versions/A/FaceCore
0x00000001bd096000 	/System/Library/PrivateFrameworks/GraphVisualizer.framework/Versions/A/GraphVisualizer
0x000000021d010000 	/System/Library/PrivateFrameworks/FontServices.framework/Versions/A/FontServices
0x00000001bd4b7000 	/System/Library/PrivateFrameworks/OTSVG.framework/Versions/A/OTSVG
0x00000001b89e6000 	/System/Library/Frameworks/ApplicationServices.framework/Versions/A/Frameworks/ATS.framework/Versions/A/Resources/libFontRegistry.dylib
0x00000001bd504000 	/System/Library/PrivateFrameworks/FontServices.framework/libhvf.dylib
0x000000021d011000 	/System/Library/PrivateFrameworks/FontServices.framework/libXTFontStaticRegistryData.dylib
0x0000000212fe9000 	/System/Library/Frameworks/OpenCL.framework/Versions/A/OpenCL
0x00000001bcefe000 	/System/Library/PrivateFrameworks/AppleVA.framework/Versions/A/AppleVA
0x00000001bf099000 	/System/Library/Frameworks/ApplicationServices.framework/Versions/A/Frameworks/ATS.framework/Versions/A/ATS
0x00000001b7413000 	/System/Library/Frameworks/ApplicationServices.framework/Versions/A/Frameworks/HIServices.framework/Versions/A/HIServices
0x00000001bdf03000 	/System/Library/Frameworks/ApplicationServices.framework/Versions/A/Frameworks/PrintCore.framework/Versions/A/PrintCore
0x00000001bf430000 	/System/Library/Frameworks/ApplicationServices.framework/Versions/A/Frameworks/QD.framework/Versions/A/QD
0x00000001bf428000 	/System/Library/Frameworks/ApplicationServices.framework/Versions/A/Frameworks/ColorSyncLegacy.framework/Versions/A/ColorSyncLegacy
0x00000001bf085000 	/System/Library/Frameworks/ApplicationServices.framework/Versions/A/Frameworks/SpeechSynthesis.framework/Versions/A/SpeechSynthesis
0x00000001bdec4000 	/System/Library/Frameworks/ApplicationServices.framework/Versions/A/Frameworks/ATSUI.framework/Versions/A/ATSUI
0x00000001bf3bd000 	/usr/lib/libcups.2.dylib
0x00000001bf797000 	/System/Library/Frameworks/Kerberos.framework/Versions/A/Kerberos
0x00000001bf7a8000 	/System/Library/Frameworks/GSS.framework/Versions/A/GSS
0x00000001bf109000 	/usr/lib/libresolv.9.dylib
0x00000001bd513000 	/System/Library/PrivateFrameworks/Heimdal.framework/Versions/A/Heimdal
0x00000001c6263000 	/System/Library/Frameworks/Kerberos.framework/Versions/A/Libraries/libHeimdalProxy.dylib
0x00000001b8061000 	/System/Library/Frameworks/Network.framework/Versions/A/Network
0x00000001bcf65000 	/usr/lib/libheimdal-asn1.dylib
0x00000001bf7f8000 	/System/Library/PrivateFrameworks/CommonAuth.framework/Versions/A/CommonAuth
0x00000001befff000 	/System/Library/PrivateFrameworks/AudioSession.framework/Versions/A/AudioSession
0x00000001bcff7000 	/System/Library/PrivateFrameworks/MediaExperience.framework/Versions/A/MediaExperience
0x00000001bee85000 	/System/Library/PrivateFrameworks/AudioSession.framework/libSessionUtility.dylib
0x00000001bf43c000 	/System/Library/PrivateFrameworks/AudioResourceArbitration.framework/Versions/A/AudioResourceArbitration
0x00000001c35f2000 	/System/Library/PrivateFrameworks/PowerLog.framework/Versions/A/PowerLog
0x00000001bcf6f000 	/System/Library/PrivateFrameworks/IconFoundation.framework/Versions/A/IconFoundation
0x00000001c233b000 	/System/Library/PrivateFrameworks/SpeechRecognitionCore.framework/Versions/A/SpeechRecognitionCore
0x0000000103858000 	/Users/pranavsnayak/Library/Java/JavaVirtualMachines/openjdk-19.0.2/Contents/Home/lib/server/libjvm.dylib
0x000000010284c000 	/Users/pranavsnayak/Library/Java/JavaVirtualMachines/openjdk-19.0.2/Contents/Home/lib/libjimage.dylib
0x00000001028a8000 	/Users/pranavsnayak/Library/Java/JavaVirtualMachines/openjdk-19.0.2/Contents/Home/lib/libjdwp.dylib
0x00000001028f0000 	/Users/pranavsnayak/Library/Java/JavaVirtualMachines/openjdk-19.0.2/Contents/Home/lib/libjava.dylib
0x0000000102878000 	/Users/pranavsnayak/Library/Java/JavaVirtualMachines/openjdk-19.0.2/Contents/Home/lib/libinstrument.dylib
0x000000010298c000 	/Users/pranavsnayak/Library/Java/JavaVirtualMachines/openjdk-19.0.2/Contents/Home/lib/libzip.dylib
0x0000000102978000 	/Users/pranavsnayak/Library/Java/JavaVirtualMachines/openjdk-19.0.2/Contents/Home/lib/libdt_socket.dylib
0x0000000103414000 	/Users/pranavsnayak/Library/Java/JavaVirtualMachines/openjdk-19.0.2/Contents/Home/lib/libnio.dylib
0x0000000103434000 	/Users/pranavsnayak/Library/Java/JavaVirtualMachines/openjdk-19.0.2/Contents/Home/lib/libnet.dylib
0x0000000103454000 	/Users/pranavsnayak/Library/Java/JavaVirtualMachines/openjdk-19.0.2/Contents/Home/lib/libverify.dylib
0x00000001033f4000 	/Users/pranavsnayak/Library/Java/JavaVirtualMachines/openjdk-19.0.2/Contents/Home/lib/libmanagement.dylib
0x0000000103470000 	/Users/pranavsnayak/Library/Java/JavaVirtualMachines/openjdk-19.0.2/Contents/Home/lib/libmanagement_ext.dylib
0x0000000103484000 	/Users/pranavsnayak/Library/Java/JavaVirtualMachines/openjdk-19.0.2/Contents/Home/lib/libextnet.dylib
0x0000000103664000 	/private/var/folders/d7/vp65tkvn5fz6yfvv7fxgsbsh0000gn/T/ortools-java2484498423001459838/ortools-darwin-aarch64/libjniortools.dylib
0x0000000141bb4000 	/private/var/folders/d7/vp65tkvn5fz6yfvv7fxgsbsh0000gn/T/ortools-java2484498423001459838/ortools-darwin-aarch64/libortools.9.dylib


VM Arguments:
jvm_args: -agentlib:jdwp=transport=dt_socket,address=127.0.0.1:57409,suspend=y,server=n -javaagent:/Users/pranavsnayak/Library/Caches/JetBrains/IdeaIC2022.3/captureAgent/debugger-agent.jar -Dfile.encoding=UTF-8 -Dsun.stdout.encoding=UTF-8 -Dsun.stderr.encoding=UTF-8 
java_command: com.gdn.tms.routing.RoutingApplication
java_class_path (initial): /Users/pranavsnayak/Documents/samples/routing/target/classes:/Users/pranavsnayak/.m2/repository/org/springframework/boot/spring-boot-starter-web/2.7.10/spring-boot-starter-web-2.7.10.jar:/Users/pranavsnayak/.m2/repository/org/springframework/boot/spring-boot-starter/2.7.10/spring-boot-starter-2.7.10.jar:/Users/pranavsnayak/.m2/repository/org/springframework/boot/spring-boot/2.7.10/spring-boot-2.7.10.jar:/Users/pranavsnayak/.m2/repository/org/springframework/boot/spring-boot-autoconfigure/2.7.10/spring-boot-autoconfigure-2.7.10.jar:/Users/pranavsnayak/.m2/repository/org/springframework/boot/spring-boot-starter-logging/2.7.10/spring-boot-starter-logging-2.7.10.jar:/Users/pranavsnayak/.m2/repository/ch/qos/logback/logback-classic/1.2.11/logback-classic-1.2.11.jar:/Users/pranavsnayak/.m2/repository/ch/qos/logback/logback-core/1.2.11/logback-core-1.2.11.jar:/Users/pranavsnayak/.m2/repository/org/apache/logging/log4j/log4j-to-slf4j/2.17.2/log4j-to-slf4j-2.17.2.jar:/Users/pranavsnayak/.m2/repository/org/apache/logging/log4j/log4j-api/2.17.2/log4j-api-2.17.2.jar:/Users/pranavsnayak/.m2/repository/org/slf4j/jul-to-slf4j/1.7.36/jul-to-slf4j-1.7.36.jar:/Users/pranavsnayak/.m2/repository/jakarta/annotation/jakarta.annotation-api/1.3.5/jakarta.annotation-api-1.3.5.jar:/Users/pranavsnayak/.m2/repository/org/yaml/snakeyaml/1.30/snakeyaml-1.30.jar:/Users/pranavsnayak/.m2/repository/org/springframework/boot/spring-boot-starter-json/2.7.10/spring-boot-starter-json-2.7.10.jar:/Users/pranavsnayak/.m2/repository/com/fasterxml/jackson/datatype/jackson-datatype-jdk8/2.13.5/jackson-datatype-jdk8-2.13.5.jar:/Users/pranavsnayak/.m2/repository/com/fasterxml/jackson/datatype/jackson-datatype-jsr310/2.13.5/jackson-datatype-jsr310-2.13.5.jar:/Users/pranavsnayak/.m2/repository/com/fasterxml/jackson/module/jackson-module-parameter-names/2.13.5/jackson-module-parameter-names-2.13.5.jar:/Users/pranavsnayak/.m2/repository/org/springframework/boot/spring-boot-starter-tomcat/2.7.10/spring-boot-starter-tomcat-2.7.10.jar:/Users/pranavsnayak/.m2/repository/org/apache/tomcat/embed/tomcat-embed-core/9.0.73/tomcat-embed-core-9.0.73.jar:/Users/pranavsnayak/.m2/repository/org/apache/tomcat/embed/tomcat-embed-el/9.0.73/tomcat-embed-el-9.0.73.jar:/Users/pranavsnayak/.m2/repository/org/apache/tomcat/embed/tomcat-embed-websocket/9.0.73/tomcat-embed-websocket-9.0.73.jar:/Users/pranavsnayak/.m2/repository/org/springframework/spring-web/5.3.26/spring-web-5.3.26.jar:/Users/pranavsnayak/.m2/repository/org/springframework/spring-beans/5.3.26/spring-beans-5.3.26.jar:/Users/pranavsnayak/.m2/repository/org/springframework/spring-webmvc/5.3.26/spring-webmvc-5.3.26.jar:/Users/pranavsnayak/.m2/repository/org/springframework/spring-aop/5.3.26/spring-aop-5.3.26.jar:/Users/pranavsnayak/.m2/repository/org/springframework/spring-context/5.3.26/spring-context-5.3.26.jar:/Users/pranavsnayak/.m2/repository/org/springframework/spring-expression/5.3.26/spring-expression-5.3.26.jar:/Users/pranavsnayak/.m2/repository/com/fasterxml/jackson/core/jackson-databind/2.15.2/jackson-databind-2.15.2.jar:/Users/pranavsnayak/.m2/repository/com/fasterxml/jackson/core/jackson-annotations/2.13.5/jackson-annotations-2.13.5.jar:/Users/pranavsnayak/.m2/repository/com/fasterxml/jackson/core/jackson-core/2.13.5/jackson-core-2.13.5.jar:/Users/pranavsnayak/.m2/repository/com/google/maps/google-maps-services/2.2.0/google-maps-services-2.2.0.jar:/Users/pranavsnayak/.m2/repository/com/squareup/okhttp3/okhttp/4.9.3/okhttp-4.9.3.jar:/Users/pranavsnayak/.m2/repository/com/squareup/okio/okio/2.8.0/okio-2.8.0.jar:/Users/pranavsnayak/.m2/repository/org/jetbrains/kotlin/kotlin-stdlib-common/1.6.21/kotlin-stdlib-common-1.6.21.jar:/Users/pranavsnayak/.m2/repository/org/jetbrains/kotlin/kotlin-stdlib/1.6.21/kotlin-stdlib-1.6.21.jar:/Users/pranavsnayak/.m2/repository/org/jetbrains/annotations/13.0/annotations-13.0.jar:/Users/pranavsnayak/.m2/repository/com/google/code/gson/gson/2.9.1/gson-2.9.1.jar:/Users/pranavsnayak/.m2/repository/io/opencensus/opencensus-api/0.31.0/opencensus-api-0.31.0.jar:/Users/pranavsnayak/.m2/repository/io/grpc/grpc-context/1.27.2/grpc-context-1.27.2.jar:/Users/pranavsnayak/.m2/repository/org/slf4j/slf4j-api/1.7.36/slf4j-api-1.7.36.jar:/Users/pranavsnayak/.m2/repository/org/springframework/spring-core/5.3.26/spring-core-5.3.26.jar:/Users/pranavsnayak/.m2/repository/org/springframework/spring-jcl/5.3.26/spring-jcl-5.3.26.jar:/Users/pranavsnayak/.m2/repository/com/google/ortools/ortools-java/9.6.2534/ortools-java-9.6.2534.jar:/Users/pranavsnayak/.m2/repository/com/google/ortools/ortools-linux-x86-64/9.6.2534/ortools-linux-x86-64-9.6.2534.jar:/Users/pranavsnayak/.m2/repository/com/google/ortools/ortools-darwin-x86-64/9.6.2534/ortools-darwin-x86-64-9.6.2534.jar:/Users/pranavsnayak/.m2/repository/com/google/ortools/ortools-win32-x86-64/9.6.2534/ortools-win32-x86-64-9.6.2534.jar:/Users/pranavsnayak/.m2/repository/com/google/ortools/ortools-linux-aarch64/9.6.2534/ortools-linux-aarch64-9.6.2534.jar:/Users/pranavsnayak/.m2/repository/com/google/ortools/ortools-darwin-aarch64/9.6.2534/ortools-darwin-aarch64-9.6.2534.jar:/Users/pranavsnayak/.m2/repository/net/java/dev/jna/jna-platform/5.12.1/jna-platform-5.12.1.jar:/Users/pranavsnayak/.m2/repository/net/java/dev/jna/jna/5.12.1/jna-5.12.1.jar:/Users/pranavsnayak/.m2/repository/com/google/protobuf/protobuf-java/3.21.12/protobuf-java-3.21.12.jar:/Users/pranavsnayak/.m2/repository/org/projectlombok/lombok/1.18.26/lombok-1.18.26.jar:/Applications/IntelliJ IDEA CE.app/Contents/lib/idea_rt.jar
Launcher Type: SUN_STANDARD

[Global flags]
     intx CICompilerCount                          = 4                                         {product} {ergonomic}
     uint ConcGCThreads                            = 2                                         {product} {ergonomic}
     uint G1ConcRefinementThreads                  = 8                                         {product} {ergonomic}
   size_t G1HeapRegionSize                         = 2097152                                   {product} {ergonomic}
    uintx GCDrainStackTargetSize                   = 64                                        {product} {ergonomic}
   size_t InitialHeapSize                          = 268435456                                 {product} {ergonomic}
   size_t MarkStackSize                            = 4194304                                   {product} {ergonomic}
   size_t MaxHeapSize                              = 4294967296                                {product} {ergonomic}
   size_t MaxNewSize                               = 2575302656                                {product} {ergonomic}
   size_t MinHeapDeltaBytes                        = 2097152                                   {product} {ergonomic}
   size_t MinHeapSize                              = 8388608                                   {product} {ergonomic}
    uintx NonNMethodCodeHeapSize                   = 5839564                                {pd product} {ergonomic}
    uintx NonProfiledCodeHeapSize                  = 122909338                              {pd product} {ergonomic}
    uintx ProfiledCodeHeapSize                     = 122909338                              {pd product} {ergonomic}
    uintx ReservedCodeCacheSize                    = 251658240                              {pd product} {ergonomic}
     bool SegmentedCodeCache                       = true                                      {product} {ergonomic}
   size_t SoftMaxHeapSize                          = 4294967296                             {manageable} {ergonomic}
     bool UseCompressedClassPointers               = true                           {product lp64_product} {ergonomic}
     bool UseCompressedOops                        = true                           {product lp64_product} {ergonomic}
     bool UseG1GC                                  = true                                      {product} {ergonomic}
     bool UseNUMA                                  = false                                     {product} {ergonomic}
     bool UseNUMAInterleaving                      = false                                     {product} {ergonomic}

Logging:
Log output configuration:
 #0: stdout all=warning uptime,level,tags foldmultilines=false
 #1: stderr all=off uptime,level,tags foldmultilines=false

Environment Variables:
JAVA_HOME=/opt/homebrew/Cellar/openjdk@11/11.0.18/libexec/openjdk.jdk/Contents/Home
PATH=/opt/homebrew/bin:/opt/homebrew/sbin:/usr/local/bin:/usr/bin:/bin:/usr/sbin:/sbin
SHELL=/bin/zsh
LC_CTYPE=en_IN.UTF-8
TMPDIR=/var/folders/d7/vp65tkvn5fz6yfvv7fxgsbsh0000gn/T/

Active Locale:
LC_ALL=C
LC_COLLATE=C
LC_CTYPE=C
LC_MESSAGES=C
LC_MONETARY=C
LC_NUMERIC=C
LC_TIME=C

Signal Handlers:
   SIGSEGV: _ZL13crash_handleriP9__siginfoPv in libjvm.dylib, mask=11100110000111110111111111111111, flags=SA_RESTART|SA_SIGINFO
    SIGBUS: _ZL13crash_handleriP9__siginfoPv in libjvm.dylib, mask=11100110000111110111111111111111, flags=SA_RESTART|SA_SIGINFO
    SIGFPE: _ZL13crash_handleriP9__siginfoPv in libjvm.dylib, mask=11100110000111110111111111111111, flags=SA_RESTART|SA_SIGINFO
   SIGPIPE: _ZL17javaSignalHandleriP9__siginfoPv in libjvm.dylib, mask=11100110000111110111111111111111, flags=SA_RESTART|SA_SIGINFO
   SIGXFSZ: _ZL17javaSignalHandleriP9__siginfoPv in libjvm.dylib, mask=11100110000111110111111111111111, flags=SA_RESTART|SA_SIGINFO
    SIGILL: _ZL13crash_handleriP9__siginfoPv in libjvm.dylib, mask=11100110000111110111111111111111, flags=SA_RESTART|SA_SIGINFO
   SIGUSR2: _ZL10SR_handleriP9__siginfoP17__darwin_ucontext in libjvm.dylib, mask=00100000000000000000000000000000, flags=SA_RESTART|SA_SIGINFO
    SIGHUP: _ZL11UserHandleriPvS_ in libjvm.dylib, mask=11100110000111110111111111111111, flags=SA_RESTART|SA_SIGINFO
    SIGINT: _ZL11UserHandleriPvS_ in libjvm.dylib, mask=11100110000111110111111111111111, flags=SA_RESTART|SA_SIGINFO
   SIGTERM: _ZL11UserHandleriPvS_ in libjvm.dylib, mask=11100110000111110111111111111111, flags=SA_RESTART|SA_SIGINFO
   SIGQUIT: _ZL11UserHandleriPvS_ in libjvm.dylib, mask=11100110000111110111111111111111, flags=SA_RESTART|SA_SIGINFO
   SIGTRAP: _ZL13crash_handleriP9__siginfoPv in libjvm.dylib, mask=11100110000111110111111111111111, flags=SA_RESTART|SA_SIGINFO


---------------  S Y S T E M  ---------------

OS:
uname: Darwin 21.4.0 Darwin Kernel Version 21.4.0: Mon Feb 21 20:35:58 PST 2022; root:xnu-8020.101.4~2/RELEASE_ARM64_T6000 arm64
OS uptime: 27 days 19:39 hours
rlimit (soft/hard): STACK 8176k/65520k , CORE 0k/infinity , NPROC 2666/4000 , NOFILE 10240/infinity , AS infinity/infinity , CPU infinity/infinity , DATA infinity/infinity , FSIZE infinity/infinity , MEMLOCK infinity/infinity , RSS infinity/infinity
load average: 2.28 2.19 2.30

CPU: total 8 (initial active 8) 0x61:0x0:0x1b588bb3:0, fp, simd, aes, pmull, crc32, lse

Memory: 16k page, physical 16777216k(117536k free), swap 16777216k(1003264k free)

vm_info: OpenJDK 64-Bit Server VM (19.0.2+7-44) for bsd-aarch64 JRE (19.0.2+7-44), built on 2022-11-30T18:02:09Z by "mach5one" with clang Apple LLVM 12.0.0 (clang-1200.0.32.29)

END.
