#
# A fatal error has been detected by the Java Runtime Environment:
#
#  SIGSEGV (0xb) at pc=0x00000001264311cc, pid=37729, tid=6403
#
# JRE version: OpenJDK Runtime Environment (19.0.2+7) (build 19.0.2+7-44)
# Java VM: OpenJDK 64-Bit Server VM (19.0.2+7-44, mixed mode, sharing, tiered, compressed oops, compressed class ptrs, g1 gc, bsd-aarch64)
# Problematic frame:
# C  [libjniortools.dylib+0x911cc]  Java_com_google_ortools_constraintsolver_mainJNI_RoutingModel_1vehicleVar+0x4
#
# No core dump will be written. Core dumps have been disabled. To enable core dumping, try "ulimit -c unlimited" before starting Java again
#
# If you would like to submit a bug report, please visit:
#   https://bugreport.java.com/bugreport/crash.jsp
# The crash happened outside the Java Virtual Machine in native code.
# See problematic frame for where to report the bug.
#

---------------  S U M M A R Y ------------

Command Line: -agentlib:jdwp=transport=dt_socket,address=127.0.0.1:51822,suspend=y,server=n -javaagent:/Users/pranavsnayak/Library/Caches/JetBrains/IdeaIC2022.3/captureAgent/debugger-agent.jar -Dfile.encoding=UTF-8 -Dsun.stdout.encoding=UTF-8 -Dsun.stderr.encoding=UTF-8 com.gdn.tms.routing.RoutingApplication

Host: "MacBookPro18,3" arm64, 8 cores, 16G, Darwin 21.4.0, macOS 12.3 (21E230)
Time: Wed Jul 12 16:18:08 2023 IST elapsed time: 2.160358 seconds (0d 0h 0m 2s)

---------------  T H R E A D  ---------------

Current thread (0x000000014780a600):  JavaThread "main" [_thread_in_native, id=6403, stack(0x000000016dcd8000,0x000000016dedb000)]

Stack: [0x000000016dcd8000,0x000000016dedb000],  sp=0x000000016deda4c0,  free space=2057k
Native frames: (J=compiled Java code, j=interpreted, Vv=VM code, C=native code)
C  [libjniortools.dylib+0x911cc]  Java_com_google_ortools_constraintsolver_mainJNI_RoutingModel_1vehicleVar+0x4
j  com.google.ortools.constraintsolver.RoutingModel.vehicleVar(J)Lcom/google/ortools/constraintsolver/IntVar;+6
j  com.gdn.tms.routing.service.impl.constraints.ortools.PickUpDeliveryConstraint.addConstraint(Lcom/gdn/tms/routing/pojo/ORRoutingContext;)V+126
j  com.gdn.tms.routing.service.impl.algorithms.ortools.ORVRPMultiPickDeliveriesService.run(DDDJLjava/util/List;)Ljava/util/List;+198
j  com.gdn.tms.routing.RoutingApplication.run([Ljava/lang/String;)V+129
j  org.springframework.boot.SpringApplication.callRunner(Lorg/springframework/boot/CommandLineRunner;Lorg/springframework/boot/ApplicationArguments;)V+7
j  org.springframework.boot.SpringApplication.callRunners(Lorg/springframework/context/ApplicationContext;Lorg/springframework/boot/ApplicationArguments;)V+119
j  org.springframework.boot.SpringApplication.run([Ljava/lang/String;)Lorg/springframework/context/ConfigurableApplicationContext;+169
j  org.springframework.boot.SpringApplication.run([Ljava/lang/Class;[Ljava/lang/String;)Lorg/springframework/context/ConfigurableApplicationContext;+9
j  org.springframework.boot.SpringApplication.run(Ljava/lang/Class;[Ljava/lang/String;)Lorg/springframework/context/ConfigurableApplicationContext;+9
j  com.gdn.tms.routing.RoutingApplication.main([Ljava/lang/String;)V+3
v  ~StubRoutines::call_stub 0x00000001138d4140
V  [libjvm.dylib+0x4e4320]  JavaCalls::call_helper(JavaValue*, methodHandle const&, JavaCallArguments*, JavaThread*)+0x38c
V  [libjvm.dylib+0x54b0f0]  jni_invoke_static(JNIEnv_*, JavaValue*, _jobject*, JNICallType, _jmethodID*, JNI_ArgumentPusher*, JavaThread*)+0x12c
V  [libjvm.dylib+0x54e444]  jni_CallStaticVoidMethod+0x118
C  [libjli.dylib+0x9978]  JavaMain+0x9d4
C  [libjli.dylib+0xbce4]  ThreadJavaMain+0xc
C  [libsystem_pthread.dylib+0x726c]  _pthread_start+0x94

Java frames: (J=compiled Java code, j=interpreted, Vv=VM code)
j  com.google.ortools.constraintsolver.mainJNI.RoutingModel_vehicleVar(JLcom/google/ortools/constraintsolver/RoutingModel;J)J+0
j  com.google.ortools.constraintsolver.RoutingModel.vehicleVar(J)Lcom/google/ortools/constraintsolver/IntVar;+6
j  com.gdn.tms.routing.service.impl.constraints.ortools.PickUpDeliveryConstraint.addConstraint(Lcom/gdn/tms/routing/pojo/ORRoutingContext;)V+126
j  com.gdn.tms.routing.service.impl.algorithms.ortools.ORVRPMultiPickDeliveriesService.run(DDDJLjava/util/List;)Ljava/util/List;+198
j  com.gdn.tms.routing.RoutingApplication.run([Ljava/lang/String;)V+129
j  org.springframework.boot.SpringApplication.callRunner(Lorg/springframework/boot/CommandLineRunner;Lorg/springframework/boot/ApplicationArguments;)V+7
j  org.springframework.boot.SpringApplication.callRunners(Lorg/springframework/context/ApplicationContext;Lorg/springframework/boot/ApplicationArguments;)V+119
j  org.springframework.boot.SpringApplication.run([Ljava/lang/String;)Lorg/springframework/context/ConfigurableApplicationContext;+169
j  org.springframework.boot.SpringApplication.run([Ljava/lang/Class;[Ljava/lang/String;)Lorg/springframework/context/ConfigurableApplicationContext;+9
j  org.springframework.boot.SpringApplication.run(Ljava/lang/Class;[Ljava/lang/String;)Lorg/springframework/context/ConfigurableApplicationContext;+9
j  com.gdn.tms.routing.RoutingApplication.main([Ljava/lang/String;)V+3
v  ~StubRoutines::call_stub 0x00000001138d4140

siginfo: si_signo: 11 (SIGSEGV), si_code: 2 (SEGV_ACCERR), si_addr: 0x7b1861d4ae94c788

Registers:
 x0=0x000000014780a8e0  x1=0x000000016deda558  x2=0x000000012699c800  x3=0x000000016deda578
 x4=0x6f63003a95b40001  x5=0x000000016deda220  x6=0x0000000100000001  x7=0x000000014780a600
 x8=0x0000600000f4c780  x9=0x000000014780a974 x10=0x00000001264311c8 x11=0x0000000000000002
x12=0x0000000131ba3af8 x13=0x000000016deda540 x14=0x0000000000000004 x15=0x0000000000000004
x16=0x00000001b1792f5c x17=0x000000070d6d8110 x18=0x0000000000000000 x19=0x00000001138e81ec
x20=0x000000016deda4c8 x21=0x00000001040f2348 x22=0x0000000000000000 x23=0x000000002b9b02a5
x24=0x000000016deda588 x25=0x00000007ffa1ff68 x26=0x0000000131bb0000 x27=0x0000000000000000
x28=0x000000014780a600  fp=0x000000016deda540  lr=0x00000001138eada0  sp=0x000000016deda4c0
pc=0x00000001264311cc cpsr=0x0000000000001000

Register to memory mapping:

 x0=0x000000014780a8e0 points into unknown readable memory: 0x00000001040a3b78 | 78 3b 0a 04 01 00 00 00
 x1=0x000000016deda558 is pointing into the stack for thread: 0x000000014780a600
 x2=0x000000012699c800 points into unknown readable memory: 0x0000000000000000 | 00 00 00 00 00 00 00 00
 x3=0x000000016deda578 is pointing into the stack for thread: 0x000000014780a600
 x4=0x6f63003a95b40001 is an unknown value
 x5=0x000000016deda220 is pointing into the stack for thread: 0x000000014780a600
 x6=0x0000000100000001 is an unknown value
 x7=0x000000014780a600 is a thread
 x8=0x0000600000f4c780 points into unknown readable memory: 0x0000000103059b60 | 60 9b 05 03 01 00 00 00
 x9=0x000000014780a974 points into unknown readable memory: 04 00 00 00
x10=0x00000001264311c8: Java_com_google_ortools_constraintsolver_mainJNI_RoutingModel_1vehicleVar+0 in /private/var/folders/d7/vp65tkvn5fz6yfvv7fxgsbsh0000gn/T/ortools-java3262214380768691707/ortools-darwin-aarch64/libjniortools.dylib at 0x00000001263a0000
x11=0x0000000000000002 is an unknown value
x12={method} {0x0000000131ba3af8} 'RoutingModel_vehicleVar' '(JLcom/google/ortools/constraintsolver/RoutingModel;J)J' in 'com/google/ortools/constraintsolver/mainJNI'
x13=0x000000016deda540 is pointing into the stack for thread: 0x000000014780a600
x14=0x0000000000000004 is an unknown value
x15=0x0000000000000004 is an unknown value
x16=0x00000001b1792f5c: pthread_jit_write_protect_np+0 in /usr/lib/system/libsystem_pthread.dylib at 0x00000001b178b000
x17=0x000000070d6d8110 is an oop: java.lang.Class 
{0x000000070d6d8110} - klass: 'java/lang/Class'
 - ---- fields (total size 14 words):
 - private volatile transient 'classRedefinedCount' 'I' @12  0
 - abstract internal 'klass' 'J' @16  34380433392 (13bc7f0 8)
 - abstract internal 'array_klass' 'J' @24  0 (0 0)
 - abstract internal 'oop_size' 'I' @32  14 (e)
 - abstract internal 'static_oop_field_count' 'I' @36  0
 - private volatile transient 'cachedConstructor' 'Ljava/lang/reflect/Constructor;' @40  NULL (0)
 - private transient 'name' 'Ljava/lang/String;' @44  "com.google.ortools.constraintsolver.mainJNI"{0x000000070d6d8190} (e1adb032)
 - private transient 'module' 'Ljava/lang/Module;' @48  a 'java/lang/Module'{0x00000007ffa29890} (fff45312)
 - private final 'classLoader' 'Ljava/lang/ClassLoader;' @52  a 'jdk/internal/loader/ClassLoaders$AppClassLoader'{0x00000007ffa00000} (fff40000)
 - private transient 'classData' 'Ljava/lang/Object;' @56  NULL (0)
 - private transient 'packageName' 'Ljava/lang/String;' @60  "com.google.ortools.constraintsolver"{0x00000007002828a8} (e0050515)
 - private final 'componentType' 'Ljava/lang/Class;' @64  NULL (0)
 - private volatile transient 'reflectionData' 'Ljava/lang/ref/SoftReference;' @68  NULL (0)
 - private volatile transient 'genericInfo' 'Lsun/reflect/generics/repository/ClassRepository;' @72  NULL (0)
 - private volatile transient 'enumConstants' '[Ljava/lang/Object;' @76  NULL (0)
 - private volatile transient 'enumConstantDirectory' 'Ljava/util/Map;' @80  NULL (0)
 - private volatile transient 'annotationData' 'Ljava/lang/Class$AnnotationData;' @84  NULL (0)
 - private volatile transient 'annotationType' 'Lsun/reflect/annotation/AnnotationType;' @88  NULL (0)
 - transient 'classValueMap' 'Ljava/lang/ClassValue$ClassValueMap;' @92  NULL (0)
 - abstract internal 'protection_domain' 'Ljava/lang/Object;' @96  a 'java/security/ProtectionDomain'{0x0000000700282908} (e0050521)
 - abstract internal 'signers_name' 'Ljava/lang/Object;' @100  NULL (0)
 - abstract internal 'source_file' 'Ljava/lang/Object;' @104  NULL (0)
 - signature: Lcom/google/ortools/constraintsolver/mainJNI;
 - ---- static fields (0):
x18=0x0 is NULL
x19=0x00000001138e81ec is at code_begin+44 in an Interpreter codelet
result handlers for native calls  [0x00000001138e81c0, 0x00000001138e8208]  72 bytes
x20=0x000000016deda4c8 is pointing into the stack for thread: 0x000000014780a600
x21=0x00000001040f2348: _ZN19TemplateInterpreter13_active_tableE+0 in /Users/pranavsnayak/Library/Java/JavaVirtualMachines/openjdk-19.0.2/Contents/Home/lib/server/libjvm.dylib at 0x0000000103478000
x22=0x0 is NULL
x23=0x000000002b9b02a5 is an unknown value
x24=0x000000016deda588 is pointing into the stack for thread: 0x000000014780a600
x25=0x00000007ffa1ff68 is an oop: java.util.concurrent.ConcurrentHashMap 
{0x00000007ffa1ff68} - klass: 'java/util/concurrent/ConcurrentHashMap'
 - ---- fields (total size 8 words):
 - transient 'keySet' 'Ljava/util/Set;' @12  NULL (0)
 - transient 'values' 'Ljava/util/Collection;' @16  NULL (0)
 - private volatile transient 'sizeCtl' 'I' @20  384 (180)
 - private volatile transient 'baseCount' 'J' @24  303 (12f 0)
 - private volatile transient 'transferIndex' 'I' @32  0
 - private volatile transient 'cellsBusy' 'I' @36  0
 - volatile transient 'table' '[Ljava/util/concurrent/ConcurrentHashMap$Node;' @40  a 'java/util/concurrent/ConcurrentHashMap$Node'[512] {0x0000000700235918} (e0046b23)
 - private volatile transient 'nextTable' '[Ljava/util/concurrent/ConcurrentHashMap$Node;' @44  NULL (0)
 - private volatile transient 'counterCells' '[Ljava/util/concurrent/ConcurrentHashMap$CounterCell;' @48  NULL (0)
 - private transient 'keySet' 'Ljava/util/concurrent/ConcurrentHashMap$KeySetView;' @52  NULL (0)
 - private transient 'values' 'Ljava/util/concurrent/ConcurrentHashMap$ValuesView;' @56  NULL (0)
 - private transient 'entrySet' 'Ljava/util/concurrent/ConcurrentHashMap$EntrySetView;' @60  NULL (0)
x26=0x0000000131bb0000 is pointing into metadata
x27=0x0 is NULL
x28=0x000000014780a600 is a thread


Top of Stack: (sp=0x000000016deda4c0)
0x000000016deda4c0:   0000000000000000 000000016deda4c0
0x000000016deda4d0:   000000016deda550 00000001138e5c6c
0x000000016deda4e0:   0000000000000000 000000010305a420
0x000000016deda4f0:   000000016deda4f0 0000000000000000
0x000000016deda500:   000000016deda588 0000000131bb0000
0x000000016deda510:   000000070d6d8110 0000000000000000
0x000000016deda520:   0000000000000000 0000000131ba3af8
0x000000016deda530:   0000000000000000 000000016deda540
0x000000016deda540:   000000016deda5e0 00000001138e5a38
0x000000016deda550:   0000000000000000 000000070d6d8110
0x000000016deda560:   0000000000000000 6f63003a95b40001
0x000000016deda570:   0000000000000000 000000070d6e0878
0x000000016deda580:   000000012699c800 0000000000000000
0x000000016deda590:   000000016deda590 0000000131bbafee
0x000000016deda5a0:   000000016deda610 0000000131bbc9f0
0x000000016deda5b0:   000000070d6dfc60 0000000000000000
0x000000016deda5c0:   0000000000000000 0000000131bbb038
0x000000016deda5d0:   000000016deda568 000000016deda5d0
0x000000016deda5e0:   000000016deda680 00000001138e5830
0x000000016deda5f0:   0000000000000000 0000000000000000
0x000000016deda600:   6f63003a95b40001 0000000000000000
0x000000016deda610:   000000070d6e0878 000000070d492898
0x000000016deda620:   000000070d480fa8 000000070d480fa8
0x000000016deda630:   000000016deda630 0000000130e47b9e
0x000000016deda640:   000000016deda6d8 0000000131690fa0
0x000000016deda650:   0000000700470560 0000000000000000
0x000000016deda660:   0000000000000000 0000000130e47c38
0x000000016deda670:   000000016deda600 000000016deda670
0x000000016deda680:   000000016deda730 00000001138e665c
0x000000016deda690:   6f63003a95b40001 0000000000000000
0x000000016deda6a0:   0000000000000007 0000000000000000
0x000000016deda6b0:   000000070d825ad8 000000070d48e3f8 

Instructions: (pc=0x00000001264311cc)
0x00000001264310cc:   101d9ac3 d503201f aa1403e0 aa1503e1
0x00000001264310dc:   d63f0100 f9400308 f9400329 eb08013f
0x00000001264310ec:   54000340 aa0003f7 d2800009 5280003a
0x00000001264310fc:   f8697908 a9007fe8 aa1403e0 aa1503e1
0x000000012643110c:   aa1703e2 97fdd5a5 aa0003e3 51000742
0x000000012643111c:   f9400288 f942b908 aa1403e0 aa1603e1
0x000000012643112c:   d63f0100 93407f49 f9400308 f940032a
0x000000012643113c:   cb08014a 1100075a eb8a0d3f 54fffda3
0x000000012643114c:   14000002 d2800016 aa1303e0 9400ae58
0x000000012643115c:   aa1603e0 a9457bfd a9444ff4 a94357f6
0x000000012643116c:   a9425ff8 a94167fa 910183ff d65f03c0
0x000000012643117c:   14000002 14000001 aa0003f4 aa1303e0
0x000000012643118c:   9400ae4b aa1403e0 9400a09f f9402048
0x000000012643119c:   f8647900 d65f03c0 f9403848 f8647900
0x00000001264311ac:   d65f03c0 f9405048 f864d900 d65f03c0
0x00000001264311bc:   f9405c48 f864d900 d65f03c0 f9402c48
0x00000001264311cc:   f8647900 d65f03c0 f9404448 52800309
0x00000001264311dc:   9b297ca9 f8696908 f864d900 d65f03c0
0x00000001264311ec:   f940ec40 d65f03c0 aa0603e3 aa0403e1
0x00000001264311fc:   aa0203e0 aa0503e2 1400ab72 394a6040
0x000000012643120c:   d65f03c0 aa0403e1 aa0203e0 aa0503e2
0x000000012643121c:   d2800003 1400ab6b aa0403e1 aa0203e0
0x000000012643122c:   aa0503e2 1400ab8e aa0603e3 aa0403e1
0x000000012643123c:   aa0203e0 aa0503e2 1400ab53 f9410848
0x000000012643124c:   b8647900 d65f03c0 d503201f 58259a08
0x000000012643125c:   b9400108 6b04011f 540000a1 3948a048
0x000000012643126c:   7100011f 1a9f07e0 d65f03c0 f9414048
0x000000012643127c:   f9414449 cb080128 d345fd08 6b04011f
0x000000012643128c:   1a9fd7e0 d65f03c0 f9414048 f9414449
0x000000012643129c:   cb080128 d345fd00 d65f03c0 f9414048
0x00000001264312ac:   f9414449 cb080128 d345fd08 51000508
0x00000001264312bc:   0aa87d00 d65f03c0 f9415c48 b8647900 


Stack slot to memory mapping:
stack at sp + 0 slots: 0x0 is NULL
stack at sp + 1 slots: 0x000000016deda4c0 is pointing into the stack for thread: 0x000000014780a600
stack at sp + 2 slots: 0x000000016deda550 is pointing into the stack for thread: 0x000000014780a600
stack at sp + 3 slots: 0x00000001138e5c6c is at code_begin+3628 in an Interpreter codelet
return entry points  [0x00000001138e4e40, 0x00000001138e6718]  6360 bytes
stack at sp + 4 slots: 0x0 is NULL
stack at sp + 5 slots: 0x000000010305a420 points into unknown readable memory: 0x0000000142f08bc8 | c8 8b f0 42 01 00 00 00
stack at sp + 6 slots: 0x000000016deda4f0 is pointing into the stack for thread: 0x000000014780a600
stack at sp + 7 slots: 0x0 is NULL


---------------  P R O C E S S  ---------------

Threads class SMR info:
_java_thread_list=0x0000600002044460, length=30, elements={
0x000000014780a600, 0x000000015781ba00, 0x000000015781c000, 0x0000000157813200,
0x0000000157813800, 0x0000000157813e00, 0x000000015800e000, 0x000000015800e600,
0x0000000158010a00, 0x000000013400b400, 0x00000001478afc00, 0x00000001478b0200,
0x0000000158815000, 0x0000000158047200, 0x0000000147a41000, 0x0000000126982000,
0x0000000158a16000, 0x00000001478af200, 0x000000015816a400, 0x00000001343f9800,
0x00000001343f9e00, 0x00000001343fa400, 0x00000001343faa00, 0x0000000147a42e00,
0x0000000147a43400, 0x0000000147a43a00, 0x0000000158a1e200, 0x0000000147a47800,
0x000000012699a600, 0x000000015826a400
}

Java Threads: ( => current thread )
=>0x000000014780a600 JavaThread "main" [_thread_in_native, id=6403, stack(0x000000016dcd8000,0x000000016dedb000)]
  0x000000015781ba00 JavaThread "Reference Handler" daemon [_thread_blocked, id=22275, stack(0x000000016ec44000,0x000000016ee47000)]
  0x000000015781c000 JavaThread "Finalizer" daemon [_thread_blocked, id=42755, stack(0x000000016ee50000,0x000000016f053000)]
  0x0000000157813200 JavaThread "Signal Dispatcher" daemon [_thread_blocked, id=42499, stack(0x000000016f05c000,0x000000016f25f000)]
  0x0000000157813800 JavaThread "Service Thread" daemon [_thread_blocked, id=42243, stack(0x000000016f268000,0x000000016f46b000)]
  0x0000000157813e00 JavaThread "Monitor Deflation Thread" daemon [_thread_blocked, id=41987, stack(0x000000016f474000,0x000000016f677000)]
  0x000000015800e000 JavaThread "C2 CompilerThread0" daemon [_thread_blocked, id=23555, stack(0x000000016f680000,0x000000016f883000)]
  0x000000015800e600 JavaThread "C1 CompilerThread0" daemon [_thread_blocked, id=41731, stack(0x000000016f88c000,0x000000016fa8f000)]
  0x0000000158010a00 JavaThread "Sweeper thread" daemon [_thread_blocked, id=41219, stack(0x000000016fa98000,0x000000016fc9b000)]
  0x000000013400b400 JavaThread "Common-Cleaner" daemon [_thread_blocked, id=24067, stack(0x000000016fca4000,0x000000016fea7000)]
  0x00000001478afc00 JavaThread "JDWP Transport Listener: dt_socket" daemon [_thread_blocked, id=40455, stack(0x000000016feb0000,0x00000001700b3000)]
  0x00000001478b0200 JavaThread "JDWP Event Helper Thread" daemon [_thread_blocked, id=24579, stack(0x00000001700bc000,0x00000001702bf000)]
  0x0000000158815000 JavaThread "JDWP Command Reader" daemon [_thread_in_native, id=39939, stack(0x00000001702c8000,0x00000001704cb000)]
  0x0000000158047200 JavaThread "Notification Thread" daemon [_thread_blocked, id=24835, stack(0x00000001704d4000,0x00000001706d7000)]
  0x0000000147a41000 JavaThread "Catalina-utility-1" [_thread_blocked, id=37379, stack(0x000000017194c000,0x0000000171b4f000)]
  0x0000000126982000 JavaThread "Catalina-utility-2" [_thread_blocked, id=36867, stack(0x0000000171b58000,0x0000000171d5b000)]
  0x0000000158a16000 JavaThread "container-0" [_thread_blocked, id=36611, stack(0x0000000171d64000,0x0000000171f67000)]
  0x00000001478af200 JavaThread "http-nio-8080-exec-1" daemon [_thread_blocked, id=36099, stack(0x0000000171f70000,0x0000000172173000)]
  0x000000015816a400 JavaThread "http-nio-8080-exec-2" daemon [_thread_blocked, id=35843, stack(0x000000017217c000,0x000000017237f000)]
  0x00000001343f9800 JavaThread "http-nio-8080-exec-3" daemon [_thread_blocked, id=35331, stack(0x0000000172388000,0x000000017258b000)]
  0x00000001343f9e00 JavaThread "http-nio-8080-exec-4" daemon [_thread_blocked, id=28675, stack(0x0000000172594000,0x0000000172797000)]
  0x00000001343fa400 JavaThread "http-nio-8080-exec-5" daemon [_thread_blocked, id=28931, stack(0x00000001727a0000,0x00000001729a3000)]
  0x00000001343faa00 JavaThread "http-nio-8080-exec-6" daemon [_thread_blocked, id=29187, stack(0x00000001729ac000,0x0000000172baf000)]
  0x0000000147a42e00 JavaThread "http-nio-8080-exec-7" daemon [_thread_blocked, id=29443, stack(0x0000000172bb8000,0x0000000172dbb000)]
  0x0000000147a43400 JavaThread "http-nio-8080-exec-8" daemon [_thread_blocked, id=34307, stack(0x0000000172dc4000,0x0000000172fc7000)]
  0x0000000147a43a00 JavaThread "http-nio-8080-exec-9" daemon [_thread_blocked, id=33795, stack(0x0000000172fd0000,0x00000001731d3000)]
  0x0000000158a1e200 JavaThread "http-nio-8080-exec-10" daemon [_thread_blocked, id=29955, stack(0x00000001731dc000,0x00000001733df000)]
  0x0000000147a47800 JavaThread "http-nio-8080-Poller" daemon [_thread_in_native, id=33027, stack(0x00000001733e8000,0x00000001735eb000)]
  0x000000012699a600 JavaThread "http-nio-8080-Acceptor" daemon [_thread_in_native, id=30211, stack(0x00000001735f4000,0x00000001737f7000)]
  0x000000015826a400 JavaThread "Keep-Alive-Timer" daemon [_thread_blocked, id=32515, stack(0x0000000173800000,0x0000000173a03000)]

Other Threads:
  0x0000000127606520 VMThread "VM Thread" [stack: 0x000000016e920000,0x000000016eb23000] [id=15363]
  0x0000000157713f50 WatcherThread "VM Periodic Task Thread" [stack: 0x00000001706e0000,0x00000001708e3000] [id=39427]
  0x0000000147607160 WorkerThread "GC Thread#0" [stack: 0x000000016dee4000,0x000000016e0e7000] [id=19715]
  0x0000000103010440 WorkerThread "GC Thread#1" [stack: 0x00000001708ec000,0x0000000170aef000] [id=39171]
  0x0000000103010710 WorkerThread "GC Thread#2" [stack: 0x0000000170af8000,0x0000000170cfb000] [id=25859]
  0x00000001030109e0 WorkerThread "GC Thread#3" [stack: 0x0000000170d04000,0x0000000170f07000] [id=26371]
  0x0000000103010e80 WorkerThread "GC Thread#4" [stack: 0x0000000170f10000,0x0000000171113000] [id=26627]
  0x0000000103011710 WorkerThread "GC Thread#5" [stack: 0x000000017111c000,0x000000017131f000] [id=38403]
  0x0000000127611880 WorkerThread "GC Thread#6" [stack: 0x0000000171328000,0x000000017152b000] [id=38147]
  0x00000001276121e0 WorkerThread "GC Thread#7" [stack: 0x0000000171534000,0x0000000171737000] [id=37635]
  0x0000000147607830 ConcurrentGCThread "G1 Main Marker" [stack: 0x000000016e0f0000,0x000000016e2f3000] [id=19459]
  0x00000001476080d0 WorkerThread "G1 Conc#0" [stack: 0x000000016e2fc000,0x000000016e4ff000] [id=12803]
  0x000000012762fb70 WorkerThread "G1 Conc#1" [stack: 0x0000000171740000,0x0000000171943000] [id=27403]
  0x0000000147609f60 ConcurrentGCThread "G1 Refine#0" [stack: 0x000000016e508000,0x000000016e70b000] [id=18947]
  0x000000014760a890 ConcurrentGCThread "G1 Service" [stack: 0x000000016e714000,0x000000016e917000] [id=18691]

Threads with active compile tasks:

VM state: not at safepoint (normal execution)

VM Mutex/Monitor currently owned by a thread: None

Heap address: 0x0000000700000000, size: 4096 MB, Compressed Oops mode: Zero based, Oop shift amount: 3

CDS archive(s) mapped at: [0x0000000800000000-0x0000000800c44000-0x0000000800c44000), size 12861440, SharedBaseAddress: 0x0000000800000000, ArchiveRelocationMode: 0.
Compressed class space mapped at: 0x0000000801000000-0x0000000841000000, reserved size: 1073741824
Narrow klass base: 0x0000000800000000, Narrow klass shift: 0, Narrow klass range: 0x100000000

GC Precious Log:
 CardTable entry size: 512
 Card Set container configuration: InlinePtr #cards 4 size 8 Array Of Cards #cards 16 size 48 Howl #buckets 8 coarsen threshold 3686 Howl Bitmap #cards 512 size 80 coarsen threshold 460 Card regions per heap region 1 cards per card region 4096
 CPUs: 8 total, 8 available
 Memory: 16384M
 Large Page Support: Disabled
 NUMA Support: Disabled
 Compressed Oops: Enabled (Zero based)
 Heap Region Size: 2M
 Heap Min Capacity: 8M
 Heap Initial Capacity: 256M
 Heap Max Capacity: 4G
 Pre-touch: Disabled
 Parallel Workers: 8
 Concurrent Workers: 2
 Concurrent Refinement Workers: 8
 Periodic GC: Disabled

Heap:
 garbage-first heap   total 75776K, used 19699K [0x0000000700000000, 0x0000000800000000)
  region size 2048K, 5 young (10240K), 1 survivors (2048K)
 Metaspace       used 31497K, committed 31936K, reserved 1114112K
  class space    used 3690K, committed 3904K, reserved 1048576K

Heap Regions: E=young(eden), S=young(survivor), O=old, HS=humongous(starts), HC=humongous(continues), CS=collection set, F=free, OA=open archive, CA=closed archive, TAMS=top-at-mark-start (previous, next)
|   0|0x0000000700000000, 0x0000000700000000, 0x0000000700200000|  0%| F|  |TAMS 0x0000000700000000, 0x0000000700000000| Untracked 
|   1|0x0000000700200000, 0x0000000700400000, 0x0000000700400000|100%| O|  |TAMS 0x0000000700200000, 0x0000000700200000| Untracked 
|   2|0x0000000700400000, 0x0000000700600000, 0x0000000700600000|100%| O|  |TAMS 0x0000000700400000, 0x0000000700400000| Untracked 
|   3|0x0000000700600000, 0x00000007007eee00, 0x0000000700800000| 96%| O|  |TAMS 0x0000000700600000, 0x0000000700600000| Untracked 
|   4|0x0000000700800000, 0x0000000700800000, 0x0000000700a00000|  0%| F|  |TAMS 0x0000000700800000, 0x0000000700800000| Untracked 
|   5|0x0000000700a00000, 0x0000000700a00000, 0x0000000700c00000|  0%| F|  |TAMS 0x0000000700a00000, 0x0000000700a00000| Untracked 
|   6|0x0000000700c00000, 0x0000000700c00000, 0x0000000700e00000|  0%| F|  |TAMS 0x0000000700c00000, 0x0000000700c00000| Untracked 
|   7|0x0000000700e00000, 0x0000000700e00000, 0x0000000701000000|  0%| F|  |TAMS 0x0000000700e00000, 0x0000000700e00000| Untracked 
|   8|0x0000000701000000, 0x0000000701000000, 0x0000000701200000|  0%| F|  |TAMS 0x0000000701000000, 0x0000000701000000| Untracked 
|   9|0x0000000701200000, 0x0000000701200000, 0x0000000701400000|  0%| F|  |TAMS 0x0000000701200000, 0x0000000701200000| Untracked 
|  10|0x0000000701400000, 0x0000000701400000, 0x0000000701600000|  0%| F|  |TAMS 0x0000000701400000, 0x0000000701400000| Untracked 
|  11|0x0000000701600000, 0x0000000701600000, 0x0000000701800000|  0%| F|  |TAMS 0x0000000701600000, 0x0000000701600000| Untracked 
|  12|0x0000000701800000, 0x0000000701800000, 0x0000000701a00000|  0%| F|  |TAMS 0x0000000701800000, 0x0000000701800000| Untracked 
|  13|0x0000000701a00000, 0x0000000701a00000, 0x0000000701c00000|  0%| F|  |TAMS 0x0000000701a00000, 0x0000000701a00000| Untracked 
|  14|0x0000000701c00000, 0x0000000701c00000, 0x0000000701e00000|  0%| F|  |TAMS 0x0000000701c00000, 0x0000000701c00000| Untracked 
|  15|0x0000000701e00000, 0x0000000701e00000, 0x0000000702000000|  0%| F|  |TAMS 0x0000000701e00000, 0x0000000701e00000| Untracked 
|  16|0x0000000702000000, 0x0000000702000000, 0x0000000702200000|  0%| F|  |TAMS 0x0000000702000000, 0x0000000702000000| Untracked 
|  17|0x0000000702200000, 0x0000000702200000, 0x0000000702400000|  0%| F|  |TAMS 0x0000000702200000, 0x0000000702200000| Untracked 
|  18|0x0000000702400000, 0x0000000702400000, 0x0000000702600000|  0%| F|  |TAMS 0x0000000702400000, 0x0000000702400000| Untracked 
|  19|0x0000000702600000, 0x0000000702600000, 0x0000000702800000|  0%| F|  |TAMS 0x0000000702600000, 0x0000000702600000| Untracked 
|  20|0x0000000702800000, 0x0000000702800000, 0x0000000702a00000|  0%| F|  |TAMS 0x0000000702800000, 0x0000000702800000| Untracked 
|  21|0x0000000702a00000, 0x0000000702a00000, 0x0000000702c00000|  0%| F|  |TAMS 0x0000000702a00000, 0x0000000702a00000| Untracked 
|  22|0x0000000702c00000, 0x0000000702c00000, 0x0000000702e00000|  0%| F|  |TAMS 0x0000000702c00000, 0x0000000702c00000| Untracked 
|  23|0x0000000702e00000, 0x0000000702e00000, 0x0000000703000000|  0%| F|  |TAMS 0x0000000702e00000, 0x0000000702e00000| Untracked 
|  24|0x0000000703000000, 0x0000000703000000, 0x0000000703200000|  0%| F|  |TAMS 0x0000000703000000, 0x0000000703000000| Untracked 
|  25|0x0000000703200000, 0x0000000703200000, 0x0000000703400000|  0%| F|  |TAMS 0x0000000703200000, 0x0000000703200000| Untracked 
| 105|0x000000070d200000, 0x000000070d200000, 0x000000070d400000|  0%| F|  |TAMS 0x000000070d200000, 0x000000070d200000| Untracked 
| 106|0x000000070d400000, 0x000000070d495708, 0x000000070d600000| 29%| E|  |TAMS 0x000000070d400000, 0x000000070d400000| Complete 
| 107|0x000000070d600000, 0x000000070d7f4378, 0x000000070d800000| 97%| E|  |TAMS 0x000000070d600000, 0x000000070d600000| Complete 
| 108|0x000000070d800000, 0x000000070da00000, 0x000000070da00000|100%| E|CS|TAMS 0x000000070d800000, 0x000000070d800000| Complete 
| 109|0x000000070da00000, 0x000000070db55fb8, 0x000000070dc00000| 66%| S|CS|TAMS 0x000000070da00000, 0x000000070da00000| Complete 
| 127|0x000000070fe00000, 0x0000000710000000, 0x0000000710000000|100%| E|CS|TAMS 0x000000070fe00000, 0x000000070fe00000| Complete 
|2043|0x00000007ff600000, 0x00000007ff800000, 0x00000007ff800000|100%| O|  |TAMS 0x00000007ff600000, 0x00000007ff600000| Untracked 
|2044|0x00000007ff800000, 0x00000007ffa00000, 0x00000007ffa00000|100%| O|  |TAMS 0x00000007ff800000, 0x00000007ff800000| Untracked 
|2045|0x00000007ffa00000, 0x00000007ffc00000, 0x00000007ffc00000|100%| O|  |TAMS 0x00000007ffa00000, 0x00000007ffa00000| Untracked 
|2046|0x00000007ffc00000, 0x00000007ffd78000, 0x00000007ffe00000| 73%|OA|  |TAMS 0x00000007ffd78000, 0x00000007ffc00000| Untracked 
|2047|0x00000007ffe00000, 0x00000007ffe80000, 0x0000000800000000| 25%|CA|  |TAMS 0x00000007ffe00000, 0x00000007ffe00000| Untracked 

Card table byte_map: [0x000000011b3a0000,0x000000011bba0000] _byte_map_base: 0x0000000117ba0000

Marking Bits (Prev, Next): (CMBitMap*) 0x0000000147834650, (CMBitMap*) 0x0000000147834610
 Prev Bits: [0x00000001203a0000, 0x00000001243a0000)
 Next Bits: [0x000000011c3a0000, 0x00000001203a0000)

Polling page: 0x0000000102240000

Metaspace:

Usage:
  Non-class:     27.16 MB used.
      Class:      3.60 MB used.
       Both:     30.76 MB used.

Virtual space:
  Non-class space:       64.00 MB reserved,      27.38 MB ( 43%) committed,  1 nodes.
      Class space:        1.00 GB reserved,       3.81 MB ( <1%) committed,  1 nodes.
             Both:        1.06 GB reserved,      31.19 MB (  3%) committed. 

Chunk freelists:
   Non-Class:  32.00 KB
       Class:  253.00 KB
        Both:  285.00 KB

MaxMetaspaceSize: unlimited
CompressedClassSpaceSize: 1.00 GB
Initial GC threshold: 21.00 MB
Current GC threshold: 35.25 MB
CDS: on
MetaspaceReclaimPolicy: balanced
 - commit_granule_bytes: 65536.
 - commit_granule_words: 8192.
 - virtual_space_node_default_size: 8388608.
 - enlarge_chunks_in_place: 1.
 - new_chunks_are_fully_committed: 0.
 - uncommit_free_chunks: 1.
 - use_allocation_guard: 0.


Internal statistics:

num_allocs_failed_limit: 3.
num_arena_births: 472.
num_arena_deaths: 0.
num_vsnodes_births: 2.
num_vsnodes_deaths: 0.
num_space_committed: 499.
num_space_uncommitted: 0.
num_chunks_returned_to_freelist: 3.
num_chunks_taken_from_freelist: 1494.
num_chunk_merges: 0.
num_chunk_splits: 1053.
num_chunks_enlarged: 843.
num_inconsistent_stats: 0.

CodeHeap 'non-profiled nmethods': size=120032Kb used=1666Kb max_used=1666Kb free=118365Kb
 bounds [0x0000000113e68000, 0x00000001140d8000, 0x000000011b3a0000]
CodeHeap 'profiled nmethods': size=120016Kb used=8589Kb max_used=8589Kb free=111427Kb
 bounds [0x000000010c3a0000, 0x000000010cc10000, 0x00000001138d4000]
CodeHeap 'non-nmethods': size=5712Kb used=1396Kb max_used=1424Kb free=4315Kb
 bounds [0x00000001138d4000, 0x0000000113b44000, 0x0000000113e68000]
 total_blobs=4410 nmethods=3736 adapters=588
 compilation: enabled
              stopped_count=0, restarted_count=0
 full_count=0

Compilation events (20 events):
Event: 2.139 Thread 0x000000015800e000 3872       4       java.io.UnixFileSystem::prefixLength (15 bytes)
Event: 2.139 Thread 0x000000015800e600 3873       3       sun.net.util.URLUtil::urlNoFragString (114 bytes)
Event: 2.140 Thread 0x000000015800e600 nmethod 3873 0x000000010cbfbd10 code [0x000000010cbfc140, 0x000000010cbfd248]
Event: 2.141 Thread 0x000000015800e000 nmethod 3872 0x0000000114007390 code [0x0000000114007540, 0x0000000114007690]
Event: 2.144 Thread 0x000000015800e600 3874       3       java.lang.invoke.LambdaFormEditor::getInCache (165 bytes)
Event: 2.144 Thread 0x000000015800e600 nmethod 3874 0x000000010cbfda10 code [0x000000010cbfdd00, 0x000000010cbfecd8]
Event: 2.144 Thread 0x000000015800e600 3876       3       com.fasterxml.jackson.core.JsonStreamContext::inObject (14 bytes)
Event: 2.144 Thread 0x000000015800e600 nmethod 3876 0x000000010cbff110 code [0x000000010cbff2c0, 0x000000010cbff418]
Event: 2.144 Thread 0x000000015800e600 3875       1       com.fasterxml.jackson.core.JsonToken::isStructStart (5 bytes)
Event: 2.144 Thread 0x000000015800e600 nmethod 3875 0x0000000114007810 code [0x00000001140079c0, 0x0000000114007a58]
Event: 2.144 Thread 0x000000015800e600 3878       3       com.fasterxml.jackson.core.json.UTF8StreamJsonParser::nextToken (492 bytes)
Event: 2.145 Thread 0x000000015800e600 nmethod 3878 0x000000010cbff490 code [0x000000010cbffb00, 0x000000010cc01de8]
Event: 2.145 Thread 0x000000015800e600 3877       1       com.fasterxml.jackson.core.JsonToken::isStructEnd (5 bytes)
Event: 2.145 Thread 0x000000015800e600 nmethod 3877 0x0000000114007b10 code [0x0000000114007cc0, 0x0000000114007d58]
Event: 2.145 Thread 0x000000015800e600 3879       3       com.fasterxml.jackson.core.json.JsonReadContext::expectComma (29 bytes)
Event: 2.145 Thread 0x000000015800e600 nmethod 3879 0x000000010cc02810 code [0x000000010cc029c0, 0x000000010cc02b58]
Event: 2.157 Thread 0x000000015800e600 3884       3       java.util.concurrent.ConcurrentHashMap::<init> (9 bytes)
Event: 2.157 Thread 0x000000015800e600 nmethod 3884 0x000000010cc02c10 code [0x000000010cc02dc0, 0x000000010cc02f48]
Event: 2.158 Thread 0x000000015800e600 3885       3       jdk.internal.loader.NativeLibraries$NativeLibraryImpl::find (9 bytes)
Event: 2.158 Thread 0x000000015800e600 nmethod 3885 0x000000010cc03010 code [0x000000010cc031c0, 0x000000010cc03348]

GC Heap History (10 events):
Event: 0.282 GC heap before
{Heap before GC invocations=0 (full 0):
 garbage-first heap   total 266240K, used 24544K [0x0000000700000000, 0x0000000800000000)
  region size 2048K, 11 young (22528K), 0 survivors (0K)
 Metaspace       used 5166K, committed 5376K, reserved 1114112K
  class space    used 548K, committed 640K, reserved 1048576K
}
Event: 0.284 GC heap after
{Heap after GC invocations=1 (full 0):
 garbage-first heap   total 266240K, used 6516K [0x0000000700000000, 0x0000000800000000)
  region size 2048K, 2 young (4096K), 2 survivors (4096K)
 Metaspace       used 5166K, committed 5376K, reserved 1114112K
  class space    used 548K, committed 640K, reserved 1048576K
}
Event: 0.597 GC heap before
{Heap before GC invocations=1 (full 0):
 garbage-first heap   total 266240K, used 51572K [0x0000000700000000, 0x0000000800000000)
  region size 2048K, 25 young (51200K), 2 survivors (4096K)
 Metaspace       used 15469K, committed 15744K, reserved 1114112K
  class space    used 1828K, committed 1984K, reserved 1048576K
}
Event: 0.599 GC heap after
{Heap after GC invocations=2 (full 0):
 garbage-first heap   total 266240K, used 9071K [0x0000000700000000, 0x0000000800000000)
  region size 2048K, 4 young (8192K), 4 survivors (8192K)
 Metaspace       used 15469K, committed 15744K, reserved 1114112K
  class space    used 1828K, committed 1984K, reserved 1048576K
}
Event: 0.909 GC heap before
{Heap before GC invocations=2 (full 0):
 garbage-first heap   total 266240K, used 43887K [0x0000000700000000, 0x0000000800000000)
  region size 2048K, 22 young (45056K), 4 survivors (8192K)
 Metaspace       used 21244K, committed 21504K, reserved 1114112K
  class space    used 2538K, committed 2688K, reserved 1048576K
}
Event: 0.912 GC heap after
{Heap after GC invocations=3 (full 0):
 garbage-first heap   total 266240K, used 11454K [0x0000000700000000, 0x0000000800000000)
  region size 2048K, 5 young (10240K), 5 survivors (10240K)
 Metaspace       used 21244K, committed 21504K, reserved 1114112K
  class space    used 2538K, committed 2688K, reserved 1048576K
}
Event: 1.217 GC heap before
{Heap before GC invocations=4 (full 0):
 garbage-first heap   total 61440K, used 56510K [0x0000000700000000, 0x0000000800000000)
  region size 2048K, 27 young (55296K), 5 survivors (10240K)
 Metaspace       used 28679K, committed 29056K, reserved 1114112K
  class space    used 3416K, committed 3584K, reserved 1048576K
}
Event: 1.222 GC heap after
{Heap after GC invocations=5 (full 0):
 garbage-first heap   total 75776K, used 14733K [0x0000000700000000, 0x0000000800000000)
  region size 2048K, 4 young (8192K), 4 survivors (8192K)
 Metaspace       used 28679K, committed 29056K, reserved 1114112K
  class space    used 3416K, committed 3584K, reserved 1048576K
}
Event: 1.750 GC heap before
{Heap before GC invocations=5 (full 0):
 garbage-first heap   total 75776K, used 16781K [0x0000000700000000, 0x0000000800000000)
  region size 2048K, 5 young (10240K), 4 survivors (8192K)
 Metaspace       used 29169K, committed 29504K, reserved 1114112K
  class space    used 3472K, committed 3648K, reserved 1048576K
}
Event: 1.755 GC heap after
{Heap after GC invocations=6 (full 0):
 garbage-first heap   total 75776K, used 15603K [0x0000000700000000, 0x0000000800000000)
  region size 2048K, 1 young (2048K), 1 survivors (2048K)
 Metaspace       used 29169K, committed 29504K, reserved 1114112K
  class space    used 3472K, committed 3648K, reserved 1048576K
}

Dll operation events (20 events):
Event: 0.846 Loading shared library /usr/lib/java/liblibtcnative-1.dylib failed, dlopen(/usr/lib/java/liblibtcnative-1.dylib, 0x0001): tried: '/usr/lib/java/liblibtcnative-1.dylib' (no such file)
Event: 0.846 Loading shared library /usr/lib/java/liblibtcnative-1.jnilib failed, dlopen(/usr/lib/java/liblibtcnative-1.jnilib, 0x0001): tried: '/usr/lib/java/liblibtcnative-1.jnilib' (no such file)
Event: 0.846 Loading shared library /Users/pranavsnayak/Documents/samples/routing/liblibtcnative-1.dylib failed, dlopen(/Users/pranavsnayak/Documents/samples/routing/liblibtcnative-1.dylib, 0x0001): tried: '/Users/pranavsnayak/Documents/samples/routing/liblibtcnative-
Event: 0.846 Loading shared library /Users/pranavsnayak/Documents/samples/routing/liblibtcnative-1.jnilib failed, dlopen(/Users/pranavsnayak/Documents/samples/routing/liblibtcnative-1.jnilib, 0x0001): tried: '/Users/pranavsnayak/Documents/samples/routing/liblibtcnativ
Event: 1.193 Loaded shared library /Users/pranavsnayak/Library/Java/JavaVirtualMachines/openjdk-19.0.2/Contents/Home/lib/libextnet.dylib
Event: 1.210 Loading shared library /Users/pranavsnayak/Library/Java/JavaVirtualMachines/openjdk-19.0.2/Contents/Home/lib/libjniortools.dylib failed, dlopen(/Users/pranavsnayak/Library/Java/JavaVirtualMachines/openjdk-19.0.2/Contents/Home/lib/libjniortools.dylib, 0x00
Event: 1.211 Loading shared library /Users/pranavsnayak/Library/Java/JavaVirtualMachines/openjdk-19.0.2/Contents/Home/lib/libjniortools.jnilib failed, dlopen(/Users/pranavsnayak/Library/Java/JavaVirtualMachines/openjdk-19.0.2/Contents/Home/lib/libjniortools.jnilib, 0x
Event: 1.211 Loading shared library /Users/pranavsnayak/Library/Java/Extensions/libjniortools.dylib failed, dlopen(/Users/pranavsnayak/Library/Java/Extensions/libjniortools.dylib, 0x0001): tried: '/Users/pranavsnayak/Library/Java/Extensions/libjniortools.dylib' (no su
Event: 1.211 Loading shared library /Users/pranavsnayak/Library/Java/Extensions/libjniortools.jnilib failed, dlopen(/Users/pranavsnayak/Library/Java/Extensions/libjniortools.jnilib, 0x0001): tried: '/Users/pranavsnayak/Library/Java/Extensions/libjniortools.jnilib' (no
Event: 1.211 Loading shared library /Library/Java/Extensions/libjniortools.dylib failed, dlopen(/Library/Java/Extensions/libjniortools.dylib, 0x0001): tried: '/Library/Java/Extensions/libjniortools.dylib' (no such file)
Event: 1.211 Loading shared library /Library/Java/Extensions/libjniortools.jnilib failed, dlopen(/Library/Java/Extensions/libjniortools.jnilib, 0x0001): tried: '/Library/Java/Extensions/libjniortools.jnilib' (no such file)
Event: 1.211 Loading shared library /Network/Library/Java/Extensions/libjniortools.dylib failed, dlopen(/Network/Library/Java/Extensions/libjniortools.dylib, 0x0001): tried: '/Network/Library/Java/Extensions/libjniortools.dylib' (no such file)
Event: 1.211 Loading shared library /Network/Library/Java/Extensions/libjniortools.jnilib failed, dlopen(/Network/Library/Java/Extensions/libjniortools.jnilib, 0x0001): tried: '/Network/Library/Java/Extensions/libjniortools.jnilib' (no such file)
Event: 1.211 Loading shared library /System/Library/Java/Extensions/libjniortools.dylib failed, dlopen(/System/Library/Java/Extensions/libjniortools.dylib, 0x0001): tried: '/System/Library/Java/Extensions/libjniortools.dylib' (no such file)
Event: 1.211 Loading shared library /System/Library/Java/Extensions/libjniortools.jnilib failed, dlopen(/System/Library/Java/Extensions/libjniortools.jnilib, 0x0001): tried: '/System/Library/Java/Extensions/libjniortools.jnilib' (no such file)
Event: 1.211 Loading shared library /usr/lib/java/libjniortools.dylib failed, dlopen(/usr/lib/java/libjniortools.dylib, 0x0001): tried: '/usr/lib/java/libjniortools.dylib' (no such file)
Event: 1.211 Loading shared library /usr/lib/java/libjniortools.jnilib failed, dlopen(/usr/lib/java/libjniortools.jnilib, 0x0001): tried: '/usr/lib/java/libjniortools.jnilib' (no such file)
Event: 1.211 Loading shared library /Users/pranavsnayak/Documents/samples/routing/libjniortools.dylib failed, dlopen(/Users/pranavsnayak/Documents/samples/routing/libjniortools.dylib, 0x0001): tried: '/Users/pranavsnayak/Documents/samples/routing/libjniortools.dylib' 
Event: 1.211 Loading shared library /Users/pranavsnayak/Documents/samples/routing/libjniortools.jnilib failed, dlopen(/Users/pranavsnayak/Documents/samples/routing/libjniortools.jnilib, 0x0001): tried: '/Users/pranavsnayak/Documents/samples/routing/libjniortools.jnili
Event: 1.735 Loaded shared library /private/var/folders/d7/vp65tkvn5fz6yfvv7fxgsbsh0000gn/T/ortools-java3262214380768691707/ortools-darwin-aarch64/libjniortools.dylib

Deoptimization events (20 events):
Event: 1.788 Thread 0x000000014780a600 DEOPT PACKING pc=0x0000000113f92a68 sp=0x000000016ded9d30
Event: 1.788 Thread 0x000000014780a600 DEOPT UNPACKING pc=0x000000011392321c sp=0x000000016ded9ca0 mode 2
Event: 1.790 Thread 0x000000014780a600 Uncommon trap: trap_request=0xffffffc6 fr.pc=0x0000000113f2b140 relative=0x00000000000030c0
Event: 1.790 Thread 0x000000014780a600 Uncommon trap: reason=bimorphic_or_optimized_type_check action=maybe_recompile pc=0x0000000113f2b140 method=java.net.URL.<init>(Ljava/net/URL;Ljava/lang/String;Ljava/net/URLStreamHandler;)V @ 504 c2
Event: 1.790 Thread 0x000000014780a600 DEOPT PACKING pc=0x0000000113f2b140 sp=0x000000016deda0c0
Event: 1.790 Thread 0x000000014780a600 DEOPT UNPACKING pc=0x000000011392321c sp=0x000000016deda080 mode 2
Event: 1.790 Thread 0x000000014780a600 DEOPT PACKING pc=0x000000010c4a70c8 sp=0x000000016ded99d0
Event: 1.790 Thread 0x000000014780a600 DEOPT UNPACKING pc=0x000000011392307c sp=0x000000016ded96c0 mode 3
Event: 1.791 Thread 0x000000014780a600 Uncommon trap: trap_request=0xffffffde fr.pc=0x0000000113f85d60 relative=0x0000000000000b20
Event: 1.791 Thread 0x000000014780a600 Uncommon trap: reason=class_check action=maybe_recompile pc=0x0000000113f85d60 method=java.util.Properties$LineReader.readLine()I @ 479 c2
Event: 1.791 Thread 0x000000014780a600 DEOPT PACKING pc=0x0000000113f85d60 sp=0x000000016ded8e70
Event: 1.791 Thread 0x000000014780a600 DEOPT UNPACKING pc=0x000000011392321c sp=0x000000016ded8dd0 mode 2
Event: 1.795 Thread 0x000000014780a600 Uncommon trap: trap_request=0xffffff45 fr.pc=0x0000000113efe42c relative=0x000000000000006c
Event: 1.795 Thread 0x000000014780a600 Uncommon trap: reason=unstable_if action=reinterpret pc=0x0000000113efe42c method=java.util.Objects.equals(Ljava/lang/Object;Ljava/lang/Object;)Z @ 6 c2
Event: 1.795 Thread 0x000000014780a600 DEOPT PACKING pc=0x0000000113efe42c sp=0x000000016ded9b20
Event: 1.795 Thread 0x000000014780a600 DEOPT UNPACKING pc=0x000000011392321c sp=0x000000016ded9ac0 mode 2
Event: 2.142 Thread 0x000000014780a600 Uncommon trap: trap_request=0xffffff45 fr.pc=0x0000000113f604d0 relative=0x0000000000000510
Event: 2.142 Thread 0x000000014780a600 Uncommon trap: reason=unstable_if action=reinterpret pc=0x0000000113f604d0 method=java.lang.Integer.stringSize(I)I @ 3 c2
Event: 2.142 Thread 0x000000014780a600 DEOPT PACKING pc=0x0000000113f604d0 sp=0x000000016ded9620
Event: 2.142 Thread 0x000000014780a600 DEOPT UNPACKING pc=0x000000011392321c sp=0x000000016ded9510 mode 2

Classes loaded (20 events):
Event: 2.153 Loading class java/util/stream/Sink$OfLong
Event: 2.153 Loading class java/util/stream/Sink$OfLong done
Event: 2.153 Loading class java/util/stream/Node$Builder$OfLong done
Event: 2.153 Loading class java/util/stream/Nodes$LongArrayNode
Event: 2.153 Loading class java/util/stream/Nodes$LongArrayNode done
Event: 2.153 Loading class java/util/stream/Nodes$LongFixedNodeBuilder done
Event: 2.154 Loading class java/util/stream/ReferencePipeline$5$1
Event: 2.154 Loading class java/util/stream/ReferencePipeline$5$1 done
Event: 2.154 Loading class com/gdn/tms/routing/pojo/VehicleInfo
Event: 2.154 Loading class com/gdn/tms/routing/pojo/VehicleInfo done
Event: 2.154 Loading class com/gdn/tms/routing/pojo/VehicleInfo
Event: 2.154 Loading class com/gdn/tms/routing/pojo/VehicleInfo done
Event: 2.154 Loading class com/google/ortools/constraintsolver/Solver
Event: 2.154 Loading class com/google/ortools/constraintsolver/Solver done
Event: 2.157 Loading class com/google/protobuf/InvalidProtocolBufferException
Event: 2.157 Loading class com/google/protobuf/InvalidProtocolBufferException done
Event: 2.159 Loading class com/google/ortools/constraintsolver/RoutingDimension
Event: 2.159 Loading class com/google/ortools/constraintsolver/RoutingDimension done
Event: 2.159 Loading class com/google/ortools/constraintsolver/Constraint
Event: 2.159 Loading class com/google/ortools/constraintsolver/Constraint done

Classes unloaded (0 events):
No events

Classes redefined (0 events):
No events

Internal exceptions (20 events):
Event: 1.070 Thread 0x000000014780a600 Exception <a 'java/lang/ClassNotFoundException'{0x00000007016807a8}: org/springframework/context/ApplicationContextAwareCustomizer> (0x00000007016807a8) 
thrown [open/src/hotspot/share/classfile/systemDictionary.cpp, line 255]
Event: 1.070 Thread 0x000000014780a600 Exception <a 'java/lang/ClassNotFoundException'{0x00000007016853a8}: org/springframework/beans/factory/AwareCustomizer> (0x00000007016853a8) 
thrown [open/src/hotspot/share/classfile/systemDictionary.cpp, line 255]
Event: 1.070 Thread 0x000000014780a600 Exception <a 'java/lang/ClassNotFoundException'{0x0000000701688a00}: org/springframework/web/context/ServletContextAwareCustomizer> (0x0000000701688a00) 
thrown [open/src/hotspot/share/classfile/systemDictionary.cpp, line 255]
Event: 1.070 Thread 0x000000014780a600 Exception <a 'java/lang/ClassNotFoundException'{0x000000070168cf38}: org/springframework/beans/factory/AwareCustomizer> (0x000000070168cf38) 
thrown [open/src/hotspot/share/classfile/systemDictionary.cpp, line 255]
Event: 1.071 Thread 0x000000014780a600 Exception <a 'java/lang/NoSuchMethodError'{0x00000007016b4478}: 'java.lang.Object java.lang.invoke.DirectMethodHandle$Holder.newInvokeSpecial(java.lang.Object, java.lang.Object, java.lang.Object, java.lang.Object, java.lang.Object, java.lang.Object, java.lang.Object, java.lang.Object)'> (0x00000007016b4478) 
thrown [open/src/hotspot/share/interpreter/linkResolver.cpp, line 774]
Event: 1.092 Thread 0x000000014780a600 Exception <a 'java/lang/NoSuchMethodError'{0x00000007014df248}: 'void java.lang.invoke.DirectMethodHandle$Holder.invokeVirtual(java.lang.Object, java.lang.Object, long)'> (0x00000007014df248) 
thrown [open/src/hotspot/share/interpreter/linkResolver.cpp, line 774]
Event: 1.137 Thread 0x000000014780a600 Exception <a 'java/lang/IncompatibleClassChangeError'{0x0000000700e39c98}: Found class java.lang.Object, but interface was expected> (0x0000000700e39c98) 
thrown [open/src/hotspot/share/interpreter/linkResolver.cpp, line 841]
Event: 1.148 Thread 0x000000014780a600 Exception <a 'java/lang/NoSuchMethodError'{0x0000000700f8f738}: 'int java.lang.invoke.DirectMethodHandle$Holder.invokeStaticInit(java.lang.Object, java.lang.Object, java.lang.Object, java.lang.Object)'> (0x0000000700f8f738) 
thrown [open/src/hotspot/share/interpreter/linkResolver.cpp, line 774]
Event: 1.150 Thread 0x000000014780a600 Implicit null exception at 0x0000000113f59fe4 to 0x0000000113f5a484
Event: 1.190 Thread 0x000000014780a600 Exception <a 'java/lang/NoSuchMethodError'{0x0000000700be64d8}: 'java.lang.Object java.lang.invoke.DirectMethodHandle$Holder.newInvokeSpecial(java.lang.Object, java.lang.Object, int, java.lang.Object, java.lang.Object)'> (0x0000000700be64d8) 
thrown [open/src/hotspot/share/interpreter/linkResolver.cpp, line 774]
Event: 1.191 Thread 0x000000014780a600 Exception <a 'java/lang/NoSuchMethodError'{0x0000000700bf1d40}: 'java.lang.Object java.lang.invoke.DirectMethodHandle$Holder.invokeSpecial(java.lang.Object, java.lang.Object, int, java.lang.Object, int, java.lang.Object)'> (0x0000000700bf1d40) 
thrown [open/src/hotspot/share/interpreter/linkResolver.cpp, line 774]
Event: 1.191 Thread 0x000000014780a600 Exception <a 'java/lang/NoSuchMethodError'{0x0000000700bf9b18}: 'java.lang.Object java.lang.invoke.DirectMethodHandle$Holder.newInvokeSpecial(java.lang.Object, java.lang.Object, int, java.lang.Object, int)'> (0x0000000700bf9b18) 
thrown [open/src/hotspot/share/interpreter/linkResolver.cpp, line 774]
Event: 1.191 Thread 0x000000014780a600 Exception <a 'java/lang/NoSuchMethodError'{0x0000000700bfdc30}: 'java.lang.Object java.lang.invoke.DirectMethodHandle$Holder.invokeSpecial(java.lang.Object, java.lang.Object, java.lang.Object, int, java.lang.Object, int)'> (0x0000000700bfdc30) 
thrown [open/src/hotspot/share/interpreter/linkResolver.cpp, line 774]
Event: 1.191 Thread 0x000000014780a600 Exception <a 'java/lang/NoSuchMethodError'{0x0000000700808180}: 'void java.lang.invoke.DirectMethodHandle$Holder.invokeVirtual(java.lang.Object, java.lang.Object)'> (0x0000000700808180) 
thrown [open/src/hotspot/share/interpreter/linkResolver.cpp, line 774]
Event: 1.777 Thread 0x000000014780a600 Exception <a 'java/lang/NoSuchMethodError'{0x000000070d8302a8}: 'void java.lang.invoke.DirectMethodHandle$Holder.invokeVirtual(java.lang.Object, java.lang.Object, double)'> (0x000000070d8302a8) 
thrown [open/src/hotspot/share/interpreter/linkResolver.cpp, line 774]
Event: 1.777 Thread 0x000000014780a600 Exception <a 'java/lang/NoSuchMethodError'{0x000000070d83b0c0}: 'double java.lang.invoke.DelegatingMethodHandle$Holder.reinvoke_L(java.lang.Object, java.lang.Object, int)'> (0x000000070d83b0c0) 
thrown [open/src/hotspot/share/interpreter/linkResolver.cpp, line 774]
Event: 1.778 Thread 0x000000014780a600 Exception <a 'java/lang/NoSuchMethodError'{0x000000070d845590}: 'void java.lang.invoke.DelegatingMethodHandle$Holder.reinvoke_L(java.lang.Object, java.lang.Object, double)'> (0x000000070d845590) 
thrown [open/src/hotspot/share/interpreter/linkResolver.cpp, line 774]
Event: 1.778 Thread 0x000000014780a600 Exception <a 'java/lang/NoSuchMethodError'{0x000000070d857bd8}: 'long java.lang.invoke.DirectMethodHandle$Holder.invokeStatic(java.lang.Object, java.lang.Object, int)'> (0x000000070d857bd8) 
thrown [open/src/hotspot/share/interpreter/linkResolver.cpp, line 774]
Event: 1.778 Thread 0x000000014780a600 Exception <a 'java/lang/NoSuchMethodError'{0x000000070d862d50}: 'void java.lang.invoke.DelegatingMethodHandle$Holder.reinvoke_L(java.lang.Object, java.lang.Object, long)'> (0x000000070d862d50) 
thrown [open/src/hotspot/share/interpreter/linkResolver.cpp, line 774]
Event: 2.154 Thread 0x000000014780a600 Exception <a 'java/lang/NoSuchMethodError'{0x000000070d7c8070}: 'long java.lang.invoke.DirectMethodHandle$Holder.invokeStatic(java.lang.Object, long)'> (0x000000070d7c8070) 
thrown [open/src/hotspot/share/interpreter/linkResolver.cpp, line 774]

VM Operations (20 events):
Event: 1.131 Executing VM operation: HandshakeAllThreads
Event: 1.131 Executing VM operation: HandshakeAllThreads done
Event: 1.140 Executing VM operation: HandshakeAllThreads
Event: 1.140 Executing VM operation: HandshakeAllThreads done
Event: 1.151 Executing VM operation: HandshakeAllThreads
Event: 1.151 Executing VM operation: HandshakeAllThreads done
Event: 1.196 Executing VM operation: ICBufferFull
Event: 1.196 Executing VM operation: ICBufferFull done
Event: 1.217 Executing VM operation: G1CollectForAllocation
Event: 1.223 Executing VM operation: G1CollectForAllocation done
Event: 1.750 Executing VM operation: G1CollectForAllocation
Event: 1.755 Executing VM operation: G1CollectForAllocation done
Event: 1.759 Executing VM operation: HandshakeAllThreads
Event: 1.759 Executing VM operation: HandshakeAllThreads done
Event: 1.789 Executing VM operation: HandshakeAllThreads
Event: 1.789 Executing VM operation: HandshakeAllThreads done
Event: 2.137 Executing VM operation: HandshakeAllThreads
Event: 2.137 Executing VM operation: HandshakeAllThreads done
Event: 2.137 Executing VM operation: HandshakeAllThreads
Event: 2.137 Executing VM operation: HandshakeAllThreads done

Events (20 events):
Event: 1.198 Thread 0x00000001343f9e00 Thread added: 0x00000001343f9e00
Event: 1.198 Protecting memory [0x0000000172594000,0x00000001725a0000] with protection modes 0
Event: 1.198 Thread 0x00000001343fa400 Thread added: 0x00000001343fa400
Event: 1.198 Protecting memory [0x00000001727a0000,0x00000001727ac000] with protection modes 0
Event: 1.198 Thread 0x00000001343faa00 Thread added: 0x00000001343faa00
Event: 1.198 Protecting memory [0x00000001729ac000,0x00000001729b8000] with protection modes 0
Event: 1.198 Thread 0x0000000147a42e00 Thread added: 0x0000000147a42e00
Event: 1.198 Protecting memory [0x0000000172bb8000,0x0000000172bc4000] with protection modes 0
Event: 1.198 Thread 0x0000000147a43400 Thread added: 0x0000000147a43400
Event: 1.198 Protecting memory [0x0000000172dc4000,0x0000000172dd0000] with protection modes 0
Event: 1.198 Thread 0x0000000147a43a00 Thread added: 0x0000000147a43a00
Event: 1.198 Protecting memory [0x0000000172fd0000,0x0000000172fdc000] with protection modes 0
Event: 1.198 Thread 0x0000000158a1e200 Thread added: 0x0000000158a1e200
Event: 1.198 Protecting memory [0x00000001731dc000,0x00000001731e8000] with protection modes 0
Event: 1.201 Thread 0x0000000147a47800 Thread added: 0x0000000147a47800
Event: 1.201 Protecting memory [0x00000001733e8000,0x00000001733f4000] with protection modes 0
Event: 1.201 Thread 0x000000012699a600 Thread added: 0x000000012699a600
Event: 1.201 Protecting memory [0x00000001735f4000,0x0000000173600000] with protection modes 0
Event: 2.142 Thread 0x000000015826a400 Thread added: 0x000000015826a400
Event: 2.142 Protecting memory [0x0000000173800000,0x000000017380c000] with protection modes 0


Dynamic libraries:
0x00000001021f0000 	/Users/pranavsnayak/Library/Java/JavaVirtualMachines/openjdk-19.0.2/Contents/Home/lib/libjli.dylib
0x00000001c812e000 	/System/Library/Frameworks/Cocoa.framework/Versions/A/Cocoa
0x00000001b437a000 	/System/Library/Frameworks/AppKit.framework/Versions/C/AppKit
0x00000001b7880000 	/System/Library/Frameworks/CoreData.framework/Versions/A/CoreData
0x00000001b26d5000 	/System/Library/Frameworks/Foundation.framework/Versions/C/Foundation
0x00000001bc2d7000 	/usr/lib/libSystem.B.dylib
0x00000001b5232000 	/System/Library/PrivateFrameworks/UIFoundation.framework/Versions/A/UIFoundation
0x00000001c230f000 	/System/Library/PrivateFrameworks/RemoteViewServices.framework/Versions/A/RemoteViewServices
0x00000001ba795000 	/System/Library/PrivateFrameworks/XCTTargetBootstrap.framework/Versions/A/XCTTargetBootstrap
0x00000001be013000 	/System/Library/PrivateFrameworks/InternationalSupport.framework/Versions/A/InternationalSupport
0x00000001be09c000 	/System/Library/PrivateFrameworks/UserActivity.framework/Versions/A/UserActivity
0x00000001bd50e000 	/usr/lib/libspindump.dylib
0x00000001b54a3000 	/System/Library/Frameworks/UniformTypeIdentifiers.framework/Versions/A/UniformTypeIdentifiers
0x00000001b8ce0000 	/usr/lib/libapp_launch_measurement.dylib
0x00000001b820a000 	/System/Library/PrivateFrameworks/CoreAnalytics.framework/Versions/A/CoreAnalytics
0x00000001b8ce3000 	/System/Library/PrivateFrameworks/CoreAutoLayout.framework/Versions/A/CoreAutoLayout
0x00000001ba086000 	/System/Library/Frameworks/Metal.framework/Versions/A/Metal
0x00000001badfd000 	/usr/lib/liblangid.dylib
0x00000001ba79a000 	/System/Library/PrivateFrameworks/CoreSVG.framework/Versions/A/CoreSVG
0x00000001b6934000 	/System/Library/PrivateFrameworks/SkyLight.framework/Versions/A/SkyLight
0x00000001b6d09000 	/System/Library/Frameworks/CoreGraphics.framework/Versions/A/CoreGraphics
0x00000001c29db000 	/System/Library/Frameworks/Accelerate.framework/Versions/A/Accelerate
0x00000001bcf85000 	/System/Library/PrivateFrameworks/IconServices.framework/Versions/A/IconServices
0x00000001ba068000 	/System/Library/Frameworks/IOSurface.framework/Versions/A/IOSurface
0x00000001b823b000 	/usr/lib/libDiagnosticMessagesClient.dylib
0x00000001bc220000 	/usr/lib/libz.1.dylib
0x00000001c5edc000 	/System/Library/Frameworks/ApplicationServices.framework/Versions/A/ApplicationServices
0x00000001ba77d000 	/System/Library/PrivateFrameworks/DFRFoundation.framework/Versions/A/DFRFoundation
0x00000001b3c0a000 	/usr/lib/libicucore.A.dylib
0x00000001beebf000 	/System/Library/Frameworks/AudioToolbox.framework/Versions/A/AudioToolbox
0x00000001be01f000 	/System/Library/PrivateFrameworks/DataDetectorsCore.framework/Versions/A/DataDetectorsCore
0x00000001d495f000 	/System/Library/PrivateFrameworks/TextInput.framework/Versions/A/TextInput
0x00000001b68a9000 	/usr/lib/libMobileGestalt.dylib
0x00000001ba449000 	/System/Library/Frameworks/Carbon.framework/Versions/A/Frameworks/HIToolbox.framework/Versions/A/HIToolbox
0x00000001b86bc000 	/System/Library/Frameworks/QuartzCore.framework/Versions/A/QuartzCore
0x00000001b388d000 	/System/Library/Frameworks/Security.framework/Versions/A/Security
0x00000001c234f000 	/System/Library/Frameworks/Carbon.framework/Versions/A/Frameworks/SpeechRecognition.framework/Versions/A/SpeechRecognition
0x00000001b8a36000 	/System/Library/PrivateFrameworks/CoreUI.framework/Versions/A/CoreUI
0x00000001b316a000 	/System/Library/Frameworks/CoreAudio.framework/Versions/A/CoreAudio
0x00000001b8330000 	/System/Library/Frameworks/DiskArbitration.framework/Versions/A/DiskArbitration
0x00000001bd918000 	/System/Library/PrivateFrameworks/MultitouchSupport.framework/Versions/A/MultitouchSupport
0x00000001b68a7000 	/usr/lib/libenergytrace.dylib
0x00000001b4242000 	/System/Library/Frameworks/IOKit.framework/Versions/A/IOKit
0x00000001c273e000 	/System/Library/Frameworks/CoreServices.framework/Versions/A/CoreServices
0x00000001b8c70000 	/System/Library/PrivateFrameworks/PerformanceAnalysis.framework/Versions/A/PerformanceAnalysis
0x0000000212c47000 	/System/Library/Frameworks/OpenGL.framework/Versions/A/OpenGL
0x00000001bb877000 	/System/Library/PrivateFrameworks/MobileKeyBag.framework/Versions/A/MobileKeyBag
0x00000001b1611000 	/usr/lib/libobjc.A.dylib
0x00000001b7316000 	/System/Library/Frameworks/ColorSync.framework/Versions/A/ColorSync
0x00000001b17da000 	/System/Library/Frameworks/CoreFoundation.framework/Versions/A/CoreFoundation
0x00000001baa19000 	/System/Library/Frameworks/CoreImage.framework/Versions/A/CoreImage
0x00000001b2f8e000 	/System/Library/Frameworks/CoreText.framework/Versions/A/CoreText
0x00000001ba7ca000 	/System/Library/Frameworks/ImageIO.framework/Versions/A/ImageIO
0x00000001bc2dd000 	/System/Library/PrivateFrameworks/SoftLinking.framework/Versions/A/SoftLinking
0x00000001b8d2e000 	/usr/lib/libxml2.2.dylib
0x00000001b16d4000 	/usr/lib/libc++.1.dylib
0x00000001bc576000 	/usr/lib/libcompression.dylib
0x00000001bdf6f000 	/System/Library/PrivateFrameworks/TextureIO.framework/Versions/A/TextureIO
0x00000001bcc9e000 	/usr/lib/libate.dylib
0x00000001bc2d1000 	/usr/lib/system/libcache.dylib
0x00000001bc28f000 	/usr/lib/system/libcommonCrypto.dylib
0x00000001bc2b8000 	/usr/lib/system/libcompiler_rt.dylib
0x00000001bc2af000 	/usr/lib/system/libcopyfile.dylib
0x00000001b1517000 	/usr/lib/system/libcorecrypto.dylib
0x00000001b15ca000 	/usr/lib/system/libdispatch.dylib
0x00000001b1798000 	/usr/lib/system/libdyld.dylib
0x00000001bc2c7000 	/usr/lib/system/libkeymgr.dylib
0x00000001bc26a000 	/usr/lib/system/libmacho.dylib
0x00000001bb95f000 	/usr/lib/system/libquarantine.dylib
0x00000001bc2c4000 	/usr/lib/system/libremovefile.dylib
0x00000001b6900000 	/usr/lib/system/libsystem_asl.dylib
0x00000001b14b9000 	/usr/lib/system/libsystem_blocks.dylib
0x00000001b1652000 	/usr/lib/system/libsystem_c.dylib
0x00000001bc2bc000 	/usr/lib/system/libsystem_collections.dylib
0x00000001baded000 	/usr/lib/system/libsystem_configuration.dylib
0x00000001ba049000 	/usr/lib/system/libsystem_containermanager.dylib
0x00000001bbfcc000 	/usr/lib/system/libsystem_coreservices.dylib
0x00000001b3ec0000 	/usr/lib/system/libsystem_darwin.dylib
0x00000001bc2c8000 	/usr/lib/system/libsystem_dnssd.dylib
0x00000001b164f000 	/usr/lib/system/libsystem_featureflags.dylib
0x00000001b17ad000 	/usr/lib/system/libsystem_info.dylib
0x00000001bc232000 	/usr/lib/system/libsystem_m.dylib
0x00000001b159f000 	/usr/lib/system/libsystem_malloc.dylib
0x00000001b688f000 	/usr/lib/system/libsystem_networkextension.dylib
0x00000001b4319000 	/usr/lib/system/libsystem_notify.dylib
0x00000001c2615000 	/usr/lib/system/libsystem_product_info_filter.dylib
0x00000001badf2000 	/usr/lib/system/libsystem_sandbox.dylib
0x00000001bc2c1000 	/usr/lib/system/libsystem_secinit.dylib
0x00000001b1753000 	/usr/lib/system/libsystem_kernel.dylib
0x00000001b17a5000 	/usr/lib/system/libsystem_platform.dylib
0x00000001b178b000 	/usr/lib/system/libsystem_pthread.dylib
0x00000001b8058000 	/usr/lib/system/libsystem_symptoms.dylib
0x00000001b14fd000 	/usr/lib/system/libsystem_trace.dylib
0x00000001bc29c000 	/usr/lib/system/libunwind.dylib
0x00000001b14bb000 	/usr/lib/system/libxpc.dylib
0x00000001b173b000 	/usr/lib/libc++abi.dylib
0x00000001bc2a7000 	/usr/lib/liboah.dylib
0x00000001bcb63000 	/usr/lib/liblzma.5.dylib
0x00000001b23c9000 	/System/Library/Frameworks/SystemConfiguration.framework/Versions/A/SystemConfiguration
0x00000001bc2d9000 	/usr/lib/libfakelink.dylib
0x00000001b63db000 	/System/Library/Frameworks/CFNetwork.framework/Versions/A/CFNetwork
0x00000001bc41f000 	/usr/lib/libarchive.2.dylib
0x00000001badf9000 	/System/Library/PrivateFrameworks/AppleSystemInfo.framework/Versions/A/AppleSystemInfo
0x00000001bb98a000 	/usr/lib/libbsm.0.dylib
0x00000001b594c000 	/usr/lib/libnetwork.dylib
0x00000001bc273000 	/usr/lib/system/libkxld.dylib
0x00000001bb59d000 	/System/Library/PrivateFrameworks/IOMobileFramebuffer.framework/Versions/A/IOMobileFramebuffer
0x0000000230573000 	/usr/lib/libCoreEntitlements.dylib
0x00000001bbfae000 	/System/Library/PrivateFrameworks/AppleFSCompression.framework/Versions/A/AppleFSCompression
0x00000001bb972000 	/usr/lib/libcoretls.dylib
0x00000001bcb7c000 	/usr/lib/libcoretls_cfhelpers.dylib
0x00000001bc571000 	/usr/lib/libpam.2.dylib
0x00000001b7c6f000 	/usr/lib/libsqlite3.dylib
0x00000001bcbe5000 	/usr/lib/libxar.1.dylib
0x00000001bbfbf000 	/usr/lib/libbz2.1.0.dylib
0x00000001bc2de000 	/usr/lib/libpcap.A.dylib
0x00000001b804f000 	/usr/lib/libdns_services.dylib
0x00000001bc544000 	/usr/lib/libapple_nghttp2.dylib
0x00000001bc31b000 	/usr/lib/libiconv.2.dylib
0x00000001bc269000 	/usr/lib/libcharset.1.dylib
0x00000001b8cac000 	/System/Library/Frameworks/CoreServices.framework/Versions/A/Frameworks/FSEvents.framework/Versions/A/FSEvents
0x00000001b3ecb000 	/System/Library/Frameworks/CoreServices.framework/Versions/A/Frameworks/CarbonCore.framework/Versions/A/CarbonCore
0x00000001b8290000 	/System/Library/Frameworks/CoreServices.framework/Versions/A/Frameworks/Metadata.framework/Versions/A/Metadata
0x00000001bbfd2000 	/System/Library/Frameworks/CoreServices.framework/Versions/A/Frameworks/OSServices.framework/Versions/A/OSServices
0x00000001bc4a5000 	/System/Library/Frameworks/CoreServices.framework/Versions/A/Frameworks/SearchKit.framework/Versions/A/SearchKit
0x00000001b7fde000 	/System/Library/Frameworks/CoreServices.framework/Versions/A/Frameworks/AE.framework/Versions/A/AE
0x00000001b1d20000 	/System/Library/Frameworks/CoreServices.framework/Versions/A/Frameworks/LaunchServices.framework/Versions/A/LaunchServices
0x00000001bcb0c000 	/System/Library/Frameworks/CoreServices.framework/Versions/A/Frameworks/DictionaryServices.framework/Versions/A/DictionaryServices
0x00000001b8cb9000 	/System/Library/Frameworks/CoreServices.framework/Versions/A/Frameworks/SharedFileList.framework/Versions/A/SharedFileList
0x00000001bb962000 	/usr/lib/libCheckFix.dylib
0x00000001b6918000 	/System/Library/PrivateFrameworks/TCC.framework/Versions/A/TCC
0x00000001badff000 	/System/Library/PrivateFrameworks/CoreNLP.framework/Versions/A/CoreNLP
0x00000001b823e000 	/System/Library/PrivateFrameworks/MetadataUtilities.framework/Versions/A/MetadataUtilities
0x00000001b2482000 	/usr/lib/libmecabra.dylib
0x00000001bb99b000 	/usr/lib/libmecab.dylib
0x00000001b244e000 	/usr/lib/libCRFSuite.dylib
0x00000001bb9f8000 	/usr/lib/libgermantok.dylib
0x00000001bc51d000 	/usr/lib/libThaiTokenizer.dylib
0x00000001b8338000 	/System/Library/Frameworks/Accelerate.framework/Versions/A/Frameworks/vImage.framework/Versions/A/vImage
0x00000001c2715000 	/System/Library/Frameworks/Accelerate.framework/Versions/A/Frameworks/vecLib.framework/Versions/A/vecLib
0x00000001bcc2a000 	/System/Library/Frameworks/Accelerate.framework/Versions/A/Frameworks/vecLib.framework/Versions/A/libvMisc.dylib
0x00000001bb4a4000 	/System/Library/Frameworks/Accelerate.framework/Versions/A/Frameworks/vecLib.framework/Versions/A/libvDSP.dylib
0x00000001b20a9000 	/System/Library/Frameworks/Accelerate.framework/Versions/A/Frameworks/vecLib.framework/Versions/A/libBLAS.dylib
0x00000001bc647000 	/System/Library/Frameworks/Accelerate.framework/Versions/A/Frameworks/vecLib.framework/Versions/A/libLAPACK.dylib
0x00000001bb9fb000 	/System/Library/Frameworks/Accelerate.framework/Versions/A/Frameworks/vecLib.framework/Versions/A/libLinearAlgebra.dylib
0x00000001bc55c000 	/System/Library/Frameworks/Accelerate.framework/Versions/A/Frameworks/vecLib.framework/Versions/A/libSparseBLAS.dylib
0x00000001bc642000 	/System/Library/Frameworks/Accelerate.framework/Versions/A/Frameworks/vecLib.framework/Versions/A/libQuadrature.dylib
0x00000001baef8000 	/System/Library/Frameworks/Accelerate.framework/Versions/A/Frameworks/vecLib.framework/Versions/A/libBNNS.dylib
0x00000001b2367000 	/System/Library/Frameworks/Accelerate.framework/Versions/A/Frameworks/vecLib.framework/Versions/A/libSparse.dylib
0x00000001baef0000 	/System/Library/PrivateFrameworks/LinguisticData.framework/Versions/A/LinguisticData
0x00000001b231f000 	/System/Library/PrivateFrameworks/Lexicon.framework/Versions/A/Lexicon
0x00000001bcc22000 	/usr/lib/libChineseTokenizer.dylib
0x00000001b2ac6000 	/System/Library/PrivateFrameworks/LanguageModeling.framework/Versions/A/LanguageModeling
0x00000001bc51f000 	/System/Library/PrivateFrameworks/AppleSauce.framework/Versions/A/AppleSauce
0x00000001bb58a000 	/System/Library/PrivateFrameworks/CoreEmoji.framework/Versions/A/CoreEmoji
0x00000001bc40d000 	/usr/lib/libcmph.dylib
0x00000001b8c8c000 	/System/Library/Frameworks/OpenDirectory.framework/Versions/A/Frameworks/CFOpenDirectory.framework/Versions/A/CFOpenDirectory
0x00000001b8c7c000 	/System/Library/Frameworks/OpenDirectory.framework/Versions/A/OpenDirectory
0x00000001bcb7e000 	/System/Library/PrivateFrameworks/APFS.framework/Versions/A/APFS
0x00000001bb8b2000 	/System/Library/Frameworks/SecurityFoundation.framework/Versions/A/SecurityFoundation
0x00000001bcbf4000 	/usr/lib/libutil.dylib
0x00000001b4204000 	/System/Library/PrivateFrameworks/CoreServicesStore.framework/Versions/A/CoreServicesStore
0x00000001bcbf8000 	/usr/lib/libxslt.1.dylib
0x00000001bb946000 	/System/Library/PrivateFrameworks/BackgroundTaskManagement.framework/Versions/A/BackgroundTaskManagement
0x00000001bde90000 	/System/Library/Frameworks/ImageIO.framework/Versions/A/Resources/libRadiance.dylib
0x00000001bde99000 	/System/Library/Frameworks/ImageIO.framework/Versions/A/Resources/libJPEG.dylib
0x00000001bddec000 	/System/Library/Frameworks/ImageIO.framework/Versions/A/Resources/libPng.dylib
0x00000001bde0e000 	/System/Library/Frameworks/ImageIO.framework/Versions/A/Resources/libTIFF.dylib
0x00000001bdef4000 	/System/Library/Frameworks/ImageIO.framework/Versions/A/Resources/libGIF.dylib
0x00000001bd828000 	/System/Library/Frameworks/ImageIO.framework/Versions/A/Resources/libJP2.dylib
0x00000001bcf4a000 	/usr/lib/libexpat.1.dylib
0x00000001bd7e3000 	/System/Library/PrivateFrameworks/AppleJPEG.framework/Versions/A/AppleJPEG
0x00000001ba305000 	/System/Library/PrivateFrameworks/FontServices.framework/libFontParser.dylib
0x00000001b7f83000 	/System/Library/PrivateFrameworks/RunningBoardServices.framework/Versions/A/RunningBoardServices
0x00000001c8801000 	/System/Library/PrivateFrameworks/IOSurfaceAccelerator.framework/Versions/A/IOSurfaceAccelerator
0x00000001bd914000 	/System/Library/PrivateFrameworks/WatchdogClient.framework/Versions/A/WatchdogClient
0x00000001b2bca000 	/System/Library/Frameworks/CoreDisplay.framework/Versions/A/CoreDisplay
0x00000001ba1ef000 	/System/Library/Frameworks/CoreMedia.framework/Versions/A/CoreMedia
0x00000001ba07c000 	/System/Library/PrivateFrameworks/IOAccelerator.framework/Versions/A/IOAccelerator
0x00000001b8e1c000 	/System/Library/Frameworks/CoreVideo.framework/Versions/A/CoreVideo
0x00000001bc56f000 	/System/Library/Frameworks/MetalPerformanceShaders.framework/Versions/A/MetalPerformanceShaders
0x00000001bd953000 	/System/Library/Frameworks/VideoToolbox.framework/Versions/A/VideoToolbox
0x00000001b7ec7000 	/System/Library/PrivateFrameworks/BaseBoard.framework/Versions/A/BaseBoard
0x00000001b7c55000 	/System/Library/PrivateFrameworks/ProtocolBuffer.framework/Versions/A/ProtocolBuffer
0x00000001bde8b000 	/System/Library/PrivateFrameworks/GPUWrangler.framework/Versions/A/GPUWrangler
0x00000001bde6b000 	/System/Library/PrivateFrameworks/IOPresentment.framework/Versions/A/IOPresentment
0x00000001bde93000 	/System/Library/PrivateFrameworks/DSExternalDisplay.framework/Versions/A/DSExternalDisplay
0x0000000212c3a000 	/System/Library/Frameworks/OpenGL.framework/Versions/A/Libraries/libCoreFSCache.dylib
0x000000021d0f9000 	/System/Library/PrivateFrameworks/GPUCompiler.framework/Versions/31001/Libraries/libGPUCompilerUtils.dylib
0x00000001bdef9000 	/System/Library/PrivateFrameworks/CMCaptureCore.framework/Versions/A/CMCaptureCore
0x00000001bd4fb000 	/System/Library/PrivateFrameworks/AppServerSupport.framework/Versions/A/AppServerSupport
0x00000001bf77c000 	/System/Library/PrivateFrameworks/perfdata.framework/Versions/A/perfdata
0x00000001b2cea000 	/System/Library/PrivateFrameworks/AudioToolboxCore.framework/Versions/A/AudioToolboxCore
0x00000001ba1c8000 	/System/Library/PrivateFrameworks/caulk.framework/Versions/A/caulk
0x00000001bf071000 	/usr/lib/libAudioStatistics.dylib
0x00000001d0fc6000 	/System/Library/PrivateFrameworks/SystemPolicy.framework/Versions/A/SystemPolicy
0x00000001bf2dd000 	/usr/lib/libSMC.dylib
0x00000001c8010000 	/System/Library/Frameworks/CoreMIDI.framework/Versions/A/CoreMIDI
0x00000001bddba000 	/usr/lib/libAudioToolboxUtility.dylib
0x00000001cd093000 	/System/Library/PrivateFrameworks/OSAServicesClient.framework/Versions/A/OSAServicesClient
0x00000001bf789000 	/usr/lib/libperfcheck.dylib
0x00000001d1ade000 	/usr/lib/libmis.dylib
0x0000000212c9c000 	/System/Library/Frameworks/OpenGL.framework/Versions/A/Libraries/libGLU.dylib
0x0000000212c5b000 	/System/Library/Frameworks/OpenGL.framework/Versions/A/Libraries/libGFXShared.dylib
0x0000000212e48000 	/System/Library/Frameworks/OpenGL.framework/Versions/A/Libraries/libGL.dylib
0x0000000212c64000 	/System/Library/Frameworks/OpenGL.framework/Versions/A/Libraries/libGLImage.dylib
0x0000000212c58000 	/System/Library/Frameworks/OpenGL.framework/Versions/A/Libraries/libCVMSPluginSupport.dylib
0x0000000212c41000 	/System/Library/Frameworks/OpenGL.framework/Versions/A/Libraries/libCoreVMClient.dylib
0x00000001bad79000 	/System/Library/Frameworks/MetalPerformanceShaders.framework/Versions/A/Frameworks/MPSCore.framework/Versions/A/MPSCore
0x00000001bbf21000 	/System/Library/Frameworks/MetalPerformanceShaders.framework/Versions/A/Frameworks/MPSImage.framework/Versions/A/MPSImage
0x00000001bba10000 	/System/Library/Frameworks/MetalPerformanceShaders.framework/Versions/A/Frameworks/MPSNeuralNetwork.framework/Versions/A/MPSNeuralNetwork
0x00000001bbe49000 	/System/Library/Frameworks/MetalPerformanceShaders.framework/Versions/A/Frameworks/MPSMatrix.framework/Versions/A/MPSMatrix
0x00000001bbc22000 	/System/Library/Frameworks/MetalPerformanceShaders.framework/Versions/A/Frameworks/MPSRayIntersector.framework/Versions/A/MPSRayIntersector
0x00000001bbe7a000 	/System/Library/Frameworks/MetalPerformanceShaders.framework/Versions/A/Frameworks/MPSNDArray.framework/Versions/A/MPSNDArray
0x0000000214db3000 	/System/Library/Frameworks/MetalPerformanceShaders.framework/Versions/A/Frameworks/MPSFunctions.framework/Versions/A/MPSFunctions
0x00000001b1f80000 	/System/Library/PrivateFrameworks/MetalTools.framework/Versions/A/MetalTools
0x00000001badf7000 	/System/Library/PrivateFrameworks/AggregateDictionary.framework/Versions/A/AggregateDictionary
0x00000001bcd2f000 	/usr/lib/libIOReport.dylib
0x00000001c702e000 	/System/Library/PrivateFrameworks/ASEProcessing.framework/Versions/A/ASEProcessing
0x00000001bd0a4000 	/System/Library/PrivateFrameworks/FaceCore.framework/Versions/A/FaceCore
0x00000001bd096000 	/System/Library/PrivateFrameworks/GraphVisualizer.framework/Versions/A/GraphVisualizer
0x000000021d010000 	/System/Library/PrivateFrameworks/FontServices.framework/Versions/A/FontServices
0x00000001bd4b7000 	/System/Library/PrivateFrameworks/OTSVG.framework/Versions/A/OTSVG
0x00000001b89e6000 	/System/Library/Frameworks/ApplicationServices.framework/Versions/A/Frameworks/ATS.framework/Versions/A/Resources/libFontRegistry.dylib
0x00000001bd504000 	/System/Library/PrivateFrameworks/FontServices.framework/libhvf.dylib
0x000000021d011000 	/System/Library/PrivateFrameworks/FontServices.framework/libXTFontStaticRegistryData.dylib
0x0000000212fe9000 	/System/Library/Frameworks/OpenCL.framework/Versions/A/OpenCL
0x00000001bcefe000 	/System/Library/PrivateFrameworks/AppleVA.framework/Versions/A/AppleVA
0x00000001bf099000 	/System/Library/Frameworks/ApplicationServices.framework/Versions/A/Frameworks/ATS.framework/Versions/A/ATS
0x00000001b7413000 	/System/Library/Frameworks/ApplicationServices.framework/Versions/A/Frameworks/HIServices.framework/Versions/A/HIServices
0x00000001bdf03000 	/System/Library/Frameworks/ApplicationServices.framework/Versions/A/Frameworks/PrintCore.framework/Versions/A/PrintCore
0x00000001bf430000 	/System/Library/Frameworks/ApplicationServices.framework/Versions/A/Frameworks/QD.framework/Versions/A/QD
0x00000001bf428000 	/System/Library/Frameworks/ApplicationServices.framework/Versions/A/Frameworks/ColorSyncLegacy.framework/Versions/A/ColorSyncLegacy
0x00000001bf085000 	/System/Library/Frameworks/ApplicationServices.framework/Versions/A/Frameworks/SpeechSynthesis.framework/Versions/A/SpeechSynthesis
0x00000001bdec4000 	/System/Library/Frameworks/ApplicationServices.framework/Versions/A/Frameworks/ATSUI.framework/Versions/A/ATSUI
0x00000001bf3bd000 	/usr/lib/libcups.2.dylib
0x00000001bf797000 	/System/Library/Frameworks/Kerberos.framework/Versions/A/Kerberos
0x00000001bf7a8000 	/System/Library/Frameworks/GSS.framework/Versions/A/GSS
0x00000001bf109000 	/usr/lib/libresolv.9.dylib
0x00000001bd513000 	/System/Library/PrivateFrameworks/Heimdal.framework/Versions/A/Heimdal
0x00000001c6263000 	/System/Library/Frameworks/Kerberos.framework/Versions/A/Libraries/libHeimdalProxy.dylib
0x00000001b8061000 	/System/Library/Frameworks/Network.framework/Versions/A/Network
0x00000001bcf65000 	/usr/lib/libheimdal-asn1.dylib
0x00000001bf7f8000 	/System/Library/PrivateFrameworks/CommonAuth.framework/Versions/A/CommonAuth
0x00000001befff000 	/System/Library/PrivateFrameworks/AudioSession.framework/Versions/A/AudioSession
0x00000001bcff7000 	/System/Library/PrivateFrameworks/MediaExperience.framework/Versions/A/MediaExperience
0x00000001bee85000 	/System/Library/PrivateFrameworks/AudioSession.framework/libSessionUtility.dylib
0x00000001bf43c000 	/System/Library/PrivateFrameworks/AudioResourceArbitration.framework/Versions/A/AudioResourceArbitration
0x00000001c35f2000 	/System/Library/PrivateFrameworks/PowerLog.framework/Versions/A/PowerLog
0x00000001bcf6f000 	/System/Library/PrivateFrameworks/IconFoundation.framework/Versions/A/IconFoundation
0x00000001c233b000 	/System/Library/PrivateFrameworks/SpeechRecognitionCore.framework/Versions/A/SpeechRecognitionCore
0x0000000103478000 	/Users/pranavsnayak/Library/Java/JavaVirtualMachines/openjdk-19.0.2/Contents/Home/lib/server/libjvm.dylib
0x0000000102254000 	/Users/pranavsnayak/Library/Java/JavaVirtualMachines/openjdk-19.0.2/Contents/Home/lib/libjimage.dylib
0x000000010249c000 	/Users/pranavsnayak/Library/Java/JavaVirtualMachines/openjdk-19.0.2/Contents/Home/lib/libjdwp.dylib
0x0000000102454000 	/Users/pranavsnayak/Library/Java/JavaVirtualMachines/openjdk-19.0.2/Contents/Home/lib/libjava.dylib
0x0000000102280000 	/Users/pranavsnayak/Library/Java/JavaVirtualMachines/openjdk-19.0.2/Contents/Home/lib/libinstrument.dylib
0x000000010254c000 	/Users/pranavsnayak/Library/Java/JavaVirtualMachines/openjdk-19.0.2/Contents/Home/lib/libzip.dylib
0x0000000102538000 	/Users/pranavsnayak/Library/Java/JavaVirtualMachines/openjdk-19.0.2/Contents/Home/lib/libdt_socket.dylib
0x0000000102fd4000 	/Users/pranavsnayak/Library/Java/JavaVirtualMachines/openjdk-19.0.2/Contents/Home/lib/libnio.dylib
0x0000000103100000 	/Users/pranavsnayak/Library/Java/JavaVirtualMachines/openjdk-19.0.2/Contents/Home/lib/libnet.dylib
0x0000000103120000 	/Users/pranavsnayak/Library/Java/JavaVirtualMachines/openjdk-19.0.2/Contents/Home/lib/libverify.dylib
0x0000000102fb4000 	/Users/pranavsnayak/Library/Java/JavaVirtualMachines/openjdk-19.0.2/Contents/Home/lib/libmanagement.dylib
0x000000010313c000 	/Users/pranavsnayak/Library/Java/JavaVirtualMachines/openjdk-19.0.2/Contents/Home/lib/libmanagement_ext.dylib
0x0000000103150000 	/Users/pranavsnayak/Library/Java/JavaVirtualMachines/openjdk-19.0.2/Contents/Home/lib/libextnet.dylib
0x00000001263a0000 	/private/var/folders/d7/vp65tkvn5fz6yfvv7fxgsbsh0000gn/T/ortools-java3262214380768691707/ortools-darwin-aarch64/libjniortools.dylib
0x0000000141bb4000 	/private/var/folders/d7/vp65tkvn5fz6yfvv7fxgsbsh0000gn/T/ortools-java3262214380768691707/ortools-darwin-aarch64/libortools.9.dylib


VM Arguments:
jvm_args: -agentlib:jdwp=transport=dt_socket,address=127.0.0.1:51822,suspend=y,server=n -javaagent:/Users/pranavsnayak/Library/Caches/JetBrains/IdeaIC2022.3/captureAgent/debugger-agent.jar -Dfile.encoding=UTF-8 -Dsun.stdout.encoding=UTF-8 -Dsun.stderr.encoding=UTF-8 
java_command: com.gdn.tms.routing.RoutingApplication
java_class_path (initial): /Users/pranavsnayak/Documents/samples/routing/target/classes:/Users/pranavsnayak/.m2/repository/org/springframework/boot/spring-boot-starter-web/2.7.10/spring-boot-starter-web-2.7.10.jar:/Users/pranavsnayak/.m2/repository/org/springframework/boot/spring-boot-starter/2.7.10/spring-boot-starter-2.7.10.jar:/Users/pranavsnayak/.m2/repository/org/springframework/boot/spring-boot/2.7.10/spring-boot-2.7.10.jar:/Users/pranavsnayak/.m2/repository/org/springframework/boot/spring-boot-autoconfigure/2.7.10/spring-boot-autoconfigure-2.7.10.jar:/Users/pranavsnayak/.m2/repository/org/springframework/boot/spring-boot-starter-logging/2.7.10/spring-boot-starter-logging-2.7.10.jar:/Users/pranavsnayak/.m2/repository/ch/qos/logback/logback-classic/1.2.11/logback-classic-1.2.11.jar:/Users/pranavsnayak/.m2/repository/ch/qos/logback/logback-core/1.2.11/logback-core-1.2.11.jar:/Users/pranavsnayak/.m2/repository/org/apache/logging/log4j/log4j-to-slf4j/2.17.2/log4j-to-slf4j-2.17.2.jar:/Users/pranavsnayak/.m2/repository/org/apache/logging/log4j/log4j-api/2.17.2/log4j-api-2.17.2.jar:/Users/pranavsnayak/.m2/repository/org/slf4j/jul-to-slf4j/1.7.36/jul-to-slf4j-1.7.36.jar:/Users/pranavsnayak/.m2/repository/jakarta/annotation/jakarta.annotation-api/1.3.5/jakarta.annotation-api-1.3.5.jar:/Users/pranavsnayak/.m2/repository/org/yaml/snakeyaml/1.30/snakeyaml-1.30.jar:/Users/pranavsnayak/.m2/repository/org/springframework/boot/spring-boot-starter-json/2.7.10/spring-boot-starter-json-2.7.10.jar:/Users/pranavsnayak/.m2/repository/com/fasterxml/jackson/datatype/jackson-datatype-jdk8/2.13.5/jackson-datatype-jdk8-2.13.5.jar:/Users/pranavsnayak/.m2/repository/com/fasterxml/jackson/datatype/jackson-datatype-jsr310/2.13.5/jackson-datatype-jsr310-2.13.5.jar:/Users/pranavsnayak/.m2/repository/com/fasterxml/jackson/module/jackson-module-parameter-names/2.13.5/jackson-module-parameter-names-2.13.5.jar:/Users/pranavsnayak/.m2/repository/org/springframework/boot/spring-boot-starter-tomcat/2.7.10/spring-boot-starter-tomcat-2.7.10.jar:/Users/pranavsnayak/.m2/repository/org/apache/tomcat/embed/tomcat-embed-core/9.0.73/tomcat-embed-core-9.0.73.jar:/Users/pranavsnayak/.m2/repository/org/apache/tomcat/embed/tomcat-embed-el/9.0.73/tomcat-embed-el-9.0.73.jar:/Users/pranavsnayak/.m2/repository/org/apache/tomcat/embed/tomcat-embed-websocket/9.0.73/tomcat-embed-websocket-9.0.73.jar:/Users/pranavsnayak/.m2/repository/org/springframework/spring-web/5.3.26/spring-web-5.3.26.jar:/Users/pranavsnayak/.m2/repository/org/springframework/spring-beans/5.3.26/spring-beans-5.3.26.jar:/Users/pranavsnayak/.m2/repository/org/springframework/spring-webmvc/5.3.26/spring-webmvc-5.3.26.jar:/Users/pranavsnayak/.m2/repository/org/springframework/spring-aop/5.3.26/spring-aop-5.3.26.jar:/Users/pranavsnayak/.m2/repository/org/springframework/spring-context/5.3.26/spring-context-5.3.26.jar:/Users/pranavsnayak/.m2/repository/org/springframework/spring-expression/5.3.26/spring-expression-5.3.26.jar:/Users/pranavsnayak/.m2/repository/com/fasterxml/jackson/core/jackson-databind/2.15.2/jackson-databind-2.15.2.jar:/Users/pranavsnayak/.m2/repository/com/fasterxml/jackson/core/jackson-annotations/2.13.5/jackson-annotations-2.13.5.jar:/Users/pranavsnayak/.m2/repository/com/fasterxml/jackson/core/jackson-core/2.13.5/jackson-core-2.13.5.jar:/Users/pranavsnayak/.m2/repository/com/google/maps/google-maps-services/2.2.0/google-maps-services-2.2.0.jar:/Users/pranavsnayak/.m2/repository/com/squareup/okhttp3/okhttp/4.9.3/okhttp-4.9.3.jar:/Users/pranavsnayak/.m2/repository/com/squareup/okio/okio/2.8.0/okio-2.8.0.jar:/Users/pranavsnayak/.m2/repository/org/jetbrains/kotlin/kotlin-stdlib-common/1.6.21/kotlin-stdlib-common-1.6.21.jar:/Users/pranavsnayak/.m2/repository/org/jetbrains/kotlin/kotlin-stdlib/1.6.21/kotlin-stdlib-1.6.21.jar:/Users/pranavsnayak/.m2/repository/org/jetbrains/annotations/13.0/annotations-13.0.jar:/Users/pranavsnayak/.m2/repository/com/google/code/gson/gson/2.9.1/gson-2.9.1.jar:/Users/pranavsnayak/.m2/repository/io/opencensus/opencensus-api/0.31.0/opencensus-api-0.31.0.jar:/Users/pranavsnayak/.m2/repository/io/grpc/grpc-context/1.27.2/grpc-context-1.27.2.jar:/Users/pranavsnayak/.m2/repository/org/slf4j/slf4j-api/1.7.36/slf4j-api-1.7.36.jar:/Users/pranavsnayak/.m2/repository/org/springframework/spring-core/5.3.26/spring-core-5.3.26.jar:/Users/pranavsnayak/.m2/repository/org/springframework/spring-jcl/5.3.26/spring-jcl-5.3.26.jar:/Users/pranavsnayak/.m2/repository/com/google/ortools/ortools-java/9.6.2534/ortools-java-9.6.2534.jar:/Users/pranavsnayak/.m2/repository/com/google/ortools/ortools-linux-x86-64/9.6.2534/ortools-linux-x86-64-9.6.2534.jar:/Users/pranavsnayak/.m2/repository/com/google/ortools/ortools-darwin-x86-64/9.6.2534/ortools-darwin-x86-64-9.6.2534.jar:/Users/pranavsnayak/.m2/repository/com/google/ortools/ortools-win32-x86-64/9.6.2534/ortools-win32-x86-64-9.6.2534.jar:/Users/pranavsnayak/.m2/repository/com/google/ortools/ortools-linux-aarch64/9.6.2534/ortools-linux-aarch64-9.6.2534.jar:/Users/pranavsnayak/.m2/repository/com/google/ortools/ortools-darwin-aarch64/9.6.2534/ortools-darwin-aarch64-9.6.2534.jar:/Users/pranavsnayak/.m2/repository/net/java/dev/jna/jna-platform/5.12.1/jna-platform-5.12.1.jar:/Users/pranavsnayak/.m2/repository/net/java/dev/jna/jna/5.12.1/jna-5.12.1.jar:/Users/pranavsnayak/.m2/repository/com/google/protobuf/protobuf-java/3.21.12/protobuf-java-3.21.12.jar:/Users/pranavsnayak/.m2/repository/org/projectlombok/lombok/1.18.26/lombok-1.18.26.jar:/Applications/IntelliJ IDEA CE.app/Contents/lib/idea_rt.jar
Launcher Type: SUN_STANDARD

[Global flags]
     intx CICompilerCount                          = 4                                         {product} {ergonomic}
     uint ConcGCThreads                            = 2                                         {product} {ergonomic}
     uint G1ConcRefinementThreads                  = 8                                         {product} {ergonomic}
   size_t G1HeapRegionSize                         = 2097152                                   {product} {ergonomic}
    uintx GCDrainStackTargetSize                   = 64                                        {product} {ergonomic}
   size_t InitialHeapSize                          = 268435456                                 {product} {ergonomic}
   size_t MarkStackSize                            = 4194304                                   {product} {ergonomic}
   size_t MaxHeapSize                              = 4294967296                                {product} {ergonomic}
   size_t MaxNewSize                               = 2575302656                                {product} {ergonomic}
   size_t MinHeapDeltaBytes                        = 2097152                                   {product} {ergonomic}
   size_t MinHeapSize                              = 8388608                                   {product} {ergonomic}
    uintx NonNMethodCodeHeapSize                   = 5839564                                {pd product} {ergonomic}
    uintx NonProfiledCodeHeapSize                  = 122909338                              {pd product} {ergonomic}
    uintx ProfiledCodeHeapSize                     = 122909338                              {pd product} {ergonomic}
    uintx ReservedCodeCacheSize                    = 251658240                              {pd product} {ergonomic}
     bool SegmentedCodeCache                       = true                                      {product} {ergonomic}
   size_t SoftMaxHeapSize                          = 4294967296                             {manageable} {ergonomic}
     bool UseCompressedClassPointers               = true                           {product lp64_product} {ergonomic}
     bool UseCompressedOops                        = true                           {product lp64_product} {ergonomic}
     bool UseG1GC                                  = true                                      {product} {ergonomic}
     bool UseNUMA                                  = false                                     {product} {ergonomic}
     bool UseNUMAInterleaving                      = false                                     {product} {ergonomic}

Logging:
Log output configuration:
 #0: stdout all=warning uptime,level,tags foldmultilines=false
 #1: stderr all=off uptime,level,tags foldmultilines=false

Environment Variables:
JAVA_HOME=/opt/homebrew/Cellar/openjdk@11/11.0.18/libexec/openjdk.jdk/Contents/Home
PATH=/opt/homebrew/bin:/opt/homebrew/sbin:/usr/local/bin:/usr/bin:/bin:/usr/sbin:/sbin
SHELL=/bin/zsh
LC_CTYPE=en_IN.UTF-8
TMPDIR=/var/folders/d7/vp65tkvn5fz6yfvv7fxgsbsh0000gn/T/

Active Locale:
LC_ALL=C
LC_COLLATE=C
LC_CTYPE=C
LC_MESSAGES=C
LC_MONETARY=C
LC_NUMERIC=C
LC_TIME=C

Signal Handlers:
   SIGSEGV: crash_handler in libjvm.dylib, mask=11100110000111110111111111111111, flags=SA_RESTART|SA_SIGINFO
    SIGBUS: crash_handler in libjvm.dylib, mask=11100110000111110111111111111111, flags=SA_RESTART|SA_SIGINFO
    SIGFPE: crash_handler in libjvm.dylib, mask=11100110000111110111111111111111, flags=SA_RESTART|SA_SIGINFO
   SIGPIPE: javaSignalHandler in libjvm.dylib, mask=11100110000111110111111111111111, flags=SA_RESTART|SA_SIGINFO
   SIGXFSZ: javaSignalHandler in libjvm.dylib, mask=11100110000111110111111111111111, flags=SA_RESTART|SA_SIGINFO
    SIGILL: crash_handler in libjvm.dylib, mask=11100110000111110111111111111111, flags=SA_RESTART|SA_SIGINFO
   SIGUSR2: SR_handler in libjvm.dylib, mask=00100000000000000000000000000000, flags=SA_RESTART|SA_SIGINFO
    SIGHUP: UserHandler in libjvm.dylib, mask=11100110000111110111111111111111, flags=SA_RESTART|SA_SIGINFO
    SIGINT: UserHandler in libjvm.dylib, mask=11100110000111110111111111111111, flags=SA_RESTART|SA_SIGINFO
   SIGTERM: UserHandler in libjvm.dylib, mask=11100110000111110111111111111111, flags=SA_RESTART|SA_SIGINFO
   SIGQUIT: UserHandler in libjvm.dylib, mask=11100110000111110111111111111111, flags=SA_RESTART|SA_SIGINFO
   SIGTRAP: crash_handler in libjvm.dylib, mask=11100110000111110111111111111111, flags=SA_RESTART|SA_SIGINFO


---------------  S Y S T E M  ---------------

OS:
uname: Darwin 21.4.0 Darwin Kernel Version 21.4.0: Mon Feb 21 20:35:58 PST 2022; root:xnu-8020.101.4~2/RELEASE_ARM64_T6000 arm64
OS uptime: 27 days 0:12 hours
rlimit (soft/hard): STACK 8176k/65520k , CORE 0k/infinity , NPROC 2666/4000 , NOFILE 10240/infinity , AS infinity/infinity , CPU infinity/infinity , DATA infinity/infinity , FSIZE infinity/infinity , MEMLOCK infinity/infinity , RSS infinity/infinity
load average: 3.65 3.54 4.00

CPU: total 8 (initial active 8) 0x61:0x0:0x1b588bb3:0, fp, simd, aes, pmull, crc32, lse

Memory: 16k page, physical 16777216k(505296k free), swap 14680064k(625152k free)

vm_info: OpenJDK 64-Bit Server VM (19.0.2+7-44) for bsd-aarch64 JRE (19.0.2+7-44), built on 2022-11-30T18:02:09Z by "mach5one" with clang Apple LLVM 12.0.0 (clang-1200.0.32.29)

END.
